{
  "/Users/maksimleno/Documents/Recipe Generator/src/services/storage.js": {
    "path": "/Users/maksimleno/Documents/Recipe Generator/src/services/storage.js",
    "statementMap": {
      "0": {
        "start": {
          "line": 1,
          "column": 15
        },
        "end": {
          "line": 1,
          "column": 20
        }
      },
      "1": {
        "start": {
          "line": 4,
          "column": 2
        },
        "end": {
          "line": 4,
          "column": 25
        }
      },
      "2": {
        "start": {
          "line": 7,
          "column": 23
        },
        "end": {
          "line": 30,
          "column": 1
        }
      },
      "3": {
        "start": {
          "line": 9,
          "column": 4
        },
        "end": {
          "line": 14,
          "column": 5
        }
      },
      "4": {
        "start": {
          "line": 10,
          "column": 18
        },
        "end": {
          "line": 10,
          "column": 46
        }
      },
      "5": {
        "start": {
          "line": 11,
          "column": 6
        },
        "end": {
          "line": 11,
          "column": 55
        }
      },
      "6": {
        "start": {
          "line": 13,
          "column": 6
        },
        "end": {
          "line": 13,
          "column": 22
        }
      },
      "7": {
        "start": {
          "line": 18,
          "column": 4
        },
        "end": {
          "line": 18,
          "column": 56
        }
      },
      "8": {
        "start": {
          "line": 22,
          "column": 4
        },
        "end": {
          "line": 22,
          "column": 36
        }
      },
      "9": {
        "start": {
          "line": 26,
          "column": 4
        },
        "end": {
          "line": 28,
          "column": 50
        }
      },
      "10": {
        "start": {
          "line": 27,
          "column": 21
        },
        "end": {
          "line": 27,
          "column": 41
        }
      },
      "11": {
        "start": {
          "line": 28,
          "column": 22
        },
        "end": {
          "line": 28,
          "column": 48
        }
      }
    },
    "fnMap": {
      "0": {
        "name": "key",
        "decl": {
          "start": {
            "line": 3,
            "column": 9
          },
          "end": {
            "line": 3,
            "column": 12
          }
        },
        "loc": {
          "start": {
            "line": 3,
            "column": 16
          },
          "end": {
            "line": 5,
            "column": 1
          }
        },
        "line": 3
      },
      "1": {
        "name": "(anonymous_1)",
        "decl": {
          "start": {
            "line": 8,
            "column": 2
          },
          "end": {
            "line": 8,
            "column": 3
          }
        },
        "loc": {
          "start": {
            "line": 8,
            "column": 26
          },
          "end": {
            "line": 15,
            "column": 3
          }
        },
        "line": 8
      },
      "2": {
        "name": "(anonymous_2)",
        "decl": {
          "start": {
            "line": 17,
            "column": 2
          },
          "end": {
            "line": 17,
            "column": 3
          }
        },
        "loc": {
          "start": {
            "line": 17,
            "column": 16
          },
          "end": {
            "line": 19,
            "column": 3
          }
        },
        "line": 17
      },
      "3": {
        "name": "(anonymous_3)",
        "decl": {
          "start": {
            "line": 21,
            "column": 2
          },
          "end": {
            "line": 21,
            "column": 3
          }
        },
        "loc": {
          "start": {
            "line": 21,
            "column": 12
          },
          "end": {
            "line": 23,
            "column": 3
          }
        },
        "line": 21
      },
      "4": {
        "name": "(anonymous_4)",
        "decl": {
          "start": {
            "line": 25,
            "column": 2
          },
          "end": {
            "line": 25,
            "column": 3
          }
        },
        "loc": {
          "start": {
            "line": 25,
            "column": 17
          },
          "end": {
            "line": 29,
            "column": 3
          }
        },
        "line": 25
      },
      "5": {
        "name": "(anonymous_5)",
        "decl": {
          "start": {
            "line": 27,
            "column": 14
          },
          "end": {
            "line": 27,
            "column": 15
          }
        },
        "loc": {
          "start": {
            "line": 27,
            "column": 21
          },
          "end": {
            "line": 27,
            "column": 41
          }
        },
        "line": 27
      },
      "6": {
        "name": "(anonymous_6)",
        "decl": {
          "start": {
            "line": 28,
            "column": 15
          },
          "end": {
            "line": 28,
            "column": 16
          }
        },
        "loc": {
          "start": {
            "line": 28,
            "column": 22
          },
          "end": {
            "line": 28,
            "column": 48
          }
        },
        "line": 28
      }
    },
    "branchMap": {
      "0": {
        "loc": {
          "start": {
            "line": 8,
            "column": 9
          },
          "end": {
            "line": 8,
            "column": 24
          }
        },
        "type": "default-arg",
        "locations": [
          {
            "start": {
              "line": 8,
              "column": 20
            },
            "end": {
              "line": 8,
              "column": 24
            }
          }
        ],
        "line": 8
      },
      "1": {
        "loc": {
          "start": {
            "line": 11,
            "column": 13
          },
          "end": {
            "line": 11,
            "column": 54
          }
        },
        "type": "cond-expr",
        "locations": [
          {
            "start": {
              "line": 11,
              "column": 28
            },
            "end": {
              "line": 11,
              "column": 36
            }
          },
          {
            "start": {
              "line": 11,
              "column": 39
            },
            "end": {
              "line": 11,
              "column": 54
            }
          }
        ],
        "line": 11
      }
    },
    "s": {
      "0": 70,
      "1": 432,
      "2": 70,
      "3": 432,
      "4": 432,
      "5": 432,
      "6": 0,
      "7": 0,
      "8": 0,
      "9": 0,
      "10": 0,
      "11": 0
    },
    "f": {
      "0": 432,
      "1": 432,
      "2": 0,
      "3": 0,
      "4": 0,
      "5": 0,
      "6": 0
    },
    "b": {
      "0": [
        0
      ],
      "1": [
        340,
        92
      ]
    },
    "inputSourceMap": {
      "version": 3,
      "sources": [
        "/Users/maksimleno/Documents/Recipe Generator/src/services/storage.js"
      ],
      "names": [],
      "mappings": "AAAA,KAAK,CAAC,MAAM,CAAC,CAAC,CAAC,CAAC,GAAG,CAAC,CAAC,CAAC,CAAC,CAAC,CAAC,CAAC,CAAC,CAAC,CAAC,CAAC,CAAC,CAAC,CAAC,CAAC,CAAC,CAAC,CAAC,CAAC,CAAC,CAAC,CAAC,CAAC,CAAC,CAAC,CAAC,CAAC,CAAC,CAAC,CAAC,CAAC,CAAC,CAAC,CAAC,CAAC,CAAC,CAAC,CAAC,CAAC,CAAC,CAAC,CAAC,CAAC,CAAC,CAAC,CAAC,CAAC,CAAC,CAAC,CAAC,CAAC,CAAC,CAAC,CAAC,CAAC,CAAC,CAAC;;AAE5E,QAAQ,CAAC,GAAG,CAAC,CAAC,CAAC,CAAC;AAChB,CAAC,CAAC,MAAM,CAAC,CAAC,CAAC,CAAC,MAAM,CAAC,CAAC,CAAC,CAAC,CAAC,CAAC;AACxB;;AAEA,MAAM,CAAC,KAAK,CAAC,OAAO,CAAC,CAAC,CAAC;AACvB,CAAC,CAAC,GAAG,CAAC,CAAC,CAAC,CAAC,QAAQ,CAAC,CAAC,CAAC,IAAI,CAAC,CAAC;AAC1B,CAAC,CAAC,CAAC,CAAC,GAAG,CAAC;AACR,CAAC,CAAC,CAAC,CAAC,CAAC,CAAC,KAAK,CAAC,GAAG,CAAC,CAAC,CAAC,YAAY,CAAC,OAAO,CAAC,GAAG,CAAC,CAAC,CAAC,CAAC;AAC9C,CAAC,CAAC,CAAC,CAAC,CAAC,CAAC,MAAM,CAAC,GAAG,CAAC,CAAC,CAAC,CAAC,CAAC,IAAI,CAAC,CAAC,CAAC,QAAQ,CAAC,CAAC,CAAC,IAAI,CAAC,KAAK,CAAC,GAAG,CAAC;AACtD,CAAC,CAAC,CAAC,CAAC,CAAC,CAAC,KAAK,CAAC;AACZ,CAAC,CAAC,CAAC,CAAC,CAAC,CAAC,MAAM,CAAC,QAAQ;AACrB,CAAC,CAAC,CAAC,CAAC;AACJ,CAAC,CAAC,CAAC;;AAEH,CAAC,CAAC,GAAG,CAAC,CAAC,CAAC,CAAC,KAAK,CAAC,CAAC;AAChB,CAAC,CAAC,CAAC,CAAC,YAAY,CAAC,OAAO,CAAC,GAAG,CAAC,CAAC,CAAC,CAAC,CAAC,IAAI,CAAC,SAAS,CAAC,KAAK,CAAC,CAAC;AACvD,CAAC,CAAC,CAAC;;AAEH,CAAC,CAAC,MAAM,CAAC,CAAC,CAAC,CAAC;AACZ,CAAC,CAAC,CAAC,CAAC,YAAY,CAAC,UAAU,CAAC,GAAG,CAAC,CAAC,CAAC,CAAC;AACnC,CAAC,CAAC,CAAC;;AAEH,CAAC,CAAC,YAAY,CAAC,CAAC,CAAC;AACjB,CAAC,CAAC,CAAC,CAAC,MAAM,CAAC,IAAI,CAAC,YAAY;AAC5B,CAAC,CAAC,CAAC,CAAC,CAAC,CAAC,CAAC,MAAM,CAAC,CAAC,CAAC,CAAC,CAAC,CAAC,CAAC,CAAC,CAAC,CAAC,UAAU,CAAC,MAAM,CAAC;AACzC,CAAC,CAAC,CAAC,CAAC,CAAC,CAAC,CAAC,OAAO,CAAC,CAAC,CAAC,CAAC,CAAC,CAAC,CAAC,CAAC,YAAY,CAAC,UAAU,CAAC,CAAC,CAAC,CAAC;AACjD,CAAC,CAAC,CAAC;AACH,CAAC;"
    },
    "_coverageSchema": "1a1c01bbd47fc00a2c39e90264f33305004495a9",
    "hash": "1338b99292d0948889a362b67c6374dd88c3dff0"
  },
  "/Users/maksimleno/Documents/Recipe Generator/src/services/firebase.js": {
    "path": "/Users/maksimleno/Documents/Recipe Generator/src/services/firebase.js",
    "statementMap": {
      "0": {
        "start": {
          "line": 5,
          "column": 23
        },
        "end": {
          "line": 13,
          "column": 1
        }
      },
      "1": {
        "start": {
          "line": 15,
          "column": 12
        },
        "end": {
          "line": 15,
          "column": 41
        }
      },
      "2": {
        "start": {
          "line": 18,
          "column": 20
        },
        "end": {
          "line": 18,
          "column": 32
        }
      },
      "3": {
        "start": {
          "line": 19,
          "column": 18
        },
        "end": {
          "line": 19,
          "column": 35
        }
      }
    },
    "fnMap": {},
    "branchMap": {},
    "s": {
      "0": 70,
      "1": 70,
      "2": 70,
      "3": 70
    },
    "f": {},
    "b": {},
    "inputSourceMap": {
      "version": 3,
      "sources": [
        "/Users/maksimleno/Documents/Recipe Generator/src/services/firebase.js"
      ],
      "names": [],
      "mappings": "AAAA,MAAM,CAAC,CAAC,CAAC,aAAa,CAAC,CAAC,CAAC,IAAI,CAAC,CAAC,QAAQ,CAAC,GAAG,CAAC;AAC5C,MAAM,CAAC,CAAC,CAAC,OAAO,CAAC,CAAC,CAAC,IAAI,CAAC,CAAC,QAAQ,CAAC,IAAI,CAAC;AACvC,MAAM,CAAC,CAAC,CAAC,YAAY,CAAC,CAAC,CAAC,IAAI,CAAC,CAAC,QAAQ,CAAC,SAAS,CAAC;;AAEjD,KAAK,CAAC,cAAc,CAAC,CAAC,CAAC;AACvB,CAAC,CAAC,MAAM,CAAC,CAAC,CAAC,uCAAuC,CAAC;AACnD,CAAC,CAAC,UAAU,CAAC,CAAC,CAAC,MAAM,CAAC,SAAS,CAAC,KAAK,CAAC,WAAW,CAAC,GAAG,CAAC;AACtD,CAAC,CAAC,SAAS,CAAC,CAAC,CAAC,MAAM,CAAC,SAAS,CAAC,KAAK,CAAC;AACrC,CAAC,CAAC,aAAa,CAAC,CAAC,CAAC,MAAM,CAAC,SAAS,CAAC,KAAK,CAAC,eAAe,CAAC,GAAG,CAAC;AAC7D,CAAC,CAAC,iBAAiB,CAAC,CAAC,CAAC,YAAY,CAAC;AACnC,CAAC,CAAC,KAAK,CAAC,CAAC,CAAC,CAAC,CAAC,YAAY,CAAC,GAAG,CAAC,sBAAsB,CAAC;AACpD,CAAC,CAAC,aAAa,CAAC,CAAC,CAAC,CAAC,CAAC,UAAU;AAC9B,CAAC;;AAED,KAAK,CAAC,GAAG,CAAC,CAAC,CAAC,aAAa,CAAC,cAAc,CAAC;;AAEzC,CAAC,CAAC,CAAC,CAAC,CAAC,CAAC,CAAC,CAAC,CAAC,CAAC,CAAC,CAAC,CAAC,CAAC,CAAC,CAAC,CAAC,CAAC,CAAC,CAAC,CAAC;AACrB,MAAM,CAAC,KAAK,CAAC,IAAI,CAAC,CAAC,CAAC,OAAO,CAAC,GAAG,CAAC;AAChC,MAAM,CAAC,KAAK,CAAC,EAAE,CAAC,CAAC,CAAC,YAAY,CAAC,GAAG,CAAC;"
    },
    "_coverageSchema": "1a1c01bbd47fc00a2c39e90264f33305004495a9",
    "hash": "49773445cbd18b8538c2c3fbf38579923654ae71"
  },
  "/Users/maksimleno/Documents/Recipe Generator/src/services/authService.js": {
    "path": "/Users/maksimleno/Documents/Recipe Generator/src/services/authService.js",
    "statementMap": {
      "0": {
        "start": {
          "line": 10,
          "column": 20
        },
        "end": {
          "line": 10,
          "column": 39
        }
      },
      "1": {
        "start": {
          "line": 14,
          "column": 2
        },
        "end": {
          "line": 14,
          "column": 50
        }
      },
      "2": {
        "start": {
          "line": 18,
          "column": 2
        },
        "end": {
          "line": 18,
          "column": 40
        }
      },
      "3": {
        "start": {
          "line": 22,
          "column": 2
        },
        "end": {
          "line": 22,
          "column": 25
        }
      },
      "4": {
        "start": {
          "line": 22,
          "column": 13
        },
        "end": {
          "line": 22,
          "column": 25
        }
      },
      "5": {
        "start": {
          "line": 24,
          "column": 2
        },
        "end": {
          "line": 29,
          "column": 4
        }
      },
      "6": {
        "start": {
          "line": 33,
          "column": 15
        },
        "end": {
          "line": 33,
          "column": 33
        }
      },
      "7": {
        "start": {
          "line": 34,
          "column": 18
        },
        "end": {
          "line": 34,
          "column": 51
        }
      },
      "8": {
        "start": {
          "line": 36,
          "column": 2
        },
        "end": {
          "line": 40,
          "column": 3
        }
      },
      "9": {
        "start": {
          "line": 37,
          "column": 4
        },
        "end": {
          "line": 37,
          "column": 38
        }
      },
      "10": {
        "start": {
          "line": 39,
          "column": 4
        },
        "end": {
          "line": 39,
          "column": 32
        }
      },
      "11": {
        "start": {
          "line": 41,
          "column": 2
        },
        "end": {
          "line": 41,
          "column": 17
        }
      },
      "12": {
        "start": {
          "line": 45,
          "column": 17
        },
        "end": {
          "line": 45,
          "column": 33
        }
      },
      "13": {
        "start": {
          "line": 46,
          "column": 2
        },
        "end": {
          "line": 48,
          "column": 3
        }
      },
      "14": {
        "start": {
          "line": 47,
          "column": 4
        },
        "end": {
          "line": 47,
          "column": 43
        }
      },
      "15": {
        "start": {
          "line": 49,
          "column": 2
        },
        "end": {
          "line": 49,
          "column": 28
        }
      },
      "16": {
        "start": {
          "line": 53,
          "column": 2
        },
        "end": {
          "line": 53,
          "column": 28
        }
      },
      "17": {
        "start": {
          "line": 57,
          "column": 2
        },
        "end": {
          "line": 57,
          "column": 22
        }
      },
      "18": {
        "start": {
          "line": 58,
          "column": 2
        },
        "end": {
          "line": 58,
          "column": 30
        }
      },
      "19": {
        "start": {
          "line": 62,
          "column": 12
        },
        "end": {
          "line": 62,
          "column": 37
        }
      },
      "20": {
        "start": {
          "line": 63,
          "column": 12
        },
        "end": {
          "line": 63,
          "column": 28
        }
      },
      "21": {
        "start": {
          "line": 64,
          "column": 12
        },
        "end": {
          "line": 64,
          "column": 34
        }
      },
      "22": {
        "start": {
          "line": 66,
          "column": 2
        },
        "end": {
          "line": 66,
          "column": 60
        }
      },
      "23": {
        "start": {
          "line": 66,
          "column": 20
        },
        "end": {
          "line": 66,
          "column": 60
        }
      },
      "24": {
        "start": {
          "line": 67,
          "column": 2
        },
        "end": {
          "line": 67,
          "column": 70
        }
      },
      "25": {
        "start": {
          "line": 67,
          "column": 33
        },
        "end": {
          "line": 67,
          "column": 70
        }
      },
      "26": {
        "start": {
          "line": 68,
          "column": 2
        },
        "end": {
          "line": 68,
          "column": 80
        }
      },
      "27": {
        "start": {
          "line": 68,
          "column": 20
        },
        "end": {
          "line": 68,
          "column": 80
        }
      },
      "28": {
        "start": {
          "line": 70,
          "column": 15
        },
        "end": {
          "line": 70,
          "column": 63
        }
      },
      "29": {
        "start": {
          "line": 72,
          "column": 2
        },
        "end": {
          "line": 72,
          "column": 53
        }
      },
      "30": {
        "start": {
          "line": 75,
          "column": 2
        },
        "end": {
          "line": 75,
          "column": 44
        }
      },
      "31": {
        "start": {
          "line": 79,
          "column": 12
        },
        "end": {
          "line": 79,
          "column": 28
        }
      },
      "32": {
        "start": {
          "line": 80,
          "column": 12
        },
        "end": {
          "line": 80,
          "column": 34
        }
      },
      "33": {
        "start": {
          "line": 82,
          "column": 15
        },
        "end": {
          "line": 82,
          "column": 59
        }
      },
      "34": {
        "start": {
          "line": 84,
          "column": 2
        },
        "end": {
          "line": 84,
          "column": 44
        }
      },
      "35": {
        "start": {
          "line": 89,
          "column": 17
        },
        "end": {
          "line": 89,
          "column": 33
        }
      },
      "36": {
        "start": {
          "line": 90,
          "column": 2
        },
        "end": {
          "line": 90,
          "column": 60
        }
      },
      "37": {
        "start": {
          "line": 90,
          "column": 15
        },
        "end": {
          "line": 90,
          "column": 60
        }
      },
      "38": {
        "start": {
          "line": 94,
          "column": 2
        },
        "end": {
          "line": 99,
          "column": 3
        }
      },
      "39": {
        "start": {
          "line": 95,
          "column": 4
        },
        "end": {
          "line": 95,
          "column": 41
        }
      },
      "40": {
        "start": {
          "line": 96,
          "column": 4
        },
        "end": {
          "line": 96,
          "column": 69
        }
      },
      "41": {
        "start": {
          "line": 96,
          "column": 29
        },
        "end": {
          "line": 96,
          "column": 69
        }
      },
      "42": {
        "start": {
          "line": 98,
          "column": 4
        },
        "end": {
          "line": 98,
          "column": 59
        }
      },
      "43": {
        "start": {
          "line": 102,
          "column": 4
        },
        "end": {
          "line": 102,
          "column": 61
        }
      },
      "44": {
        "start": {
          "line": 104,
          "column": 18
        },
        "end": {
          "line": 108,
          "column": 3
        }
      },
      "45": {
        "start": {
          "line": 110,
          "column": 2
        },
        "end": {
          "line": 110,
          "column": 36
        }
      },
      "46": {
        "start": {
          "line": 111,
          "column": 2
        },
        "end": {
          "line": 111,
          "column": 17
        }
      },
      "47": {
        "start": {
          "line": 115,
          "column": 2
        },
        "end": {
          "line": 115,
          "column": 46
        }
      }
    },
    "fnMap": {
      "0": {
        "name": "normEmail",
        "decl": {
          "start": {
            "line": 13,
            "column": 9
          },
          "end": {
            "line": 13,
            "column": 18
          }
        },
        "loc": {
          "start": {
            "line": 13,
            "column": 26
          },
          "end": {
            "line": 15,
            "column": 1
          }
        },
        "line": 13
      },
      "1": {
        "name": "getStoredSession",
        "decl": {
          "start": {
            "line": 17,
            "column": 9
          },
          "end": {
            "line": 17,
            "column": 25
          }
        },
        "loc": {
          "start": {
            "line": 17,
            "column": 28
          },
          "end": {
            "line": 19,
            "column": 1
          }
        },
        "line": 17
      },
      "2": {
        "name": "toSessionFromFirebase",
        "decl": {
          "start": {
            "line": 21,
            "column": 9
          },
          "end": {
            "line": 21,
            "column": 30
          }
        },
        "loc": {
          "start": {
            "line": 21,
            "column": 50
          },
          "end": {
            "line": 30,
            "column": 1
          }
        },
        "line": 21
      },
      "3": {
        "name": "saveSessionFromFirebase",
        "decl": {
          "start": {
            "line": 32,
            "column": 9
          },
          "end": {
            "line": 32,
            "column": 32
          }
        },
        "loc": {
          "start": {
            "line": 32,
            "column": 39
          },
          "end": {
            "line": 42,
            "column": 1
          }
        },
        "line": 32
      },
      "4": {
        "name": "getCurrentUser",
        "decl": {
          "start": {
            "line": 44,
            "column": 16
          },
          "end": {
            "line": 44,
            "column": 30
          }
        },
        "loc": {
          "start": {
            "line": 44,
            "column": 33
          },
          "end": {
            "line": 50,
            "column": 1
          }
        },
        "line": 44
      },
      "5": {
        "name": "isAuthenticated",
        "decl": {
          "start": {
            "line": 52,
            "column": 16
          },
          "end": {
            "line": 52,
            "column": 31
          }
        },
        "loc": {
          "start": {
            "line": 52,
            "column": 34
          },
          "end": {
            "line": 54,
            "column": 1
          }
        },
        "line": 52
      },
      "6": {
        "name": "logout",
        "decl": {
          "start": {
            "line": 56,
            "column": 22
          },
          "end": {
            "line": 56,
            "column": 28
          }
        },
        "loc": {
          "start": {
            "line": 56,
            "column": 31
          },
          "end": {
            "line": 59,
            "column": 1
          }
        },
        "line": 56
      },
      "7": {
        "name": "register",
        "decl": {
          "start": {
            "line": 61,
            "column": 22
          },
          "end": {
            "line": 61,
            "column": 30
          }
        },
        "loc": {
          "start": {
            "line": 61,
            "column": 58
          },
          "end": {
            "line": 76,
            "column": 1
          }
        },
        "line": 61
      },
      "8": {
        "name": "login",
        "decl": {
          "start": {
            "line": 78,
            "column": 22
          },
          "end": {
            "line": 78,
            "column": 27
          }
        },
        "loc": {
          "start": {
            "line": 78,
            "column": 49
          },
          "end": {
            "line": 85,
            "column": 1
          }
        },
        "line": 78
      },
      "9": {
        "name": "updateProfileData",
        "decl": {
          "start": {
            "line": 88,
            "column": 22
          },
          "end": {
            "line": 88,
            "column": 39
          }
        },
        "loc": {
          "start": {
            "line": 88,
            "column": 58
          },
          "end": {
            "line": 112,
            "column": 1
          }
        },
        "line": 88
      },
      "10": {
        "name": "updateProfileName",
        "decl": {
          "start": {
            "line": 114,
            "column": 22
          },
          "end": {
            "line": 114,
            "column": 39
          }
        },
        "loc": {
          "start": {
            "line": 114,
            "column": 49
          },
          "end": {
            "line": 116,
            "column": 1
          }
        },
        "line": 114
      }
    },
    "branchMap": {
      "0": {
        "loc": {
          "start": {
            "line": 14,
            "column": 16
          },
          "end": {
            "line": 14,
            "column": 27
          }
        },
        "type": "binary-expr",
        "locations": [
          {
            "start": {
              "line": 14,
              "column": 16
            },
            "end": {
              "line": 14,
              "column": 21
            }
          },
          {
            "start": {
              "line": 14,
              "column": 25
            },
            "end": {
              "line": 14,
              "column": 27
            }
          }
        ],
        "line": 14
      },
      "1": {
        "loc": {
          "start": {
            "line": 21,
            "column": 37
          },
          "end": {
            "line": 21,
            "column": 48
          }
        },
        "type": "default-arg",
        "locations": [
          {
            "start": {
              "line": 21,
              "column": 44
            },
            "end": {
              "line": 21,
              "column": 48
            }
          }
        ],
        "line": 21
      },
      "2": {
        "loc": {
          "start": {
            "line": 22,
            "column": 2
          },
          "end": {
            "line": 22,
            "column": 25
          }
        },
        "type": "if",
        "locations": [
          {
            "start": {
              "line": 22,
              "column": 2
            },
            "end": {
              "line": 22,
              "column": 25
            }
          },
          {
            "start": {},
            "end": {}
          }
        ],
        "line": 22
      },
      "3": {
        "loc": {
          "start": {
            "line": 26,
            "column": 10
          },
          "end": {
            "line": 26,
            "column": 46
          }
        },
        "type": "binary-expr",
        "locations": [
          {
            "start": {
              "line": 26,
              "column": 10
            },
            "end": {
              "line": 26,
              "column": 26
            }
          },
          {
            "start": {
              "line": 26,
              "column": 30
            },
            "end": {
              "line": 26,
              "column": 40
            }
          },
          {
            "start": {
              "line": 26,
              "column": 44
            },
            "end": {
              "line": 26,
              "column": 46
            }
          }
        ],
        "line": 26
      },
      "4": {
        "loc": {
          "start": {
            "line": 28,
            "column": 12
          },
          "end": {
            "line": 28,
            "column": 32
          }
        },
        "type": "binary-expr",
        "locations": [
          {
            "start": {
              "line": 28,
              "column": 12
            },
            "end": {
              "line": 28,
              "column": 24
            }
          },
          {
            "start": {
              "line": 28,
              "column": 28
            },
            "end": {
              "line": 28,
              "column": 32
            }
          }
        ],
        "line": 28
      },
      "5": {
        "loc": {
          "start": {
            "line": 36,
            "column": 2
          },
          "end": {
            "line": 40,
            "column": 3
          }
        },
        "type": "if",
        "locations": [
          {
            "start": {
              "line": 36,
              "column": 2
            },
            "end": {
              "line": 40,
              "column": 3
            }
          },
          {
            "start": {
              "line": 38,
              "column": 9
            },
            "end": {
              "line": 40,
              "column": 3
            }
          }
        ],
        "line": 36
      },
      "6": {
        "loc": {
          "start": {
            "line": 46,
            "column": 2
          },
          "end": {
            "line": 48,
            "column": 3
          }
        },
        "type": "if",
        "locations": [
          {
            "start": {
              "line": 46,
              "column": 2
            },
            "end": {
              "line": 48,
              "column": 3
            }
          },
          {
            "start": {},
            "end": {}
          }
        ],
        "line": 46
      },
      "7": {
        "loc": {
          "start": {
            "line": 62,
            "column": 19
          },
          "end": {
            "line": 62,
            "column": 29
          }
        },
        "type": "binary-expr",
        "locations": [
          {
            "start": {
              "line": 62,
              "column": 19
            },
            "end": {
              "line": 62,
              "column": 23
            }
          },
          {
            "start": {
              "line": 62,
              "column": 27
            },
            "end": {
              "line": 62,
              "column": 29
            }
          }
        ],
        "line": 62
      },
      "8": {
        "loc": {
          "start": {
            "line": 64,
            "column": 19
          },
          "end": {
            "line": 64,
            "column": 33
          }
        },
        "type": "binary-expr",
        "locations": [
          {
            "start": {
              "line": 64,
              "column": 19
            },
            "end": {
              "line": 64,
              "column": 27
            }
          },
          {
            "start": {
              "line": 64,
              "column": 31
            },
            "end": {
              "line": 64,
              "column": 33
            }
          }
        ],
        "line": 64
      },
      "9": {
        "loc": {
          "start": {
            "line": 66,
            "column": 2
          },
          "end": {
            "line": 66,
            "column": 60
          }
        },
        "type": "if",
        "locations": [
          {
            "start": {
              "line": 66,
              "column": 2
            },
            "end": {
              "line": 66,
              "column": 60
            }
          },
          {
            "start": {},
            "end": {}
          }
        ],
        "line": 66
      },
      "10": {
        "loc": {
          "start": {
            "line": 67,
            "column": 2
          },
          "end": {
            "line": 67,
            "column": 70
          }
        },
        "type": "if",
        "locations": [
          {
            "start": {
              "line": 67,
              "column": 2
            },
            "end": {
              "line": 67,
              "column": 70
            }
          },
          {
            "start": {},
            "end": {}
          }
        ],
        "line": 67
      },
      "11": {
        "loc": {
          "start": {
            "line": 68,
            "column": 2
          },
          "end": {
            "line": 68,
            "column": 80
          }
        },
        "type": "if",
        "locations": [
          {
            "start": {
              "line": 68,
              "column": 2
            },
            "end": {
              "line": 68,
              "column": 80
            }
          },
          {
            "start": {},
            "end": {}
          }
        ],
        "line": 68
      },
      "12": {
        "loc": {
          "start": {
            "line": 80,
            "column": 19
          },
          "end": {
            "line": 80,
            "column": 33
          }
        },
        "type": "binary-expr",
        "locations": [
          {
            "start": {
              "line": 80,
              "column": 19
            },
            "end": {
              "line": 80,
              "column": 27
            }
          },
          {
            "start": {
              "line": 80,
              "column": 31
            },
            "end": {
              "line": 80,
              "column": 33
            }
          }
        ],
        "line": 80
      },
      "13": {
        "loc": {
          "start": {
            "line": 90,
            "column": 2
          },
          "end": {
            "line": 90,
            "column": 60
          }
        },
        "type": "if",
        "locations": [
          {
            "start": {
              "line": 90,
              "column": 2
            },
            "end": {
              "line": 90,
              "column": 60
            }
          },
          {
            "start": {},
            "end": {}
          }
        ],
        "line": 90
      },
      "14": {
        "loc": {
          "start": {
            "line": 94,
            "column": 2
          },
          "end": {
            "line": 99,
            "column": 3
          }
        },
        "type": "if",
        "locations": [
          {
            "start": {
              "line": 94,
              "column": 2
            },
            "end": {
              "line": 99,
              "column": 3
            }
          },
          {
            "start": {},
            "end": {}
          }
        ],
        "line": 94
      },
      "15": {
        "loc": {
          "start": {
            "line": 95,
            "column": 22
          },
          "end": {
            "line": 95,
            "column": 32
          }
        },
        "type": "binary-expr",
        "locations": [
          {
            "start": {
              "line": 95,
              "column": 22
            },
            "end": {
              "line": 95,
              "column": 26
            }
          },
          {
            "start": {
              "line": 95,
              "column": 30
            },
            "end": {
              "line": 95,
              "column": 32
            }
          }
        ],
        "line": 95
      },
      "16": {
        "loc": {
          "start": {
            "line": 96,
            "column": 4
          },
          "end": {
            "line": 96,
            "column": 69
          }
        },
        "type": "if",
        "locations": [
          {
            "start": {
              "line": 96,
              "column": 4
            },
            "end": {
              "line": 96,
              "column": 69
            }
          },
          {
            "start": {},
            "end": {}
          }
        ],
        "line": 96
      },
      "17": {
        "loc": {
          "start": {
            "line": 102,
            "column": 4
          },
          "end": {
            "line": 102,
            "column": 61
          }
        },
        "type": "binary-expr",
        "locations": [
          {
            "start": {
              "line": 102,
              "column": 4
            },
            "end": {
              "line": 102,
              "column": 22
            }
          },
          {
            "start": {
              "line": 102,
              "column": 26
            },
            "end": {
              "line": 102,
              "column": 61
            }
          }
        ],
        "line": 102
      },
      "18": {
        "loc": {
          "start": {
            "line": 106,
            "column": 8
          },
          "end": {
            "line": 106,
            "column": 56
          }
        },
        "type": "cond-expr",
        "locations": [
          {
            "start": {
              "line": 106,
              "column": 33
            },
            "end": {
              "line": 106,
              "column": 51
            }
          },
          {
            "start": {
              "line": 106,
              "column": 54
            },
            "end": {
              "line": 106,
              "column": 56
            }
          }
        ],
        "line": 106
      },
      "19": {
        "loc": {
          "start": {
            "line": 107,
            "column": 8
          },
          "end": {
            "line": 107,
            "column": 46
          }
        },
        "type": "cond-expr",
        "locations": [
          {
            "start": {
              "line": 107,
              "column": 31
            },
            "end": {
              "line": 107,
              "column": 41
            }
          },
          {
            "start": {
              "line": 107,
              "column": 44
            },
            "end": {
              "line": 107,
              "column": 46
            }
          }
        ],
        "line": 107
      }
    },
    "s": {
      "0": 70,
      "1": 0,
      "2": 432,
      "3": 0,
      "4": 0,
      "5": 0,
      "6": 0,
      "7": 0,
      "8": 0,
      "9": 0,
      "10": 0,
      "11": 0,
      "12": 432,
      "13": 432,
      "14": 0,
      "15": 432,
      "16": 0,
      "17": 0,
      "18": 0,
      "19": 0,
      "20": 0,
      "21": 0,
      "22": 0,
      "23": 0,
      "24": 0,
      "25": 0,
      "26": 0,
      "27": 0,
      "28": 0,
      "29": 0,
      "30": 0,
      "31": 0,
      "32": 0,
      "33": 0,
      "34": 0,
      "35": 0,
      "36": 0,
      "37": 0,
      "38": 0,
      "39": 0,
      "40": 0,
      "41": 0,
      "42": 0,
      "43": 0,
      "44": 0,
      "45": 0,
      "46": 0,
      "47": 0
    },
    "f": {
      "0": 0,
      "1": 432,
      "2": 0,
      "3": 0,
      "4": 432,
      "5": 0,
      "6": 0,
      "7": 0,
      "8": 0,
      "9": 0,
      "10": 0
    },
    "b": {
      "0": [
        0,
        0
      ],
      "1": [
        0
      ],
      "2": [
        0,
        0
      ],
      "3": [
        0,
        0,
        0
      ],
      "4": [
        0,
        0
      ],
      "5": [
        0,
        0
      ],
      "6": [
        0,
        432
      ],
      "7": [
        0,
        0
      ],
      "8": [
        0,
        0
      ],
      "9": [
        0,
        0
      ],
      "10": [
        0,
        0
      ],
      "11": [
        0,
        0
      ],
      "12": [
        0,
        0
      ],
      "13": [
        0,
        0
      ],
      "14": [
        0,
        0
      ],
      "15": [
        0,
        0
      ],
      "16": [
        0,
        0
      ],
      "17": [
        0,
        0
      ],
      "18": [
        0,
        0
      ],
      "19": [
        0,
        0
      ]
    },
    "inputSourceMap": {
      "version": 3,
      "sources": [
        "/Users/maksimleno/Documents/Recipe Generator/src/services/authService.js"
      ],
      "names": [],
      "mappings": "AAAA,MAAM,CAAC,CAAC,CAAC,OAAO,CAAC,CAAC,CAAC,IAAI,CAAC,CAAC,CAAC,CAAC,OAAO,CAAC;AACnC,MAAM,CAAC,CAAC,CAAC,IAAI,CAAC,CAAC,CAAC,IAAI,CAAC,CAAC,CAAC,CAAC,QAAQ,CAAC;AACjC,MAAM,CAAC;AACP,CAAC,CAAC,8BAA8B;AAChC,CAAC,CAAC,0BAA0B;AAC5B,CAAC,CAAC,OAAO;AACT,CAAC,CAAC,aAAa;AACf,CAAC,CAAC,IAAI,CAAC,CAAC,QAAQ,CAAC,IAAI,CAAC;;AAEtB,KAAK,CAAC,WAAW,CAAC,CAAC,CAAC,CAAC,iBAAiB,CAAC;;AAEvC,CAAC,CAAC,CAAC,CAAC,CAAC,CAAC,CAAC,CAAC,CAAC,CAAC,CAAC,CAAC,CAAC,CAAC,CAAC,CAAC;AAChB,QAAQ,CAAC,SAAS,CAAC,KAAK,CAAC,CAAC;AAC1B,CAAC,CAAC,MAAM,CAAC,MAAM,CAAC,KAAK,CAAC,CAAC,CAAC,CAAC,CAAC,CAAC,CAAC,CAAC,IAAI,CAAC,CAAC,CAAC,WAAW,CAAC,CAAC;AACjD;;AAEA,QAAQ,CAAC,gBAAgB,CAAC,CAAC,CAAC;AAC5B,CAAC,CAAC,MAAM,CAAC,OAAO,CAAC,GAAG,CAAC,WAAW,CAAC,CAAC,IAAI,CAAC;AACvC;;AAEA,QAAQ,CAAC,qBAAqB,CAAC,IAAI,CAAC,CAAC,IAAI,CAAC,CAAC,CAAC,IAAI,CAAC,CAAC;AAClD,CAAC,CAAC,EAAE,CAAC,CAAC,CAAC,IAAI,CAAC,CAAC,MAAM,CAAC,IAAI;;AAExB,CAAC,CAAC,MAAM,CAAC;AACT,CAAC,CAAC,CAAC,CAAC,EAAE,CAAC,CAAC,IAAI,CAAC,GAAG;AAChB,CAAC,CAAC,CAAC,CAAC,IAAI,CAAC,CAAC,IAAI,CAAC,WAAW,CAAC,CAAC,CAAC,CAAC,IAAI,CAAC,CAAC,IAAI,CAAC,CAAC,CAAC,CAAC,CAAC,CAAC;AAC9C,CAAC,CAAC,CAAC,CAAC,KAAK,CAAC,CAAC,IAAI,CAAC,KAAK;AACrB,CAAC,CAAC,CAAC,CAAC,MAAM,CAAC,CAAC,IAAI,CAAC,CAAC,MAAM,CAAC,CAAC,CAAC,CAAC,IAAI;AAChC,CAAC,CAAC,CAAC;AACH;;AAEA,QAAQ,CAAC,uBAAuB,CAAC,IAAI,CAAC,CAAC;AACvC,CAAC,CAAC,KAAK,CAAC,IAAI,CAAC,CAAC,CAAC,gBAAgB,CAAC,CAAC;AACjC,CAAC,CAAC,KAAK,CAAC,OAAO,CAAC,CAAC,CAAC,qBAAqB,CAAC,IAAI,CAAC,CAAC,IAAI,CAAC;;AAEnD,CAAC,CAAC,EAAE,CAAC,CAAC,OAAO,CAAC,CAAC;AACf,CAAC,CAAC,CAAC,CAAC,OAAO,CAAC,GAAG,CAAC,WAAW,CAAC,CAAC,OAAO,CAAC;AACrC,CAAC,CAAC,CAAC,CAAC,IAAI,CAAC;AACT,CAAC,CAAC,CAAC,CAAC,OAAO,CAAC,MAAM,CAAC,WAAW,CAAC;AAC/B,CAAC,CAAC;AACF,CAAC,CAAC,MAAM,CAAC,OAAO;AAChB;;AAEA,MAAM,CAAC,QAAQ,CAAC,cAAc,CAAC,CAAC,CAAC;AACjC,CAAC,CAAC,KAAK,CAAC,MAAM,CAAC,CAAC,CAAC,IAAI,CAAC,WAAW;AACjC,CAAC,CAAC,EAAE,CAAC,CAAC,MAAM,CAAC,CAAC;AACd,CAAC,CAAC,CAAC,CAAC,MAAM,CAAC,uBAAuB,CAAC,MAAM,CAAC;AAC1C,CAAC,CAAC;AACF,CAAC,CAAC,MAAM,CAAC,gBAAgB,CAAC,CAAC;AAC3B;;AAEA,MAAM,CAAC,QAAQ,CAAC,eAAe,CAAC,CAAC,CAAC;AAClC,CAAC,CAAC,MAAM,CAAC,CAAC,CAAC,cAAc,CAAC,CAAC;AAC3B;;AAEA,MAAM,CAAC,KAAK,CAAC,QAAQ,CAAC,MAAM,CAAC,CAAC,CAAC;AAC/B,CAAC,CAAC,KAAK,CAAC,OAAO,CAAC,IAAI,CAAC;AACrB,CAAC,CAAC,OAAO,CAAC,MAAM,CAAC,WAAW,CAAC;AAC7B;;AAEA,MAAM,CAAC,KAAK,CAAC,QAAQ,CAAC,QAAQ,CAAC,CAAC,CAAC,IAAI,CAAC,CAAC,KAAK,CAAC,CAAC,QAAQ,CAAC,CAAC,CAAC,CAAC;AAC1D,CAAC,CAAC,KAAK,CAAC,CAAC,CAAC,CAAC,CAAC,MAAM,CAAC,IAAI,CAAC,CAAC,CAAC,CAAC,CAAC,CAAC,CAAC,CAAC,IAAI,CAAC,CAAC;AACrC,CAAC,CAAC,KAAK,CAAC,CAAC,CAAC,CAAC,CAAC,SAAS,CAAC,KAAK,CAAC;AAC5B,CAAC,CAAC,KAAK,CAAC,CAAC,CAAC,CAAC,CAAC,MAAM,CAAC,QAAQ,CAAC,CAAC,CAAC,CAAC,CAAC,CAAC,CAAC;;AAElC,CAAC,CAAC,EAAE,CAAC,CAAC,CAAC,CAAC,MAAM,CAAC,CAAC,CAAC,CAAC,CAAC,CAAC,KAAK,CAAC,GAAG,CAAC,KAAK,CAAC,CAAC,CAAC,CAAC,CAAC,CAAC,CAAC,CAAC,CAAC,CAAC,CAAC,CAAC,CAAC,CAAC,CAAC,CAAC,CAAC,CAAC,CAAC,CAAC,CAAC,CAAC,CAAC,CAAC;AAC3D,CAAC,CAAC,EAAE,CAAC,CAAC,CAAC,CAAC,CAAC,CAAC,CAAC,CAAC,CAAC,CAAC,CAAC,CAAC,CAAC,CAAC,CAAC,CAAC,CAAC,CAAC,CAAC,CAAC,IAAI,CAAC,CAAC,CAAC,CAAC,CAAC,KAAK,CAAC,GAAG,CAAC,KAAK,CAAC,CAAC,CAAC,CAAC,CAAC,CAAC,CAAC,CAAC,CAAC,CAAC,CAAC,CAAC,CAAC,CAAC,KAAK,CAAC,CAAC;AACrE,CAAC,CAAC,EAAE,CAAC,CAAC,CAAC,CAAC,MAAM,CAAC,CAAC,CAAC,CAAC,CAAC,CAAC,KAAK,CAAC,GAAG,CAAC,KAAK,CAAC,CAAC,CAAC,CAAC,CAAC,CAAC,CAAC,CAAC,CAAC,CAAC,CAAC,CAAC,CAAC,CAAC,CAAC,CAAC,CAAC,CAAC,CAAC,CAAC,CAAC,CAAC,CAAC,CAAC,CAAC,CAAC,CAAC,CAAC,CAAC,CAAC,CAAC,CAAC,CAAC,CAAC,CAAC,CAAC,CAAC,CAAC,CAAC,CAAC,CAAC,CAAC,CAAC,CAAC;;AAE/E,CAAC,CAAC,KAAK,CAAC,IAAI,CAAC,CAAC,CAAC,KAAK,CAAC,8BAA8B,CAAC,IAAI,CAAC,CAAC,CAAC,CAAC,CAAC,CAAC,CAAC;;AAE/D,CAAC,CAAC,KAAK,CAAC,aAAa,CAAC,IAAI,CAAC,IAAI,CAAC,CAAC,CAAC,CAAC,WAAW,CAAC,CAAC,CAAC,CAAC,CAAC,CAAC;;AAEpD,CAAC,CAAC,CAAC,CAAC,CAAC,CAAC,CAAC,CAAC,CAAC,CAAC,CAAC,CAAC,CAAC,CAAC,CAAC,CAAC,CAAC,CAAC,CAAC,CAAC;AACpB,CAAC,CAAC,MAAM,CAAC,uBAAuB,CAAC,IAAI,CAAC,IAAI,CAAC;AAC3C;;AAEA,MAAM,CAAC,KAAK,CAAC,QAAQ,CAAC,KAAK,CAAC,CAAC,CAAC,KAAK,CAAC,CAAC,QAAQ,CAAC,CAAC,CAAC,CAAC;AACjD,CAAC,CAAC,KAAK,CAAC,CAAC,CAAC,CAAC,CAAC,SAAS,CAAC,KAAK,CAAC;AAC5B,CAAC,CAAC,KAAK,CAAC,CAAC,CAAC,CAAC,CAAC,MAAM,CAAC,QAAQ,CAAC,CAAC,CAAC,CAAC,CAAC,CAAC,CAAC;;AAElC,CAAC,CAAC,KAAK,CAAC,IAAI,CAAC,CAAC,CAAC,KAAK,CAAC,0BAA0B,CAAC,IAAI,CAAC,CAAC,CAAC,CAAC,CAAC,CAAC,CAAC;;AAE3D,CAAC,CAAC,MAAM,CAAC,uBAAuB,CAAC,IAAI,CAAC,IAAI,CAAC;AAC3C;;AAEA,CAAC,CAAC,CAAC,CAAC,CAAC,CAAC,CAAC,CAAC,CAAC,CAAC,CAAC,CAAC,CAAC,CAAC,CAAC,CAAC,CAAC,CAAC,CAAC,CAAC,CAAC,QAAQ,CAAC,CAAC,CAAC,IAAI,CAAC,MAAM,CAAC,CAAC,CAAC;AAC9C,MAAM,CAAC,KAAK,CAAC,QAAQ,CAAC,iBAAiB,CAAC,CAAC,CAAC,IAAI,CAAC,CAAC,MAAM,CAAC,CAAC,CAAC,CAAC;AAC1D,CAAC,CAAC,KAAK,CAAC,MAAM,CAAC,CAAC,CAAC,IAAI,CAAC,WAAW;AACjC,CAAC,CAAC,EAAE,CAAC,CAAC,CAAC,MAAM,CAAC,CAAC,KAAK,CAAC,GAAG,CAAC,KAAK,CAAC,CAAC,CAAC,CAAC,CAAC,CAAC,CAAC,CAAC,CAAC,CAAC,CAAC,CAAC,CAAC,CAAC,CAAC,CAAC,CAAC,CAAC,CAAC,CAAC,CAAC,CAAC,CAAC,CAAC,CAAC,CAAC,CAAC,CAAC,CAAC;;AAE3D,CAAC,CAAC,GAAG,CAAC,QAAQ;;AAEd,CAAC,CAAC,EAAE,CAAC,CAAC,IAAI,CAAC,CAAC,CAAC,CAAC,CAAC,SAAS,CAAC,CAAC;AAC1B,CAAC,CAAC,CAAC,CAAC,QAAQ,CAAC,CAAC,CAAC,MAAM,CAAC,IAAI,CAAC,CAAC,CAAC,CAAC,CAAC,CAAC,CAAC,CAAC,IAAI,CAAC,CAAC;AACxC,CAAC,CAAC,CAAC,CAAC,EAAE,CAAC,CAAC,QAAQ,CAAC,MAAM,CAAC,CAAC,CAAC,CAAC,CAAC,CAAC,KAAK,CAAC,GAAG,CAAC,KAAK,CAAC,CAAC,CAAC,CAAC,CAAC,CAAC,CAAC,CAAC,CAAC,CAAC,CAAC,CAAC,CAAC,CAAC,CAAC,CAAC,CAAC,CAAC,CAAC,CAAC,CAAC,CAAC,CAAC,CAAC;;AAEpE,CAAC,CAAC,CAAC,CAAC,KAAK,CAAC,aAAa,CAAC,MAAM,CAAC,CAAC,CAAC,CAAC,WAAW,CAAC,CAAC,QAAQ,CAAC,CAAC,CAAC;AAC1D,CAAC,CAAC;;AAEF,CAAC,CAAC,KAAK,CAAC,IAAI,CAAC;AACb,CAAC,CAAC,CAAC,CAAC,gBAAgB,CAAC,CAAC,CAAC,CAAC,CAAC,CAAC,qBAAqB,CAAC,MAAM,CAAC,CAAC,IAAI,CAAC;;AAE7D,CAAC,CAAC,KAAK,CAAC,OAAO,CAAC,CAAC,CAAC;AAClB,CAAC,CAAC,CAAC,CAAC,CAAC,CAAC,CAAC,IAAI;AACX,CAAC,CAAC,CAAC,CAAC,CAAC,CAAC,CAAC,CAAC,QAAQ,CAAC,CAAC,CAAC,CAAC,CAAC,SAAS,CAAC,CAAC,CAAC,CAAC,CAAC,IAAI,CAAC,CAAC,QAAQ,CAAC,CAAC,CAAC,CAAC,CAAC,CAAC,CAAC,CAAC;AACzD,CAAC,CAAC,CAAC,CAAC,CAAC,CAAC,CAAC,CAAC,MAAM,CAAC,CAAC,CAAC,CAAC,CAAC,SAAS,CAAC,CAAC,CAAC,CAAC,CAAC,MAAM,CAAC,CAAC,CAAC,CAAC,CAAC,CAAC,CAAC,CAAC;AAC/C,CAAC,CAAC,CAAC;;AAEH,CAAC,CAAC,OAAO,CAAC,GAAG,CAAC,WAAW,CAAC,CAAC,OAAO,CAAC;AACnC,CAAC,CAAC,MAAM,CAAC,OAAO;AAChB;;AAEA,MAAM,CAAC,KAAK,CAAC,QAAQ,CAAC,iBAAiB,CAAC,OAAO,CAAC,CAAC;AACjD,CAAC,CAAC,MAAM,CAAC,iBAAiB,CAAC,CAAC,CAAC,IAAI,CAAC,CAAC,OAAO,CAAC,CAAC,CAAC;AAC7C"
    },
    "_coverageSchema": "1a1c01bbd47fc00a2c39e90264f33305004495a9",
    "hash": "b5df542e5ec739397beae82861231809b7b925cd"
  },
  "/Users/maksimleno/Documents/Recipe Generator/src/context/AuthContext.jsx": {
    "path": "/Users/maksimleno/Documents/Recipe Generator/src/context/AuthContext.jsx",
    "statementMap": {
      "0": {
        "start": {
          "line": 2,
          "column": 9
        },
        "end": {
          "line": 2,
          "column": 23
        }
      },
      "1": {
        "start": {
          "line": 2,
          "column": 31
        },
        "end": {
          "line": 2,
          "column": 45
        }
      },
      "2": {
        "start": {
          "line": 13,
          "column": 16
        },
        "end": {
          "line": 13,
          "column": 35
        }
      },
      "3": {
        "start": {
          "line": 15,
          "column": 2
        },
        "end": {
          "line": 15,
          "column": 7
        }
      },
      "4": {
        "start": {
          "line": 16,
          "column": 26
        },
        "end": {
          "line": 16,
          "column": 58
        }
      },
      "5": {
        "start": {
          "line": 16,
          "column": 41
        },
        "end": {
          "line": 16,
          "column": 57
        }
      },
      "6": {
        "start": {
          "line": 17,
          "column": 42
        },
        "end": {
          "line": 17,
          "column": 56
        }
      },
      "7": {
        "start": {
          "line": 18,
          "column": 19
        },
        "end": {
          "line": 18,
          "column": 25
        }
      },
      "8": {
        "start": {
          "line": 19,
          "column": 2
        },
        "end": {
          "line": 26,
          "column": 9
        }
      },
      "9": {
        "start": {
          "line": 20,
          "column": 18
        },
        "end": {
          "line": 24,
          "column": 6
        }
      },
      "10": {
        "start": {
          "line": 21,
          "column": 22
        },
        "end": {
          "line": 21,
          "column": 38
        }
      },
      "11": {
        "start": {
          "line": 22,
          "column": 6
        },
        "end": {
          "line": 22,
          "column": 23
        }
      },
      "12": {
        "start": {
          "line": 23,
          "column": 6
        },
        "end": {
          "line": 23,
          "column": 29
        }
      },
      "13": {
        "start": {
          "line": 25,
          "column": 4
        },
        "end": {
          "line": 25,
          "column": 25
        }
      },
      "14": {
        "start": {
          "line": 25,
          "column": 17
        },
        "end": {
          "line": 25,
          "column": 24
        }
      },
      "15": {
        "start": {
          "line": 27,
          "column": 16
        },
        "end": {
          "line": 54,
          "column": 3
        }
      },
      "16": {
        "start": {
          "line": 28,
          "column": 11
        },
        "end": {
          "line": 52,
          "column": 5
        }
      },
      "17": {
        "start": {
          "line": 33,
          "column": 18
        },
        "end": {
          "line": 33,
          "column": 39
        }
      },
      "18": {
        "start": {
          "line": 34,
          "column": 8
        },
        "end": {
          "line": 34,
          "column": 19
        }
      },
      "19": {
        "start": {
          "line": 35,
          "column": 8
        },
        "end": {
          "line": 35,
          "column": 17
        }
      },
      "20": {
        "start": {
          "line": 38,
          "column": 18
        },
        "end": {
          "line": 38,
          "column": 41
        }
      },
      "21": {
        "start": {
          "line": 39,
          "column": 8
        },
        "end": {
          "line": 39,
          "column": 19
        }
      },
      "22": {
        "start": {
          "line": 40,
          "column": 8
        },
        "end": {
          "line": 40,
          "column": 17
        }
      },
      "23": {
        "start": {
          "line": 43,
          "column": 8
        },
        "end": {
          "line": 43,
          "column": 26
        }
      },
      "24": {
        "start": {
          "line": 44,
          "column": 8
        },
        "end": {
          "line": 44,
          "column": 22
        }
      },
      "25": {
        "start": {
          "line": 48,
          "column": 18
        },
        "end": {
          "line": 48,
          "column": 47
        }
      },
      "26": {
        "start": {
          "line": 49,
          "column": 8
        },
        "end": {
          "line": 49,
          "column": 19
        }
      },
      "27": {
        "start": {
          "line": 50,
          "column": 8
        },
        "end": {
          "line": 50,
          "column": 17
        }
      },
      "28": {
        "start": {
          "line": 55,
          "column": 2
        },
        "end": {
          "line": 59,
          "column": 11
        }
      },
      "29": {
        "start": {
          "line": 61,
          "column": 0
        },
        "end": {
          "line": 61,
          "column": 49
        }
      },
      "30": {
        "start": {
          "line": 62,
          "column": 0
        },
        "end": {
          "line": 62,
          "column": 18
        }
      },
      "31": {
        "start": {
          "line": 64,
          "column": 2
        },
        "end": {
          "line": 64,
          "column": 8
        }
      },
      "32": {
        "start": {
          "line": 65,
          "column": 14
        },
        "end": {
          "line": 65,
          "column": 33
        }
      },
      "33": {
        "start": {
          "line": 66,
          "column": 2
        },
        "end": {
          "line": 66,
          "column": 74
        }
      },
      "34": {
        "start": {
          "line": 66,
          "column": 12
        },
        "end": {
          "line": 66,
          "column": 74
        }
      },
      "35": {
        "start": {
          "line": 67,
          "column": 2
        },
        "end": {
          "line": 67,
          "column": 13
        }
      },
      "36": {
        "start": {
          "line": 69,
          "column": 0
        },
        "end": {
          "line": 69,
          "column": 45
        }
      },
      "37": {
        "start": {
          "line": 71,
          "column": 0
        },
        "end": {
          "line": 71,
          "column": 33
        }
      },
      "38": {
        "start": {
          "line": 73,
          "column": 20
        },
        "end": {
          "line": 73,
          "column": 97
        }
      },
      "39": {
        "start": {
          "line": 74,
          "column": 0
        },
        "end": {
          "line": 88,
          "column": 1
        }
      },
      "40": {
        "start": {
          "line": 75,
          "column": 2
        },
        "end": {
          "line": 79,
          "column": 3
        }
      },
      "41": {
        "start": {
          "line": 76,
          "column": 4
        },
        "end": {
          "line": 78,
          "column": 6
        }
      },
      "42": {
        "start": {
          "line": 80,
          "column": 2
        },
        "end": {
          "line": 87,
          "column": 5
        }
      },
      "43": {
        "start": {
          "line": 81,
          "column": 4
        },
        "end": {
          "line": 81,
          "column": 142
        }
      },
      "44": {
        "start": {
          "line": 82,
          "column": 4
        },
        "end": {
          "line": 86,
          "column": 7
        }
      },
      "45": {
        "start": {
          "line": 83,
          "column": 6
        },
        "end": {
          "line": 83,
          "column": 31
        }
      },
      "46": {
        "start": {
          "line": 83,
          "column": 24
        },
        "end": {
          "line": 83,
          "column": 31
        }
      },
      "47": {
        "start": {
          "line": 84,
          "column": 32
        },
        "end": {
          "line": 84,
          "column": 191
        }
      },
      "48": {
        "start": {
          "line": 85,
          "column": 6
        },
        "end": {
          "line": 85,
          "column": 75
        }
      },
      "49": {
        "start": {
          "line": 85,
          "column": 29
        },
        "end": {
          "line": 85,
          "column": 75
        }
      },
      "50": {
        "start": {
          "line": 90,
          "column": 2
        },
        "end": {
          "line": 90,
          "column": 121
        }
      },
      "51": {
        "start": {
          "line": 93,
          "column": 2
        },
        "end": {
          "line": 93,
          "column": 62
        }
      },
      "52": {
        "start": {
          "line": 12,
          "column": 16
        },
        "end": {
          "line": 12,
          "column": 35
        }
      },
      "53": {
        "start": {
          "line": 14,
          "column": 26
        },
        "end": {
          "line": 14,
          "column": 58
        }
      },
      "54": {
        "start": {
          "line": 14,
          "column": 41
        },
        "end": {
          "line": 14,
          "column": 57
        }
      },
      "55": {
        "start": {
          "line": 15,
          "column": 42
        },
        "end": {
          "line": 15,
          "column": 56
        }
      },
      "56": {
        "start": {
          "line": 16,
          "column": 19
        },
        "end": {
          "line": 16,
          "column": 25
        }
      },
      "57": {
        "start": {
          "line": 17,
          "column": 2
        },
        "end": {
          "line": 24,
          "column": 9
        }
      },
      "58": {
        "start": {
          "line": 18,
          "column": 18
        },
        "end": {
          "line": 22,
          "column": 6
        }
      },
      "59": {
        "start": {
          "line": 19,
          "column": 22
        },
        "end": {
          "line": 19,
          "column": 38
        }
      },
      "60": {
        "start": {
          "line": 20,
          "column": 6
        },
        "end": {
          "line": 20,
          "column": 23
        }
      },
      "61": {
        "start": {
          "line": 21,
          "column": 6
        },
        "end": {
          "line": 21,
          "column": 29
        }
      },
      "62": {
        "start": {
          "line": 23,
          "column": 4
        },
        "end": {
          "line": 23,
          "column": 25
        }
      },
      "63": {
        "start": {
          "line": 23,
          "column": 17
        },
        "end": {
          "line": 23,
          "column": 24
        }
      },
      "64": {
        "start": {
          "line": 25,
          "column": 16
        },
        "end": {
          "line": 52,
          "column": 3
        }
      },
      "65": {
        "start": {
          "line": 26,
          "column": 11
        },
        "end": {
          "line": 50,
          "column": 5
        }
      },
      "66": {
        "start": {
          "line": 31,
          "column": 18
        },
        "end": {
          "line": 31,
          "column": 39
        }
      },
      "67": {
        "start": {
          "line": 32,
          "column": 8
        },
        "end": {
          "line": 32,
          "column": 19
        }
      },
      "68": {
        "start": {
          "line": 33,
          "column": 8
        },
        "end": {
          "line": 33,
          "column": 17
        }
      },
      "69": {
        "start": {
          "line": 36,
          "column": 18
        },
        "end": {
          "line": 36,
          "column": 41
        }
      },
      "70": {
        "start": {
          "line": 37,
          "column": 8
        },
        "end": {
          "line": 37,
          "column": 19
        }
      },
      "71": {
        "start": {
          "line": 38,
          "column": 8
        },
        "end": {
          "line": 38,
          "column": 17
        }
      },
      "72": {
        "start": {
          "line": 41,
          "column": 8
        },
        "end": {
          "line": 41,
          "column": 26
        }
      },
      "73": {
        "start": {
          "line": 42,
          "column": 8
        },
        "end": {
          "line": 42,
          "column": 22
        }
      },
      "74": {
        "start": {
          "line": 46,
          "column": 18
        },
        "end": {
          "line": 46,
          "column": 47
        }
      },
      "75": {
        "start": {
          "line": 47,
          "column": 8
        },
        "end": {
          "line": 47,
          "column": 19
        }
      },
      "76": {
        "start": {
          "line": 48,
          "column": 8
        },
        "end": {
          "line": 48,
          "column": 17
        }
      },
      "77": {
        "start": {
          "line": 53,
          "column": 2
        },
        "end": {
          "line": 57,
          "column": 11
        }
      },
      "78": {
        "start": {
          "line": 60,
          "column": 14
        },
        "end": {
          "line": 60,
          "column": 33
        }
      },
      "79": {
        "start": {
          "line": 61,
          "column": 2
        },
        "end": {
          "line": 61,
          "column": 74
        }
      },
      "80": {
        "start": {
          "line": 61,
          "column": 12
        },
        "end": {
          "line": 61,
          "column": 74
        }
      },
      "81": {
        "start": {
          "line": 62,
          "column": 2
        },
        "end": {
          "line": 62,
          "column": 13
        }
      }
    },
    "fnMap": {
      "0": {
        "name": "AuthProvider",
        "decl": {
          "start": {
            "line": 14,
            "column": 16
          },
          "end": {
            "line": 14,
            "column": 28
          }
        },
        "loc": {
          "start": {
            "line": 14,
            "column": 43
          },
          "end": {
            "line": 60,
            "column": 1
          }
        },
        "line": 14
      },
      "1": {
        "name": "(anonymous_1)",
        "decl": {
          "start": {
            "line": 16,
            "column": 35
          },
          "end": {
            "line": 16,
            "column": 36
          }
        },
        "loc": {
          "start": {
            "line": 16,
            "column": 41
          },
          "end": {
            "line": 16,
            "column": 57
          }
        },
        "line": 16
      },
      "2": {
        "name": "(anonymous_2)",
        "decl": {
          "start": {
            "line": 19,
            "column": 12
          },
          "end": {
            "line": 19,
            "column": 13
          }
        },
        "loc": {
          "start": {
            "line": 19,
            "column": 18
          },
          "end": {
            "line": 26,
            "column": 3
          }
        },
        "line": 19
      },
      "3": {
        "name": "(anonymous_3)",
        "decl": {
          "start": {
            "line": 20,
            "column": 43
          },
          "end": {
            "line": 20,
            "column": 44
          }
        },
        "loc": {
          "start": {
            "line": 20,
            "column": 49
          },
          "end": {
            "line": 24,
            "column": 5
          }
        },
        "line": 20
      },
      "4": {
        "name": "(anonymous_4)",
        "decl": {
          "start": {
            "line": 25,
            "column": 11
          },
          "end": {
            "line": 25,
            "column": 12
          }
        },
        "loc": {
          "start": {
            "line": 25,
            "column": 17
          },
          "end": {
            "line": 25,
            "column": 24
          }
        },
        "line": 25
      },
      "5": {
        "name": "(anonymous_5)",
        "decl": {
          "start": {
            "line": 28,
            "column": 4
          },
          "end": {
            "line": 28,
            "column": 5
          }
        },
        "loc": {
          "start": {
            "line": 28,
            "column": 11
          },
          "end": {
            "line": 52,
            "column": 5
          }
        },
        "line": 28
      },
      "6": {
        "name": "(anonymous_6)",
        "decl": {
          "start": {
            "line": 32,
            "column": 6
          },
          "end": {
            "line": 32,
            "column": 7
          }
        },
        "loc": {
          "start": {
            "line": 32,
            "column": 25
          },
          "end": {
            "line": 36,
            "column": 7
          }
        },
        "line": 32
      },
      "7": {
        "name": "(anonymous_7)",
        "decl": {
          "start": {
            "line": 37,
            "column": 6
          },
          "end": {
            "line": 37,
            "column": 7
          }
        },
        "loc": {
          "start": {
            "line": 37,
            "column": 27
          },
          "end": {
            "line": 41,
            "column": 7
          }
        },
        "line": 37
      },
      "8": {
        "name": "(anonymous_8)",
        "decl": {
          "start": {
            "line": 42,
            "column": 6
          },
          "end": {
            "line": 42,
            "column": 7
          }
        },
        "loc": {
          "start": {
            "line": 42,
            "column": 21
          },
          "end": {
            "line": 45,
            "column": 7
          }
        },
        "line": 42
      },
      "9": {
        "name": "(anonymous_9)",
        "decl": {
          "start": {
            "line": 47,
            "column": 6
          },
          "end": {
            "line": 47,
            "column": 7
          }
        },
        "loc": {
          "start": {
            "line": 47,
            "column": 33
          },
          "end": {
            "line": 51,
            "column": 7
          }
        },
        "line": 47
      },
      "10": {
        "name": "useAuth",
        "decl": {
          "start": {
            "line": 63,
            "column": 16
          },
          "end": {
            "line": 63,
            "column": 23
          }
        },
        "loc": {
          "start": {
            "line": 63,
            "column": 26
          },
          "end": {
            "line": 68,
            "column": 1
          }
        },
        "line": 63
      },
      "11": {
        "name": "(anonymous_11)",
        "decl": {
          "start": {
            "line": 80,
            "column": 52
          },
          "end": {
            "line": 80,
            "column": 53
          }
        },
        "loc": {
          "start": {
            "line": 80,
            "column": 72
          },
          "end": {
            "line": 87,
            "column": 3
          }
        },
        "line": 80
      },
      "12": {
        "name": "(anonymous_12)",
        "decl": {
          "start": {
            "line": 82,
            "column": 27
          },
          "end": {
            "line": 82,
            "column": 28
          }
        },
        "loc": {
          "start": {
            "line": 82,
            "column": 44
          },
          "end": {
            "line": 86,
            "column": 5
          }
        },
        "line": 82
      },
      "13": {
        "name": "$RefreshReg$",
        "decl": {
          "start": {
            "line": 89,
            "column": 9
          },
          "end": {
            "line": 89,
            "column": 21
          }
        },
        "loc": {
          "start": {
            "line": 89,
            "column": 32
          },
          "end": {
            "line": 91,
            "column": 1
          }
        },
        "line": 89
      },
      "14": {
        "name": "$RefreshSig$",
        "decl": {
          "start": {
            "line": 92,
            "column": 9
          },
          "end": {
            "line": 92,
            "column": 21
          }
        },
        "loc": {
          "start": {
            "line": 92,
            "column": 24
          },
          "end": {
            "line": 94,
            "column": 1
          }
        },
        "line": 92
      },
      "15": {
        "name": "AuthProvider",
        "decl": {
          "start": {
            "line": 13,
            "column": 16
          },
          "end": {
            "line": 13,
            "column": 28
          }
        },
        "loc": {
          "start": {
            "line": 13,
            "column": 43
          },
          "end": {
            "line": 58,
            "column": 1
          }
        },
        "line": 13
      },
      "16": {
        "name": "(anonymous_1)",
        "decl": {
          "start": {
            "line": 14,
            "column": 35
          },
          "end": {
            "line": 14,
            "column": 36
          }
        },
        "loc": {
          "start": {
            "line": 14,
            "column": 41
          },
          "end": {
            "line": 14,
            "column": 57
          }
        },
        "line": 14
      },
      "17": {
        "name": "(anonymous_2)",
        "decl": {
          "start": {
            "line": 17,
            "column": 12
          },
          "end": {
            "line": 17,
            "column": 13
          }
        },
        "loc": {
          "start": {
            "line": 17,
            "column": 18
          },
          "end": {
            "line": 24,
            "column": 3
          }
        },
        "line": 17
      },
      "18": {
        "name": "(anonymous_3)",
        "decl": {
          "start": {
            "line": 18,
            "column": 43
          },
          "end": {
            "line": 18,
            "column": 44
          }
        },
        "loc": {
          "start": {
            "line": 18,
            "column": 49
          },
          "end": {
            "line": 22,
            "column": 5
          }
        },
        "line": 18
      },
      "19": {
        "name": "(anonymous_4)",
        "decl": {
          "start": {
            "line": 23,
            "column": 11
          },
          "end": {
            "line": 23,
            "column": 12
          }
        },
        "loc": {
          "start": {
            "line": 23,
            "column": 17
          },
          "end": {
            "line": 23,
            "column": 24
          }
        },
        "line": 23
      },
      "20": {
        "name": "(anonymous_5)",
        "decl": {
          "start": {
            "line": 26,
            "column": 4
          },
          "end": {
            "line": 26,
            "column": 5
          }
        },
        "loc": {
          "start": {
            "line": 26,
            "column": 11
          },
          "end": {
            "line": 50,
            "column": 5
          }
        },
        "line": 26
      },
      "21": {
        "name": "(anonymous_6)",
        "decl": {
          "start": {
            "line": 30,
            "column": 6
          },
          "end": {
            "line": 30,
            "column": 7
          }
        },
        "loc": {
          "start": {
            "line": 30,
            "column": 25
          },
          "end": {
            "line": 34,
            "column": 7
          }
        },
        "line": 30
      },
      "22": {
        "name": "(anonymous_7)",
        "decl": {
          "start": {
            "line": 35,
            "column": 6
          },
          "end": {
            "line": 35,
            "column": 7
          }
        },
        "loc": {
          "start": {
            "line": 35,
            "column": 27
          },
          "end": {
            "line": 39,
            "column": 7
          }
        },
        "line": 35
      },
      "23": {
        "name": "(anonymous_8)",
        "decl": {
          "start": {
            "line": 40,
            "column": 6
          },
          "end": {
            "line": 40,
            "column": 7
          }
        },
        "loc": {
          "start": {
            "line": 40,
            "column": 21
          },
          "end": {
            "line": 43,
            "column": 7
          }
        },
        "line": 40
      },
      "24": {
        "name": "(anonymous_9)",
        "decl": {
          "start": {
            "line": 45,
            "column": 6
          },
          "end": {
            "line": 45,
            "column": 7
          }
        },
        "loc": {
          "start": {
            "line": 45,
            "column": 33
          },
          "end": {
            "line": 49,
            "column": 7
          }
        },
        "line": 45
      },
      "25": {
        "name": "useAuth",
        "decl": {
          "start": {
            "line": 59,
            "column": 16
          },
          "end": {
            "line": 59,
            "column": 23
          }
        },
        "loc": {
          "start": {
            "line": 59,
            "column": 26
          },
          "end": {
            "line": 63,
            "column": 1
          }
        },
        "line": 59
      }
    },
    "branchMap": {
      "0": {
        "loc": {
          "start": {
            "line": 66,
            "column": 2
          },
          "end": {
            "line": 66,
            "column": 74
          }
        },
        "type": "if",
        "locations": [
          {
            "start": {
              "line": 66,
              "column": 2
            },
            "end": {
              "line": 66,
              "column": 74
            }
          },
          {
            "start": {},
            "end": {}
          }
        ],
        "line": 66
      },
      "1": {
        "loc": {
          "start": {
            "line": 73,
            "column": 20
          },
          "end": {
            "line": 73,
            "column": 97
          }
        },
        "type": "binary-expr",
        "locations": [
          {
            "start": {
              "line": 73,
              "column": 20
            },
            "end": {
              "line": 73,
              "column": 60
            }
          },
          {
            "start": {
              "line": 73,
              "column": 64
            },
            "end": {
              "line": 73,
              "column": 97
            }
          }
        ],
        "line": 73
      },
      "2": {
        "loc": {
          "start": {
            "line": 74,
            "column": 0
          },
          "end": {
            "line": 88,
            "column": 1
          }
        },
        "type": "if",
        "locations": [
          {
            "start": {
              "line": 74,
              "column": 0
            },
            "end": {
              "line": 88,
              "column": 1
            }
          },
          {
            "start": {},
            "end": {}
          }
        ],
        "line": 74
      },
      "3": {
        "loc": {
          "start": {
            "line": 74,
            "column": 4
          },
          "end": {
            "line": 74,
            "column": 35
          }
        },
        "type": "binary-expr",
        "locations": [
          {
            "start": {
              "line": 74,
              "column": 4
            },
            "end": {
              "line": 74,
              "column": 19
            }
          },
          {
            "start": {
              "line": 74,
              "column": 23
            },
            "end": {
              "line": 74,
              "column": 35
            }
          }
        ],
        "line": 74
      },
      "4": {
        "loc": {
          "start": {
            "line": 75,
            "column": 2
          },
          "end": {
            "line": 79,
            "column": 3
          }
        },
        "type": "if",
        "locations": [
          {
            "start": {
              "line": 75,
              "column": 2
            },
            "end": {
              "line": 79,
              "column": 3
            }
          },
          {
            "start": {},
            "end": {}
          }
        ],
        "line": 75
      },
      "5": {
        "loc": {
          "start": {
            "line": 83,
            "column": 6
          },
          "end": {
            "line": 83,
            "column": 31
          }
        },
        "type": "if",
        "locations": [
          {
            "start": {
              "line": 83,
              "column": 6
            },
            "end": {
              "line": 83,
              "column": 31
            }
          },
          {
            "start": {},
            "end": {}
          }
        ],
        "line": 83
      },
      "6": {
        "loc": {
          "start": {
            "line": 85,
            "column": 6
          },
          "end": {
            "line": 85,
            "column": 75
          }
        },
        "type": "if",
        "locations": [
          {
            "start": {
              "line": 85,
              "column": 6
            },
            "end": {
              "line": 85,
              "column": 75
            }
          },
          {
            "start": {},
            "end": {}
          }
        ],
        "line": 85
      },
      "7": {
        "loc": {
          "start": {
            "line": 61,
            "column": 2
          },
          "end": {
            "line": 61,
            "column": 74
          }
        },
        "type": "if",
        "locations": [
          {
            "start": {
              "line": 61,
              "column": 2
            },
            "end": {
              "line": 61,
              "column": 74
            }
          },
          {
            "start": {},
            "end": {}
          }
        ],
        "line": 61
      }
    },
    "s": {
      "0": 4,
      "1": 4,
      "2": 4,
      "3": 18,
      "4": 18,
      "5": 9,
      "6": 431,
      "7": 228,
      "8": 18,
      "9": 422,
      "10": 219,
      "11": 422,
      "12": 422,
      "13": 9,
      "14": 418,
      "15": 18,
      "16": 18,
      "17": 413,
      "18": 413,
      "19": 413,
      "20": 413,
      "21": 413,
      "22": 413,
      "23": 413,
      "24": 413,
      "25": 413,
      "26": 413,
      "27": 413,
      "28": 18,
      "29": 4,
      "30": 4,
      "31": 46,
      "32": 46,
      "33": 46,
      "34": 0,
      "35": 46,
      "36": 4,
      "37": 4,
      "38": 4,
      "39": 4,
      "40": 4,
      "41": 0,
      "42": 4,
      "43": 4,
      "44": 4,
      "45": 0,
      "46": 0,
      "47": 0,
      "48": 0,
      "49": 0,
      "50": 4,
      "51": 8,
      "52": 66,
      "53": 413,
      "54": 210,
      "55": 413,
      "56": 413,
      "57": 413,
      "58": 210,
      "59": 222,
      "60": 222,
      "61": 213,
      "62": 219,
      "63": 153,
      "64": 413,
      "65": 413,
      "66": 18,
      "67": 18,
      "68": 18,
      "69": 18,
      "70": 18,
      "71": 18,
      "72": 18,
      "73": 18,
      "74": 18,
      "75": 18,
      "76": 18,
      "77": 413,
      "78": 2960,
      "79": 2960,
      "80": 0,
      "81": 2964
    },
    "f": {
      "0": 18,
      "1": 422,
      "2": 422,
      "3": 422,
      "4": 418,
      "5": 431,
      "6": 413,
      "7": 413,
      "8": 413,
      "9": 413,
      "10": 46,
      "11": 4,
      "12": 0,
      "13": 4,
      "14": 8,
      "15": 413,
      "16": 210,
      "17": 228,
      "18": 222,
      "19": 153,
      "20": 431,
      "21": 18,
      "22": 18,
      "23": 18,
      "24": 18,
      "25": 2960
    },
    "b": {
      "0": [
        0,
        46
      ],
      "1": [
        4,
        0
      ],
      "2": [
        4,
        0
      ],
      "3": [
        4,
        4
      ],
      "4": [
        0,
        4
      ],
      "5": [
        0,
        0
      ],
      "6": [
        0,
        0
      ],
      "7": [
        0,
        2960
      ]
    },
    "inputSourceMap": {
      "version": 3,
[...]
            },
            "end": {
              "line": 191,
              "column": 10
            }
          }
        ],
        "line": 167
      }
    },
    "s": {
      "0": 10,
      "1": 10,
      "2": 10,
      "3": 10,
      "4": 10,
      "5": 10,
      "6": 10,
      "7": 5,
      "8": 5,
      "9": 5,
      "10": 5,
      "11": 5,
      "12": 5,
      "13": 0,
      "14": 0,
      "15": 0,
      "16": 0,
      "17": 0,
      "18": 0,
      "19": 0,
      "20": 0,
      "21": 0,
      "22": 0,
      "23": 0,
      "24": 0,
      "25": 0,
      "26": 0,
      "27": 0,
      "28": 0,
      "29": 10,
      "30": 10,
      "31": 10,
      "32": 10,
      "33": 0,
      "34": 0,
      "35": 10,
      "36": 0,
      "37": 0,
      "38": 0,
      "39": 10,
      "40": 0,
      "41": 0
    },
    "f": {
      "0": 10,
      "1": 5,
      "2": 0,
      "3": 0,
      "4": 0,
      "5": 10,
      "6": 0,
      "7": 0,
      "8": 0,
      "9": 0
    },
    "b": {
      "0": [
        5,
        0
      ],
      "1": [
        5,
        0
      ],
      "2": [
        0,
        0
      ],
      "3": [
        0,
        0
      ],
      "4": [
        0,
        0
      ],
      "5": [
        10,
        0
      ],
      "6": [
        0,
        0
      ],
      "7": [
        10,
        10
      ],
      "8": [
        10,
        0
      ],
      "9": [
        0,
        0
      ],
      "10": [
        0,
        0,
        0
      ],
      "11": [
        0,
        0,
        0
      ],
      "12": [
        0,
        0
      ]
    },
    "inputSourceMap": {
      "version": 3,
      "sources": [
        "/Users/maksimleno/Documents/Recipe Generator/src/pages/MyRecipesPage/MyRecipesPage.jsx"
      ],
      "mappings": "AA2EQ,SA8BI,UA9BJ;AA3ER,SAAS,UAAU,WAAW,eAAe;AAC7C,SAAS,MAAM,mBAAmB;AAClC,OAAO;AAEP,OAAO,gBAAgB;AACvB,OAAO,aAAa;AACpB,OAAO,gBAAgB;AACvB,OAAO,gBAAgB;AAEvB,SAAS,eAAe;AAExB,SAAS,qBAAqB;AAE9B,wBAAwB,gBAAgB;AACtC,QAAM,WAAW,YAAY;AAC7B,QAAM,EAAE,MAAM,SAAS,IAAI,QAAQ;AAEnC,QAAM,CAAC,WAAW,YAAY,IAAI,SAAS,CAAC,CAAC;AAC7C,QAAM,CAAC,SAAS,UAAU,IAAI,SAAS,IAAI;AAC3C,QAAM,CAAC,OAAO,QAAQ,IAAI,SAAS,EAAE;AACrC,QAAM,CAAC,QAAQ,SAAS,IAAI,SAAS,EAAE;AAEvC,YAAU,MAAM;AACd,QAAI,YAAY;AAEhB,QAAI,CAAC,YAAY,CAAC,MAAM;AACtB,mBAAa,CAAC,CAAC;AACf,iBAAW,KAAK;AAChB,eAAS,EAAE;AACX;AAAA,IACF;AAEA,mBAAe,OAAO;AACpB,UAAI;AACF,mBAAW,IAAI;AACf,iBAAS,EAAE;AACX,cAAM,MAAM,MAAM,cAAc;AAChC,cAAM,OAAO,IAAI,OAAO,CAAC,MAAM,EAAE,aAAa,KAAK,EAAE;AACrD,YAAI,CAAC,WAAW;AACd,uBAAa,IAAI;AAAA,QACnB;AAAA,MACF,SAAS,GAAG;AACV,gBAAQ,MAAM,6BAA6B,CAAC;AAC5C,YAAI,CAAC,WAAW;AACd,mBAAS,sCAAsC;AAAA,QACjD;AAAA,MACF,UAAE;AACA,YAAI,CAAC,WAAW;AACd,qBAAW,KAAK;AAAA,QAClB;AAAA,MACF;AAAA,IACF;AAEA,SAAK;AAEL,WAAO,MAAM;AACX,kBAAY;AAAA,IACd;AAAA,EACF,GAAG,CAAC,UAAU,MAAM,EAAE,CAAC;AAGvB,QAAM,WAAW,QAAQ,MAAM;AAC7B,UAAM,IAAI,OAAO,YAAY,EAAE,KAAK;AACpC,QAAI,CAAC,EAAG,QAAO;AACf,WAAO,UAAU,OAAO,CAAC,MAAM,EAAE,KAAK,YAAY,EAAE,SAAS,CAAC,CAAC;AAAA,EACjE,GAAG,CAAC,WAAW,MAAM,CAAC;AAEtB,QAAM,aAAa,MAAM;AACvB,QAAI,OAAO,QAAQ,SAAS,EAAG,UAAS,EAAE;AAAA,QACrC,UAAS,KAAK,EAAE,SAAS,KAAK,CAAC;AAAA,EACtC;AAEA,SACE,uBAAC,SAAI,WAAU,aACb,iCAAC,SAAI,WAAU,uBACb;AAAA,2BAAC,aAAD;AAAA;AAAA;AAAA;AAAA,WAAS;AAAA,IAET,uBAAC,UAAK,WAAU,iBACd;AAAA,6BAAC,SAAI,WAAU,eACb;AAAA,+BAAC,SAAI,WAAU,aACb;AAAA;AAAA,YAAC;AAAA;AAAA,cACC,WAAU;AAAA,cACV,MAAK;AAAA,cACL,SAAS;AAAA,cACT,cAAW;AAAA,cACX,OAAM;AAAA,cACP;AAAA;AAAA,YAND;AAAA;AAAA;AAAA;AAAA;AAAA;AAAA;AAAA;AAAA,UAQA;AAAA,UACA,uBAAC,QAAG;AAAA;AAAA,YAAc,UAAU;AAAA,YAAO;AAAA,eAAnC;AAAA;AAAA;AAAA;AAAA,iBAAoC;AAAA,aAVtC;AAAA;AAAA;AAAA;AAAA,eAWA;AAAA,QAEA,uBAAC,SAAI,WAAU,iBACb;AAAA,iCAAC,gBAAD;AAAA;AAAA;AAAA;AAAA,iBAAY;AAAA,UACZ,uBAAC,QAAK,IAAG,WAAU,WAAU,cAAa,iCAA1C;AAAA;AAAA;AAAA;AAAA,iBAA2D;AAAA,aAF7D;AAAA;AAAA;AAAA;AAAA,eAGA;AAAA,WAjBF;AAAA;AAAA;AAAA;AAAA,aAkBA;AAAA,MAEC,CAAC,YACA,uBAAC,OAAE,WAAU,kBAAiB,gEAA9B;AAAA;AAAA;AAAA;AAAA,aAEA;AAAA,MAGD,YACC,mCACE;AAAA,+BAAC,SAAI,WAAU,gBACb;AAAA,iCAAC,SAAI,KAAK,YAAY,KAAI,YAA1B;AAAA;AAAA;AAAA;AAAA,iBAAmC;AAAA,UACnC;AAAA,YAAC;AAAA;AAAA,cACC,MAAK;AAAA,cACL,aAAY;AAAA,cACZ,OAAO;AAAA,cACP,UAAU,CAAC,MAAM,UAAU,EAAE,OAAO,KAAK;AAAA;AAAA,YAJ3C;AAAA;AAAA;AAAA;AAAA;AAAA;AAAA;AAAA;AAAA,UAKA;AAAA,aAPF;AAAA;AAAA;AAAA;AAAA,eAQA;AAAA,QAEC,WACC,uBAAC,OAAE,WAAU,qBAAoB,4CAAjC;AAAA;AAAA;AAAA;AAAA,eAA6D;AAAA,QAG9D,SAAS,CAAC,WACT,uBAAC,OAAE,WAAU,mBAAmB,mBAAhC;AAAA;AAAA;AAAA;AAAA,eAAsC;AAAA,QAGvC,CAAC,WAAW,CAAC,SACZ,uBAAC,SAAI,WAAU,cACZ,mBAAS,WAAW,IACnB,uBAAC,OAAE,WAAU,mBAAkB,kDAA/B;AAAA;AAAA;AAAA;AAAA,eAEA,IAEA,SAAS,IAAI,CAAC,MACZ;AAAA,UAAC;AAAA;AAAA,YAEC,IAAI,WAAW,EAAE,IAAI;AAAA,YACrB,WAAU;AAAA,YACV,cAAY,EAAE;AAAA,YAEd,iCAAC,cAAW,QAAQ,KAApB;AAAA;AAAA;AAAA;AAAA,mBAAuB;AAAA;AAAA,UALlB,EAAE;AAAA,UADT;AAAA;AAAA;AAAA;AAAA;AAAA;AAAA;AAAA,QAOA,CACD,KAfL;AAAA;AAAA;AAAA;AAAA,eAiBA;AAAA,WArCJ;AAAA;AAAA;AAAA;AAAA,aAuCA;AAAA,SAnEJ;AAAA;AAAA;AAAA;AAAA,WAqEA;AAAA,OAxEF;AAAA;AAAA;AAAA;AAAA,SAyEA,KA1EF;AAAA;AAAA;AAAA;AAAA,SA2EA;AAEJ;",
      "names": []
    },
    "_coverageSchema": "1a1c01bbd47fc00a2c39e90264f33305004495a9",
    "hash": "9a5706e742e16fd35abbf812c5e4260e09b64239"
  },
  "/Users/maksimleno/Documents/Recipe Generator/src/pages/NotFoundPage/NotFoundPage.jsx": {
    "path": "/Users/maksimleno/Documents/Recipe Generator/src/pages/NotFoundPage/NotFoundPage.jsx",
    "statementMap": {
      "0": {
        "start": {
          "line": 6,
          "column": 19
        },
        "end": {
          "line": 6,
          "column": 32
        }
      },
      "1": {
        "start": {
          "line": 7,
          "column": 17
        },
        "end": {
          "line": 10,
          "column": 3
        }
      },
      "2": {
        "start": {
          "line": 8,
          "column": 4
        },
        "end": {
          "line": 9,
          "column": 42
        }
      },
      "3": {
        "start": {
          "line": 8,
          "column": 35
        },
        "end": {
          "line": 8,
          "column": 48
        }
      },
      "4": {
        "start": {
          "line": 9,
          "column": 9
        },
        "end": {
          "line": 9,
          "column": 42
        }
      },
      "5": {
        "start": {
          "line": 11,
          "column": 2
        },
        "end": {
          "line": 108,
          "column": 11
        }
      },
      "6": {
        "start": {
          "line": 59,
          "column": 80
        },
        "end": {
          "line": 59,
          "column": 98
        }
      }
    },
    "fnMap": {
      "0": {
        "name": "NotFoundPage",
        "decl": {
          "start": {
            "line": 5,
            "column": 24
          },
          "end": {
            "line": 5,
            "column": 36
          }
        },
        "loc": {
          "start": {
            "line": 5,
            "column": 39
          },
          "end": {
            "line": 109,
            "column": 1
          }
        },
        "line": 5
      },
      "1": {
        "name": "(anonymous_1)",
        "decl": {
          "start": {
            "line": 7,
            "column": 17
          },
          "end": {
            "line": 7,
            "column": 18
          }
        },
        "loc": {
          "start": {
            "line": 7,
            "column": 23
          },
          "end": {
            "line": 10,
            "column": 3
          }
        },
        "line": 7
      },
      "2": {
        "name": "(anonymous_2)",
        "decl": {
          "start": {
            "line": 59,
            "column": 73
          },
          "end": {
            "line": 59,
            "column": 74
          }
        },
        "loc": {
          "start": {
            "line": 59,
            "column": 80
          },
          "end": {
            "line": 59,
            "column": 98
          }
        },
        "line": 59
      }
    },
    "branchMap": {
      "0": {
        "loc": {
          "start": {
            "line": 8,
            "column": 4
          },
          "end": {
            "line": 9,
            "column": 42
          }
        },
        "type": "if",
        "locations": [
          {
            "start": {
              "line": 8,
              "column": 4
            },
            "end": {
              "line": 9,
              "column": 42
            }
          },
          {
            "start": {
              "line": 9,
              "column": 9
            },
            "end": {
              "line": 9,
              "column": 42
            }
          }
        ],
        "line": 8
      }
    },
    "s": {
      "0": 11,
      "1": 11,
      "2": 0,
      "3": 0,
      "4": 0,
      "5": 11,
      "6": 0
    },
    "f": {
      "0": 11,
      "1": 0,
      "2": 0
    },
    "b": {
      "0": [
        0,
        0
      ]
    },
    "inputSourceMap": {
      "version": 3,
      "sources": [
        "/Users/maksimleno/Documents/Recipe Generator/src/pages/NotFoundPage/NotFoundPage.jsx"
      ],
      "mappings": "AAeM;AAfN,SAAS,MAAM,mBAAmB;AAClC,OAAO;AAEP,OAAO,gBAAgB;AAEvB,wBAAwB,eAAe;AACrC,QAAM,WAAW,YAAY;AAE7B,QAAM,SAAS,MAAM;AACnB,QAAI,OAAO,QAAQ,SAAS,EAAG,UAAS,EAAE;AAAA,QACrC,UAAS,KAAK,EAAE,SAAS,KAAK,CAAC;AAAA,EACtC;AAEA,SACE,uBAAC,SAAI,WAAU,WACb;AAAA,2BAAC,SAAI,WAAU,qBAAoB,eAAY,UAA/C;AAAA;AAAA;AAAA;AAAA,WAAsD;AAAA,IACtD,uBAAC,SAAI,WAAU,qBAAoB,eAAY,UAA/C;AAAA;AAAA;AAAA;AAAA,WAAsD;AAAA,IAEtD,uBAAC,UAAK,WAAU,WAAU,MAAK,QAC7B;AAAA,6BAAC,OAAE,WAAU,WAAU,mBAAvB;AAAA;AAAA;AAAA;AAAA,aAA0B;AAAA,MAC1B,uBAAC,QAAG,WAAU,YAAW,wCAAzB;AAAA;AAAA;AAAA;AAAA,aAAiD;AAAA,MACjD,uBAAC,OAAE,WAAU,WAAU,iIAAvB;AAAA;AAAA;AAAA;AAAA,aAGA;AAAA,MAEA,uBAAC,SAAI,WAAU,cACb;AAAA,+BAAC,YAAO,WAAU,aAAY,SAAS,QAAQ,MAAK,UAAS,uBAA7D;AAAA;AAAA;AAAA;AAAA,eAAoE;AAAA,QACpE,uBAAC,QAAK,WAAU,eAAc,IAAG,KAAI,0BAArC;AAAA;AAAA;AAAA;AAAA,eAA+C;AAAA,QAC/C,uBAAC,QAAK,WAAU,aAAY,IAAG,WAAU,iCAAzC;AAAA;AAAA;AAAA;AAAA,eAA0D;AAAA,WAH5D;AAAA;AAAA;AAAA;AAAA,aAIA;AAAA,MAEA,uBAAC,UAAK,WAAU,aAAY,UAAU,CAAC,MAAI,EAAE,eAAe,GAC1D;AAAA,+BAAC,SAAI,KAAK,YAAY,KAAI,IAAG,eAAY,QAAO,WAAU,oBAA1D;AAAA;AAAA;AAAA;AAAA,eAA2E;AAAA,QAC3E,uBAAC,WAAM,aAAY,4CAAnB;AAAA;AAAA;AAAA;AAAA,eAA4D;AAAA,QAC5D,uBAAC,QAAK,IAAG,KAAI,WAAU,iBAAgB,qBAAvC;AAAA;AAAA;AAAA;AAAA,eAA4C;AAAA,WAH9C;AAAA;AAAA;AAAA;AAAA,aAIA;AAAA,MAEA,uBAAC,OAAE,WAAU,YAAW;AAAA;AAAA,QACR,uBAAC,QAAK,IAAG,UAAS,WAAU,WAAU,iCAAtC;AAAA;AAAA;AAAA;AAAA,eAAuD;AAAA,QAAO;AAAA,QAC5E,uBAAC,QAAK,IAAG,cAAa,WAAU,WAAU,kCAA1C;AAAA;AAAA;AAAA;AAAA,eAA4D;AAAA,QAAO;AAAA,WAFrE;AAAA;AAAA;AAAA;AAAA,aAGA;AAAA,SAvBF;AAAA;AAAA;AAAA;AAAA,WAwBA;AAAA,OA5BF;AAAA;AAAA;AAAA;AAAA,SA6BA;AAEJ;",
      "names": []
    },
    "_coverageSchema": "1a1c01bbd47fc00a2c39e90264f33305004495a9",
    "hash": "fde2680d008691606a7f5007786268de6fe61675"
  },
  "/Users/maksimleno/Documents/Recipe Generator/src/components/ProtectedRoute.jsx": {
    "path": "/Users/maksimleno/Documents/Recipe Generator/src/components/ProtectedRoute.jsx",
    "statementMap": {
      "0": {
        "start": {
          "line": 5,
          "column": 23
        },
        "end": {
          "line": 5,
          "column": 32
        }
      },
      "1": {
        "start": {
          "line": 6,
          "column": 19
        },
        "end": {
          "line": 6,
          "column": 32
        }
      },
      "2": {
        "start": {
          "line": 7,
          "column": 2
        },
        "end": {
          "line": 13,
          "column": 3
        }
      },
      "3": {
        "start": {
          "line": 8,
          "column": 4
        },
        "end": {
          "line": 12,
          "column": 13
        }
      },
      "4": {
        "start": {
          "line": 14,
          "column": 2
        },
        "end": {
          "line": 18,
          "column": 11
        }
      }
    },
    "fnMap": {
      "0": {
        "name": "ProtectedRoute",
        "decl": {
          "start": {
            "line": 4,
            "column": 24
          },
          "end": {
            "line": 4,
            "column": 38
          }
        },
        "loc": {
          "start": {
            "line": 4,
            "column": 66
          },
          "end": {
            "line": 19,
            "column": 1
          }
        },
        "line": 4
      }
    },
    "branchMap": {
      "0": {
        "loc": {
          "start": {
            "line": 4,
            "column": 41
          },
          "end": {
            "line": 4,
            "column": 62
          }
        },
        "type": "default-arg",
        "locations": [
          {
            "start": {
              "line": 4,
              "column": 54
            },
            "end": {
              "line": 4,
              "column": 62
            }
          }
        ],
        "line": 4
      },
      "1": {
        "loc": {
          "start": {
            "line": 7,
            "column": 2
          },
          "end": {
            "line": 13,
            "column": 3
          }
        },
        "type": "if",
        "locations": [
          {
            "start": {
              "line": 7,
              "column": 2
            },
            "end": {
              "line": 13,
              "column": 3
            }
          },
          {
            "start": {},
            "end": {}
          }
        ],
        "line": 7
      }
    },
    "s": {
      "0": 0,
      "1": 0,
      "2": 0,
      "3": 0,
      "4": 0
    },
    "f": {
      "0": 0
    },
    "b": {
      "0": [
        0
      ],
      "1": [
        0,
        0
      ]
    },
    "inputSourceMap": {
      "version": 3,
      "sources": [
        "/Users/maksimleno/Documents/Recipe Generator/src/components/ProtectedRoute.jsx"
      ],
      "mappings": "AAQW;AARX,SAAS,UAAU,QAAQ,mBAAmB;AAC9C,SAAS,eAAe;AAExB,wBAAwB,eAAe,EAAE,aAAa,SAAS,GAAG;AAChE,QAAM,EAAE,SAAS,IAAI,QAAQ;AAC7B,QAAM,WAAW,YAAY;AAE7B,MAAI,CAAC,UAAU;AACb,WAAO,uBAAC,YAAS,IAAI,YAAY,SAAO,MAAC,OAAO,EAAE,MAAM,SAAS,KAA1D;AAAA;AAAA;AAAA;AAAA,WAA6D;AAAA,EACtE;AAEA,SAAO,uBAAC,YAAD;AAAA;AAAA;AAAA;AAAA,SAAQ;AACjB;",
      "names": []
    },
    "_coverageSchema": "1a1c01bbd47fc00a2c39e90264f33305004495a9",
    "hash": "bbd9c0dabe50be2d9d148fce1ac07d28afbce026"
  },
  "/Users/maksimleno/Documents/Recipe Generator/src/components/GuestRoute.jsx": {
    "path": "/Users/maksimleno/Documents/Recipe Generator/src/components/GuestRoute.jsx",
    "statementMap": {
      "0": {
        "start": {
          "line": 5,
          "column": 23
        },
        "end": {
          "line": 5,
          "column": 32
        }
      },
      "1": {
        "start": {
          "line": 6,
          "column": 2
        },
        "end": {
          "line": 14,
          "column": 11
        }
      }
    },
    "fnMap": {
      "0": {
        "name": "GuestRoute",
        "decl": {
          "start": {
            "line": 4,
            "column": 24
          },
          "end": {
            "line": 4,
            "column": 34
          }
        },
        "loc": {
          "start": {
            "line": 4,
            "column": 57
          },
          "end": {
            "line": 15,
            "column": 1
          }
        },
        "line": 4
      }
    },
    "branchMap": {
      "0": {
        "loc": {
          "start": {
            "line": 4,
            "column": 37
          },
          "end": {
            "line": 4,
            "column": 53
          }
        },
        "type": "default-arg",
        "locations": [
          {
            "start": {
              "line": 4,
              "column": 50
            },
            "end": {
              "line": 4,
              "column": 53
            }
          }
        ],
        "line": 4
      },
      "1": {
        "loc": {
          "start": {
            "line": 6,
            "column": 9
          },
          "end": {
            "line": 14,
            "column": 10
          }
        },
        "type": "cond-expr",
        "locations": [
          {
            "start": {
              "line": 6,
              "column": 36
            },
            "end": {
              "line": 10,
              "column": 10
            }
          },
          {
            "start": {
              "line": 10,
              "column": 29
            },
            "end": {
              "line": 14,
              "column": 10
            }
          }
        ],
        "line": 6
      }
    },
    "s": {
      "0": 0,
      "1": 0
    },
    "f": {
      "0": 0
    },
    "b": {
      "0": [
        0
      ],
      "1": [
        0,
        0
      ]
    },
    "inputSourceMap": {
      "version": 3,
      "sources": [
        "/Users/maksimleno/Documents/Recipe Generator/src/components/GuestRoute.jsx"
      ],
      "mappings": "AAKoB;AALpB,SAAS,UAAU,cAAc;AACjC,SAAS,eAAe;AAExB,wBAAwB,WAAW,EAAE,aAAa,IAAI,GAAG;AACvD,QAAM,EAAE,SAAS,IAAI,QAAQ;AAC7B,SAAO,WAAW,uBAAC,YAAS,IAAI,YAAY,SAAO,QAAjC;AAAA;AAAA;AAAA;AAAA,SAAkC,IAAK,uBAAC,YAAD;AAAA;AAAA;AAAA;AAAA,SAAQ;AACnE;",
      "names": []
    },
    "_coverageSchema": "1a1c01bbd47fc00a2c39e90264f33305004495a9",
    "hash": "e455e4d39bd59b034fbbee2e338a5eb5d6177dfa"
  },
  "/Users/maksimleno/Documents/Recipe Generator/src/App.jsx": {
    "path": "/Users/maksimleno/Documents/Recipe Generator/src/App.jsx",
    "statementMap": {
      "0": {
        "start": {
          "line": 16,
          "column": 2
        },
        "end": {
          "line": 140,
          "column": 11
        }
      }
    },
    "fnMap": {
      "0": {
        "name": "App",
        "decl": {
          "start": {
            "line": 15,
            "column": 9
          },
          "end": {
            "line": 15,
            "column": 12
          }
        },
        "loc": {
          "start": {
            "line": 15,
            "column": 15
          },
          "end": {
            "line": 141,
            "column": 1
          }
        },
        "line": 15
      }
    },
    "branchMap": {},
    "s": {
      "0": 2
    },
    "f": {
      "0": 2
    },
    "b": {},
    "inputSourceMap": {
      "version": 3,
      "sources": [
        "/Users/maksimleno/Documents/Recipe Generator/src/App.jsx"
      ],
      "mappings": "AAoB+B;AApB/B,SAAS,QAAQ,OAAO,gBAAgB;AAExC,OAAO,gBAAgB;AACvB,OAAO,mBAAmB;AAC1B,OAAO,cAAc;AACrB,OAAO,iBAAiB;AACxB,OAAO,gBAAgB;AACvB,OAAO,eAAe;AACtB,OAAO,sBAAsB;AAC7B,OAAO,mBAAmB;AAC1B,OAAO,mBAAmB;AAC1B,OAAO,kBAAkB;AAEzB,OAAO,oBAAoB;AAC3B,OAAO,gBAAgB;AAEvB,SAAS,MAAM;AACb,SACE,uBAAC,UAEC;AAAA,2BAAC,SAAM,MAAK,KAAI,SAAS,uBAAC,cAAD;AAAA;AAAA;AAAA;AAAA,WAAU,KAAnC;AAAA;AAAA;AAAA;AAAA,WAAuC;AAAA,IACvC,uBAAC,SAAM,MAAK,iBAAgB,SAAS,uBAAC,gBAAD;AAAA;AAAA;AAAA;AAAA,WAAY,KAAjD;AAAA;AAAA;AAAA;AAAA,WAAqD;AAAA,IACrD,uBAAC,SAAM,MAAK,cAAa,SAAS,uBAAC,mBAAD;AAAA;AAAA;AAAA;AAAA,WAAe,KAAjD;AAAA;AAAA;AAAA;AAAA,WAAqD;AAAA,IACrD,uBAAC,SAAM,MAAK,SAAQ,SAAS,uBAAC,YAAS,IAAG,KAAI,SAAO,QAAxB;AAAA;AAAA;AAAA;AAAA,WAAyB,KAAtD;AAAA;AAAA;AAAA;AAAA,WAA0D;AAAA,IAG1D,uBAAC,SAAM,SAAS,uBAAC,cAAW,YAAW,OAAvB;AAAA;AAAA;AAAA;AAAA,WAA2B,GACzC;AAAA,6BAAC,SAAM,MAAK,UAAS,SAAS,uBAAC,gBAAD;AAAA;AAAA;AAAA;AAAA,aAAY,KAA1C;AAAA;AAAA;AAAA;AAAA,aAA8C;AAAA,MAC9C,uBAAC,SAAM,MAAK,aAAY,SAAS,uBAAC,mBAAD;AAAA;AAAA;AAAA;AAAA,aAAe,KAAhD;AAAA;AAAA;AAAA;AAAA,aAAoD;AAAA,SAFtD;AAAA;AAAA;AAAA;AAAA,WAGA;AAAA,IAGA,uBAAC,SAAM,SAAS,uBAAC,kBAAe,YAAW,YAA3B;AAAA;AAAA;AAAA;AAAA,WAAoC,GAClD;AAAA,6BAAC,SAAM,MAAK,YAAW,SAAS,uBAAC,iBAAD;AAAA;AAAA;AAAA;AAAA,aAAa,KAA7C;AAAA;AAAA;AAAA;AAAA,aAAiD;AAAA,MACjD,uBAAC,SAAM,MAAK,WAAU,SAAS,uBAAC,sBAAD;AAAA;AAAA;AAAA;AAAA,aAAkB,KAAjD;AAAA;AAAA;AAAA;AAAA,aAAqD;AAAA,MACrD,uBAAC,SAAM,MAAK,UAAS,SAAS,uBAAC,eAAD;AAAA;AAAA;AAAA;AAAA,aAAW,KAAzC;AAAA;AAAA;AAAA;AAAA,aAA6C;AAAA,MAC7C,uBAAC,SAAM,MAAK,eAAc,SAAS,uBAAC,mBAAD;AAAA;AAAA;AAAA;AAAA,aAAe,KAAlD;AAAA;AAAA;AAAA;AAAA,aAAsD;AAAA,SAJxD;AAAA;AAAA;AAAA;AAAA,WAKA;AAAA,IAEA,uBAAC,SAAM,MAAK,KAAI,SAAS,uBAAC,kBAAD;AAAA;AAAA;AAAA;AAAA,WAAc,KAAvC;AAAA;AAAA;AAAA;AAAA,WAA2C;AAAA,OArB7C;AAAA;AAAA;AAAA;AAAA,SAsBA;AAEJ;AAEA,eAAe;",
      "names": []
    },
    "_coverageSchema": "1a1c01bbd47fc00a2c39e90264f33305004495a9",
    "hash": "777d3fb7fc9834231edbdaabd09f5e6b4f887736"
  }
}