{
  "/Users/maksimleno/Documents/Recipe Generator/src/services/storage.js": {
    "path": "/Users/maksimleno/Documents/Recipe Generator/src/services/storage.js",
    "statementMap": {
      "0": {
        "start": {
          "line": 1,
          "column": 15
        },
        "end": {
          "line": 1,
          "column": 20
        }
      },
      "1": {
        "start": {
          "line": 4,
          "column": 2
        },
        "end": {
          "line": 4,
          "column": 25
        }
      },
      "2": {
        "start": {
          "line": 7,
          "column": 23
        },
        "end": {
          "line": 30,
          "column": 1
        }
      },
      "3": {
        "start": {
          "line": 9,
          "column": 4
        },
        "end": {
          "line": 14,
          "column": 5
        }
      },
      "4": {
        "start": {
          "line": 10,
          "column": 18
        },
        "end": {
          "line": 10,
          "column": 46
        }
      },
      "5": {
        "start": {
          "line": 11,
          "column": 6
        },
        "end": {
          "line": 11,
          "column": 55
        }
      },
      "6": {
        "start": {
          "line": 13,
          "column": 6
        },
        "end": {
          "line": 13,
          "column": 22
        }
      },
      "7": {
        "start": {
          "line": 18,
          "column": 4
        },
        "end": {
          "line": 18,
          "column": 56
        }
      },
      "8": {
        "start": {
          "line": 22,
          "column": 4
        },
        "end": {
          "line": 22,
          "column": 36
        }
      },
      "9": {
        "start": {
          "line": 26,
          "column": 4
        },
        "end": {
          "line": 28,
          "column": 50
        }
      },
      "10": {
        "start": {
          "line": 27,
          "column": 21
        },
        "end": {
          "line": 27,
          "column": 41
        }
      },
      "11": {
        "start": {
          "line": 28,
          "column": 22
        },
        "end": {
          "line": 28,
          "column": 48
        }
      }
    },
    "fnMap": {
      "0": {
        "name": "key",
        "decl": {
          "start": {
            "line": 3,
            "column": 9
          },
          "end": {
            "line": 3,
            "column": 12
          }
        },
        "loc": {
          "start": {
            "line": 3,
            "column": 16
          },
          "end": {
            "line": 5,
            "column": 1
          }
        },
        "line": 3
      },
      "1": {
        "name": "(anonymous_1)",
        "decl": {
          "start": {
            "line": 8,
            "column": 2
          },
          "end": {
            "line": 8,
            "column": 3
          }
        },
        "loc": {
          "start": {
            "line": 8,
            "column": 26
          },
          "end": {
            "line": 15,
            "column": 3
          }
        },
        "line": 8
      },
      "2": {
        "name": "(anonymous_2)",
        "decl": {
          "start": {
            "line": 17,
            "column": 2
          },
          "end": {
            "line": 17,
            "column": 3
          }
        },
        "loc": {
          "start": {
            "line": 17,
            "column": 16
          },
          "end": {
            "line": 19,
            "column": 3
          }
        },
        "line": 17
      },
      "3": {
        "name": "(anonymous_3)",
        "decl": {
          "start": {
            "line": 21,
            "column": 2
          },
          "end": {
            "line": 21,
            "column": 3
          }
        },
        "loc": {
          "start": {
            "line": 21,
            "column": 12
          },
          "end": {
            "line": 23,
            "column": 3
          }
        },
        "line": 21
      },
      "4": {
        "name": "(anonymous_4)",
        "decl": {
          "start": {
            "line": 25,
            "column": 2
          },
          "end": {
            "line": 25,
            "column": 3
          }
        },
        "loc": {
          "start": {
            "line": 25,
            "column": 17
          },
          "end": {
            "line": 29,
            "column": 3
          }
        },
        "line": 25
      },
      "5": {
        "name": "(anonymous_5)",
        "decl": {
          "start": {
            "line": 27,
            "column": 14
          },
          "end": {
            "line": 27,
            "column": 15
          }
        },
        "loc": {
          "start": {
            "line": 27,
            "column": 21
          },
          "end": {
            "line": 27,
            "column": 41
          }
        },
        "line": 27
      },
      "6": {
        "name": "(anonymous_6)",
        "decl": {
          "start": {
            "line": 28,
            "column": 15
          },
          "end": {
            "line": 28,
            "column": 16
          }
        },
        "loc": {
          "start": {
            "line": 28,
            "column": 22
          },
          "end": {
            "line": 28,
            "column": 48
          }
        },
        "line": 28
      }
    },
    "branchMap": {
      "0": {
        "loc": {
          "start": {
            "line": 8,
            "column": 9
          },
          "end": {
            "line": 8,
            "column": 24
          }
        },
        "type": "default-arg",
        "locations": [
          {
            "start": {
              "line": 8,
              "column": 20
            },
            "end": {
              "line": 8,
              "column": 24
            }
          }
        ],
        "line": 8
      },
      "1": {
        "loc": {
          "start": {
            "line": 11,
            "column": 13
          },
          "end": {
            "line": 11,
            "column": 54
          }
        },
        "type": "cond-expr",
        "locations": [
          {
            "start": {
              "line": 11,
              "column": 28
            },
            "end": {
              "line": 11,
              "column": 36
            }
          },
          {
            "start": {
              "line": 11,
              "column": 39
            },
            "end": {
              "line": 11,
              "column": 54
            }
          }
        ],
        "line": 11
      }
    },
    "s": {
      "0": 3,
      "1": 10,
      "2": 3,
      "3": 10,
      "4": 10,
      "5": 10,
      "6": 0,
      "7": 0,
      "8": 0,
      "9": 0,
      "10": 0,
      "11": 0
    },
    "f": {
      "0": 10,
      "1": 10,
      "2": 0,
      "3": 0,
      "4": 0,
      "5": 0,
      "6": 0
    },
    "b": {
      "0": [
        0
      ],
      "1": [
        6,
        4
      ]
    },
    "inputSourceMap": {
      "version": 3,
      "sources": [
        "/Users/maksimleno/Documents/Recipe Generator/src/services/storage.js"
      ],
      "names": [],
      "mappings": "AAAA,KAAK,CAAC,MAAM,CAAC,CAAC,CAAC,CAAC,GAAG,CAAC,CAAC,CAAC,CAAC,CAAC,CAAC,CAAC,CAAC,CAAC,CAAC,CAAC,CAAC,CAAC,CAAC,CAAC,CAAC,CAAC,CAAC,CAAC,CAAC,CAAC,CAAC,CAAC,CAAC,CAAC,CAAC,CAAC,CAAC,CAAC,CAAC,CAAC,CAAC,CAAC,CAAC,CAAC,CAAC,CAAC,CAAC,CAAC,CAAC,CAAC,CAAC,CAAC,CAAC,CAAC,CAAC,CAAC,CAAC,CAAC,CAAC,CAAC,CAAC,CAAC,CAAC,CAAC,CAAC,CAAC;;AAE5E,QAAQ,CAAC,GAAG,CAAC,CAAC,CAAC,CAAC;AAChB,CAAC,CAAC,MAAM,CAAC,CAAC,CAAC,CAAC,MAAM,CAAC,CAAC,CAAC,CAAC,CAAC,CAAC;AACxB;;AAEA,MAAM,CAAC,KAAK,CAAC,OAAO,CAAC,CAAC,CAAC;AACvB,CAAC,CAAC,GAAG,CAAC,CAAC,CAAC,CAAC,QAAQ,CAAC,CAAC,CAAC,IAAI,CAAC,CAAC;AAC1B,CAAC,CAAC,CAAC,CAAC,GAAG,CAAC;AACR,CAAC,CAAC,CAAC,CAAC,CAAC,CAAC,KAAK,CAAC,GAAG,CAAC,CAAC,CAAC,YAAY,CAAC,OAAO,CAAC,GAAG,CAAC,CAAC,CAAC,CAAC;AAC9C,CAAC,CAAC,CAAC,CAAC,CAAC,CAAC,MAAM,CAAC,GAAG,CAAC,CAAC,CAAC,CAAC,CAAC,IAAI,CAAC,CAAC,CAAC,QAAQ,CAAC,CAAC,CAAC,IAAI,CAAC,KAAK,CAAC,GAAG,CAAC;AACtD,CAAC,CAAC,CAAC,CAAC,CAAC,CAAC,KAAK,CAAC;AACZ,CAAC,CAAC,CAAC,CAAC,CAAC,CAAC,MAAM,CAAC,QAAQ;AACrB,CAAC,CAAC,CAAC,CAAC;AACJ,CAAC,CAAC,CAAC;;AAEH,CAAC,CAAC,GAAG,CAAC,CAAC,CAAC,CAAC,KAAK,CAAC,CAAC;AAChB,CAAC,CAAC,CAAC,CAAC,YAAY,CAAC,OAAO,CAAC,GAAG,CAAC,CAAC,CAAC,CAAC,CAAC,IAAI,CAAC,SAAS,CAAC,KAAK,CAAC,CAAC;AACvD,CAAC,CAAC,CAAC;;AAEH,CAAC,CAAC,MAAM,CAAC,CAAC,CAAC,CAAC;AACZ,CAAC,CAAC,CAAC,CAAC,YAAY,CAAC,UAAU,CAAC,GAAG,CAAC,CAAC,CAAC,CAAC;AACnC,CAAC,CAAC,CAAC;;AAEH,CAAC,CAAC,YAAY,CAAC,CAAC,CAAC;AACjB,CAAC,CAAC,CAAC,CAAC,MAAM,CAAC,IAAI,CAAC,YAAY;AAC5B,CAAC,CAAC,CAAC,CAAC,CAAC,CAAC,CAAC,MAAM,CAAC,CAAC,CAAC,CAAC,CAAC,CAAC,CAAC,CAAC,CAAC,CAAC,UAAU,CAAC,MAAM,CAAC;AACzC,CAAC,CAAC,CAAC,CAAC,CAAC,CAAC,CAAC,OAAO,CAAC,CAAC,CAAC,CAAC,CAAC,CAAC,CAAC,CAAC,YAAY,CAAC,UAAU,CAAC,CAAC,CAAC,CAAC;AACjD,CAAC,CAAC,CAAC;AACH,CAAC;"
    },
    "_coverageSchema": "1a1c01bbd47fc00a2c39e90264f33305004495a9",
    "hash": "1338b99292d0948889a362b67c6374dd88c3dff0"
  },
  "/Users/maksimleno/Documents/Recipe Generator/src/services/firebase.js": {
    "path": "/Users/maksimleno/Documents/Recipe Generator/src/services/firebase.js",
    "statementMap": {
      "0": {
        "start": {
          "line": 5,
          "column": 23
        },
        "end": {
          "line": 13,
          "column": 1
        }
      },
      "1": {
        "start": {
          "line": 15,
          "column": 12
        },
        "end": {
          "line": 15,
          "column": 41
        }
      },
      "2": {
        "start": {
          "line": 18,
          "column": 20
        },
        "end": {
          "line": 18,
          "column": 32
        }
      },
      "3": {
        "start": {
          "line": 19,
          "column": 18
        },
        "end": {
          "line": 19,
          "column": 35
        }
      }
    },
    "fnMap": {},
    "branchMap": {},
    "s": {
      "0": 3,
      "1": 3,
      "2": 3,
      "3": 3
    },
    "f": {},
    "b": {},
    "inputSourceMap": {
      "version": 3,
      "sources": [
        "/Users/maksimleno/Documents/Recipe Generator/src/services/firebase.js"
      ],
      "names": [],
      "mappings": "AAAA,MAAM,CAAC,CAAC,CAAC,aAAa,CAAC,CAAC,CAAC,IAAI,CAAC,CAAC,QAAQ,CAAC,GAAG,CAAC;AAC5C,MAAM,CAAC,CAAC,CAAC,OAAO,CAAC,CAAC,CAAC,IAAI,CAAC,CAAC,QAAQ,CAAC,IAAI,CAAC;AACvC,MAAM,CAAC,CAAC,CAAC,YAAY,CAAC,CAAC,CAAC,IAAI,CAAC,CAAC,QAAQ,CAAC,SAAS,CAAC;;AAEjD,KAAK,CAAC,cAAc,CAAC,CAAC,CAAC;AACvB,CAAC,CAAC,MAAM,CAAC,CAAC,CAAC,uCAAuC,CAAC;AACnD,CAAC,CAAC,UAAU,CAAC,CAAC,CAAC,MAAM,CAAC,SAAS,CAAC,KAAK,CAAC,WAAW,CAAC,GAAG,CAAC;AACtD,CAAC,CAAC,SAAS,CAAC,CAAC,CAAC,MAAM,CAAC,SAAS,CAAC,KAAK,CAAC;AACrC,CAAC,CAAC,aAAa,CAAC,CAAC,CAAC,MAAM,CAAC,SAAS,CAAC,KAAK,CAAC,eAAe,CAAC,GAAG,CAAC;AAC7D,CAAC,CAAC,iBAAiB,CAAC,CAAC,CAAC,YAAY,CAAC;AACnC,CAAC,CAAC,KAAK,CAAC,CAAC,CAAC,CAAC,CAAC,YAAY,CAAC,GAAG,CAAC,sBAAsB,CAAC;AACpD,CAAC,CAAC,aAAa,CAAC,CAAC,CAAC,CAAC,CAAC,UAAU;AAC9B,CAAC;;AAED,KAAK,CAAC,GAAG,CAAC,CAAC,CAAC,aAAa,CAAC,cAAc,CAAC;;AAEzC,CAAC,CAAC,CAAC,CAAC,CAAC,CAAC,CAAC,CAAC,CAAC,CAAC,CAAC,CAAC,CAAC,CAAC,CAAC,CAAC,CAAC,CAAC,CAAC,CAAC,CAAC;AACrB,MAAM,CAAC,KAAK,CAAC,IAAI,CAAC,CAAC,CAAC,OAAO,CAAC,GAAG,CAAC;AAChC,MAAM,CAAC,KAAK,CAAC,EAAE,CAAC,CAAC,CAAC,YAAY,CAAC,GAAG,CAAC;"
    },
    "_coverageSchema": "1a1c01bbd47fc00a2c39e90264f33305004495a9",
    "hash": "49773445cbd18b8538c2c3fbf38579923654ae71"
  },
  "/Users/maksimleno/Documents/Recipe Generator/src/services/authService.js": {
    "path": "/Users/maksimleno/Documents/Recipe Generator/src/services/authService.js",
    "statementMap": {
      "0": {
        "start": {
          "line": 10,
          "column": 20
        },
        "end": {
          "line": 10,
          "column": 39
        }
      },
      "1": {
        "start": {
          "line": 14,
          "column": 2
        },
        "end": {
          "line": 14,
          "column": 50
        }
      },
      "2": {
        "start": {
          "line": 18,
          "column": 2
        },
        "end": {
          "line": 18,
          "column": 40
        }
      },
      "3": {
        "start": {
          "line": 22,
          "column": 2
        },
        "end": {
          "line": 22,
          "column": 25
        }
      },
      "4": {
        "start": {
          "line": 22,
          "column": 13
        },
        "end": {
          "line": 22,
          "column": 25
        }
      },
      "5": {
        "start": {
          "line": 24,
          "column": 2
        },
        "end": {
          "line": 29,
          "column": 4
        }
      },
      "6": {
        "start": {
          "line": 33,
          "column": 15
        },
        "end": {
          "line": 33,
          "column": 33
        }
      },
      "7": {
        "start": {
          "line": 34,
          "column": 18
        },
        "end": {
          "line": 34,
          "column": 51
        }
      },
      "8": {
        "start": {
          "line": 36,
          "column": 2
        },
        "end": {
          "line": 40,
          "column": 3
        }
      },
      "9": {
        "start": {
          "line": 37,
          "column": 4
        },
        "end": {
          "line": 37,
          "column": 38
        }
      },
      "10": {
        "start": {
          "line": 39,
          "column": 4
        },
        "end": {
          "line": 39,
          "column": 32
        }
      },
      "11": {
        "start": {
          "line": 41,
          "column": 2
        },
        "end": {
          "line": 41,
          "column": 17
        }
      },
      "12": {
        "start": {
          "line": 45,
          "column": 17
        },
        "end": {
          "line": 45,
          "column": 33
        }
      },
      "13": {
        "start": {
          "line": 46,
          "column": 2
        },
        "end": {
          "line": 48,
          "column": 3
        }
      },
      "14": {
        "start": {
          "line": 47,
          "column": 4
        },
        "end": {
          "line": 47,
          "column": 43
        }
      },
      "15": {
        "start": {
          "line": 49,
          "column": 2
        },
        "end": {
          "line": 49,
          "column": 28
        }
      },
      "16": {
        "start": {
          "line": 53,
          "column": 2
        },
        "end": {
          "line": 53,
          "column": 28
        }
      },
      "17": {
        "start": {
          "line": 57,
          "column": 2
        },
        "end": {
          "line": 57,
          "column": 22
        }
      },
      "18": {
        "start": {
          "line": 58,
          "column": 2
        },
        "end": {
          "line": 58,
          "column": 30
        }
      },
      "19": {
        "start": {
          "line": 62,
          "column": 12
        },
        "end": {
          "line": 62,
          "column": 37
        }
      },
      "20": {
        "start": {
          "line": 63,
          "column": 12
        },
        "end": {
          "line": 63,
          "column": 28
        }
      },
      "21": {
        "start": {
          "line": 64,
          "column": 12
        },
        "end": {
          "line": 64,
          "column": 34
        }
      },
      "22": {
        "start": {
          "line": 66,
          "column": 2
        },
        "end": {
          "line": 66,
          "column": 60
        }
      },
      "23": {
        "start": {
          "line": 66,
          "column": 20
        },
        "end": {
          "line": 66,
          "column": 60
        }
      },
      "24": {
        "start": {
          "line": 67,
          "column": 2
        },
        "end": {
          "line": 67,
          "column": 70
        }
      },
      "25": {
        "start": {
          "line": 67,
          "column": 33
        },
        "end": {
          "line": 67,
          "column": 70
        }
      },
      "26": {
        "start": {
          "line": 68,
          "column": 2
        },
        "end": {
          "line": 68,
          "column": 80
        }
      },
      "27": {
        "start": {
          "line": 68,
          "column": 20
        },
        "end": {
          "line": 68,
          "column": 80
        }
      },
      "28": {
        "start": {
          "line": 70,
          "column": 15
        },
        "end": {
          "line": 70,
          "column": 63
        }
      },
      "29": {
        "start": {
          "line": 72,
          "column": 2
        },
        "end": {
          "line": 72,
          "column": 53
        }
      },
      "30": {
        "start": {
          "line": 75,
          "column": 2
        },
        "end": {
          "line": 75,
          "column": 44
        }
      },
      "31": {
        "start": {
          "line": 79,
          "column": 12
        },
        "end": {
          "line": 79,
          "column": 28
        }
      },
      "32": {
        "start": {
          "line": 80,
          "column": 12
        },
        "end": {
          "line": 80,
          "column": 34
        }
      },
      "33": {
        "start": {
          "line": 82,
          "column": 15
        },
        "end": {
          "line": 82,
          "column": 59
        }
      },
      "34": {
        "start": {
          "line": 84,
          "column": 2
        },
        "end": {
          "line": 84,
          "column": 44
        }
      },
      "35": {
        "start": {
          "line": 89,
          "column": 17
        },
        "end": {
          "line": 89,
          "column": 33
        }
      },
      "36": {
        "start": {
          "line": 90,
          "column": 2
        },
        "end": {
          "line": 90,
          "column": 60
        }
      },
      "37": {
        "start": {
          "line": 90,
          "column": 15
        },
        "end": {
          "line": 90,
          "column": 60
        }
      },
      "38": {
        "start": {
          "line": 94,
          "column": 2
        },
        "end": {
          "line": 99,
          "column": 3
        }
      },
      "39": {
        "start": {
          "line": 95,
          "column": 4
        },
        "end": {
          "line": 95,
          "column": 41
        }
      },
      "40": {
        "start": {
          "line": 96,
          "column": 4
        },
        "end": {
          "line": 96,
          "column": 69
        }
      },
      "41": {
        "start": {
          "line": 96,
          "column": 29
        },
        "end": {
          "line": 96,
          "column": 69
        }
      },
      "42": {
        "start": {
          "line": 98,
          "column": 4
        },
        "end": {
          "line": 98,
          "column": 59
        }
      },
      "43": {
        "start": {
          "line": 102,
          "column": 4
        },
        "end": {
          "line": 102,
          "column": 61
        }
      },
      "44": {
        "start": {
          "line": 104,
          "column": 18
        },
        "end": {
          "line": 108,
          "column": 3
        }
      },
      "45": {
        "start": {
          "line": 110,
          "column": 2
        },
        "end": {
          "line": 110,
          "column": 36
        }
      },
      "46": {
        "start": {
          "line": 111,
          "column": 2
        },
        "end": {
          "line": 111,
          "column": 17
        }
      },
      "47": {
        "start": {
          "line": 115,
          "column": 2
        },
        "end": {
          "line": 115,
          "column": 46
        }
      }
    },
    "fnMap": {
      "0": {
        "name": "normEmail",
        "decl": {
          "start": {
            "line": 13,
            "column": 9
          },
          "end": {
            "line": 13,
            "column": 18
          }
        },
        "loc": {
          "start": {
            "line": 13,
            "column": 26
          },
          "end": {
            "line": 15,
            "column": 1
          }
        },
        "line": 13
      },
      "1": {
        "name": "getStoredSession",
        "decl": {
          "start": {
            "line": 17,
            "column": 9
          },
          "end": {
            "line": 17,
            "column": 25
          }
        },
        "loc": {
          "start": {
            "line": 17,
            "column": 28
          },
          "end": {
            "line": 19,
            "column": 1
          }
        },
        "line": 17
      },
      "2": {
        "name": "toSessionFromFirebase",
        "decl": {
          "start": {
            "line": 21,
            "column": 9
          },
          "end": {
            "line": 21,
            "column": 30
          }
        },
        "loc": {
          "start": {
            "line": 21,
            "column": 50
          },
          "end": {
            "line": 30,
            "column": 1
          }
        },
        "line": 21
      },
      "3": {
        "name": "saveSessionFromFirebase",
        "decl": {
          "start": {
            "line": 32,
            "column": 9
          },
          "end": {
            "line": 32,
            "column": 32
          }
        },
        "loc": {
          "start": {
            "line": 32,
            "column": 39
          },
          "end": {
            "line": 42,
            "column": 1
          }
        },
        "line": 32
      },
      "4": {
        "name": "getCurrentUser",
        "decl": {
          "start": {
            "line": 44,
            "column": 16
          },
          "end": {
            "line": 44,
            "column": 30
          }
        },
        "loc": {
          "start": {
            "line": 44,
            "column": 33
          },
          "end": {
            "line": 50,
            "column": 1
          }
        },
        "line": 44
      },
      "5": {
        "name": "isAuthenticated",
        "decl": {
          "start": {
            "line": 52,
            "column": 16
          },
          "end": {
            "line": 52,
            "column": 31
          }
        },
        "loc": {
          "start": {
            "line": 52,
            "column": 34
          },
          "end": {
            "line": 54,
            "column": 1
          }
        },
        "line": 52
      },
      "6": {
        "name": "logout",
        "decl": {
          "start": {
            "line": 56,
            "column": 22
          },
          "end": {
            "line": 56,
            "column": 28
          }
        },
        "loc": {
          "start": {
            "line": 56,
            "column": 31
          },
          "end": {
            "line": 59,
            "column": 1
          }
        },
        "line": 56
      },
      "7": {
        "name": "register",
        "decl": {
          "start": {
            "line": 61,
            "column": 22
          },
          "end": {
            "line": 61,
            "column": 30
          }
        },
        "loc": {
          "start": {
            "line": 61,
            "column": 58
          },
          "end": {
            "line": 76,
            "column": 1
          }
        },
        "line": 61
      },
      "8": {
        "name": "login",
        "decl": {
          "start": {
            "line": 78,
            "column": 22
          },
          "end": {
            "line": 78,
            "column": 27
          }
        },
        "loc": {
          "start": {
            "line": 78,
            "column": 49
          },
          "end": {
            "line": 85,
            "column": 1
          }
        },
        "line": 78
      },
      "9": {
        "name": "updateProfileData",
        "decl": {
          "start": {
            "line": 88,
            "column": 22
          },
          "end": {
            "line": 88,
            "column": 39
          }
        },
        "loc": {
          "start": {
            "line": 88,
            "column": 58
          },
          "end": {
            "line": 112,
            "column": 1
          }
        },
        "line": 88
      },
      "10": {
        "name": "updateProfileName",
        "decl": {
          "start": {
            "line": 114,
            "column": 22
          },
          "end": {
            "line": 114,
            "column": 39
          }
        },
        "loc": {
          "start": {
            "line": 114,
            "column": 49
          },
          "end": {
            "line": 116,
            "column": 1
          }
        },
        "line": 114
      }
    },
    "branchMap": {
      "0": {
        "loc": {
          "start": {
            "line": 14,
            "column": 16
          },
          "end": {
            "line": 14,
            "column": 27
          }
        },
        "type": "binary-expr",
        "locations": [
          {
            "start": {
              "line": 14,
              "column": 16
            },
            "end": {
              "line": 14,
              "column": 21
            }
          },
          {
            "start": {
              "line": 14,
              "column": 25
            },
            "end": {
              "line": 14,
              "column": 27
            }
          }
        ],
        "line": 14
      },
      "1": {
        "loc": {
          "start": {
            "line": 21,
            "column": 37
          },
          "end": {
            "line": 21,
            "column": 48
          }
        },
        "type": "default-arg",
        "locations": [
          {
            "start": {
              "line": 21,
              "column": 44
            },
            "end": {
              "line": 21,
              "column": 48
            }
          }
        ],
        "line": 21
      },
      "2": {
        "loc": {
          "start": {
            "line": 22,
            "column": 2
          },
          "end": {
            "line": 22,
            "column": 25
          }
        },
        "type": "if",
        "locations": [
          {
            "start": {
              "line": 22,
              "column": 2
            },
            "end": {
              "line": 22,
              "column": 25
            }
          },
          {
            "start": {},
            "end": {}
          }
        ],
        "line": 22
      },
      "3": {
        "loc": {
          "start": {
            "line": 26,
            "column": 10
          },
          "end": {
            "line": 26,
            "column": 46
          }
        },
        "type": "binary-expr",
        "locations": [
          {
            "start": {
              "line": 26,
              "column": 10
            },
            "end": {
              "line": 26,
              "column": 26
            }
          },
          {
            "start": {
              "line": 26,
              "column": 30
            },
            "end": {
              "line": 26,
              "column": 40
            }
          },
          {
            "start": {
              "line": 26,
              "column": 44
            },
            "end": {
              "line": 26,
              "column": 46
            }
          }
        ],
        "line": 26
      },
      "4": {
        "loc": {
          "start": {
            "line": 28,
            "column": 12
          },
          "end": {
            "line": 28,
            "column": 32
          }
        },
        "type": "binary-expr",
        "locations": [
          {
            "start": {
              "line": 28,
              "column": 12
            },
            "end": {
              "line": 28,
              "column": 24
            }
          },
          {
            "start": {
              "line": 28,
              "column": 28
            },
            "end": {
              "line": 28,
              "column": 32
            }
          }
        ],
        "line": 28
      },
      "5": {
        "loc": {
          "start": {
            "line": 36,
            "column": 2
          },
          "end": {
            "line": 40,
            "column": 3
          }
        },
        "type": "if",
        "locations": [
          {
            "start": {
              "line": 36,
              "column": 2
            },
            "end": {
              "line": 40,
              "column": 3
            }
          },
          {
            "start": {
              "line": 38,
              "column": 9
            },
            "end": {
              "line": 40,
              "column": 3
            }
          }
        ],
        "line": 36
      },
      "6": {
        "loc": {
          "start": {
            "line": 46,
            "column": 2
          },
          "end": {
            "line": 48,
            "column": 3
          }
        },
        "type": "if",
        "locations": [
          {
            "start": {
              "line": 46,
              "column": 2
            },
            "end": {
              "line": 48,
              "column": 3
            }
          },
          {
            "start": {},
            "end": {}
          }
        ],
        "line": 46
      },
      "7": {
        "loc": {
          "start": {
            "line": 62,
            "column": 19
          },
          "end": {
            "line": 62,
            "column": 29
          }
        },
        "type": "binary-expr",
        "locations": [
          {
            "start": {
              "line": 62,
              "column": 19
            },
            "end": {
              "line": 62,
              "column": 23
            }
          },
          {
            "start": {
              "line": 62,
              "column": 27
            },
            "end": {
              "line": 62,
              "column": 29
            }
          }
        ],
        "line": 62
      },
      "8": {
        "loc": {
          "start": {
            "line": 64,
            "column": 19
          },
          "end": {
            "line": 64,
            "column": 33
          }
        },
        "type": "binary-expr",
        "locations": [
          {
            "start": {
              "line": 64,
              "column": 19
            },
            "end": {
              "line": 64,
              "column": 27
            }
          },
          {
            "start": {
              "line": 64,
              "column": 31
            },
            "end": {
              "line": 64,
              "column": 33
            }
          }
        ],
        "line": 64
      },
      "9": {
        "loc": {
          "start": {
            "line": 66,
            "column": 2
          },
          "end": {
            "line": 66,
            "column": 60
          }
        },
        "type": "if",
        "locations": [
          {
            "start": {
              "line": 66,
              "column": 2
            },
            "end": {
              "line": 66,
              "column": 60
            }
          },
          {
            "start": {},
            "end": {}
          }
        ],
        "line": 66
      },
      "10": {
        "loc": {
          "start": {
            "line": 67,
            "column": 2
          },
          "end": {
            "line": 67,
            "column": 70
          }
        },
        "type": "if",
        "locations": [
          {
            "start": {
              "line": 67,
              "column": 2
            },
            "end": {
              "line": 67,
              "column": 70
            }
          },
          {
            "start": {},
            "end": {}
          }
        ],
        "line": 67
      },
      "11": {
        "loc": {
          "start": {
            "line": 68,
            "column": 2
          },
          "end": {
            "line": 68,
            "column": 80
          }
        },
        "type": "if",
        "locations": [
          {
            "start": {
              "line": 68,
              "column": 2
            },
            "end": {
              "line": 68,
              "column": 80
            }
          },
          {
            "start": {},
            "end": {}
          }
        ],
        "line": 68
      },
      "12": {
        "loc": {
          "start": {
            "line": 80,
            "column": 19
          },
          "end": {
            "line": 80,
            "column": 33
          }
        },
        "type": "binary-expr",
        "locations": [
          {
            "start": {
              "line": 80,
              "column": 19
            },
            "end": {
              "line": 80,
              "column": 27
            }
          },
          {
            "start": {
              "line": 80,
              "column": 31
            },
            "end": {
              "line": 80,
              "column": 33
            }
          }
        ],
        "line": 80
      },
      "13": {
        "loc": {
          "start": {
            "line": 90,
            "column": 2
          },
          "end": {
            "line": 90,
            "column": 60
          }
        },
        "type": "if",
        "locations": [
          {
            "start": {
              "line": 90,
              "column": 2
            },
            "end": {
              "line": 90,
              "column": 60
            }
          },
          {
            "start": {},
            "end": {}
          }
        ],
        "line": 90
      },
      "14": {
        "loc": {
          "start": {
            "line": 94,
            "column": 2
          },
          "end": {
            "line": 99,
            "column": 3
          }
        },
        "type": "if",
        "locations": [
          {
            "start": {
              "line": 94,
              "column": 2
            },
            "end": {
              "line": 99,
              "column": 3
            }
          },
          {
            "start": {},
            "end": {}
          }
        ],
        "line": 94
      },
      "15": {
        "loc": {
          "start": {
            "line": 95,
            "column": 22
          },
          "end": {
            "line": 95,
            "column": 32
          }
        },
        "type": "binary-expr",
        "locations": [
          {
            "start": {
              "line": 95,
              "column": 22
            },
            "end": {
              "line": 95,
              "column": 26
            }
          },
          {
            "start": {
              "line": 95,
              "column": 30
            },
            "end": {
              "line": 95,
              "column": 32
            }
          }
        ],
        "line": 95
      },
      "16": {
        "loc": {
          "start": {
            "line": 96,
            "column": 4
          },
          "end": {
            "line": 96,
            "column": 69
          }
        },
        "type": "if",
        "locations": [
          {
            "start": {
              "line": 96,
              "column": 4
            },
            "end": {
              "line": 96,
              "column": 69
            }
          },
          {
            "start": {},
            "end": {}
          }
        ],
        "line": 96
      },
      "17": {
        "loc": {
          "start": {
            "line": 102,
            "column": 4
          },
          "end": {
            "line": 102,
            "column": 61
          }
        },
        "type": "binary-expr",
        "locations": [
          {
            "start": {
              "line": 102,
              "column": 4
            },
            "end": {
              "line": 102,
              "column": 22
            }
          },
          {
            "start": {
              "line": 102,
              "column": 26
            },
            "end": {
              "line": 102,
              "column": 61
            }
          }
        ],
        "line": 102
      },
      "18": {
        "loc": {
          "start": {
            "line": 106,
            "column": 8
          },
          "end": {
            "line": 106,
            "column": 56
          }
        },
        "type": "cond-expr",
        "locations": [
          {
            "start": {
              "line": 106,
              "column": 33
            },
            "end": {
              "line": 106,
              "column": 51
            }
          },
          {
            "start": {
              "line": 106,
              "column": 54
            },
            "end": {
              "line": 106,
              "column": 56
            }
          }
        ],
        "line": 106
      },
      "19": {
        "loc": {
          "start": {
            "line": 107,
            "column": 8
          },
          "end": {
            "line": 107,
            "column": 46
          }
        },
        "type": "cond-expr",
        "locations": [
          {
            "start": {
              "line": 107,
              "column": 31
            },
            "end": {
              "line": 107,
              "column": 41
            }
          },
          {
            "start": {
              "line": 107,
              "column": 44
            },
            "end": {
              "line": 107,
              "column": 46
            }
          }
        ],
        "line": 107
      }
    },
    "s": {
      "0": 3,
      "1": 0,
      "2": 10,
      "3": 0,
      "4": 0,
      "5": 0,
      "6": 0,
      "7": 0,
      "8": 0,
      "9": 0,
      "10": 0,
      "11": 0,
      "12": 10,
      "13": 10,
      "14": 0,
      "15": 10,
      "16": 0,
      "17": 0,
      "18": 0,
      "19": 0,
      "20": 0,
      "21": 0,
      "22": 0,
      "23": 0,
      "24": 0,
      "25": 0,
      "26": 0,
      "27": 0,
      "28": 0,
      "29": 0,
      "30": 0,
      "31": 0,
      "32": 0,
      "33": 0,
      "34": 0,
      "35": 0,
      "36": 0,
      "37": 0,
      "38": 0,
      "39": 0,
      "40": 0,
      "41": 0,
      "42": 0,
      "43": 0,
      "44": 0,
      "45": 0,
      "46": 0,
      "47": 0
    },
    "f": {
      "0": 0,
      "1": 10,
      "2": 0,
      "3": 0,
      "4": 10,
      "5": 0,
      "6": 0,
      "7": 0,
      "8": 0,
      "9": 0,
      "10": 0
    },
    "b": {
      "0": [
        0,
        0
      ],
      "1": [
        0
      ],
      "2": [
        0,
        0
      ],
      "3": [
        0,
        0,
        0
      ],
      "4": [
        0,
        0
      ],
      "5": [
        0,
        0
      ],
      "6": [
        0,
        10
      ],
      "7": [
        0,
        0
      ],
      "8": [
        0,
        0
      ],
      "9": [
        0,
        0
      ],
      "10": [
        0,
        0
      ],
      "11": [
        0,
        0
      ],
      "12": [
        0,
        0
      ],
      "13": [
        0,
        0
      ],
      "14": [
        0,
        0
      ],
      "15": [
        0,
        0
      ],
      "16": [
        0,
        0
      ],
      "17": [
        0,
        0
      ],
      "18": [
        0,
        0
      ],
      "19": [
        0,
        0
      ]
    },
    "inputSourceMap": {
      "version": 3,
      "sources": [
        "/Users/maksimleno/Documents/Recipe Generator/src/services/authService.js"
      ],
      "names": [],
      "mappings": "AAAA,MAAM,CAAC,CAAC,CAAC,OAAO,CAAC,CAAC,CAAC,IAAI,CAAC,CAAC,CAAC,CAAC,OAAO,CAAC;AACnC,MAAM,CAAC,CAAC,CAAC,IAAI,CAAC,CAAC,CAAC,IAAI,CAAC,CAAC,CAAC,CAAC,QAAQ,CAAC;AACjC,MAAM,CAAC;AACP,CAAC,CAAC,8BAA8B;AAChC,CAAC,CAAC,0BAA0B;AAC5B,CAAC,CAAC,OAAO;AACT,CAAC,CAAC,aAAa;AACf,CAAC,CAAC,IAAI,CAAC,CAAC,QAAQ,CAAC,IAAI,CAAC;;AAEtB,KAAK,CAAC,WAAW,CAAC,CAAC,CAAC,CAAC,iBAAiB,CAAC;;AAEvC,CAAC,CAAC,CAAC,CAAC,CAAC,CAAC,CAAC,CAAC,CAAC,CAAC,CAAC,CAAC,CAAC,CAAC,CAAC,CAAC;AAChB,QAAQ,CAAC,SAAS,CAAC,KAAK,CAAC,CAAC;AAC1B,CAAC,CAAC,MAAM,CAAC,MAAM,CAAC,KAAK,CAAC,CAAC,CAAC,CAAC,CAAC,CAAC,CAAC,CAAC,IAAI,CAAC,CAAC,CAAC,WAAW,CAAC,CAAC;AACjD;;AAEA,QAAQ,CAAC,gBAAgB,CAAC,CAAC,CAAC;AAC5B,CAAC,CAAC,MAAM,CAAC,OAAO,CAAC,GAAG,CAAC,WAAW,CAAC,CAAC,IAAI,CAAC;AACvC;;AAEA,QAAQ,CAAC,qBAAqB,CAAC,IAAI,CAAC,CAAC,IAAI,CAAC,CAAC,CAAC,IAAI,CAAC,CAAC;AAClD,CAAC,CAAC,EAAE,CAAC,CAAC,CAAC,IAAI,CAAC,CAAC,MAAM,CAAC,IAAI;;AAExB,CAAC,CAAC,MAAM,CAAC;AACT,CAAC,CAAC,CAAC,CAAC,EAAE,CAAC,CAAC,IAAI,CAAC,GAAG;AAChB,CAAC,CAAC,CAAC,CAAC,IAAI,CAAC,CAAC,IAAI,CAAC,WAAW,CAAC,CAAC,CAAC,CAAC,IAAI,CAAC,CAAC,IAAI,CAAC,CAAC,CAAC,CAAC,CAAC,CAAC;AAC9C,CAAC,CAAC,CAAC,CAAC,KAAK,CAAC,CAAC,IAAI,CAAC,KAAK;AACrB,CAAC,CAAC,CAAC,CAAC,MAAM,CAAC,CAAC,IAAI,CAAC,CAAC,MAAM,CAAC,CAAC,CAAC,CAAC,IAAI;AAChC,CAAC,CAAC,CAAC;AACH;;AAEA,QAAQ,CAAC,uBAAuB,CAAC,IAAI,CAAC,CAAC;AACvC,CAAC,CAAC,KAAK,CAAC,IAAI,CAAC,CAAC,CAAC,gBAAgB,CAAC,CAAC;AACjC,CAAC,CAAC,KAAK,CAAC,OAAO,CAAC,CAAC,CAAC,qBAAqB,CAAC,IAAI,CAAC,CAAC,IAAI,CAAC;;AAEnD,CAAC,CAAC,EAAE,CAAC,CAAC,OAAO,CAAC,CAAC;AACf,CAAC,CAAC,CAAC,CAAC,OAAO,CAAC,GAAG,CAAC,WAAW,CAAC,CAAC,OAAO,CAAC;AACrC,CAAC,CAAC,CAAC,CAAC,IAAI,CAAC;AACT,CAAC,CAAC,CAAC,CAAC,OAAO,CAAC,MAAM,CAAC,WAAW,CAAC;AAC/B,CAAC,CAAC;AACF,CAAC,CAAC,MAAM,CAAC,OAAO;AAChB;;AAEA,MAAM,CAAC,QAAQ,CAAC,cAAc,CAAC,CAAC,CAAC;AACjC,CAAC,CAAC,KAAK,CAAC,MAAM,CAAC,CAAC,CAAC,IAAI,CAAC,WAAW;AACjC,CAAC,CAAC,EAAE,CAAC,CAAC,MAAM,CAAC,CAAC;AACd,CAAC,CAAC,CAAC,CAAC,MAAM,CAAC,uBAAuB,CAAC,MAAM,CAAC;AAC1C,CAAC,CAAC;AACF,CAAC,CAAC,MAAM,CAAC,gBAAgB,CAAC,CAAC;AAC3B;;AAEA,MAAM,CAAC,QAAQ,CAAC,eAAe,CAAC,CAAC,CAAC;AAClC,CAAC,CAAC,MAAM,CAAC,CAAC,CAAC,cAAc,CAAC,CAAC;AAC3B;;AAEA,MAAM,CAAC,KAAK,CAAC,QAAQ,CAAC,MAAM,CAAC,CAAC,CAAC;AAC/B,CAAC,CAAC,KAAK,CAAC,OAAO,CAAC,IAAI,CAAC;AACrB,CAAC,CAAC,OAAO,CAAC,MAAM,CAAC,WAAW,CAAC;AAC7B;;AAEA,MAAM,CAAC,KAAK,CAAC,QAAQ,CAAC,QAAQ,CAAC,CAAC,CAAC,IAAI,CAAC,CAAC,KAAK,CAAC,CAAC,QAAQ,CAAC,CAAC,CAAC,CAAC;AAC1D,CAAC,CAAC,KAAK,CAAC,CAAC,CAAC,CAAC,CAAC,MAAM,CAAC,IAAI,CAAC,CAAC,CAAC,CAAC,CAAC,CAAC,CAAC,CAAC,IAAI,CAAC,CAAC;AACrC,CAAC,CAAC,KAAK,CAAC,CAAC,CAAC,CAAC,CAAC,SAAS,CAAC,KAAK,CAAC;AAC5B,CAAC,CAAC,KAAK,CAAC,CAAC,CAAC,CAAC,CAAC,MAAM,CAAC,QAAQ,CAAC,CAAC,CAAC,CAAC,CAAC,CAAC,CAAC;;AAElC,CAAC,CAAC,EAAE,CAAC,CAAC,CAAC,CAAC,MAAM,CAAC,CAAC,CAAC,CAAC,CAAC,CAAC,KAAK,CAAC,GAAG,CAAC,KAAK,CAAC,CAAC,CAAC,CAAC,CAAC,CAAC,CAAC,CAAC,CAAC,CAAC,CAAC,CAAC,CAAC,CAAC,CAAC,CAAC,CAAC,CAAC,CAAC,CAAC,CAAC,CAAC,CAAC,CAAC;AAC3D,CAAC,CAAC,EAAE,CAAC,CAAC,CAAC,CAAC,CAAC,CAAC,CAAC,CAAC,CAAC,CAAC,CAAC,CAAC,CAAC,CAAC,CAAC,CAAC,CAAC,CAAC,CAAC,CAAC,IAAI,CAAC,CAAC,CAAC,CAAC,CAAC,KAAK,CAAC,GAAG,CAAC,KAAK,CAAC,CAAC,CAAC,CAAC,CAAC,CAAC,CAAC,CAAC,CAAC,CAAC,CAAC,CAAC,CAAC,CAAC,KAAK,CAAC,CAAC;AACrE,CAAC,CAAC,EAAE,CAAC,CAAC,CAAC,CAAC,MAAM,CAAC,CAAC,CAAC,CAAC,CAAC,CAAC,KAAK,CAAC,GAAG,CAAC,KAAK,CAAC,CAAC,CAAC,CAAC,CAAC,CAAC,CAAC,CAAC,CAAC,CAAC,CAAC,CAAC,CAAC,CAAC,CAAC,CAAC,CAAC,CAAC,CAAC,CAAC,CAAC,CAAC,CAAC,CAAC,CAAC,CAAC,CAAC,CAAC,CAAC,CAAC,CAAC,CAAC,CAAC,CAAC,CAAC,CAAC,CAAC,CAAC,CAAC,CAAC,CAAC,CAAC,CAAC,CAAC;;AAE/E,CAAC,CAAC,KAAK,CAAC,IAAI,CAAC,CAAC,CAAC,KAAK,CAAC,8BAA8B,CAAC,IAAI,CAAC,CAAC,CAAC,CAAC,CAAC,CAAC,CAAC;;AAE/D,CAAC,CAAC,KAAK,CAAC,aAAa,CAAC,IAAI,CAAC,IAAI,CAAC,CAAC,CAAC,CAAC,WAAW,CAAC,CAAC,CAAC,CAAC,CAAC,CAAC;;AAEpD,CAAC,CAAC,CAAC,CAAC,CAAC,CAAC,CAAC,CAAC,CAAC,CAAC,CAAC,CAAC,CAAC,CAAC,CAAC,CAAC,CAAC,CAAC,CAAC,CAAC;AACpB,CAAC,CAAC,MAAM,CAAC,uBAAuB,CAAC,IAAI,CAAC,IAAI,CAAC;AAC3C;;AAEA,MAAM,CAAC,KAAK,CAAC,QAAQ,CAAC,KAAK,CAAC,CAAC,CAAC,KAAK,CAAC,CAAC,QAAQ,CAAC,CAAC,CAAC,CAAC;AACjD,CAAC,CAAC,KAAK,CAAC,CAAC,CAAC,CAAC,CAAC,SAAS,CAAC,KAAK,CAAC;AAC5B,CAAC,CAAC,KAAK,CAAC,CAAC,CAAC,CAAC,CAAC,MAAM,CAAC,QAAQ,CAAC,CAAC,CAAC,CAAC,CAAC,CAAC,CAAC;;AAElC,CAAC,CAAC,KAAK,CAAC,IAAI,CAAC,CAAC,CAAC,KAAK,CAAC,0BAA0B,CAAC,IAAI,CAAC,CAAC,CAAC,CAAC,CAAC,CAAC,CAAC;;AAE3D,CAAC,CAAC,MAAM,CAAC,uBAAuB,CAAC,IAAI,CAAC,IAAI,CAAC;AAC3C;;AAEA,CAAC,CAAC,CAAC,CAAC,CAAC,CAAC,CAAC,CAAC,CAAC,CAAC,CAAC,CAAC,CAAC,CAAC,CAAC,CAAC,CAAC,CAAC,CAAC,CAAC,CAAC,QAAQ,CAAC,CAAC,CAAC,IAAI,CAAC,MAAM,CAAC,CAAC,CAAC;AAC9C,MAAM,CAAC,KAAK,CAAC,QAAQ,CAAC,iBAAiB,CAAC,CAAC,CAAC,IAAI,CAAC,CAAC,MAAM,CAAC,CAAC,CAAC,CAAC;AAC1D,CAAC,CAAC,KAAK,CAAC,MAAM,CAAC,CAAC,CAAC,IAAI,CAAC,WAAW;AACjC,CAAC,CAAC,EAAE,CAAC,CAAC,CAAC,MAAM,CAAC,CAAC,KAAK,CAAC,GAAG,CAAC,KAAK,CAAC,CAAC,CAAC,CAAC,CAAC,CAAC,CAAC,CAAC,CAAC,CAAC,CAAC,CAAC,CAAC,CAAC,CAAC,CAAC,CAAC,CAAC,CAAC,CAAC,CAAC,CAAC,CAAC,CAAC,CAAC,CAAC,CAAC,CAAC,CAAC;;AAE3D,CAAC,CAAC,GAAG,CAAC,QAAQ;;AAEd,CAAC,CAAC,EAAE,CAAC,CAAC,IAAI,CAAC,CAAC,CAAC,CAAC,CAAC,SAAS,CAAC,CAAC;AAC1B,CAAC,CAAC,CAAC,CAAC,QAAQ,CAAC,CAAC,CAAC,MAAM,CAAC,IAAI,CAAC,CAAC,CAAC,CAAC,CAAC,CAAC,CAAC,CAAC,IAAI,CAAC,CAAC;AACxC,CAAC,CAAC,CAAC,CAAC,EAAE,CAAC,CAAC,QAAQ,CAAC,MAAM,CAAC,CAAC,CAAC,CAAC,CAAC,CAAC,KAAK,CAAC,GAAG,CAAC,KAAK,CAAC,CAAC,CAAC,CAAC,CAAC,CAAC,CAAC,CAAC,CAAC,CAAC,CAAC,CAAC,CAAC,CAAC,CAAC,CAAC,CAAC,CAAC,CAAC,CAAC,CAAC,CAAC,CAAC,CAAC;;AAEpE,CAAC,CAAC,CAAC,CAAC,KAAK,CAAC,aAAa,CAAC,MAAM,CAAC,CAAC,CAAC,CAAC,WAAW,CAAC,CAAC,QAAQ,CAAC,CAAC,CAAC;AAC1D,CAAC,CAAC;;AAEF,CAAC,CAAC,KAAK,CAAC,IAAI,CAAC;AACb,CAAC,CAAC,CAAC,CAAC,gBAAgB,CAAC,CAAC,CAAC,CAAC,CAAC,CAAC,qBAAqB,CAAC,MAAM,CAAC,CAAC,IAAI,CAAC;;AAE7D,CAAC,CAAC,KAAK,CAAC,OAAO,CAAC,CAAC,CAAC;AAClB,CAAC,CAAC,CAAC,CAAC,CAAC,CAAC,CAAC,IAAI;AACX,CAAC,CAAC,CAAC,CAAC,CAAC,CAAC,CAAC,CAAC,QAAQ,CAAC,CAAC,CAAC,CAAC,CAAC,SAAS,CAAC,CAAC,CAAC,CAAC,CAAC,IAAI,CAAC,CAAC,QAAQ,CAAC,CAAC,CAAC,CAAC,CAAC,CAAC,CAAC,CAAC;AACzD,CAAC,CAAC,CAAC,CAAC,CAAC,CAAC,CAAC,CAAC,MAAM,CAAC,CAAC,CAAC,CAAC,CAAC,SAAS,CAAC,CAAC,CAAC,CAAC,CAAC,MAAM,CAAC,CAAC,CAAC,CAAC,CAAC,CAAC,CAAC,CAAC;AAC/C,CAAC,CAAC,CAAC;;AAEH,CAAC,CAAC,OAAO,CAAC,GAAG,CAAC,WAAW,CAAC,CAAC,OAAO,CAAC;AACnC,CAAC,CAAC,MAAM,CAAC,OAAO;AAChB;;AAEA,MAAM,CAAC,KAAK,CAAC,QAAQ,CAAC,iBAAiB,CAAC,OAAO,CAAC,CAAC;AACjD,CAAC,CAAC,MAAM,CAAC,iBAAiB,CAAC,CAAC,CAAC,IAAI,CAAC,CAAC,OAAO,CAAC,CAAC,CAAC;AAC7C"
    },
    "_coverageSchema": "1a1c01bbd47fc00a2c39e90264f33305004495a9",
    "hash": "b5df542e5ec739397beae82861231809b7b925cd"
  },
  "/Users/maksimleno/Documents/Recipe Generator/src/context/AuthContext.jsx": {
    "path": "/Users/maksimleno/Documents/Recipe Generator/src/context/AuthContext.jsx",
    "statementMap": {
      "0": {
        "start": {
          "line": 2,
          "column": 9
        },
        "end": {
          "line": 2,
          "column": 23
        }
      },
      "1": {
        "start": {
          "line": 2,
          "column": 31
        },
        "end": {
          "line": 2,
          "column": 45
        }
      },
      "2": {
        "start": {
          "line": 13,
          "column": 16
        },
        "end": {
          "line": 13,
          "column": 35
        }
      },
      "3": {
        "start": {
          "line": 15,
          "column": 2
        },
        "end": {
          "line": 15,
          "column": 7
        }
      },
      "4": {
        "start": {
          "line": 16,
          "column": 26
        },
        "end": {
          "line": 16,
          "column": 58
        }
      },
      "5": {
        "start": {
          "line": 16,
          "column": 41
        },
        "end": {
          "line": 16,
          "column": 57
        }
      },
      "6": {
        "start": {
          "line": 17,
          "column": 42
        },
        "end": {
          "line": 17,
          "column": 56
        }
      },
      "7": {
        "start": {
          "line": 18,
          "column": 19
        },
        "end": {
          "line": 18,
          "column": 25
        }
      },
      "8": {
        "start": {
          "line": 19,
          "column": 2
        },
        "end": {
          "line": 26,
          "column": 9
        }
      },
      "9": {
        "start": {
          "line": 20,
          "column": 18
        },
        "end": {
          "line": 24,
          "column": 6
        }
      },
      "10": {
        "start": {
          "line": 21,
          "column": 22
        },
        "end": {
          "line": 21,
          "column": 38
        }
      },
      "11": {
        "start": {
          "line": 22,
          "column": 6
        },
        "end": {
          "line": 22,
          "column": 23
        }
      },
      "12": {
        "start": {
          "line": 23,
          "column": 6
        },
        "end": {
          "line": 23,
          "column": 29
        }
      },
      "13": {
        "start": {
          "line": 25,
          "column": 4
        },
        "end": {
          "line": 25,
          "column": 25
        }
      },
      "14": {
        "start": {
          "line": 25,
          "column": 17
        },
        "end": {
          "line": 25,
          "column": 24
        }
      },
      "15": {
        "start": {
          "line": 27,
          "column": 16
        },
        "end": {
          "line": 54,
          "column": 3
        }
      },
      "16": {
        "start": {
          "line": 28,
          "column": 11
        },
        "end": {
          "line": 52,
          "column": 5
        }
      },
      "17": {
        "start": {
          "line": 33,
          "column": 18
        },
        "end": {
          "line": 33,
          "column": 39
        }
      },
      "18": {
        "start": {
          "line": 34,
          "column": 8
        },
        "end": {
          "line": 34,
          "column": 19
        }
      },
      "19": {
        "start": {
          "line": 35,
          "column": 8
        },
        "end": {
          "line": 35,
          "column": 17
        }
      },
      "20": {
        "start": {
          "line": 38,
          "column": 18
        },
        "end": {
          "line": 38,
          "column": 41
        }
      },
      "21": {
        "start": {
          "line": 39,
          "column": 8
        },
        "end": {
          "line": 39,
          "column": 19
        }
      },
      "22": {
        "start": {
          "line": 40,
          "column": 8
        },
        "end": {
          "line": 40,
          "column": 17
        }
      },
      "23": {
        "start": {
          "line": 43,
          "column": 8
        },
        "end": {
          "line": 43,
          "column": 26
        }
      },
      "24": {
        "start": {
          "line": 44,
          "column": 8
        },
        "end": {
          "line": 44,
          "column": 22
        }
      },
      "25": {
        "start": {
          "line": 48,
          "column": 18
        },
        "end": {
          "line": 48,
          "column": 47
        }
      },
      "26": {
        "start": {
          "line": 49,
          "column": 8
        },
        "end": {
          "line": 49,
          "column": 19
        }
      },
      "27": {
        "start": {
          "line": 50,
          "column": 8
        },
        "end": {
          "line": 50,
          "column": 17
        }
      },
      "28": {
        "start": {
          "line": 55,
          "column": 2
        },
        "end": {
          "line": 59,
          "column": 11
        }
      },
      "29": {
        "start": {
          "line": 61,
          "column": 0
        },
        "end": {
          "line": 61,
          "column": 49
        }
      },
      "30": {
        "start": {
          "line": 62,
          "column": 0
        },
        "end": {
          "line": 62,
          "column": 18
        }
      },
      "31": {
        "start": {
          "line": 64,
          "column": 2
        },
        "end": {
          "line": 64,
          "column": 8
        }
      },
      "32": {
        "start": {
          "line": 65,
          "column": 14
        },
        "end": {
          "line": 65,
          "column": 33
        }
      },
      "33": {
        "start": {
          "line": 66,
          "column": 2
        },
        "end": {
          "line": 66,
          "column": 74
        }
      },
      "34": {
        "start": {
          "line": 66,
          "column": 12
        },
        "end": {
          "line": 66,
          "column": 74
        }
      },
      "35": {
        "start": {
          "line": 67,
          "column": 2
        },
        "end": {
          "line": 67,
          "column": 13
        }
      },
      "36": {
        "start": {
          "line": 69,
          "column": 0
        },
        "end": {
          "line": 69,
          "column": 45
        }
      },
      "37": {
        "start": {
          "line": 71,
          "column": 0
        },
        "end": {
          "line": 71,
          "column": 33
        }
      },
      "38": {
        "start": {
          "line": 73,
          "column": 20
        },
        "end": {
          "line": 73,
          "column": 97
        }
      },
      "39": {
        "start": {
          "line": 74,
          "column": 0
        },
        "end": {
          "line": 88,
          "column": 1
        }
      },
      "40": {
        "start": {
          "line": 75,
          "column": 2
        },
        "end": {
          "line": 79,
          "column": 3
        }
      },
      "41": {
        "start": {
          "line": 76,
          "column": 4
        },
        "end": {
          "line": 78,
          "column": 6
        }
      },
      "42": {
        "start": {
          "line": 80,
          "column": 2
        },
        "end": {
          "line": 87,
          "column": 5
        }
      },
      "43": {
        "start": {
          "line": 81,
          "column": 4
        },
        "end": {
          "line": 81,
          "column": 142
        }
      },
      "44": {
        "start": {
          "line": 82,
          "column": 4
        },
        "end": {
          "line": 86,
          "column": 7
        }
      },
      "45": {
        "start": {
          "line": 83,
          "column": 6
        },
        "end": {
          "line": 83,
          "column": 31
        }
      },
      "46": {
        "start": {
          "line": 83,
          "column": 24
        },
        "end": {
          "line": 83,
          "column": 31
        }
      },
      "47": {
        "start": {
          "line": 84,
          "column": 32
        },
        "end": {
          "line": 84,
          "column": 191
        }
      },
      "48": {
        "start": {
          "line": 85,
          "column": 6
        },
        "end": {
          "line": 85,
          "column": 75
        }
      },
      "49": {
        "start": {
          "line": 85,
          "column": 29
        },
        "end": {
          "line": 85,
          "column": 75
        }
      },
      "50": {
        "start": {
          "line": 90,
          "column": 2
        },
        "end": {
          "line": 90,
          "column": 121
        }
      },
      "51": {
        "start": {
          "line": 93,
          "column": 2
        },
        "end": {
          "line": 93,
          "column": 62
        }
      }
    },
    "fnMap": {
      "0": {
        "name": "AuthProvider",
        "decl": {
          "start": {
            "line": 14,
            "column": 16
          },
          "end": {
            "line": 14,
            "column": 28
          }
        },
        "loc": {
          "start": {
            "line": 14,
            "column": 43
          },
          "end": {
            "line": 60,
            "column": 1
          }
        },
        "line": 14
      },
      "1": {
        "name": "(anonymous_1)",
        "decl": {
          "start": {
            "line": 16,
            "column": 35
          },
          "end": {
            "line": 16,
            "column": 36
          }
        },
        "loc": {
          "start": {
            "line": 16,
            "column": 41
          },
          "end": {
            "line": 16,
            "column": 57
          }
        },
        "line": 16
      },
      "2": {
        "name": "(anonymous_2)",
        "decl": {
          "start": {
            "line": 19,
            "column": 12
          },
          "end": {
            "line": 19,
            "column": 13
          }
        },
        "loc": {
          "start": {
            "line": 19,
            "column": 18
          },
          "end": {
            "line": 26,
            "column": 3
          }
        },
        "line": 19
      },
      "3": {
        "name": "(anonymous_3)",
        "decl": {
          "start": {
            "line": 20,
            "column": 43
          },
          "end": {
            "line": 20,
            "column": 44
          }
        },
        "loc": {
          "start": {
            "line": 20,
            "column": 49
          },
          "end": {
            "line": 24,
            "column": 5
          }
        },
        "line": 20
      },
      "4": {
        "name": "(anonymous_4)",
        "decl": {
          "start": {
            "line": 25,
            "column": 11
          },
          "end": {
            "line": 25,
            "column": 12
          }
        },
        "loc": {
          "start": {
            "line": 25,
            "column": 17
          },
          "end": {
            "line": 25,
            "column": 24
          }
        },
        "line": 25
      },
      "5": {
        "name": "(anonymous_5)",
        "decl": {
          "start": {
            "line": 28,
            "column": 4
          },
          "end": {
            "line": 28,
            "column": 5
          }
        },
        "loc": {
          "start": {
            "line": 28,
            "column": 11
          },
          "end": {
            "line": 52,
            "column": 5
          }
        },
        "line": 28
      },
      "6": {
        "name": "(anonymous_6)",
        "decl": {
          "start": {
            "line": 32,
            "column": 6
          },
          "end": {
            "line": 32,
            "column": 7
          }
        },
        "loc": {
          "start": {
            "line": 32,
            "column": 25
          },
          "end": {
            "line": 36,
            "column": 7
          }
        },
        "line": 32
      },
      "7": {
        "name": "(anonymous_7)",
        "decl": {
          "start": {
            "line": 37,
            "column": 6
          },
          "end": {
            "line": 37,
            "column": 7
          }
        },
        "loc": {
          "start": {
            "line": 37,
            "column": 27
          },
          "end": {
            "line": 41,
            "column": 7
          }
        },
        "line": 37
      },
      "8": {
        "name": "(anonymous_8)",
        "decl": {
          "start": {
            "line": 42,
            "column": 6
          },
          "end": {
            "line": 42,
            "column": 7
          }
        },
        "loc": {
          "start": {
            "line": 42,
            "column": 21
          },
          "end": {
            "line": 45,
            "column": 7
          }
        },
        "line": 42
      },
      "9": {
        "name": "(anonymous_9)",
        "decl": {
          "start": {
            "line": 47,
            "column": 6
          },
          "end": {
            "line": 47,
            "column": 7
          }
        },
        "loc": {
          "start": {
            "line": 47,
            "column": 33
          },
          "end": {
            "line": 51,
            "column": 7
          }
        },
        "line": 47
      },
      "10": {
        "name": "useAuth",
        "decl": {
          "start": {
            "line": 63,
            "column": 16
          },
          "end": {
            "line": 63,
            "column": 23
          }
        },
        "loc": {
          "start": {
            "line": 63,
            "column": 26
          },
          "end": {
            "line": 68,
            "column": 1
          }
        },
        "line": 63
      },
      "11": {
        "name": "(anonymous_11)",
        "decl": {
          "start": {
            "line": 80,
            "column": 52
          },
          "end": {
            "line": 80,
            "column": 53
          }
        },
        "loc": {
          "start": {
            "line": 80,
            "column": 72
          },
          "end": {
            "line": 87,
            "column": 3
          }
        },
        "line": 80
      },
      "12": {
        "name": "(anonymous_12)",
        "decl": {
          "start": {
            "line": 82,
            "column": 27
          },
          "end": {
            "line": 82,
            "column": 28
          }
        },
        "loc": {
          "start": {
            "line": 82,
            "column": 44
          },
          "end": {
            "line": 86,
            "column": 5
          }
        },
        "line": 82
      },
      "13": {
        "name": "$RefreshReg$",
        "decl": {
          "start": {
            "line": 89,
            "column": 9
          },
          "end": {
            "line": 89,
            "column": 21
          }
        },
        "loc": {
          "start": {
            "line": 89,
            "column": 32
          },
          "end": {
            "line": 91,
            "column": 1
          }
        },
        "line": 89
      },
      "14": {
        "name": "$RefreshSig$",
        "decl": {
          "start": {
            "line": 92,
            "column": 9
          },
          "end": {
            "line": 92,
            "column": 21
          }
        },
        "loc": {
          "start": {
            "line": 92,
            "column": 24
          },
          "end": {
            "line": 94,
            "column": 1
          }
        },
        "line": 92
      }
    },
    "branchMap": {
      "0": {
        "loc": {
          "start": {
            "line": 66,
            "column": 2
          },
          "end": {
            "line": 66,
            "column": 74
          }
        },
        "type": "if",
        "locations": [
          {
            "start": {
              "line": 66,
              "column": 2
            },
            "end": {
              "line": 66,
              "column": 74
            }
          },
          {
            "start": {},
            "end": {}
          }
        ],
        "line": 66
      },
      "1": {
        "loc": {
          "start": {
            "line": 73,
            "column": 20
          },
          "end": {
            "line": 73,
            "column": 97
          }
        },
        "type": "binary-expr",
        "locations": [
          {
            "start": {
              "line": 73,
              "column": 20
            },
            "end": {
              "line": 73,
              "column": 60
            }
          },
          {
            "start": {
              "line": 73,
              "column": 64
            },
            "end": {
              "line": 73,
              "column": 97
            }
          }
        ],
        "line": 73
      },
      "2": {
        "loc": {
          "start": {
            "line": 74,
            "column": 0
          },
          "end": {
            "line": 88,
            "column": 1
          }
        },
        "type": "if",
        "locations": [
          {
            "start": {
              "line": 74,
              "column": 0
            },
            "end": {
              "line": 88,
              "column": 1
            }
          },
          {
            "start": {},
            "end": {}
          }
        ],
        "line": 74
      },
      "3": {
        "loc": {
          "start": {
            "line": 74,
            "column": 4
          },
          "end": {
            "line": 74,
            "column": 35
          }
        },
        "type": "binary-expr",
        "locations": [
          {
            "start": {
              "line": 74,
              "column": 4
            },
            "end": {
              "line": 74,
              "column": 19
            }
          },
          {
            "start": {
              "line": 74,
              "column": 23
            },
            "end": {
              "line": 74,
              "column": 35
            }
          }
        ],
        "line": 74
      },
      "4": {
        "loc": {
          "start": {
            "line": 75,
            "column": 2
          },
          "end": {
            "line": 79,
            "column": 3
          }
        },
        "type": "if",
        "locations": [
          {
            "start": {
              "line": 75,
              "column": 2
            },
            "end": {
              "line": 79,
              "column": 3
            }
          },
          {
            "start": {},
            "end": {}
          }
        ],
        "line": 75
      },
      "5": {
        "loc": {
          "start": {
            "line": 83,
            "column": 6
          },
          "end": {
            "line": 83,
            "column": 31
          }
        },
        "type": "if",
        "locations": [
          {
            "start": {
              "line": 83,
              "column": 6
            },
            "end": {
              "line": 83,
              "column": 31
            }
          },
          {
            "start": {},
            "end": {}
          }
        ],
        "line": 83
      },
      "6": {
        "loc": {
          "start": {
            "line": 85,
            "column": 6
          },
          "end": {
            "line": 85,
            "column": 75
          }
        },
        "type": "if",
        "locations": [
          {
            "start": {
              "line": 85,
              "column": 6
            },
            "end": {
              "line": 85,
              "column": 75
            }
          },
          {
            "start": {},
            "end": {}
          }
        ],
        "line": 85
      }
    },
    "s": {
      "0": 3,
      "1": 3,
      "2": 3,
      "3": 10,
      "4": 10,
      "5": 5,
      "6": 10,
      "7": 10,
      "8": 10,
      "9": 5,
      "10": 5,
      "11": 5,
      "12": 5,
      "13": 5,
      "14": 2,
      "15": 10,
      "16": 10,
      "17": 0,
      "18": 0,
      "19": 0,
      "20": 0,
      "21": 0,
      "22": 0,
      "23": 0,
      "24": 0,
      "25": 0,
      "26": 0,
      "27": 0,
      "28": 10,
      "29": 3,
      "30": 3,
      "31": 20,
      "32": 20,
      "33": 20,
      "34": 0,
      "35": 20,
      "36": 3,
      "37": 3,
      "38": 3,
      "39": 3,
      "40": 3,
      "41": 0,
      "42": 3,
      "43": 3,
      "44": 3,
      "45": 0,
      "46": 0,
      "47": 0,
      "48": 0,
      "49": 0,
      "50": 3,
      "51": 6
    },
    "f": {
      "0": 10,
      "1": 5,
      "2": 5,
      "3": 5,
      "4": 2,
      "5": 10,
      "6": 0,
      "7": 0,
      "8": 0,
      "9": 0,
      "10": 20,
      "11": 3,
      "12": 0,
      "13": 3,
      "14": 6
    },
    "b": {
      "0": [
        0,
        20
      ],
      "1": [
        3,
        0
      ],
      "2": [
        3,
        0
      ],
      "3": [
        3,
        3
      ],
      "4": [
        0,
        3
      ],
      "5": [
        0,
        0
      ],
      "6": [
        0,
        0
      ]
    },
    "inputSourceMap": {
      "version": 3,
      "mappings": "AAiES;;AAjET,SAASA,eAAeC,YAAYC,SAASC,UAAUC,iBAAiB;AACxE;AAAA,EACEC;AAAAA,EACAC,SAASC;AAAAA,EACTC,YAAYC;AAAAA,EACZC,UAAUC;AAAAA,EACVC,qBAAqBC;AAAAA,OAChB;AAEP,SAASC,YAAY;AACrB,SAASC,0BAA0B;AAEnC,MAAMC,UAAUhB,cAAc,IAAI;AAE3B,gBAASiB,aAAa,EAAEC,SAAS,GAAG;AAAAC,KAAA;AAEzC,QAAM,CAACC,MAAMC,OAAO,IAAIlB,SAAS,MAAME,eAAe,CAAC;AACvD,QAAM,CAACiB,cAAcC,eAAe,IAAIpB,SAAS,IAAI;AAErD,QAAMqB,WAAW,CAAC,CAACJ;AAEnBhB,YAAU,MAAM;AACd,UAAMqB,QAAQV,mBAAmBD,MAAM,MAAM;AAC3C,YAAMY,UAAUrB,eAAe;AAC/BgB,cAAQK,OAAO;AACfH,sBAAgB,KAAK;AAAA,IACvB,CAAC;AAED,WAAO,MAAME,MAAM;AAAA,EACrB,GAAG,EAAE;AAGL,QAAME,QAAQzB;AAAAA,IACZ,OAAO;AAAA,MACLkB;AAAAA,MACAI;AAAAA,MACAF;AAAAA,MAEA,MAAMhB,MAAMsB,OAAO;AACjB,cAAMC,IAAI,MAAMtB,SAASqB,KAAK;AAC9BP,gBAAQQ,CAAC;AACT,eAAOA;AAAAA,MACT;AAAA,MAEA,MAAMrB,SAASsB,MAAM;AACnB,cAAMD,IAAI,MAAMpB,YAAYqB,IAAI;AAChCT,gBAAQQ,CAAC;AACT,eAAOA;AAAAA,MACT;AAAA,MAEA,MAAMnB,SAAS;AACb,cAAMC,UAAU;AAChBU,gBAAQ,IAAI;AAAA,MACd;AAAA;AAAA,MAGA,MAAMU,cAAcC,OAAO;AACzB,cAAMH,IAAI,MAAMhB,iBAAiBmB,KAAK;AACtCX,gBAAQQ,CAAC;AACT,eAAOA;AAAAA,MACT;AAAA,IACF;AAAA,IACA,CAACT,MAAMI,UAAUF,YAAY;AAAA,EAC/B;AAEA,SAAO,uBAAC,QAAQ,UAAR,EAAiB,OAAeJ,YAAjC;AAAA;AAAA;AAAA;AAAA,SAA0C;AACnD;AAACC,GApDeF,cAAY;AAAAgB,KAAZhB;AAsDT,gBAASiB,UAAU;AAAAC,MAAA;AACxB,QAAMC,MAAMnC,WAAWe,OAAO;AAC9B,MAAI,CAACoB,IAAK,OAAM,IAAIC,MAAM,4CAA4C;AACtE,SAAOD;AACT;AAACD,IAJeD,SAAO;AAAA,IAAAD;AAAAK,aAAAL,IAAA",
      "names": [
        "createContext",
        "useContext",
        "useMemo",
        "useState",
        "useEffect",
        "getCurrentUser",
        "login",
        "svcLogin",
        "register",
        "svcRegister",
        "logout",
        "svcLogout",
        "updateProfileData",
        "svcUpdateProfile",
        "auth",
        "onAuthStateChanged",
        "AuthCtx",
        "AuthProvider",
        "children",
        "_s",
        "user",
        "setUser",
        "initializing",
        "setInitializing",
        "isAuthed",
        "unsub",
        "current",
        "value",
        "creds",
        "u",
        "data",
        "updateProfile",
        "patch",
        "_c",
        "useAuth",
        "_s2",
        "ctx",
        "Error",
        "$RefreshReg$"
      ],
      "ignoreList": [],
      "sources": [
        "/Users/maksimleno/Documents/Recipe Generator/src/context/AuthContext.jsx"
      ],
      "file": "/Users/maksimleno/Documents/Recipe Generator/src/context/AuthContext.jsx"
    },
    "_coverageSchema": "1a1c01bbd47fc00a2c39e90264f33305004495a9",
    "hash": "c1568017a743ffbc8b8f916ceaa15990fc9caaef"
  },
  "/Users/maksimleno/Documents/Recipe Generator/src/data/recipes.js": {
    "path": "/Users/maksimleno/Documents/Recipe Generator/src/data/recipes.js",
    "statementMap": {
      "0": {
        "start": {
          "line": 8,
          "column": 28
        },
        "end": {
          "line": 15,
          "column": 1
        }
      },
      "1": {
        "start": {
          "line": 17,
          "column": 23
        },
        "end": {
          "line": 159,
          "column": 1
        }
      }
    },
    "fnMap": {},
    "branchMap": {},
    "s": {
      "0": 3,
      "1": 3
    },
    "f": {},
    "b": {},
    "inputSourceMap": {
      "version": 3,
      "sources": [
        "/Users/maksimleno/Documents/Recipe Generator/src/data/recipes.js"
      ],
      "names": [],
      "mappings": "AAAA,MAAM,CAAC,OAAO,CAAC,IAAI,CAAC,CAAC,CAAC,CAAC,CAAC,MAAM,CAAC,MAAM,CAAC,OAAO,CAAC,OAAO,CAAC,GAAG,CAAC;AAC1D,MAAM,CAAC,OAAO,CAAC,IAAI,CAAC,CAAC,CAAC,CAAC,CAAC,MAAM,CAAC,MAAM,CAAC,OAAO,CAAC,OAAO,CAAC,GAAG,CAAC;AAC1D,MAAM,CAAC,OAAO,CAAC,IAAI,CAAC,CAAC,CAAC,CAAC,CAAC,MAAM,CAAC,MAAM,CAAC,OAAO,CAAC,OAAO,CAAC,GAAG,CAAC;AAC1D,MAAM,CAAC,OAAO,CAAC,IAAI,CAAC,CAAC,CAAC,CAAC,CAAC,MAAM,CAAC,MAAM,CAAC,OAAO,CAAC,OAAO,CAAC,GAAG,CAAC;AAC1D,MAAM,CAAC,OAAO,CAAC,IAAI,CAAC,CAAC,CAAC,CAAC,CAAC,MAAM,CAAC,MAAM,CAAC,OAAO,CAAC,OAAO,CAAC,GAAG,CAAC;AAC1D,MAAM,CAAC,OAAO,CAAC,IAAI,CAAC,CAAC,CAAC,CAAC,CAAC,MAAM,CAAC,MAAM,CAAC,OAAO,CAAC,OAAO,CAAC,IAAI,CAAC;;AAE3D,MAAM,CAAC,KAAK,CAAC,YAAY,CAAC,CAAC,CAAC;AAC5B,CAAC,CAAC,CAAC,OAAO,CAAC,KAAK,CAAC,CAAC,CAAC,OAAO;AAC1B,CAAC,CAAC,CAAC,KAAK,CAAC,SAAS,CAAC,CAAC,CAAC,OAAO;AAC5B,CAAC,CAAC,CAAC,OAAO,CAAC,SAAS,CAAC,CAAC,CAAC,OAAO;AAC9B,CAAC,CAAC,CAAC,OAAO,CAAC,KAAK,CAAC,IAAI,CAAC,CAAC,CAAC,OAAO;AAC/B,CAAC,CAAC,CAAC,MAAM,CAAC,QAAQ,CAAC,CAAC,CAAC,OAAO;AAC5B,CAAC,CAAC,CAAC,OAAO,CAAC,KAAK,CAAC,QAAQ,CAAC,CAAC,CAAC,OAAO;AACnC,CAAC;;AAED,MAAM,CAAC,KAAK,CAAC,OAAO,CAAC,CAAC,CAAC;AACvB,CAAC,CAAC;AACF,CAAC,CAAC,CAAC,CAAC,EAAE,CAAC,CAAC,CAAC;AACT,CAAC,CAAC,CAAC,CAAC,IAAI,CAAC,CAAC,CAAC,OAAO,CAAC,KAAK,CAAC;AACzB,CAAC,CAAC,CAAC,CAAC,IAAI,CAAC,CAAC,CAAC,CAAC,CAAC,CAAC,CAAC,CAAC,CAAC,CAAC,CAAC,CAAC,CAAC,CAAC,CAAC,CAAC;AACxB,CAAC,CAAC,CAAC,CAAC,IAAI,CAAC,CAAC,CAAC,EAAE,CAAC,CAAC,CAAC,CAAC,CAAC,CAAC,CAAC,CAAC;AACrB,CAAC,CAAC,CAAC,CAAC,MAAM,CAAC,CAAC,CAAC;AACb,CAAC,CAAC,CAAC,CAAC,QAAQ,CAAC,CAAC,CAAC;AACf,CAAC,CAAC,CAAC,CAAC,KAAK,CAAC,CAAC,OAAO;AAClB,CAAC,CAAC,CAAC,CAAC,MAAM,CAAC,CAAC,CAAC,QAAQ,CAAC;AACtB,CAAC,CAAC,CAAC,CAAC,WAAW,CAAC,CAAC,CAAC,CAAC,CAAC,CAAC,CAAC,CAAC,CAAC,CAAC,CAAC,CAAC,CAAC,CAAC,CAAC,CAAC,CAAC,CAAC,CAAC,CAAC,CAAC,CAAC,CAAC,CAAC,CAAC,CAAC,CAAC,CAAC,CAAC,CAAC,CAAC,CAAC,CAAC,CAAC,CAAC,CAAC,CAAC,CAAC,CAAC,CAAC,CAAC,CAAC,CAAC,CAAC,CAAC,CAAC,CAAC,CAAC,CAAC,CAAC,CAAC,CAAC,CAAC,CAAC,CAAC,CAAC,CAAC,CAAC,CAAC,CAAC,CAAC,CAAC,CAAC,CAAC,CAAC,CAAC,CAAC,CAAC,CAAC,CAAC,CAAC,CAAC,CAAC,CAAC,CAAC,CAAC,CAAC,CAAC,CAAC,CAAC,CAAC,CAAC,CAAC,CAAC,CAAC,CAAC,CAAC,CAAC,CAAC,CAAC;AACzG,CAAC,CAAC,CAAC,CAAC,WAAW,CAAC,CAAC;AACjB,CAAC,CAAC,CAAC,CAAC,CAAC,CAAC,CAAC,GAAG,CAAC,CAAC,CAAC,CAAC,CAAC,CAAC,CAAC,CAAC,CAAC,CAAC,CAAC,CAAC,CAAC,CAAC,CAAC,CAAC,CAAC,CAAC,CAAC,CAAC,CAAC,CAAC,CAAC,CAAC,CAAC,CAAC,CAAC,CAAC,CAAC,CAAC,CAAC,CAAC,CAAC,CAAC,CAAC,CAAC,CAAC,CAAC,CAAC,CAAC,CAAC,CAAC,CAAC,SAAS,CAAC,CAAC;AAChE,CAAC,CAAC,CAAC,CAAC,CAAC,CAAC,CAAC,GAAG,CAAC,CAAC,CAAC,CAAC,CAAC,CAAC,CAAC,CAAC,CAAC,CAAC,CAAC,CAAC,CAAC,CAAC,CAAC,CAAC,CAAC,CAAC,CAAC,CAAC,CAAC,CAAC,CAAC,CAAC,CAAC,CAAC,CAAC,CAAC,CAAC,CAAC,GAAG,CAAC,CAAC,CAAC,CAAC,CAAC,CAAC,CAAC,CAAC,CAAC,CAAC,CAAC,CAAC,CAAC,CAAC,CAAC,CAAC,CAAC,CAAC,CAAC,CAAC,CAAC,CAAC,CAAC,CAAC,GAAG,CAAC,CAAC,CAAC,CAAC,CAAC,CAAC,CAAC,CAAC,CAAC,CAAC,CAAC;AACjF,CAAC,CAAC,CAAC,CAAC,CAAC,CAAC,CAAC,CAAC,CAAC,CAAC,CAAC,CAAC,CAAC,CAAC,CAAC,CAAC,CAAC,CAAC,EAAE,CAAC,CAAC,CAAC,CAAC,CAAC,CAAC,CAAC,CAAC,CAAC,CAAC,CAAC,CAAC,CAAC,CAAC,GAAG,CAAC,CAAC,CAAC,CAAC,CAAC,CAAC,CAAC,CAAC,CAAC,CAAC;AAC/C,CAAC,CAAC,CAAC,CAAC,CAAC,CAAC,CAAC,CAAC,CAAC,CAAC,CAAC,CAAC,CAAC,CAAC,CAAC,CAAC,CAAC,CAAC,CAAC,CAAC,CAAC,CAAC,CAAC,CAAC,CAAC,CAAC,CAAC,CAAC,CAAC,CAAC,CAAC,CAAC,CAAC,CAAC,CAAC,CAAC,CAAC,CAAC,CAAC,CAAC,CAAC,CAAC,CAAC,CAAC,CAAC,CAAC,CAAC,CAAC,CAAC,CAAC,CAAC,CAAC,CAAC,CAAC,CAAC,CAAC,CAAC,CAAC,CAAC,CAAC,CAAC,CAAC,CAAC,CAAC,CAAC,CAAC,CAAC,CAAC,CAAC,CAAC,CAAC,CAAC,CAAC,CAAC,CAAC,CAAC,CAAC,CAAC,CAAC,CAAC,CAAC,CAAC,CAAC,CAAC,CAAC,CAAC,CAAC,CAAC,CAAC,CAAC,CAAC,CAAC,CAAC,CAAC,CAAC,CAAC,CAAC,CAAC,CAAC,CAAC;AACpG,CAAC,CAAC,CAAC,CAAC,CAAC,CAAC,CAAC,CAAC,CAAC,CAAC,CAAC,CAAC,CAAC,CAAC,CAAC,CAAC,CAAC,CAAC,CAAC,CAAC,CAAC,CAAC,CAAC,CAAC,CAAC,EAAE,CAAC,CAAC,CAAC,CAAC,CAAC,CAAC,CAAC,CAAC;AACnC,CAAC,CAAC,CAAC,CAAC,CAAC;AACL,CAAC,CAAC,CAAC,CAAC,KAAK,CAAC,CAAC;AACX,CAAC,CAAC,CAAC,CAAC,CAAC,CAAC,CAAC,CAAC,CAAC,CAAC,CAAC,CAAC,CAAC,CAAC,CAAC,CAAC,CAAC,CAAC,CAAC,CAAC,CAAC,CAAC,CAAC,CAAC,CAAC,CAAC,CAAC,CAAC,CAAC,CAAC,CAAC,CAAC,CAAC,CAAC,CAAC,CAAC,CAAC,CAAC,CAAC,CAAC,CAAC,CAAC,CAAC,CAAC,CAAC,CAAC,CAAC,CAAC,CAAC,CAAC,CAAC,CAAC,CAAC,CAAC,CAAC,CAAC,CAAC,CAAC,CAAC,CAAC,CAAC,CAAC,CAAC,CAAC,CAAC,CAAC,CAAC,CAAC,CAAC,CAAC,CAAC,CAAC,CAAC,CAAC,CAAC,CAAC,CAAC,CAAC,CAAC,CAAC,CAAC,CAAC,CAAC,CAAC,CAAC,CAAC,CAAC;AACvF,CAAC,CAAC,CAAC,CAAC,CAAC,CAAC,CAAC,CAAC,CAAC,CAAC,CAAC,CAAC,CAAC,CAAC,CAAC,CAAC,CAAC,CAAC,CAAC,CAAC,CAAC,CAAC,CAAC,CAAC,CAAC,CAAC,CAAC,CAAC,CAAC,CAAC,CAAC,CAAC,CAAC,CAAC,CAAC,CAAC,CAAC,CAAC,CAAC,CAAC,CAAC,CAAC,CAAC,CAAC,CAAC,CAAC,CAAC,CAAC,CAAC,CAAC,CAAC,CAAC,CAAC,CAAC,CAAC,CAAC,CAAC,CAAC,CAAC,CAAC,CAAC,CAAC,CAAC,CAAC,CAAC,CAAC,CAAC,CAAC,CAAC,CAAC,CAAC,CAAC,CAAC,CAAC,CAAC,CAAC,CAAC,CAAC,CAAC,CAAC,CAAC,CAAC,CAAC,CAAC,CAAC,CAAC,CAAC,CAAC,CAAC,CAAC,CAAC,CAAC,CAAC,CAAC,CAAC,CAAC,CAAC,CAAC,CAAC,CAAC,CAAC,CAAC,CAAC,CAAC,CAAC;AACzG,CAAC,CAAC,CAAC,CAAC,CAAC,CAAC,CAAC,CAAC,CAAC,CAAC,CAAC,CAAC,CAAC,CAAC,CAAC,CAAC,CAAC,CAAC,CAAC,CAAC,CAAC,CAAC,CAAC,CAAC,CAAC,CAAC,CAAC,CAAC,CAAC,CAAC,CAAC,CAAC,CAAC,CAAC,CAAC,CAAC,CAAC,CAAC,CAAC,CAAC,CAAC,CAAC,CAAC,CAAC,CAAC,CAAC,CAAC,CAAC,CAAC,CAAC,CAAC,CAAC,CAAC,CAAC,CAAC,CAAC,CAAC,CAAC,CAAC,CAAC,CAAC,CAAC,CAAC,CAAC,CAAC,CAAC,CAAC,CAAC,CAAC,CAAC,CAAC,CAAC,CAAC,CAAC,CAAC,CAAC,CAAC,CAAC,CAAC,CAAC,CAAC,CAAC,CAAC,CAAC,CAAC,CAAC,CAAC,CAAC,CAAC,CAAC,CAAC,CAAC,CAAC,CAAC,CAAC,CAAC,CAAC,CAAC,CAAC,CAAC,CAAC,CAAC,CAAC,CAAC,CAAC,CAAC,CAAC,CAAC,CAAC,CAAC,CAAC,CAAC,CAAC,CAAC;AAClH,CAAC,CAAC,CAAC,CAAC,CAAC,CAAC,CAAC,CAAC,CAAC,CAAC,CAAC,CAAC,CAAC,CAAC,CAAC,CAAC,CAAC,CAAC,CAAC,CAAC,CAAC,CAAC,CAAC,CAAC,CAAC,CAAC,CAAC,CAAC,CAAC,CAAC,CAAC,CAAC,CAAC,CAAC,CAAC,CAAC,CAAC,CAAC,CAAC,CAAC,CAAC,CAAC,CAAC,CAAC,CAAC,CAAC,CAAC,CAAC,CAAC,CAAC,CAAC,CAAC,CAAC,CAAC,CAAC,CAAC,CAAC,CAAC,CAAC,CAAC,CAAC,CAAC,CAAC,CAAC,CAAC,CAAC,CAAC,CAAC,CAAC,CAAC,CAAC,CAAC,CAAC,CAAC,CAAC,CAAC,CAAC,CAAC,CAAC,CAAC,CAAC,CAAC,CAAC,CAAC,CAAC,CAAC,CAAC,CAAC,CAAC;AACzF,CAAC,CAAC,CAAC,CAAC,CAAC,CAAC,CAAC,CAAC,CAAC,CAAC,CAAC,CAAC,CAAC,CAAC,CAAC,CAAC,CAAC,CAAC,CAAC,CAAC,CAAC,CAAC,CAAC,CAAC,CAAC,CAAC,CAAC,CAAC,CAAC,CAAC,CAAC,CAAC,CAAC,CAAC,CAAC,CAAC,CAAC,CAAC,CAAC,CAAC,CAAC,CAAC,CAAC,CAAC,CAAC,CAAC,CAAC,CAAC,CAAC,CAAC,CAAC,CAAC,CAAC,CAAC,CAAC,CAAC,CAAC,CAAC,CAAC,CAAC,CAAC,CAAC,CAAC,CAAC,CAAC,CAAC,CAAC,CAAC,CAAC,CAAC,CAAC,CAAC,CAAC,CAAC,CAAC,CAAC,CAAC,CAAC,CAAC,CAAC,CAAC,CAAC,CAAC,CAAC,EAAE,CAAC,CAAC,CAAC,CAAC,CAAC,CAAC,CAAC,CAAC,CAAC;AAC/F,CAAC,CAAC,CAAC,CAAC,CAAC,CAAC,CAAC,CAAC,CAAC,CAAC,CAAC,CAAC,CAAC,CAAC,CAAC,CAAC,CAAC,CAAC,CAAC,CAAC,CAAC,CAAC,CAAC,CAAC,CAAC,CAAC,CAAC,CAAC,CAAC,CAAC,CAAC,CAAC,CAAC,CAAC,CAAC,CAAC,CAAC,CAAC,CAAC,CAAC,CAAC,CAAC,CAAC,CAAC,CAAC,CAAC,CAAC,CAAC,EAAE,CAAC,CAAC,CAAC,CAAC,CAAC,CAAC,CAAC,CAAC,CAAC,CAAC,CAAC,CAAC,CAAC,CAAC,CAAC,CAAC,CAAC,CAAC,CAAC,CAAC,CAAC,CAAC,CAAC,CAAC,CAAC,CAAC,CAAC,CAAC,CAAC,CAAC,CAAC,CAAC;AAClF,CAAC,CAAC,CAAC,CAAC,CAAC;AACL,CAAC,CAAC,CAAC;AACH,CAAC,CAAC;AACF,CAAC,CAAC,CAAC,CAAC,EAAE,CAAC,CAAC,CAAC;AACT,CAAC,CAAC,CAAC,CAAC,IAAI,CAAC,CAAC,CAAC,KAAK,CAAC,SAAS,CAAC;AAC3B,CAAC,CAAC,CAAC,CAAC,IAAI,CAAC,CAAC,CAAC,CAAC,CAAC,CAAC,CAAC,CAAC,CAAC,CAAC,CAAC,CAAC,CAAC,CAAC,CAAC,CAAC,CAAC,CAAC,CAAC;AAC3B,CAAC,CAAC,CAAC,CAAC,IAAI,CAAC,CAAC,CAAC,EAAE,CAAC,CAAC,CAAC,CAAC,CAAC,CAAC,CAAC,CAAC;AACrB,CAAC,CAAC,CAAC,CAAC,MAAM,CAAC,CAAC,CAAC;AACb,CAAC,CAAC,CAAC,CAAC,QAAQ,CAAC,CAAC,CAAC;AACf,CAAC,CAAC,CAAC,CAAC,KAAK,CAAC,CAAC,OAAO;AAClB,CAAC,CAAC,CAAC,CAAC,MAAM,CAAC,CAAC,CAAC,QAAQ,CAAC;AACtB,CAAC,CAAC,CAAC,CAAC,WAAW,CAAC,CAAC,CAAC,CAAC,CAAC,CAAC,CAAC,CAAC,CAAC,CAAC,CAAC,CAAC,CAAC,CAAC,CAAC,CAAC,CAAC,CAAC,CAAC,CAAC,CAAC,CAAC,CAAC,CAAC,CAAC,CAAC,CAAC,CAAC,CAAC,CAAC,CAAC,CAAC,CAAC,CAAC,CAAC,CAAC,CAAC,CAAC,CAAC,CAAC,CAAC,CAAC,CAAC,CAAC,CAAC,CAAC,CAAC,CAAC,CAAC,CAAC,CAAC,CAAC,CAAC,CAAC,CAAC,CAAC,CAAC,CAAC,CAAC,CAAC,CAAC,CAAC,CAAC,CAAC,CAAC,CAAC,CAAC,CAAC,CAAC,CAAC,CAAC,CAAC,CAAC,CAAC,CAAC,CAAC,CAAC,CAAC,CAAC,CAAC,CAAC,CAAC,CAAC,CAAC,CAAC,CAAC,CAAC,CAAC,CAAC,CAAC,CAAC,CAAC,CAAC,CAAC,CAAC,CAAC,CAAC,CAAC,CAAC,CAAC,CAAC,CAAC,CAAC,CAAC,CAAC,CAAC,CAAC,CAAC,CAAC,CAAC,CAAC,CAAC,CAAC,CAAC,CAAC,CAAC,CAAC,CAAC,CAAC,CAAC,CAAC,CAAC,CAAC,CAAC,CAAC,CAAC,CAAC,CAAC,CAAC,CAAC,CAAC,CAAC,CAAC,CAAC,CAAC,CAAC,CAAC,CAAC,CAAC,CAAC,CAAC,CAAC,CAAC,CAAC,CAAC,CAAC,CAAC,CAAC,CAAC,CAAC,CAAC,CAAC,CAAC,CAAC,CAAC,CAAC,CAAC,CAAC,CAAC,CAAC,CAAC,CAAC,CAAC,CAAC,CAAC,CAAC,CAAC,CAAC,CAAC,CAAC,CAAC,CAAC,CAAC,CAAC,CAAC,CAAC,CAAC,CAAC,CAAC,CAAC,CAAC,CAAC,CAAC;AACtM,CAAC,CAAC,CAAC,CAAC,WAAW,CAAC,CAAC;AACjB,CAAC,CAAC,CAAC,CAAC,CAAC,CAAC,CAAC,GAAG,CAAC,CAAC,CAAC,CAAC,CAAC,CAAC,CAAC,CAAC,CAAC,CAAC,CAAC,CAAC,CAAC,CAAC,CAAC,CAAC,CAAC,CAAC,CAAC,GAAG,CAAC,CAAC,CAAC,CAAC,CAAC,CAAC,CAAC,CAAC,CAAC,CAAC,CAAC,CAAC,CAAC,CAAC,CAAC,CAAC,CAAC,CAAC,CAAC,CAAC,CAAC,CAAC,CAAC,CAAC,CAAC,CAAC,CAAC,CAAC,CAAC,CAAC,CAAC,CAAC,CAAC,CAAC,CAAC,CAAC,CAAC,CAAC,CAAC,CAAC,CAAC,CAAC,CAAC,CAAC,CAAC,CAAC,CAAC,CAAC,CAAC,CAAC,CAAC,CAAC,CAAC,CAAC,CAAC,CAAC,CAAC,CAAC,CAAC,CAAC;AAC5F,CAAC,CAAC,CAAC,CAAC,CAAC,CAAC,CAAC,CAAC,CAAC,CAAC,CAAC,CAAC,CAAC,CAAC,CAAC,CAAC,CAAC,CAAC,CAAC,CAAC,CAAC,CAAC,CAAC,EAAE,CAAC,EAAE,CAAC,CAAC,CAAC,CAAC,CAAC,CAAC,CAAC,CAAC,CAAC,CAAC,CAAC,CAAC,CAAC,CAAC,CAAC,CAAC,CAAC,CAAC,CAAC,CAAC,CAAC,CAAC,CAAC,CAAC,CAAC,CAAC,CAAC,CAAC,CAAC,CAAC,CAAC,CAAC,CAAC,CAAC,CAAC,CAAC,CAAC,CAAC,CAAC,CAAC,CAAC,CAAC,CAAC,CAAC,CAAC,CAAC,CAAC,CAAC,CAAC,CAAC,CAAC,CAAC,CAAC,CAAC,CAAC,CAAC,CAAC,CAAC,CAAC;AACvF,CAAC,CAAC,CAAC,CAAC,CAAC,CAAC,CAAC,C
[...]
        "decl": {
          "start": {
            "line": 34,
            "column": 27
          },
          "end": {
            "line": 34,
            "column": 28
          }
        },
        "loc": {
          "start": {
            "line": 34,
            "column": 44
          },
          "end": {
            "line": 38,
            "column": 5
          }
        },
        "line": 34
      },
      "3": {
        "name": "$RefreshReg$",
        "decl": {
          "start": {
            "line": 41,
            "column": 9
          },
          "end": {
            "line": 41,
            "column": 21
          }
        },
        "loc": {
          "start": {
            "line": 41,
            "column": 32
          },
          "end": {
            "line": 43,
            "column": 1
          }
        },
        "line": 41
      },
      "4": {
        "name": "$RefreshSig$",
        "decl": {
          "start": {
            "line": 44,
            "column": 9
          },
          "end": {
            "line": 44,
            "column": 21
          }
        },
        "loc": {
          "start": {
            "line": 44,
            "column": 24
          },
          "end": {
            "line": 46,
            "column": 1
          }
        },
        "line": 44
      }
    },
    "branchMap": {
      "0": {
        "loc": {
          "start": {
            "line": 25,
            "column": 20
          },
          "end": {
            "line": 25,
            "column": 97
          }
        },
        "type": "binary-expr",
        "locations": [
          {
            "start": {
              "line": 25,
              "column": 20
            },
            "end": {
              "line": 25,
              "column": 60
            }
          },
          {
            "start": {
              "line": 25,
              "column": 64
            },
            "end": {
              "line": 25,
              "column": 97
            }
          }
        ],
        "line": 25
      },
      "1": {
        "loc": {
          "start": {
            "line": 26,
            "column": 0
          },
          "end": {
            "line": 40,
            "column": 1
          }
        },
        "type": "if",
        "locations": [
          {
            "start": {
              "line": 26,
              "column": 0
            },
            "end": {
              "line": 40,
              "column": 1
            }
          },
          {
            "start": {},
            "end": {}
          }
        ],
        "line": 26
      },
      "2": {
        "loc": {
          "start": {
            "line": 26,
            "column": 4
          },
          "end": {
            "line": 26,
            "column": 35
          }
        },
        "type": "binary-expr",
        "locations": [
          {
            "start": {
              "line": 26,
              "column": 4
            },
            "end": {
              "line": 26,
              "column": 19
            }
          },
          {
            "start": {
              "line": 26,
              "column": 23
            },
            "end": {
              "line": 26,
              "column": 35
            }
          }
        ],
        "line": 26
      },
      "3": {
        "loc": {
          "start": {
            "line": 27,
            "column": 2
          },
          "end": {
            "line": 31,
            "column": 3
          }
        },
        "type": "if",
        "locations": [
          {
            "start": {
              "line": 27,
              "column": 2
            },
            "end": {
              "line": 31,
              "column": 3
            }
          },
          {
            "start": {},
            "end": {}
          }
        ],
        "line": 27
      },
      "4": {
        "loc": {
          "start": {
            "line": 35,
            "column": 6
          },
          "end": {
            "line": 35,
            "column": 31
          }
        },
        "type": "if",
        "locations": [
          {
            "start": {
              "line": 35,
              "column": 6
            },
            "end": {
              "line": 35,
              "column": 31
            }
          },
          {
            "start": {},
            "end": {}
          }
        ],
        "line": 35
      },
      "5": {
        "loc": {
          "start": {
            "line": 37,
            "column": 6
          },
          "end": {
            "line": 37,
            "column": 75
          }
        },
        "type": "if",
        "locations": [
          {
            "start": {
              "line": 37,
              "column": 6
            },
            "end": {
              "line": 37,
              "column": 75
            }
          },
          {
            "start": {},
            "end": {}
          }
        ],
        "line": 37
      }
    },
    "s": {
      "0": 5,
      "1": 3,
      "2": 3,
      "3": 3,
      "4": 3,
      "5": 3,
      "6": 0,
      "7": 3,
      "8": 3,
      "9": 3,
      "10": 0,
      "11": 0,
      "12": 0,
      "13": 0,
      "14": 0,
      "15": 3,
      "16": 0
    },
    "f": {
      "0": 5,
      "1": 3,
      "2": 0,
      "3": 3,
      "4": 0
    },
    "b": {
      "0": [
        3,
        0
      ],
      "1": [
        3,
        0
      ],
      "2": [
        3,
        3
      ],
      "3": [
        0,
        3
      ],
      "4": [
        0,
        0
      ],
      "5": [
        0,
        0
      ]
    },
    "inputSourceMap": {
      "version": 3,
      "mappings": "AASQ;AATR,OAAOA,WAAW;AAClB,SAASC,qBAAqB;AAC9B,SAASC,oBAAoB;AAC7B,SAASC,qBAAqB;AAEvB,gBAASC,aAAa,EAAEC,SAAS,GAAG;AACzC,SACE,uBAAC,gBACC,iCAAC,iBACC,iCAAC,iBAAeA,YAAhB;AAAA;AAAA;AAAA;AAAA,SAAyB,KAD3B;AAAA;AAAA;AAAA;AAAA,SAEA,KAHF;AAAA;AAAA;AAAA;AAAA,SAIA;AAEJ;AAACC,KAReF;AAAY,IAAAE;AAAAC,aAAAD,IAAA",
      "names": [
        "React",
        "BrowserRouter",
        "AuthProvider",
        "SavedProvider",
        "AppProviders",
        "children",
        "_c",
        "$RefreshReg$"
      ],
      "ignoreList": [],
      "sources": [
        "/Users/maksimleno/Documents/Recipe Generator/src/test-utils/TestProviders.jsx"
      ],
      "file": "/Users/maksimleno/Documents/Recipe Generator/src/test-utils/TestProviders.jsx"
    },
    "_coverageSchema": "1a1c01bbd47fc00a2c39e90264f33305004495a9",
    "hash": "54058d0e908157acedd8bbee2ad2398fcf92354a"
  },
  "/Users/maksimleno/Documents/Recipe Generator/src/components/AuthSwitch/AuthSwitch.jsx": {
    "path": "/Users/maksimleno/Documents/Recipe Generator/src/components/AuthSwitch/AuthSwitch.jsx",
    "statementMap": {
      "0": {
        "start": {
          "line": 2,
          "column": 9
        },
        "end": {
          "line": 2,
          "column": 23
        }
      },
      "1": {
        "start": {
          "line": 8,
          "column": 2
        },
        "end": {
          "line": 8,
          "column": 7
        }
      },
      "2": {
        "start": {
          "line": 9,
          "column": 23
        },
        "end": {
          "line": 9,
          "column": 32
        }
      },
      "3": {
        "start": {
          "line": 10,
          "column": 19
        },
        "end": {
          "line": 10,
          "column": 32
        }
      },
      "4": {
        "start": {
          "line": 11,
          "column": 2
        },
        "end": {
          "line": 17,
          "column": 3
        }
      },
      "5": {
        "start": {
          "line": 12,
          "column": 4
        },
        "end": {
          "line": 16,
          "column": 13
        }
      },
      "6": {
        "start": {
          "line": 18,
          "column": 2
        },
        "end": {
          "line": 26,
          "column": 11
        }
      },
      "7": {
        "start": {
          "line": 28,
          "column": 0
        },
        "end": {
          "line": 30,
          "column": 3
        }
      },
      "8": {
        "start": {
          "line": 29,
          "column": 2
        },
        "end": {
          "line": 29,
          "column": 32
        }
      },
      "9": {
        "start": {
          "line": 31,
          "column": 0
        },
        "end": {
          "line": 31,
          "column": 16
        }
      },
      "10": {
        "start": {
          "line": 33,
          "column": 0
        },
        "end": {
          "line": 33,
          "column": 31
        }
      },
      "11": {
        "start": {
          "line": 35,
          "column": 20
        },
        "end": {
          "line": 35,
          "column": 97
        }
      },
      "12": {
        "start": {
          "line": 36,
          "column": 0
        },
        "end": {
          "line": 50,
          "column": 1
        }
      },
      "13": {
        "start": {
          "line": 37,
          "column": 2
        },
        "end": {
          "line": 41,
          "column": 3
        }
      },
      "14": {
        "start": {
          "line": 38,
          "column": 4
        },
        "end": {
          "line": 40,
          "column": 6
        }
      },
      "15": {
        "start": {
          "line": 42,
          "column": 2
        },
        "end": {
          "line": 49,
          "column": 5
        }
      },
      "16": {
        "start": {
          "line": 43,
          "column": 4
        },
        "end": {
          "line": 43,
          "column": 155
        }
      },
      "17": {
        "start": {
          "line": 44,
          "column": 4
        },
        "end": {
          "line": 48,
          "column": 7
        }
      },
      "18": {
        "start": {
          "line": 45,
          "column": 6
        },
        "end": {
          "line": 45,
          "column": 31
        }
      },
      "19": {
        "start": {
          "line": 45,
          "column": 24
        },
        "end": {
          "line": 45,
          "column": 31
        }
      },
      "20": {
        "start": {
          "line": 46,
          "column": 32
        },
        "end": {
          "line": 46,
          "column": 204
        }
      },
      "21": {
        "start": {
          "line": 47,
          "column": 6
        },
        "end": {
          "line": 47,
          "column": 75
        }
      },
      "22": {
        "start": {
          "line": 47,
          "column": 29
        },
        "end": {
          "line": 47,
          "column": 75
        }
      },
      "23": {
        "start": {
          "line": 52,
          "column": 2
        },
        "end": {
          "line": 52,
          "column": 134
        }
      },
      "24": {
        "start": {
          "line": 55,
          "column": 2
        },
        "end": {
          "line": 55,
          "column": 62
        }
      }
    },
    "fnMap": {
      "0": {
        "name": "AuthSwitch",
        "decl": {
          "start": {
            "line": 7,
            "column": 24
          },
          "end": {
            "line": 7,
            "column": 34
          }
        },
        "loc": {
          "start": {
            "line": 7,
            "column": 37
          },
          "end": {
            "line": 27,
            "column": 1
          }
        },
        "line": 7
      },
      "1": {
        "name": "(anonymous_1)",
        "decl": {
          "start": {
            "line": 28,
            "column": 54
          },
          "end": {
            "line": 28,
            "column": 55
          }
        },
        "loc": {
          "start": {
            "line": 28,
            "column": 65
          },
          "end": {
            "line": 30,
            "column": 1
          }
        },
        "line": 28
      },
      "2": {
        "name": "(anonymous_2)",
        "decl": {
          "start": {
            "line": 42,
            "column": 52
          },
          "end": {
            "line": 42,
            "column": 53
          }
        },
        "loc": {
          "start": {
            "line": 42,
            "column": 72
          },
          "end": {
            "line": 49,
            "column": 3
          }
        },
        "line": 42
      },
      "3": {
        "name": "(anonymous_3)",
        "decl": {
          "start": {
            "line": 44,
            "column": 27
          },
          "end": {
            "line": 44,
            "column": 28
          }
        },
        "loc": {
          "start": {
            "line": 44,
            "column": 44
          },
          "end": {
            "line": 48,
            "column": 5
          }
        },
        "line": 44
      },
      "4": {
        "name": "$RefreshReg$",
        "decl": {
          "start": {
            "line": 51,
            "column": 9
          },
          "end": {
            "line": 51,
            "column": 21
          }
        },
        "loc": {
          "start": {
            "line": 51,
            "column": 32
          },
          "end": {
            "line": 53,
            "column": 1
          }
        },
        "line": 51
      },
      "5": {
        "name": "$RefreshSig$",
        "decl": {
          "start": {
            "line": 54,
            "column": 9
          },
          "end": {
            "line": 54,
            "column": 21
          }
        },
        "loc": {
          "start": {
            "line": 54,
            "column": 24
          },
          "end": {
            "line": 56,
            "column": 1
          }
        },
        "line": 54
      }
    },
    "branchMap": {
      "0": {
        "loc": {
          "start": {
            "line": 11,
            "column": 2
          },
          "end": {
            "line": 17,
            "column": 3
          }
        },
        "type": "if",
        "locations": [
          {
            "start": {
              "line": 11,
              "column": 2
            },
            "end": {
              "line": 17,
              "column": 3
            }
          },
          {
            "start": {},
            "end": {}
          }
        ],
        "line": 11
      },
      "1": {
        "loc": {
          "start": {
            "line": 35,
            "column": 20
          },
          "end": {
            "line": 35,
            "column": 97
          }
        },
        "type": "binary-expr",
        "locations": [
          {
            "start": {
              "line": 35,
              "column": 20
            },
            "end": {
              "line": 35,
              "column": 60
            }
          },
          {
            "start": {
              "line": 35,
              "column": 64
            },
            "end": {
              "line": 35,
              "column": 97
            }
          }
        ],
        "line": 35
      },
      "2": {
        "loc": {
          "start": {
            "line": 36,
            "column": 0
          },
          "end": {
            "line": 50,
            "column": 1
          }
        },
        "type": "if",
        "locations": [
          {
            "start": {
              "line": 36,
              "column": 0
            },
            "end": {
              "line": 50,
              "column": 1
            }
          },
          {
            "start": {},
            "end": {}
          }
        ],
        "line": 36
      },
      "3": {
        "loc": {
          "start": {
            "line": 36,
            "column": 4
          },
          "end": {
            "line": 36,
            "column": 35
          }
        },
        "type": "binary-expr",
        "locations": [
          {
            "start": {
              "line": 36,
              "column": 4
            },
            "end": {
              "line": 36,
              "column": 19
            }
          },
          {
            "start": {
              "line": 36,
              "column": 23
            },
            "end": {
              "line": 36,
              "column": 35
            }
          }
        ],
        "line": 36
      },
      "4": {
        "loc": {
          "start": {
            "line": 37,
            "column": 2
          },
          "end": {
            "line": 41,
            "column": 3
          }
        },
        "type": "if",
        "locations": [
          {
            "start": {
              "line": 37,
              "column": 2
            },
            "end": {
              "line": 41,
              "column": 3
            }
          },
          {
            "start": {},
            "end": {}
          }
        ],
        "line": 37
      },
      "5": {
        "loc": {
          "start": {
            "line": 45,
            "column": 6
          },
          "end": {
            "line": 45,
            "column": 31
          }
        },
        "type": "if",
        "locations": [
          {
            "start": {
              "line": 45,
              "column": 6
            },
            "end": {
              "line": 45,
              "column": 31
            }
          },
          {
            "start": {},
            "end": {}
          }
        ],
        "line": 45
      },
      "6": {
        "loc": {
          "start": {
            "line": 47,
            "column": 6
          },
          "end": {
            "line": 47,
            "column": 75
          }
        },
        "type": "if",
        "locations": [
          {
            "start": {
              "line": 47,
              "column": 6
            },
            "end": {
              "line": 47,
              "column": 75
            }
          },
          {
            "start": {},
            "end": {}
          }
        ],
        "line": 47
      }
    },
    "s": {
      "0": 3,
      "1": 10,
      "2": 10,
      "3": 10,
      "4": 10,
      "5": 6,
      "6": 4,
      "7": 3,
      "8": 3,
      "9": 3,
      "10": 3,
      "11": 3,
      "12": 3,
      "13": 3,
      "14": 0,
      "15": 3,
      "16": 3,
      "17": 3,
      "18": 0,
      "19": 0,
      "20": 0,
      "21": 0,
      "22": 0,
      "23": 3,
      "24": 3
    },
    "f": {
      "0": 10,
      "1": 3,
      "2": 3,
      "3": 0,
      "4": 3,
      "5": 3
    },
    "b": {
      "0": [
        6,
        4
      ],
      "1": [
        3,
        0
      ],
      "2": [
        3,
        0
      ],
      "3": [
        3,
        3
      ],
      "4": [
        0,
        3
      ],
      "5": [
        0,
        0
      ],
      "6": [
        0,
        0
      ]
    },
    "inputSourceMap": {
      "version": 3,
      "mappings": "AAWM;;AAXN,SAASA,MAAMC,mBAAmB;AAClC,SAASC,eAAe;AACxB,OAAOC,iBAAiB;AACxB,OAAO;AAEP,wBAAwBC,aAAa;AAAAC,KAAA;AACnC,QAAM,EAAEC,SAAS,IAAIJ,QAAQ;AAC7B,QAAMK,WAAWN,YAAY;AAE7B,MAAI,CAACK,UAAU;AACb,WACE,uBAAC,QAAK,IAAG,UAAS,OAAO,EAAEE,MAAMD,SAAS,GAAG,WAAU,8BAA4B,oBAAnF;AAAA;AAAA;AAAA;AAAA,WAEA;AAAA,EAEJ;AAEA,SACE,uBAAC,QAAK,IAAG,YAAW,WAAU,oBAAmB,cAAW,WAC1D,iCAAC,SAAI,KAAKJ,aAAa,KAAI,WAAU,WAAU,kBAA/C;AAAA;AAAA;AAAA;AAAA,SAA6D,KAD/D;AAAA;AAAA;AAAA;AAAA,SAEA;AAEJ;AAACE,GAjBuBD,YAAU;AAAA,UACXF,SACJD,WAAW;AAAA;AAAAQ,KAFNL;AAAU,IAAAK;AAAAC,aAAAD,IAAA",
      "names": [
        "Link",
        "useLocation",
        "useAuth",
        "profileIcon",
        "AuthSwitch",
        "_s",
        "isAuthed",
        "location",
        "from",
        "_c",
        "$RefreshReg$"
      ],
      "ignoreList": [],
      "sources": [
        "/Users/maksimleno/Documents/Recipe Generator/src/components/AuthSwitch/AuthSwitch.jsx"
      ],
      "file": "/Users/maksimleno/Documents/Recipe Generator/src/components/AuthSwitch/AuthSwitch.jsx"
    },
    "_coverageSchema": "1a1c01bbd47fc00a2c39e90264f33305004495a9",
    "hash": "c8de928ebe1dbb0c2c5561e612cac99c47b3df4d"
  }
}