<?xml version="1.0" encoding="UTF-8"?>
<coverage generated="1764945565743" clover="3.2.0">
  <project timestamp="1764945565743" name="All files">
    <metrics statements="980" coveredstatements="626" conditionals="583" coveredconditionals="293" methods="309" coveredmethods="203" elements="1872" coveredelements="1122" complexity="0" loc="980" ncloc="980" packages="21" files="28" classes="28"/>
    <package name="src">
      <metrics statements="1" coveredstatements="1" conditionals="0" coveredconditionals="0" methods="1" coveredmethods="1"/>
      <file name="App.jsx" path="/Users/maksimleno/Documents/Recipe Generator/src/App.jsx">
        <metrics statements="1" coveredstatements="1" conditionals="0" coveredconditionals="0" methods="1" coveredmethods="1"/>
        <line num="18" count="2" type="stmt"/>
      </file>
    </package>
    <package name="src.components">
      <metrics statements="7" coveredstatements="0" conditionals="5" coveredconditionals="0" methods="2" coveredmethods="0"/>
      <file name="GuestRoute.jsx" path="/Users/maksimleno/Documents/Recipe Generator/src/components/GuestRoute.jsx">
        <metrics statements="2" coveredstatements="0" conditionals="3" coveredconditionals="0" methods="1" coveredmethods="0"/>
        <line num="5" count="0" type="stmt"/>
        <line num="6" count="0" type="cond" truecount="0" falsecount="2"/>
      </file>
      <file name="ProtectedRoute.jsx" path="/Users/maksimleno/Documents/Recipe Generator/src/components/ProtectedRoute.jsx">
        <metrics statements="5" coveredstatements="0" conditionals="2" coveredconditionals="0" methods="1" coveredmethods="0"/>
        <line num="5" count="0" type="stmt"/>
        <line num="6" count="0" type="stmt"/>
        <line num="8" count="0" type="cond" truecount="0" falsecount="1"/>
        <line num="9" count="0" type="stmt"/>
        <line num="12" count="0" type="stmt"/>
      </file>
    </package>
    <package name="src.components.AuthSwitch">
      <metrics statements="8" coveredstatements="7" conditionals="2" coveredconditionals="2" methods="3" coveredmethods="3"/>
      <file name="AuthSwitch.jsx" path="/Users/maksimleno/Documents/Recipe Generator/src/components/AuthSwitch/AuthSwitch.jsx">
        <metrics statements="8" coveredstatements="7" conditionals="2" coveredconditionals="2" methods="3" coveredmethods="3"/>
        <line num="6" count="170" type="stmt"/>
        <line num="7" count="170" type="cond" truecount="1" falsecount="0"/>
        <line num="8" count="166" type="stmt"/>
        <line num="10" count="28" type="cond" truecount="1" falsecount="0"/>
        <line num="11" count="28" type="stmt"/>
        <line num="12" count="4" type="stmt"/>
        <line num="18" count="0" type="stmt"/>
        <line num="23" count="4" type="stmt"/>
      </file>
    </package>
    <package name="src.components.FilterBar">
      <metrics statements="94" coveredstatements="68" conditionals="29" coveredconditionals="15" methods="51" coveredmethods="28"/>
      <file name="FilterBar.jsx" path="/Users/maksimleno/Documents/Recipe Generator/src/components/FilterBar/FilterBar.jsx">
        <metrics statements="94" coveredstatements="68" conditionals="29" coveredconditionals="15" methods="51" coveredmethods="28"/>
        <line num="9" count="164" type="stmt"/>
        <line num="10" count="164" type="stmt"/>
        <line num="11" count="58" type="stmt"/>
        <line num="12" count="58" type="stmt"/>
        <line num="14" count="164" type="stmt"/>
        <line num="19" count="82" type="stmt"/>
        <line num="20" count="82" type="stmt"/>
        <line num="23" count="82" type="stmt"/>
        <line num="24" count="82" type="stmt"/>
        <line num="27" count="82" type="stmt"/>
        <line num="28" count="82" type="stmt"/>
        <line num="31" count="82" type="stmt"/>
        <line num="32" count="82" type="stmt"/>
        <line num="33" count="82" type="stmt"/>
        <line num="34" count="82" type="stmt"/>
        <line num="36" count="82" type="stmt"/>
        <line num="37" count="82" type="stmt"/>
        <line num="38" count="82" type="stmt"/>
        <line num="40" count="16" type="cond" truecount="3" falsecount="0"/>
        <line num="41" count="16" type="cond" truecount="3" falsecount="0"/>
        <line num="43" count="14" type="stmt"/>
        <line num="44" count="14" type="stmt"/>
        <line num="47" count="82" type="stmt"/>
        <line num="48" count="14" type="stmt"/>
        <line num="51" count="14" type="cond" truecount="1" falsecount="0"/>
        <line num="52" count="14" type="stmt"/>
        <line num="53" count="14" type="stmt"/>
        <line num="55" count="0" type="stmt"/>
        <line num="56" count="0" type="stmt"/>
        <line num="57" count="0" type="cond" truecount="0" falsecount="1"/>
        <line num="59" count="0" type="stmt"/>
        <line num="63" count="14" type="stmt"/>
        <line num="64" count="14" type="stmt"/>
        <line num="65" count="7" type="stmt"/>
        <line num="69" count="82" type="stmt"/>
        <line num="70" count="14" type="stmt"/>
        <line num="73" count="14" type="cond" truecount="1" falsecount="0"/>
        <line num="74" count="14" type="stmt"/>
        <line num="75" count="14" type="stmt"/>
        <line num="77" count="0" type="stmt"/>
        <line num="78" count="0" type="stmt"/>
        <line num="79" count="0" type="cond" truecount="0" falsecount="1"/>
        <line num="81" count="0" type="stmt"/>
        <line num="85" count="14" type="stmt"/>
        <line num="86" count="14" type="stmt"/>
        <line num="87" count="7" type="stmt"/>
        <line num="92" count="82" type="stmt"/>
        <line num="93" count="0" type="cond" truecount="0" falsecount="2"/>
        <line num="94" count="0" type="stmt"/>
        <line num="95" count="0" type="stmt"/>
        <line num="97" count="82" type="stmt"/>
        <line num="98" count="0" type="cond" truecount="0" falsecount="2"/>
        <line num="99" count="0" type="stmt"/>
        <line num="100" count="0" type="stmt"/>
        <line num="104" count="82" type="stmt"/>
        <line num="105" count="82" type="stmt"/>
        <line num="108" count="82" type="stmt"/>
        <line num="109" count="0" type="stmt"/>
        <line num="110" count="0" type="stmt"/>
        <line num="116" count="82" type="stmt"/>
        <line num="117" count="26" type="stmt"/>
        <line num="120" count="26" type="stmt"/>
        <line num="121" count="26" type="stmt"/>
        <line num="122" count="21" type="cond" truecount="1" falsecount="0"/>
        <line num="123" count="21" type="stmt"/>
        <line num="126" count="0" type="stmt"/>
        <line num="127" count="0" type="cond" truecount="0" falsecount="1"/>
        <line num="128" count="0" type="stmt"/>
        <line num="133" count="26" type="stmt"/>
        <line num="135" count="26" type="stmt"/>
        <line num="136" count="19" type="stmt"/>
        <line num="140" count="82" type="stmt"/>
        <line num="141" count="2" type="stmt"/>
        <line num="142" count="2" type="stmt"/>
        <line num="143" count="2" type="stmt"/>
        <line num="144" count="2" type="stmt"/>
        <line num="147" count="82" type="stmt"/>
        <line num="148" count="5" type="stmt"/>
        <line num="149" count="5" type="cond" truecount="1" falsecount="1"/>
        <line num="150" count="0" type="stmt"/>
        <line num="155" count="82" type="stmt"/>
        <line num="175" count="0" type="stmt"/>
        <line num="177" count="0" type="stmt"/>
        <line num="186" count="16" type="stmt"/>
        <line num="188" count="16" type="cond" truecount="0" falsecount="1"/>
        <line num="193" count="0" type="stmt"/>
        <line num="207" count="0" type="stmt"/>
        <line num="209" count="0" type="stmt"/>
        <line num="218" count="10" type="stmt"/>
        <line num="220" count="10" type="cond" truecount="0" falsecount="1"/>
        <line num="225" count="0" type="stmt"/>
        <line num="240" count="328" type="stmt"/>
        <line num="244" count="5" type="stmt"/>
        <line num="255" count="5" type="stmt"/>
      </file>
    </package>
    <package name="src.components.RecipeCard">
      <metrics statements="39" coveredstatements="28" conditionals="32" coveredconditionals="12" methods="13" coveredmethods="11"/>
      <file name="RecipeCard.jsx" path="/Users/maksimleno/Documents/Recipe Generator/src/components/RecipeCard/RecipeCard.jsx">
        <metrics statements="39" coveredstatements="28" conditionals="32" coveredconditionals="12" methods="13" coveredmethods="11"/>
        <line num="12" count="69" type="stmt"/>
        <line num="13" count="69" type="stmt"/>
        <line num="14" count="69" type="stmt"/>
        <line num="15" count="69" type="stmt"/>
        <line num="16" count="69" type="stmt"/>
        <line num="17" count="69" type="stmt"/>
        <line num="19" count="2" type="stmt"/>
        <line num="20" count="2" type="cond" truecount="1" falsecount="0"/>
        <line num="21" count="2" type="stmt"/>
        <line num="23" count="69" type="cond" truecount="0" falsecount="1"/>
        <line num="24" count="69" type="stmt"/>
        <line num="25" count="0" type="stmt"/>
        <line num="26" count="0" type="stmt"/>
        <line num="27" count="0" type="stmt"/>
        <line num="28" count="0" type="stmt"/>
        <line num="29" count="0" type="cond" truecount="0" falsecount="1"/>
        <line num="30" count="0" type="stmt"/>
        <line num="32" count="0" type="cond" truecount="0" falsecount="1"/>
        <line num="33" count="69" type="stmt"/>
        <line num="35" count="69" type="stmt"/>
        <line num="36" count="69" type="stmt"/>
        <line num="38" count="69" type="stmt"/>
        <line num="40" count="4" type="stmt"/>
        <line num="41" count="69" type="stmt"/>
        <line num="42" count="0" type="stmt"/>
        <line num="43" count="0" type="stmt"/>
        <line num="44" count="69" type="stmt"/>
        <line num="46" count="69" type="stmt"/>
        <line num="47" count="69" type="stmt"/>
        <line num="48" count="69" type="cond" truecount="3" falsecount="0"/>
        <line num="49" count="54" type="cond" truecount="4" falsecount="1"/>
        <line num="51" count="6" type="cond" truecount="0" falsecount="3"/>
        <line num="52" count="0" type="cond" truecount="0" falsecount="5"/>
        <line num="53" count="69" type="stmt"/>
        <line num="56" count="0" type="stmt"/>
        <line num="66" count="345" type="stmt"/>
        <line num="71" count="69" type="cond" truecount="2" falsecount="0"/>
        <line num="75" count="345" type="stmt"/>
        <line num="92" count="4" type="stmt"/>
      </file>
    </package>
    <package name="src.components.RecipesGrid">
      <metrics statements="28" coveredstatements="25" conditionals="18" coveredconditionals="14" methods="8" coveredmethods="8"/>
      <file name="RecipesGrid.jsx" path="/Users/maksimleno/Documents/Recipe Generator/src/components/RecipesGrid/RecipesGrid.jsx">
        <metrics statements="28" coveredstatements="25" conditionals="18" coveredconditionals="14" methods="8" coveredmethods="8"/>
        <line num="11" count="121" type="stmt"/>
        <line num="12" count="121" type="stmt"/>
        <line num="13" count="121" type="stmt"/>
        <line num="15" count="121" type="stmt"/>
        <line num="17" count="121" type="stmt"/>
        <line num="18" count="19" type="stmt"/>
        <line num="21" count="19" type="stmt"/>
        <line num="22" count="19" type="stmt"/>
        <line num="23" count="19" type="stmt"/>
        <line num="24" count="19" type="stmt"/>
        <line num="25" count="12" type="cond" truecount="1" falsecount="0"/>
        <line num="26" count="12" type="stmt"/>
        <line num="29" count="0" type="stmt"/>
        <line num="30" count="0" type="cond" truecount="0" falsecount="1"/>
        <line num="31" count="0" type="stmt"/>
        <line num="34" count="12" type="cond" truecount="1" falsecount="0"/>
        <line num="35" count="12" type="stmt"/>
        <line num="40" count="19" type="stmt"/>
        <line num="41" count="19" type="stmt"/>
        <line num="42" count="11" type="stmt"/>
        <line num="46" count="121" type="cond" truecount="2" falsecount="0"/>
        <line num="48" count="121" type="stmt"/>
        <line num="49" count="102" type="stmt"/>
        <line num="50" count="102" type="cond" truecount="1" falsecount="0"/>
        <line num="51" count="249" type="stmt"/>
        <line num="54" count="121" type="stmt"/>
        <line num="62" count="83" type="stmt"/>
        <line num="89" count="19" type="stmt"/>
      </file>
    </package>
    <package name="src.components.SideBar">
      <metrics statements="7" coveredstatements="7" conditionals="8" coveredconditionals="4" methods="5" coveredmethods="5"/>
      <file name="Sidebar.jsx" path="/Users/maksimleno/Documents/Recipe Generator/src/components/SideBar/Sidebar.jsx">
        <metrics statements="7" coveredstatements="7" conditionals="8" coveredconditionals="4" methods="5" coveredmethods="5"/>
        <line num="9" count="4" type="stmt"/>
        <line num="10" count="2227" type="stmt"/>
        <line num="23" count="2227" type="cond" truecount="1" falsecount="1"/>
        <line num="29" count="2227" type="cond" truecount="1" falsecount="1"/>
        <line num="35" count="2227" type="cond" truecount="1" falsecount="1"/>
        <line num="41" count="2227" type="cond" truecount="1" falsecount="1"/>
        <line num="50" count="4" type="stmt"/>
      </file>
    </package>
    <package name="src.context">
      <metrics statements="86" coveredstatements="79" conditionals="24" coveredconditionals="16" methods="39" coveredmethods="39"/>
      <file name="AuthContext.jsx" path="/Users/maksimleno/Documents/Recipe Generator/src/context/AuthContext.jsx">
        <metrics statements="42" coveredstatements="42" conditionals="2" coveredconditionals="0" methods="22" coveredmethods="22"/>
        <line num="11" count="66" type="stmt"/>
        <line num="13" count="4" type="stmt"/>
        <line num="15" count="2968" type="stmt"/>
        <line num="17" count="413" type="stmt"/>
        <line num="18" count="431" type="stmt"/>
        <line num="20" count="228" type="stmt"/>
        <line num="22" count="222" type="stmt"/>
        <line num="23" count="422" type="stmt"/>
        <line num="24" count="219" type="stmt"/>
        <line num="25" count="422" type="stmt"/>
        <line num="26" count="422" type="stmt"/>
        <line num="29" count="418" type="stmt"/>
        <line num="30" count="413" type="stmt"/>
        <line num="33" count="18" type="stmt"/>
        <line num="34" count="18" type="stmt"/>
        <line num="37" count="18" type="stmt"/>
        <line num="39" count="18" type="stmt"/>
        <line num="40" count="413" type="stmt"/>
        <line num="41" count="413" type="stmt"/>
        <line num="42" count="413" type="stmt"/>
        <line num="43" count="18" type="stmt"/>
        <line num="45" count="18" type="stmt"/>
        <line num="46" count="413" type="stmt"/>
        <line num="47" count="413" type="stmt"/>
        <line num="48" count="413" type="stmt"/>
        <line num="49" count="18" type="stmt"/>
        <line num="51" count="18" type="stmt"/>
        <line num="52" count="413" type="stmt"/>
        <line num="53" count="413" type="stmt"/>
        <line num="54" count="18" type="stmt"/>
        <line num="57" count="18" type="stmt"/>
        <line num="58" count="413" type="stmt"/>
        <line num="59" count="413" type="stmt"/>
        <line num="60" count="413" type="stmt"/>
        <line num="62" count="413" type="stmt"/>
        <line num="66" count="18" type="stmt"/>
        <line num="67" count="2964" type="cond" truecount="0" falsecount="1"/>
        <line num="69" count="46" type="stmt"/>
        <line num="70" count="46" type="stmt"/>
        <line num="71" count="46" type="cond" truecount="0" falsecount="1"/>
        <line num="72" count="46" type="stmt"/>
        <line num="73" count="4" type="stmt"/>
      </file>
      <file name="SavedContext.jsx" path="/Users/maksimleno/Documents/Recipe Generator/src/context/SavedContext.jsx">
        <metrics statements="44" coveredstatements="37" conditionals="22" coveredconditionals="16" methods="17" coveredmethods="17"/>
        <line num="3" count="66" type="stmt"/>
        <line num="5" count="4" type="stmt"/>
        <line num="7" count="509" type="cond" truecount="2" falsecount="0"/>
        <line num="8" count="509" type="stmt"/>
        <line num="9" count="509" type="cond" truecount="2" falsecount="0"/>
        <line num="11" count="509" type="stmt"/>
        <line num="13" count="18" type="stmt"/>
        <line num="14" count="228" type="cond" truecount="4" falsecount="0"/>
        <line num="16" count="64" type="stmt"/>
        <line num="17" count="500" type="cond" truecount="3" falsecount="1"/>
        <line num="18" count="210" type="cond" truecount="1" falsecount="0"/>
        <line num="19" count="44" type="stmt"/>
        <line num="20" count="46" type="cond" truecount="1" falsecount="0"/>
        <line num="21" count="46" type="stmt"/>
        <line num="22" count="0" type="stmt"/>
        <line num="23" count="0" type="cond" truecount="0" falsecount="1"/>
        <line num="24" count="0" type="stmt"/>
        <line num="25" count="210" type="cond" truecount="1" falsecount="0"/>
        <line num="26" count="210" type="stmt"/>
        <line num="28" count="173" type="stmt"/>
        <line num="30" count="500" type="stmt"/>
        <line num="32" count="228" type="stmt"/>
        <line num="34" count="381" type="stmt"/>
        <line num="36" count="9" type="stmt"/>
        <line num="37" count="496" type="stmt"/>
        <line num="38" count="491" type="stmt"/>
        <line num="39" count="417" type="stmt"/>
        <line num="41" count="18" type="stmt"/>
        <line num="42" count="18" type="stmt"/>
        <line num="44" count="36" type="cond" truecount="0" falsecount="1"/>
        <line num="46" count="18" type="stmt"/>
        <line num="47" count="0" type="cond" truecount="0" falsecount="1"/>
        <line num="48" count="417" type="stmt"/>
        <line num="49" count="0" type="stmt"/>
        <line num="50" count="0" type="stmt"/>
        <line num="51" count="0" type="stmt"/>
        <line num="52" count="417" type="stmt"/>
        <line num="53" count="417" type="stmt"/>
        <line num="55" count="195" type="cond" truecount="1" falsecount="1"/>
        <line num="58" count="599" type="cond" truecount="1" falsecount="1"/>
        <line num="60" count="491" type="stmt"/>
        <line num="64" count="173" type="stmt"/>
        <line num="65" count="4" type="stmt"/>
        <line num="67" count="28" type="stmt"/>
      </file>
    </package>
    <package name="src.data">
      <metrics statements="3" coveredstatements="3" conditionals="0" coveredconditionals="0" methods="0" coveredmethods="0"/>
      <file name="ingredients.js" path="/Users/maksimleno/Documents/Recipe Generator/src/data/ingredients.js">
        <metrics statements="1" coveredstatements="1" conditionals="0" coveredconditionals="0" methods="0" coveredmethods="0"/>
        <line num="1" count="9" type="stmt"/>
      </file>
      <file name="recipes.js" path="/Users/maksimleno/Documents/Recipe Generator/src/data/recipes.js">
        <metrics statements="2" coveredstatements="2" conditionals="0" coveredconditionals="0" methods="0" coveredmethods="0"/>
        <line num="8" count="70" type="stmt"/>
        <line num="17" count="70" type="stmt"/>
      </file>
    </package>
    <package name="src.pages.CreateRecipePage">
      <metrics statements="161" coveredstatements="114" conditionals="47" coveredconditionals="24" methods="44" coveredmethods="26"/>
      <file name="CreateRecipePage.jsx" path="/Users/maksimleno/Documents/Recipe Generator/src/pages/CreateRecipePage/CreateRecipePage.jsx">
        <metrics statements="161" coveredstatements="114" conditionals="47" coveredconditionals="24" methods="44" coveredmethods="26"/>
        <line num="12" count="16" type="stmt"/>
        <line num="15" count="2127" type="stmt"/>
        <line num="17" count="2127" type="stmt"/>
        <line num="20" count="2127" type="cond" truecount="4" falsecount="0"/>
        <line num="22" count="2127" type="stmt"/>
        <line num="23" count="2127" type="stmt"/>
        <line num="24" count="2127" type="stmt"/>
        <line num="25" count="2127" type="stmt"/>
        <line num="28" count="2127" type="stmt"/>
        <line num="29" count="2127" type="stmt"/>
        <line num="32" count="2127" type="stmt"/>
        <line num="35" count="2127" type="stmt"/>
        <line num="37" count="2127" type="stmt"/>
        <line num="40" count="2127" type="stmt"/>
        <line num="41" count="104" type="stmt"/>
        <line num="42" count="104" type="stmt"/>
        <line num="43" count="104" type="cond" truecount="1" falsecount="0"/>
        <line num="44" count="14" type="stmt"/>
        <line num="46" count="14" type="cond" truecount="0" falsecount="1"/>
        <line num="47" count="14" type="cond" truecount="0" falsecount="1"/>
        <line num="48" count="14" type="cond" truecount="0" falsecount="1"/>
        <line num="49" count="14" type="cond" truecount="0" falsecount="1"/>
        <line num="50" count="14" type="cond" truecount="1" falsecount="2"/>
        <line num="51" count="0" type="stmt"/>
        <line num="53" count="14" type="cond" truecount="1" falsecount="2"/>
        <line num="54" count="0" type="stmt"/>
        <line num="56" count="14" type="cond" truecount="1" falsecount="0"/>
        <line num="57" count="14" type="stmt"/>
        <line num="59" count="14" type="cond" truecount="1" falsecount="2"/>
        <line num="60" count="0" type="stmt"/>
        <line num="63" count="0" type="stmt"/>
        <line num="68" count="2127" type="stmt"/>
        <line num="69" count="2027" type="stmt"/>
        <line num="79" count="2027" type="stmt"/>
        <line num="80" count="2027" type="stmt"/>
        <line num="82" count="0" type="stmt"/>
        <line num="87" count="2127" type="stmt"/>
        <line num="88" count="376" type="stmt"/>
        <line num="89" count="376" type="stmt"/>
        <line num="90" count="376" type="stmt"/>
        <line num="91" count="376" type="stmt"/>
        <line num="95" count="2127" type="stmt"/>
        <line num="96" count="13" type="stmt"/>
        <line num="99" count="2127" type="stmt"/>
        <line num="100" count="374" type="stmt"/>
        <line num="101" count="374" type="stmt"/>
        <line num="102" count="374" type="stmt"/>
        <line num="103" count="374" type="stmt"/>
        <line num="107" count="2127" type="stmt"/>
        <line num="108" count="0" type="stmt"/>
        <line num="109" count="0" type="cond" truecount="0" falsecount="1"/>
        <line num="110" count="0" type="stmt"/>
        <line num="114" count="2127" type="stmt"/>
        <line num="115" count="0" type="stmt"/>
        <line num="116" count="0" type="cond" truecount="0" falsecount="1"/>
        <line num="117" count="0" type="stmt"/>
        <line num="120" count="0" type="stmt"/>
        <line num="121" count="0" type="cond" truecount="0" falsecount="1"/>
        <line num="122" count="0" type="stmt"/>
        <line num="126" count="2127" type="stmt"/>
        <line num="127" count="12" type="stmt"/>
        <line num="128" count="12" type="stmt"/>
        <line num="132" count="2127" type="stmt"/>
        <line num="133" count="0" type="stmt"/>
        <line num="134" count="0" type="cond" truecount="0" falsecount="1"/>
        <line num="136" count="0" type="stmt"/>
        <line num="137" count="0" type="stmt"/>
        <line num="138" count="0" type="stmt"/>
        <line num="140" count="0" type="stmt"/>
        <line num="144" count="2127" type="stmt"/>
        <line num="145" count="0" type="stmt"/>
        <line num="146" count="0" type="cond" truecount="0" falsecount="1"/>
        <line num="148" count="0" type="stmt"/>
        <line num="149" count="0" type="stmt"/>
        <line num="150" count="0" type="stmt"/>
        <line num="151" count="0" type="stmt"/>
        <line num="152" count="0" type="stmt"/>
        <line num="153" count="0" type="stmt"/>
        <line num="156" count="0" type="stmt"/>
        <line num="159" count="2127" type="stmt"/>
        <line num="160" count="11" type="stmt"/>
        <line num="161" count="11" type="stmt"/>
        <line num="162" count="11" type="stmt"/>
        <line num="163" count="11" type="stmt"/>
        <line num="164" count="11" type="stmt"/>
        <line num="165" count="11" type="stmt"/>
        <line num="166" count="11" type="stmt"/>
        <line num="167" count="11" type="stmt"/>
        <line num="169" count="11" type="stmt"/>
        <line num="170" count="11" type="stmt"/>
        <line num="172" count="0" type="stmt"/>
        <line num="176" count="2127" type="stmt"/>
        <line num="177" count="11" type="cond" truecount="1" falsecount="0"/>
        <line num="178" count="11" type="stmt"/>
        <line num="183" count="2127" type="stmt"/>
        <line num="184" count="14" type="stmt"/>
        <line num="186" count="14" type="cond" truecount="1" falsecount="0"/>
        <line num="188" count="10" type="cond" truecount="0" falsecount="1"/>
        <line num="190" count="10" type="stmt"/>
        <line num="191" count="10" type="cond" truecount="2" falsecount="0"/>
        <line num="195" count="2127" type="stmt"/>
        <line num="196" count="5" type="stmt"/>
        <line num="197" count="5" type="cond" truecount="1" falsecount="0"/>
        <line num="199" count="3" type="stmt"/>
        <line num="200" count="3" type="stmt"/>
        <line num="203" count="2127" type="stmt"/>
        <line num="204" count="54" type="cond" truecount="1" falsecount="0"/>
        <line num="205" count="10" type="stmt"/>
        <line num="206" count="10" type="stmt"/>
        <line num="207" count="10" type="stmt"/>
        <line num="210" count="44" type="stmt"/>
        <line num="211" count="44" type="stmt"/>
        <line num="212" count="44" type="stmt"/>
        <line num="213" count="44" type="stmt"/>
        <line num="215" count="44" type="stmt"/>
        <line num="216" count="88" type="stmt"/>
        <line num="218" count="88" type="stmt"/>
        <line num="221" count="44" type="cond" truecount="1" falsecount="0"/>
        <line num="222" count="9" type="stmt"/>
        <line num="223" count="9" type="stmt"/>
        <line num="226" count="35" type="cond" truecount="1" falsecount="0"/>
        <line num="227" count="8" type="stmt"/>
        <line num="228" count="8" type="stmt"/>
        <line num="231" count="27" type="cond" truecount="1" falsecount="0"/>
        <line num="232" count="7" type="stmt"/>
        <line num="233" count="7" type="stmt"/>
        <line num="236" count="20" type="cond" truecount="1" falsecount="0"/>
        <line num="237" count="6" type="stmt"/>
        <line num="238" count="6" type="stmt"/>
        <line num="242" count="14" type="cond" truecount="1" falsecount="0"/>
        <line num="243" count="9" type="stmt"/>
        <line num="244" count="9" type="stmt"/>
        <line num="248" count="5" type="cond" truecount="1" falsecount="0"/>
        <line num="249" count="5" type="stmt"/>
        <line num="250" count="5" type="stmt"/>
        <line num="253" count="0" type="stmt"/>
        <line num="254" count="0" type="stmt"/>
        <line num="256" count="0" type="stmt"/>
        <line num="269" count="0" type="stmt"/>
        <line num="271" count="0" type="stmt"/>
        <line num="273" count="0" type="cond" truecount="0" falsecount="2"/>
        <line num="274" count="0" type="stmt"/>
        <line num="276" count="0" type="stmt"/>
        <line num="279" count="0" type="stmt"/>
        <line num="280" count="0" type="stmt"/>
        <line num="282" count="0" type="stmt"/>
        <line num="286" count="2127" type="stmt"/>
        <line num="287" count="0" type="cond" truecount="0" falsecount="2"/>
        <line num="288" count="0" type="stmt"/>
        <line num="291" count="2127" type="stmt"/>
        <line num="359" count="1005" type="stmt"/>
        <line num="370" count="0" type="stmt"/>
        <line num="387" count="16" type="stmt"/>
        <line num="392" count="4267" type="stmt"/>
        <line num="399" count="376" type="stmt"/>
        <line num="406" count="0" type="stmt"/>
        <line num="434" count="102" type="stmt"/>
        <line num="441" count="4266" type="stmt"/>
        <line num="450" count="374" type="stmt"/>
        <line num="457" count="0" type="stmt"/>
        <line num="468" count="0" type="stmt"/>
      </file>
    </package>
    <package name="src.pages.GeneratorPage">
      <metrics statements="70" coveredstatements="24" conditionals="53" coveredconditionals="26" methods="13" coveredmethods="3"/>
      <file name="GeneratorPage.jsx" path="/Users/maksimleno/Documents/Recipe Generator/src/pages/GeneratorPage/GeneratorPage.jsx">
        <metrics statements="70" coveredstatements="24" conditionals="53" coveredconditionals="26" methods="13" coveredmethods="3"/>
        <line num="17" count="10" type="stmt"/>
        <line num="18" count="10" type="stmt"/>
        <line num="19" count="10" type="stmt"/>
        <line num="20" count="10" type="stmt"/>
        <line num="22" count="10" type="stmt"/>
        <line num="23" count="10" type="stmt"/>
        <line num="25" count="10" type="stmt"/>
        <line num="26" count="10" type="stmt"/>
        <line num="28" count="10" type="stmt"/>
        <line num="29" count="0" type="cond" truecount="0" falsecount="2"/>
        <line num="30" count="0" type="stmt"/>
        <line num="34" count="10" type="stmt"/>
        <line num="35" count="0" type="stmt"/>
        <line num="36" count="0" type="stmt"/>
        <line num="37" count="0" type="stmt"/>
        <line num="39" count="0" type="stmt"/>
        <line num="41" count="0" type="cond" truecount="0" falsecount="1"/>
        <line num="42" count="0" type="stmt"/>
        <line num="43" count="0" type="stmt"/>
        <line num="44" count="0" type="stmt"/>
        <line num="45" count="0" type="stmt"/>
        <line num="48" count="0" type="stmt"/>
        <line num="49" count="0" type="cond" truecount="0" falsecount="2"/>
        <line num="51" count="0" type="stmt"/>
        <line num="52" count="0" type="stmt"/>
        <line num="54" count="0" type="stmt"/>
        <line num="58" count="10" type="stmt"/>
        <line num="59" count="0" type="cond" truecount="0" falsecount="1"/>
        <line num="60" count="0" type="cond" truecount="0" falsecount="1"/>
        <line num="61" count="0" type="stmt"/>
        <line num="65" count="10" type="stmt"/>
        <line num="66" count="0" type="cond" truecount="0" falsecount="1"/>
        <line num="67" count="0" type="cond" truecount="0" falsecount="3"/>
        <line num="68" count="0" type="stmt"/>
        <line num="69" count="0" type="stmt"/>
        <line num="73" count="10" type="stmt"/>
        <line num="74" count="5" type="cond" truecount="2" falsecount="1"/>
        <line num="75" count="5" type="stmt"/>
        <line num="76" count="5" type="stmt"/>
        <line num="79" count="0" type="stmt"/>
        <line num="81" count="0" type="stmt"/>
        <line num="82" count="0" type="stmt"/>
        <line num="83" count="0" type="stmt"/>
        <line num="84" count="0" type="cond" truecount="0" falsecount="1"/>
        <line num="86" count="0" type="stmt"/>
        <line num="90" count="0" type="stmt"/>
        <line num="91" count="0" type="stmt"/>
        <line num="96" count="10" type="stmt"/>
        <line num="97" count="0" type="stmt"/>
        <line num="99" count="0" type="cond" truecount="0" falsecount="1"/>
        <line num="101" count="0" type="cond" truecount="0" falsecount="1"/>
        <line num="102" count="0" type="stmt"/>
        <line num="103" count="0" type="stmt"/>
        <line num="106" count="0" type="stmt"/>
        <line num="107" count="0" type="stmt"/>
        <line num="108" count="0" type="stmt"/>
        <line num="109" count="0" type="stmt"/>
        <line num="111" count="0" type="stmt"/>
        <line num="113" count="0" type="stmt"/>
        <line num="118" count="10" type="cond" truecount="2" falsecount="0"/>
        <line num="120" count="10" type="cond" truecount="3" falsecount="0"/>
        <line num="123" count="10" type="cond" truecount="2" falsecount="0"/>
        <line num="124" count="10" type="cond" truecount="3" falsecount="0"/>
        <line num="125" count="10" type="cond" truecount="2" falsecount="0"/>
        <line num="127" count="10" type="stmt"/>
        <line num="187" count="50" type="stmt"/>
        <line num="192" count="0" type="stmt"/>
        <line num="194" count="0" type="stmt"/>
        <line num="195" count="0" type="stmt"/>
        <line num="215" count="0" type="stmt"/>
      </file>
    </package>
    <package name="src.pages.HomePage">
      <metrics statements="2" coveredstatements="2" conditionals="0" coveredconditionals="0" methods="1" coveredmethods="1"/>
      <file name="HomePage.jsx" path="/Users/maksimleno/Documents/Recipe Generator/src/pages/HomePage/HomePage.jsx">
        <metrics statements="2" coveredstatements="2" conditionals="0" coveredconditionals="0" methods="1" coveredmethods="1"/>
        <line num="8" count="5" type="stmt"/>
        <line num="10" count="5" type="stmt"/>
      </file>
    </package>
    <package name="src.pages.LoginModal">
      <metrics statements="34" coveredstatements="19" conditionals="32" coveredconditionals="23" methods="6" coveredmethods="5"/>
      <file name="LoginModal.jsx" path="/Users/maksimleno/Documents/Recipe Generator/src/pages/LoginModal/LoginModal.jsx">
        <metrics statements="34" coveredstatements="19" conditionals="32" coveredconditionals="23" methods="6" coveredmethods="5"/>
        <line num="6" count="26" type="stmt"/>
        <line num="9" count="37" type="stmt"/>
        <line num="10" count="37" type="stmt"/>
        <line num="11" count="37" type="stmt"/>
        <line num="12" count="37" type="cond" truecount="2" falsecount="0"/>
        <line num="14" count="37" type="stmt"/>
        <line num="15" count="37" type="stmt"/>
        <line num="17" count="37" type="stmt"/>
        <line num="18" count="37" type="stmt"/>
        <line num="19" count="37" type="stmt"/>
        <line num="21" count="37" type="stmt"/>
        <line num="29" count="37" type="stmt"/>
        <line num="31" count="37" type="stmt"/>
        <line num="32" count="4" type="stmt"/>
        <line num="33" count="4" type="stmt"/>
        <line num="34" count="4" type="stmt"/>
        <line num="36" count="4" type="cond" truecount="1" falsecount="0"/>
        <line num="38" count="0" type="stmt"/>
        <line num="39" count="0" type="stmt"/>
        <line num="40" count="0" type="stmt"/>
        <line num="41" count="0" type="stmt"/>
        <line num="43" count="0" type="stmt"/>
        <line num="45" count="0" type="stmt"/>
        <line num="47" count="0" type="cond" truecount="0" falsecount="2"/>
        <line num="48" count="0" type="stmt"/>
        <line num="49" count="0" type="cond" truecount="0" falsecount="2"/>
        <line num="50" count="0" type="stmt"/>
        <line num="51" count="0" type="cond" truecount="0" falsecount="1"/>
        <line num="52" count="0" type="stmt"/>
        <line num="55" count="0" type="stmt"/>
        <line num="57" count="0" type="stmt"/>
        <line num="61" count="37" type="stmt"/>
        <line num="78" count="24" type="stmt"/>
        <line num="93" count="0" type="stmt"/>
      </file>
    </package>
    <package name="src.pages.MyRecipesPage">
      <metrics statements="38" coveredstatements="18" conditionals="23" coveredconditionals="6" methods="10" coveredmethods="3"/>
      <file name="MyRecipesPage.jsx" path="/Users/maksimleno/Documents/Recipe Generator/src/pages/MyRecipesPage/MyRecipesPage.jsx">
        <metrics statements="38" coveredstatements="18" conditionals="23" coveredconditionals="6" methods="10" coveredmethods="3"/>
        <line num="15" count="10" type="stmt"/>
        <line num="16" count="10" type="stmt"/>
        <line num="18" count="10" type="stmt"/>
        <line num="19" count="10" type="stmt"/>
        <line num="20" count="10" type="stmt"/>
        <line num="21" count="10" type="stmt"/>
        <line num="23" count="10" type="stmt"/>
        <line num="24" count="5" type="stmt"/>
        <line num="26" count="5" type="cond" truecount="2" falsecount="1"/>
        <line num="27" count="5" type="stmt"/>
        <line num="28" count="5" type="stmt"/>
        <line num="29" count="5" type="stmt"/>
        <line num="30" count="5" type="stmt"/>
        <line num="34" count="0" type="stmt"/>
        <line num="35" count="0" type="stmt"/>
        <line num="36" count="0" type="stmt"/>
        <line num="37" count="0" type="stmt"/>
        <line num="38" count="0" type="stmt"/>
        <line num="39" count="0" type="cond" truecount="0" falsecount="1"/>
        <line num="40" count="0" type="stmt"/>
        <line num="43" count="0" type="stmt"/>
        <line num="44" count="0" type="cond" truecount="0" falsecount="1"/>
        <line num="45" count="0" type="stmt"/>
        <line num="48" count="0" type="cond" truecount="0" falsecount="1"/>
        <line num="49" count="0" type="stmt"/>
        <line num="54" count="0" type="stmt"/>
        <line num="56" count="0" type="stmt"/>
        <line num="57" count="0" type="stmt"/>
        <line num="62" count="10" type="stmt"/>
        <line num="63" count="10" type="stmt"/>
        <line num="64" count="10" type="cond" truecount="1" falsecount="0"/>
        <line num="65" count="0" type="stmt"/>
        <line num="68" count="10" type="stmt"/>
        <line num="69" count="0" type="cond" truecount="0" falsecount="2"/>
        <line num="70" count="0" type="stmt"/>
        <line num="73" count="10" type="stmt"/>
        <line num="113" count="0" type="stmt"/>
        <line num="133" count="0" type="stmt"/>
      </file>
    </package>
    <package name="src.pages.NotFoundPage">
      <metrics statements="6" coveredstatements="3" conditionals="2" coveredconditionals="0" methods="3" coveredmethods="1"/>
      <file name="NotFoundPage.jsx" path="/Users/maksimleno/Documents/Recipe Generator/src/pages/NotFoundPage/NotFoundPage.jsx">
        <metrics statements="6" coveredstatements="3" conditionals="2" coveredconditionals="0" methods="3" coveredmethods="1"/>
        <line num="7" count="11" type="stmt"/>
        <line num="9" count="11" type="stmt"/>
        <line num="10" count="0" type="cond" truecount="0" falsecount="2"/>
        <line num="11" count="0" type="stmt"/>
        <line num="14" count="11" type="stmt"/>
        <line num="33" count="0" type="stmt"/>
      </file>
    </package>
    <package name="src.pages.ProfilePage">
      <metrics statements="38" coveredstatements="23" conditionals="43" coveredconditionals="30" methods="9" coveredmethods="3"/>
      <file name="ProfilePage.jsx" path="/Users/maksimleno/Documents/Recipe Generator/src/pages/ProfilePage/ProfilePage.jsx">
        <metrics statements="38" coveredstatements="23" conditionals="43" coveredconditionals="30" methods="9" coveredmethods="3"/>
        <line num="9" count="13" type="stmt"/>
        <line num="10" count="13" type="stmt"/>
        <line num="13" count="13" type="stmt"/>
        <line num="14" count="13" type="cond" truecount="2" falsecount="0"/>
        <line num="16" count="13" type="cond" truecount="2" falsecount="0"/>
        <line num="17" count="13" type="stmt"/>
        <line num="19" count="13" type="stmt"/>
        <line num="20" count="0" type="stmt"/>
        <line num="21" count="0" type="stmt"/>
        <line num="25" count="13" type="stmt"/>
        <line num="26" count="2" type="stmt"/>
        <line num="27" count="2" type="cond" truecount="2" falsecount="0"/>
        <line num="28" count="2" type="cond" truecount="2" falsecount="0"/>
        <line num="32" count="13" type="stmt"/>
        <line num="33" count="2" type="stmt"/>
        <line num="34" count="2" type="cond" truecount="2" falsecount="0"/>
        <line num="35" count="2" type="cond" truecount="2" falsecount="0"/>
        <line num="39" count="13" type="stmt"/>
        <line num="40" count="0" type="cond" truecount="0" falsecount="3"/>
        <line num="42" count="0" type="cond" truecount="0" falsecount="4"/>
        <line num="44" count="0" type="stmt"/>
        <line num="49" count="0" type="stmt"/>
        <line num="52" count="13" type="stmt"/>
        <line num="53" count="0" type="stmt"/>
        <line num="57" count="13" type="stmt"/>
        <line num="58" count="0" type="stmt"/>
        <line num="59" count="0" type="cond" truecount="0" falsecount="1"/>
        <line num="61" count="0" type="stmt"/>
        <line num="62" count="0" type="stmt"/>
        <line num="63" count="0" type="cond" truecount="0" falsecount="2"/>
        <line num="64" count="0" type="cond" truecount="0" falsecount="2"/>
        <line num="66" count="0" type="stmt"/>
        <line num="69" count="13" type="cond" truecount="2" falsecount="0"/>
        <line num="70" count="13" type="cond" truecount="2" falsecount="0"/>
        <line num="72" count="13" type="cond" truecount="3" falsecount="0"/>
        <line num="73" count="13" type="cond" truecount="2" falsecount="0"/>
        <line num="75" count="13" type="stmt"/>
        <line num="121" count="0" type="stmt"/>
      </file>
    </package>
    <package name="src.pages.RecipePage">
      <metrics statements="67" coveredstatements="32" conditionals="51" coveredconditionals="10" methods="11" coveredmethods="4"/>
      <file name="RecipePage.jsx" path="/Users/maksimleno/Documents/Recipe Generator/src/pages/RecipePage/RecipePage.jsx">
        <metrics statements="67" coveredstatements="32" conditionals="51" coveredconditionals="10" methods="11" coveredmethods="4"/>
        <line num="20" count="10" type="stmt"/>
        <line num="21" count="10" type="stmt"/>
        <line num="22" count="10" type="stmt"/>
        <line num="24" count="10" type="stmt"/>
        <line num="25" count="10" type="stmt"/>
        <line num="27" count="10" type="stmt"/>
        <line num="28" count="10" type="stmt"/>
        <line num="29" count="10" type="stmt"/>
        <line num="31" count="10" type="stmt"/>
        <line num="32" count="5" type="stmt"/>
        <line num="35" count="5" type="stmt"/>
        <line num="36" count="5" type="stmt"/>
        <line num="37" count="5" type="stmt"/>
        <line num="38" count="5" type="stmt"/>
        <line num="39" count="0" type="cond" truecount="0" falsecount="1"/>
        <line num="40" count="0" type="cond" truecount="0" falsecount="1"/>
        <line num="41" count="0" type="stmt"/>
        <line num="43" count="0" type="cond" truecount="0" falsecount="2"/>
        <line num="46" count="5" type="stmt"/>
        <line num="47" count="5" type="cond" truecount="1" falsecount="0"/>
        <line num="48" count="5" type="stmt"/>
        <line num="51" count="5" type="cond" truecount="1" falsecount="0"/>
        <line num="52" count="5" type="stmt"/>
        <line num="57" count="5" type="stmt"/>
        <line num="58" count="5" type="stmt"/>
        <line num="59" count="2" type="stmt"/>
        <line num="63" count="10" type="stmt"/>
        <line num="64" count="0" type="stmt"/>
        <line num="65" count="0" type="cond" truecount="0" falsecount="1"/>
        <line num="67" count="0" type="cond" truecount="0" falsecount="1"/>
        <line num="68" count="0" type="stmt"/>
        <line num="69" count="0" type="stmt"/>
        <line num="72" count="0" type="stmt"/>
        <line num="73" count="0" type="stmt"/>
        <line num="75" count="0" type="stmt"/>
        <line num="76" count="0" type="stmt"/>
        <line num="80" count="10" type="cond" truecount="1" falsecount="1"/>
        <line num="83" count="10" type="cond" truecount="1" falsecount="4"/>
        <line num="86" count="10" type="stmt"/>
        <line num="87" count="0" type="cond" truecount="0" falsecount="3"/>
        <line num="89" count="0" type="stmt"/>
        <line num="90" count="0" type="cond" truecount="0" falsecount="1"/>
        <line num="92" count="0" type="stmt"/>
        <line num="93" count="0" type="stmt"/>
        <line num="94" count="0" type="stmt"/>
        <line num="96" count="0" type="stmt"/>
        <line num="97" count="0" type="stmt"/>
        <line num="101" count="10" type="stmt"/>
        <line num="102" count="0" type="cond" truecount="0" falsecount="2"/>
        <line num="103" count="0" type="stmt"/>
        <line num="107" count="0" type="stmt"/>
        <line num="108" count="0" type="stmt"/>
        <line num="109" count="0" type="stmt"/>
        <line num="111" count="0" type="cond" truecount="0" falsecount="3"/>
        <line num="112" count="0" type="cond" truecount="0" falsecount="5"/>
        <line num="113" count="0" type="stmt"/>
        <line num="114" count="0" type="stmt"/>
        <line num="117" count="10" type="cond" truecount="2" falsecount="0"/>
        <line num="120" count="10" type="cond" truecount="1" falsecount="0"/>
        <line num="121" count="5" type="stmt"/>
        <line num="133" count="5" type="cond" truecount="2" falsecount="1"/>
        <line num="134" count="5" type="stmt"/>
        <line num="146" count="0" type="stmt"/>
        <line num="193" count="0" type="stmt"/>
        <line num="236" count="0" type="stmt"/>
        <line num="255" count="0" type="cond" truecount="0" falsecount="2"/>
        <line num="259" count="0" type="stmt"/>
      </file>
    </package>
    <package name="src.pages.RegisterModal">
      <metrics statements="38" coveredstatements="24" conditionals="56" coveredconditionals="45" methods="8" coveredmethods="8"/>
      <file name="RegisterModal.jsx" path="/Users/maksimleno/Documents/Recipe Generator/src/pages/RegisterModal/RegisterModal.jsx">
        <metrics statements="38" coveredstatements="24" conditionals="56" coveredconditionals="45" methods="8" coveredmethods="8"/>
        <line num="6" count="38" type="stmt"/>
        <line num="9" count="51" type="stmt"/>
        <line num="10" count="51" type="stmt"/>
        <line num="11" count="51" type="stmt"/>
        <line num="12" count="51" type="cond" truecount="2" falsecount="0"/>
        <line num="14" count="51" type="stmt"/>
        <line num="15" count="51" type="stmt"/>
        <line num="16" count="51" type="stmt"/>
        <line num="17" count="51" type="stmt"/>
        <line num="19" count="51" type="stmt"/>
        <line num="20" count="51" type="stmt"/>
        <line num="21" count="51" type="stmt"/>
        <line num="23" count="51" type="stmt"/>
        <line num="46" count="51" type="stmt"/>
        <line num="48" count="51" type="stmt"/>
        <line num="49" count="4" type="stmt"/>
        <line num="50" count="4" type="stmt"/>
        <line num="51" count="4" type="stmt"/>
        <line num="53" count="4" type="cond" truecount="1" falsecount="0"/>
        <line num="55" count="0" type="stmt"/>
        <line num="56" count="0" type="stmt"/>
        <line num="57" count="0" type="stmt"/>
        <line num="58" count="0" type="stmt"/>
        <line num="60" count="0" type="stmt"/>
        <line num="62" count="0" type="stmt"/>
        <line num="64" count="0" type="cond" truecount="0" falsecount="2"/>
        <line num="65" count="0" type="stmt"/>
        <line num="66" count="0" type="cond" truecount="0" falsecount="2"/>
        <line num="67" count="0" type="stmt"/>
        <line num="68" count="0" type="cond" truecount="0" falsecount="1"/>
        <line num="69" count="0" type="stmt"/>
        <line num="72" count="0" type="stmt"/>
        <line num="74" count="0" type="stmt"/>
        <line num="78" count="51" type="stmt"/>
        <line num="101" count="2" type="stmt"/>
        <line num="117" count="24" type="stmt"/>
        <line num="133" count="6" type="stmt"/>
        <line num="149" count="6" type="stmt"/>
      </file>
    </package>
    <package name="src.pages.SavedPage">
      <metrics statements="24" coveredstatements="23" conditionals="20" coveredconditionals="12" methods="17" coveredmethods="17"/>
      <file name="SavedPage.jsx" path="/Users/maksimleno/Documents/Recipe Generator/src/pages/SavedPage/SavedPage.jsx">
        <metrics statements="24" coveredstatements="23" conditionals="20" coveredconditionals="12" methods="17" coveredmethods="17"/>
        <line num="13" count="56" type="stmt"/>
        <line num="14" count="56" type="stmt"/>
        <line num="15" count="28" type="stmt"/>
        <line num="17" count="154" type="stmt"/>
        <line num="19" count="28" type="stmt"/>
        <line num="20" count="108" type="stmt"/>
        <line num="21" count="28" type="stmt"/>
        <line num="24" count="28" type="stmt"/>
        <line num="25" count="56" type="cond" truecount="1" falsecount="0"/>
        <line num="26" count="38" type="stmt"/>
        <line num="27" count="56" type="cond" truecount="1" falsecount="0"/>
        <line num="29" count="38" type="stmt"/>
        <line num="30" count="28" type="stmt"/>
        <line num="33" count="28" type="stmt"/>
        <line num="34" count="0" type="cond" truecount="0" falsecount="2"/>
        <line num="36" count="28" type="stmt"/>
        <line num="37" count="28" type="cond" truecount="0" falsecount="2"/>
        <line num="38" count="28" type="stmt"/>
        <line num="41" count="28" type="stmt"/>
        <line num="70" count="38" type="stmt"/>
        <line num="73" count="38" type="stmt"/>
        <line num="99" count="28" type="stmt"/>
        <line num="105" count="28" type="stmt"/>
        <line num="119" count="4" type="stmt"/>
      </file>
    </package>
    <package name="src.services">
      <metrics statements="226" coveredstatements="123" conditionals="138" coveredconditionals="54" methods="64" coveredmethods="36"/>
      <file name="authService.js" path="/Users/maksimleno/Documents/Recipe Generator/src/services/authService.js">
        <metrics statements="42" coveredstatements="5" conditionals="32" coveredconditionals="0" methods="11" coveredmethods="2"/>
        <line num="10" count="70" type="stmt"/>
        <line num="14" count="0" type="cond" truecount="0" falsecount="2"/>
        <line num="18" count="432" type="stmt"/>
        <line num="22" count="0" type="cond" truecount="0" falsecount="1"/>
        <line num="24" count="0" type="stmt"/>
        <line num="33" count="0" type="stmt"/>
        <line num="34" count="0" type="stmt"/>
        <line num="36" count="0" type="cond" truecount="0" falsecount="2"/>
        <line num="37" count="0" type="stmt"/>
        <line num="39" count="0" type="stmt"/>
        <line num="41" count="0" type="stmt"/>
        <line num="45" count="432" type="stmt"/>
        <line num="46" count="432" type="cond" truecount="0" falsecount="1"/>
        <line num="47" count="0" type="stmt"/>
        <line num="49" count="432" type="stmt"/>
        <line num="53" count="0" type="stmt"/>
        <line num="57" count="0" type="stmt"/>
        <line num="58" count="0" type="stmt"/>
        <line num="62" count="0" type="cond" truecount="0" falsecount="2"/>
        <line num="63" count="0" type="stmt"/>
        <line num="64" count="0" type="cond" truecount="0" falsecount="2"/>
        <line num="66" count="0" type="cond" truecount="0" falsecount="1"/>
        <line num="67" count="0" type="cond" truecount="0" falsecount="1"/>
        <line num="68" count="0" type="cond" truecount="0" falsecount="1"/>
        <line num="70" count="0" type="stmt"/>
        <line num="72" count="0" type="stmt"/>
        <line num="75" count="0" type="stmt"/>
        <line num="79" count="0" type="stmt"/>
        <line num="80" count="0" type="cond" truecount="0" falsecount="2"/>
        <line num="82" count="0" type="stmt"/>
        <line num="84" count="0" type="stmt"/>
        <line num="89" count="0" type="stmt"/>
        <line num="90" count="0" type="cond" truecount="0" falsecount="1"/>
        <line num="94" count="0" type="cond" truecount="0" falsecount="1"/>
        <line num="95" count="0" type="cond" truecount="0" falsecount="2"/>
        <line num="96" count="0" type="cond" truecount="0" falsecount="1"/>
        <line num="98" count="0" type="stmt"/>
        <line num="102" count="0" type="cond" truecount="0" falsecount="2"/>
        <line num="104" count="0" type="stmt"/>
        <line num="110" count="0" type="stmt"/>
        <line num="111" count="0" type="stmt"/>
        <line num="115" count="0" type="stmt"/>
      </file>
      <file name="firebase.js" path="/Users/maksimleno/Documents/Recipe Generator/src/services/firebase.js">
        <metrics statements="4" coveredstatements="4" conditionals="0" coveredconditionals="0" methods="0" coveredmethods="0"/>
        <line num="5" count="70" type="stmt"/>
        <line num="15" count="70" type="stmt"/>
        <line num="18" count="70" type="stmt"/>
        <line num="19" count="70" type="stmt"/>
      </file>
      <file name="recipesService.js" path="/Users/maksimleno/Documents/Recipe Generator/src/services/recipesService.js">
        <metrics statements="47" coveredstatements="17" conditionals="29" coveredconditionals="9" methods="13" coveredmethods="8"/>
        <line num="20" count="46" type="cond" truecount="0" falsecount="1"/>
        <line num="24" count="46" type="stmt"/>
        <line num="25" count="46" type="stmt"/>
        <line num="29" count="46" type="stmt"/>
        <line num="30" count="46" type="stmt"/>
        <line num="32" count="44" type="cond" truecount="1" falsecount="0"/>
        <line num="33" count="44" type="stmt"/>
        <line num="36" count="0" type="stmt"/>
        <line num="37" count="0" type="cond" truecount="0" falsecount="2"/>
        <line num="38" count="0" type="stmt"/>
        <line num="42" count="0" type="stmt"/>
        <line num="43" count="0" type="stmt"/>
        <line num="47" count="0" type="stmt"/>
        <line num="48" count="0" type="stmt"/>
        <line num="51" count="0" type="cond" truecount="0" falsecount="4"/>
        <line num="55" count="0" type="cond" truecount="0" falsecount="2"/>
        <line num="56" count="0" type="stmt"/>
        <line num="58" count="0" type="stmt"/>
        <line num="62" count="0" type="stmt"/>
        <line num="64" count="0" type="stmt"/>
        <line num="70" count="31" type="stmt"/>
        <line num="75" count="112" type="cond" truecount="2" falsecount="0"/>
        <line num="76" count="112" type="cond" truecount="2" falsecount="0"/>
        <line num="78" count="112" type="stmt"/>
        <line num="85" count="0" type="cond" truecount="0" falsecount="2"/>
        <line num="86" count="0" type="stmt"/>
        <line num="90" count="0" type="cond" truecount="0" falsecount="2"/>
        <line num="92" count="0" type="stmt"/>
        <line num="100" count="0" type="stmt"/>
        <line num="108" count="0" type="stmt"/>
        <line num="109" count="0" type="stmt"/>
        <line num="113" count="26" type="stmt"/>
        <line num="115" count="16" type="stmt"/>
        <line num="116" count="112" type="stmt"/>
        <line num="118" count="112" type="stmt"/>
        <line num="124" count="16" type="stmt"/>
        <line num="128" count="5" type="stmt"/>
        <line num="129" count="0" type="stmt"/>
        <line num="131" count="0" type="cond" truecount="0" falsecount="1"/>
        <line num="132" count="0" type="stmt"/>
        <line num="135" count="0" type="stmt"/>
        <line num="136" count="0" type="stmt"/>
        <line num="138" count="0" type="stmt"/>
        <line num="145" count="0" type="stmt"/>
        <line num="146" count="0" type="cond" truecount="0" falsecount="1"/>
        <line num="148" count="0" type="stmt"/>
        <line num="149" count="0" type="stmt"/>
      </file>
      <file name="searchService.js" path="/Users/maksimleno/Documents/Recipe Generator/src/services/searchService.js">
        <metrics statements="121" coveredstatements="91" conditionals="74" coveredconditionals="43" methods="33" coveredmethods="24"/>
        <line num="5" count="9" type="stmt"/>
        <line num="6" count="9" type="stmt"/>
        <line num="7" count="9" type="stmt"/>
        <line num="9" count="9" type="stmt"/>
        <line num="10" count="297" type="stmt"/>
        <line num="11" count="297" type="stmt"/>
        <line num="12" count="1350" type="stmt"/>
        <line num="16" count="28711" type="cond" truecount="1" falsecount="1"/>
        <line num="25" count="28" type="cond" truecount="0" falsecount="1"/>
        <line num="26" count="28" type="stmt"/>
        <line num="29" count="284" type="stmt"/>
        <line num="35" count="144" type="stmt"/>
        <line num="36" count="144" type="stmt"/>
        <line num="37" count="144" type="stmt"/>
        <line num="38" count="4752" type="stmt"/>
        <line num="39" count="4752" type="stmt"/>
        <line num="40" count="26352" type="cond" truecount="0" falsecount="1"/>
        <line num="41" count="26352" type="cond" truecount="3" falsecount="0"/>
        <line num="42" count="344" type="stmt"/>
        <line num="43" count="344" type="cond" truecount="3" falsecount="0"/>
        <line num="47" count="144" type="cond" truecount="4" falsecount="0"/>
        <line num="52" count="28" type="stmt"/>
        <line num="53" count="28" type="stmt"/>
        <line num="54" count="28" type="stmt"/>
        <line num="56" count="28" type="stmt"/>
        <line num="57" count="284" type="stmt"/>
        <line num="59" count="284" type="cond" truecount="2" falsecount="0"/>
        <line num="60" count="284" type="cond" truecount="1" falsecount="0"/>
        <line num="61" count="140" type="stmt"/>
        <line num="62" count="140" type="stmt"/>
        <line num="64" count="144" type="stmt"/>
        <line num="65" count="144" type="cond" truecount="1" falsecount="0"/>
        <line num="66" count="56" type="stmt"/>
        <line num="67" count="56" type="stmt"/>
        <line num="69" count="88" type="stmt"/>
        <line num="72" count="28" type="stmt"/>
        <line num="73" count="196" type="cond" truecount="2" falsecount="0"/>
        <line num="75" count="28" type="stmt"/>
        <line num="79" count="9" type="stmt"/>
        <line num="80" count="9" type="stmt"/>
        <line num="81" count="9" type="stmt"/>
        <line num="82" count="9" type="stmt"/>
        <line num="85" count="26" type="cond" truecount="1" falsecount="0"/>
        <line num="86" count="9" type="cond" truecount="1" falsecount="0"/>
        <line num="87" count="2" type="stmt"/>
        <line num="88" count="0" type="stmt"/>
        <line num="91" count="7" type="stmt"/>
        <line num="92" count="7" type="stmt"/>
        <line num="94" count="4" type="stmt"/>
        <line num="95" count="28" type="stmt"/>
        <line num="97" count="28" type="stmt"/>
        <line num="99" count="28" type="cond" truecount="1" falsecount="1"/>
        <line num="100" count="0" type="stmt"/>
        <line num="102" count="28" type="cond" truecount="1" falsecount="1"/>
        <line num="108" count="28" type="cond" truecount="1" falsecount="0"/>
        <line num="109" count="28" type="stmt"/>
        <line num="110" count="28" type="stmt"/>
        <line num="111" count="192" type="stmt"/>
        <line num="114" count="28" type="stmt"/>
        <line num="118" count="28" type="stmt"/>
        <line num="119" count="192" type="cond" truecount="1" falsecount="0"/>
        <line num="120" count="192" type="stmt"/>
        <line num="124" count="4" type="stmt"/>
        <line num="127" count="7" type="stmt"/>
        <line num="131" count="26" type="stmt"/>
        <line num="138" count="21" type="cond" truecount="1" falsecount="1"/>
        <line num="141" count="21" type="stmt"/>
        <line num="143" count="21" type="cond" truecount="0" falsecount="1"/>
        <line num="144" count="0" type="stmt"/>
        <line num="145" count="0" type="cond" truecount="0" falsecount="2"/>
        <line num="146" count="0" type="stmt"/>
        <line num="150" count="21" type="cond" truecount="0" falsecount="1"/>
        <line num="151" count="0" type="stmt"/>
        <line num="152" count="0" type="cond" truecount="0" falsecount="2"/>
        <line num="155" count="0" type="stmt"/>
        <line num="159" count="147" type="stmt"/>
        <line num="162" count="70" type="cond" truecount="0" falsecount="1"/>
        <line num="163" count="70" type="cond" truecount="3" falsecount="0"/>
        <line num="164" count="28" type="cond" truecount="3" falsecount="0"/>
        <line num="165" count="0" type="cond" truecount="0" falsecount="1"/>
        <line num="166" count="0" type="stmt"/>
        <line num="169" count="21" type="cond" truecount="3" falsecount="0"/>
        <line num="170" count="10" type="stmt"/>
        <line num="171" count="70" type="stmt"/>
        <line num="172" count="70" type="cond" truecount="1" falsecount="0"/>
        <line num="174" count="70" type="cond" truecount="1" falsecount="1"/>
        <line num="175" count="70" type="cond" truecount="1" falsecount="1"/>
        <line num="177" count="70" type="stmt"/>
        <line num="181" count="21" type="cond" truecount="1" falsecount="0"/>
        <line num="182" count="5" type="stmt"/>
        <line num="183" count="13" type="cond" truecount="1" falsecount="1"/>
        <line num="184" count="13" type="stmt"/>
        <line num="185" count="65" type="cond" truecount="1" falsecount="1"/>
        <line num="191" count="21" type="stmt"/>
        <line num="193" count="98" type="cond" truecount="1" falsecount="1"/>
        <line num="194" count="98" type="stmt"/>
        <line num="195" count="98" type="stmt"/>
        <line num="196" count="98" type="cond" truecount="2" falsecount="0"/>
        <line num="197" count="98" type="stmt"/>
        <line num="199" count="171" type="stmt"/>
        <line num="201" count="98" type="stmt"/>
        <line num="205" count="0" type="stmt"/>
        <line num="206" count="0" type="cond" truecount="0" falsecount="1"/>
        <line num="207" count="0" type="stmt"/>
        <line num="210" count="0" type="stmt"/>
        <line num="211" count="0" type="stmt"/>
        <line num="212" count="0" type="stmt"/>
        <line num="215" count="0" type="stmt"/>
        <line num="216" count="0" type="cond" truecount="0" falsecount="1"/>
        <line num="217" count="0" type="stmt"/>
        <line num="221" count="0" type="stmt"/>
        <line num="222" count="0" type="cond" truecount="0" falsecount="1"/>
        <line num="223" count="0" type="stmt"/>
        <line num="224" count="0" type="stmt"/>
        <line num="226" count="0" type="stmt"/>
        <line num="227" count="0" type="stmt"/>
        <line num="228" count="0" type="cond" truecount="0" falsecount="3"/>
        <line num="229" count="0" type="cond" truecount="0" falsecount="1"/>
        <line num="230" count="0" type="stmt"/>
        <line num="231" count="0" type="stmt"/>
        <line num="236" count="0" type="stmt"/>
      </file>
      <file name="storage.js" path="/Users/maksimleno/Documents/Recipe Generator/src/services/storage.js">
        <metrics statements="12" coveredstatements="6" conditionals="3" coveredconditionals="2" methods="7" coveredmethods="2"/>
        <line num="1" count="70" type="stmt"/>
        <line num="4" count="432" type="stmt"/>
        <line num="7" count="70" type="stmt"/>
        <line num="9" count="432" type="stmt"/>
        <line num="10" count="432" type="stmt"/>
        <line num="11" count="432" type="cond" truecount="2" falsecount="0"/>
        <line num="13" count="0" type="stmt"/>
        <line num="18" count="0" type="stmt"/>
        <line num="22" count="0" type="stmt"/>
        <line num="26" count="0" type="stmt"/>
        <line num="27" count="0" type="stmt"/>
        <line num="28" count="0" type="stmt"/>
      </file>
    </package>
    <package name="src.test-utils">
      <metrics statements="3" coveredstatements="3" conditionals="0" coveredconditionals="0" methods="1" coveredmethods="1"/>
      <file name="TestProviders.jsx" path="/Users/maksimleno/Documents/Recipe Generator/src/test-utils/TestProviders.jsx">
        <metrics statements="3" coveredstatements="3" conditionals="0" coveredconditionals="0" methods="1" coveredmethods="1"/>
        <line num="6" count="4" type="stmt"/>
        <line num="7" count="219" type="stmt"/>
        <line num="14" count="4" type="stmt"/>
      </file>
    </package>
  </project>
</coverage>
