{"/Users/maksimleno/Documents/Recipe Generator/src/App.jsx": {"path":"/Users/maksimleno/Documents/Recipe Generator/src/App.jsx","statementMap":{"0":{"start":{"line":18,"column":2},"end":{"line":41,"column":null}}},"fnMap":{"0":{"name":"App","decl":{"start":{"line":17,"column":9},"end":{"line":17,"column":15}},"loc":{"start":{"line":17,"column":15},"end":{"line":43,"column":null}}}},"branchMap":{},"s":{"0":2},"f":{"0":2},"b":{}}
,"/Users/maksimleno/Documents/Recipe Generator/src/components/GuestRoute.jsx": {"path":"/Users/maksimleno/Documents/Recipe Generator/src/components/GuestRoute.jsx","statementMap":{"0":{"start":{"line":5,"column":23},"end":{"line":5,"column":null}},"1":{"start":{"line":6,"column":2},"end":{"line":6,"column":null}}},"fnMap":{"0":{"name":"GuestRoute","decl":{"start":{"line":4,"column":24},"end":{"line":4,"column":35}},"loc":{"start":{"line":4,"column":57},"end":{"line":7,"column":null}}}},"branchMap":{"0":{"loc":{"start":{"line":4,"column":37},"end":{"line":4,"column":54}},"type":"default-arg","locations":[{"start":{"line":4,"column":50},"end":{"line":4,"column":54}}]},"1":{"loc":{"start":{"line":6,"column":9},"end":{"line":6,"column":null}},"type":"cond-expr","locations":[{"start":{"line":6,"column":20},"end":{"line":6,"column":59}},{"start":{"line":6,"column":59},"end":{"line":6,"column":null}}]}},"s":{"0":0,"1":0},"f":{"0":0},"b":{"0":[0],"1":[0,0]}}
,"/Users/maksimleno/Documents/Recipe Generator/src/components/ProtectedRoute.jsx": {"path":"/Users/maksimleno/Documents/Recipe Generator/src/components/ProtectedRoute.jsx","statementMap":{"0":{"start":{"line":5,"column":23},"end":{"line":5,"column":null}},"1":{"start":{"line":6,"column":19},"end":{"line":6,"column":null}},"2":{"start":{"line":8,"column":2},"end":{"line":10,"column":null}},"3":{"start":{"line":9,"column":4},"end":{"line":9,"column":null}},"4":{"start":{"line":12,"column":2},"end":{"line":12,"column":null}}},"fnMap":{"0":{"name":"ProtectedRoute","decl":{"start":{"line":4,"column":24},"end":{"line":4,"column":39}},"loc":{"start":{"line":4,"column":66},"end":{"line":13,"column":null}}}},"branchMap":{"0":{"loc":{"start":{"line":4,"column":41},"end":{"line":4,"column":63}},"type":"default-arg","locations":[{"start":{"line":4,"column":54},"end":{"line":4,"column":63}}]},"1":{"loc":{"start":{"line":8,"column":2},"end":{"line":10,"column":null}},"type":"if","locations":[{"start":{"line":8,"column":2},"end":{"line":10,"column":null}}]}},"s":{"0":0,"1":0,"2":0,"3":0,"4":0},"f":{"0":0},"b":{"0":[0],"1":[0]}}
,"/Users/maksimleno/Documents/Recipe Generator/src/components/AuthSwitch/AuthSwitch.jsx": {"path":"/Users/maksimleno/Documents/Recipe Generator/src/components/AuthSwitch/AuthSwitch.jsx","statementMap":{"0":{"start":{"line":6,"column":37},"end":{"line":6,"column":null}},"1":{"start":{"line":7,"column":23},"end":{"line":7,"column":null}},"2":{"start":{"line":8,"column":19},"end":{"line":8,"column":null}},"3":{"start":{"line":10,"column":2},"end":{"line":16,"column":null}},"4":{"start":{"line":11,"column":4},"end":{"line":14,"column":null}},"5":{"start":{"line":18,"column":2},"end":{"line":21,"column":null}},"6":{"start":{"line":23,"column":1},"end":{"line":8,"column":31}},"7":{"start":{"line":6,"column":34},"end":{"line":8,"column":31}},"8":{"start":{"line":8,"column":30},"end":{"line":6,"column":34}},"9":{"start":{"line":6,"column":34},"end":{"line":6,"column":37}},"10":{"start":{"line":6,"column":0},"end":{"line":6,"column":34}},"11":{"start":{"line":7,"column":2},"end":{"line":12,"column":7}},"12":{"start":{"line":8,"column":2},"end":{"line":12,"column":7}},"13":{"start":{"line":12,"column":6},"end":{"line":19,"column":5}}},"fnMap":{"0":{"name":"AuthSwitch","decl":{"start":{"line":6,"column":24},"end":{"line":6,"column":34}},"loc":{"start":{"line":6,"column":37},"end":{"line":23,"column":1}}},"1":{"name":"(anonymous_1)","decl":{"start":{"line":6,"column":34},"end":{"line":6,"column":37}},"loc":{"start":{"line":6,"column":34},"end":{"line":8,"column":31}}},"2":{"name":"AuthSwitch","decl":{"start":{"line":4,"column":7},"end":{"line":4,"column":null}},"loc":{"start":{"line":4,"column":7},"end":{"line":19,"column":5}}}},"branchMap":{"0":{"loc":{"start":{"line":10,"column":2},"end":{"line":16,"column":null}},"type":"if","locations":[{"start":{"line":10,"column":2},"end":{"line":16,"column":null}}]},"1":{"loc":{"start":{"line":7,"column":2},"end":{"line":12,"column":7}},"type":"if","locations":[{"start":{"line":7,"column":2},"end":{"line":12,"column":7}}]}},"s":{"0":170,"1":170,"2":166,"3":28,"4":28,"5":0,"6":4,"7":4,"8":4,"9":4,"10":142,"11":142,"12":138,"13":4},"f":{"0":28,"1":4,"2":142},"b":{"0":[28],"1":[138]}}
,"/Users/maksimleno/Documents/Recipe Generator/src/components/FilterBar/FilterBar.jsx": {"path":"/Users/maksimleno/Documents/Recipe Generator/src/components/FilterBar/FilterBar.jsx","statementMap":{"0":{"start":{"line":9,"column":20},"end":{"line":9,"column":null}},"1":{"start":{"line":10,"column":2},"end":{"line":13,"column":null}},"2":{"start":{"line":11,"column":14},"end":{"line":11,"column":null}},"3":{"start":{"line":11,"column":31},"end":{"line":11,"column":44}},"4":{"start":{"line":12,"column":4},"end":{"line":12,"column":null}},"5":{"start":{"line":12,"column":17},"end":{"line":12,"column":null}},"6":{"start":{"line":14,"column":2},"end":{"line":14,"column":null}},"7":{"start":{"line":19,"column":42},"end":{"line":19,"column":null}},"8":{"start":{"line":20,"column":42},"end":{"line":20,"column":null}},"9":{"start":{"line":23,"column":34},"end":{"line":23,"column":null}},"10":{"start":{"line":24,"column":40},"end":{"line":24,"column":null}},"11":{"start":{"line":27,"column":38},"end":{"line":27,"column":null}},"12":{"start":{"line":28,"column":38},"end":{"line":28,"column":null}},"13":{"start":{"line":31,"column":18},"end":{"line":31,"column":null}},"14":{"start":{"line":32,"column":21},"end":{"line":32,"column":null}},"15":{"start":{"line":33,"column":40},"end":{"line":33,"column":null}},"16":{"start":{"line":34,"column":46},"end":{"line":34,"column":null}},"17":{"start":{"line":36,"column":21},"end":{"line":36,"column":null}},"18":{"start":{"line":37,"column":24},"end":{"line":37,"column":null}},"19":{"start":{"line":38,"column":2},"end":{"line":45,"column":null}},"20":{"start":{"line":40,"column":6},"end":{"line":40,"column":null}},"21":{"start":{"line":40,"column":72},"end":{"line":40,"column":null}},"22":{"start":{"line":41,"column":6},"end":{"line":41,"column":null}},"23":{"start":{"line":41,"column":78},"end":{"line":41,"column":null}},"24":{"start":{"line":43,"column":4},"end":{"line":43,"column":null}},"25":{"start":{"line":44,"column":4},"end":{"line":44,"column":null}},"26":{"start":{"line":44,"column":17},"end":{"line":44,"column":null}},"27":{"start":{"line":47,"column":2},"end":{"line":67,"column":null}},"28":{"start":{"line":48,"column":20},"end":{"line":48,"column":null}},"29":{"start":{"line":51,"column":6},"end":{"line":54,"column":null}},"30":{"start":{"line":52,"column":8},"end":{"line":52,"column":null}},"31":{"start":{"line":53,"column":8},"end":{"line":53,"column":null}},"32":{"start":{"line":55,"column":6},"end":{"line":60,"column":null}},"33":{"start":{"line":56,"column":20},"end":{"line":56,"column":null}},"34":{"start":{"line":57,"column":8},"end":{"line":57,"column":null}},"35":{"start":{"line":57,"column":24},"end":{"line":57,"column":null}},"36":{"start":{"line":59,"column":8},"end":{"line":59,"column":null}},"37":{"start":{"line":63,"column":4},"end":{"line":63,"column":null}},"38":{"start":{"line":64,"column":4},"end":{"line":66,"column":null}},"39":{"start":{"line":65,"column":6},"end":{"line":65,"column":null}},"40":{"start":{"line":69,"column":2},"end":{"line":89,"column":null}},"41":{"start":{"line":70,"column":20},"end":{"line":70,"column":null}},"42":{"start":{"line":73,"column":6},"end":{"line":76,"column":null}},"43":{"start":{"line":74,"column":8},"end":{"line":74,"column":null}},"44":{"start":{"line":75,"column":8},"end":{"line":75,"column":null}},"45":{"start":{"line":77,"column":6},"end":{"line":82,"column":null}},"46":{"start":{"line":78,"column":20},"end":{"line":78,"column":null}},"47":{"start":{"line":79,"column":8},"end":{"line":79,"column":null}},"48":{"start":{"line":79,"column":24},"end":{"line":79,"column":null}},"49":{"start":{"line":81,"column":8},"end":{"line":81,"column":null}},"50":{"start":{"line":85,"column":4},"end":{"line":85,"column":null}},"51":{"start":{"line":86,"column":4},"end":{"line":88,"column":null}},"52":{"start":{"line":87,"column":6},"end":{"line":87,"column":null}},"53":{"start":{"line":92,"column":21},"end":{"line":96,"column":null}},"54":{"start":{"line":93,"column":4},"end":{"line":93,"column":null}},"55":{"start":{"line":93,"column":30},"end":{"line":93,"column":87}},"56":{"start":{"line":93,"column":45},"end":{"line":93,"column":61}},"57":{"start":{"line":94,"column":4},"end":{"line":94,"column":null}},"58":{"start":{"line":95,"column":4},"end":{"line":95,"column":null}},"59":{"start":{"line":97,"column":21},"end":{"line":101,"column":null}},"60":{"start":{"line":98,"column":4},"end":{"line":98,"column":null}},"61":{"start":{"line":98,"column":30},"end":{"line":98,"column":87}},"62":{"start":{"line":98,"column":45},"end":{"line":98,"column":61}},"63":{"start":{"line":99,"column":4},"end":{"line":99,"column":null}},"64":{"start":{"line":100,"column":4},"end":{"line":100,"column":null}},"65":{"start":{"line":104,"column":24},"end":{"line":104,"column":null}},"66":{"start":{"line":104,"column":32},"end":{"line":104,"column":null}},"67":{"start":{"line":104,"column":56},"end":{"line":104,"column":85}},"68":{"start":{"line":104,"column":73},"end":{"line":104,"column":84}},"69":{"start":{"line":105,"column":24},"end":{"line":105,"column":null}},"70":{"start":{"line":105,"column":32},"end":{"line":105,"column":null}},"71":{"start":{"line":105,"column":56},"end":{"line":105,"column":85}},"72":{"start":{"line":105,"column":73},"end":{"line":105,"column":84}},"73":{"start":{"line":108,"column":16},"end":{"line":113,"column":null}},"74":{"start":{"line":108,"column":31},"end":{"line":113,"column":4}},"75":{"start":{"line":109,"column":36},"end":{"line":109,"column":40}},"76":{"start":{"line":110,"column":36},"end":{"line":110,"column":40}},"77":{"start":{"line":116,"column":2},"end":{"line":138,"column":null}},"78":{"start":{"line":117,"column":20},"end":{"line":117,"column":null}},"79":{"start":{"line":120,"column":6},"end":{"line":130,"column":null}},"80":{"start":{"line":121,"column":20},"end":{"line":121,"column":null}},"81":{"start":{"line":122,"column":8},"end":{"line":124,"column":null}},"82":{"start":{"line":123,"column":10},"end":{"line":123,"column":null}},"83":{"start":{"line":126,"column":8},"end":{"line":126,"column":null}},"84":{"start":{"line":127,"column":8},"end":{"line":129,"column":null}},"85":{"start":{"line":128,"column":10},"end":{"line":128,"column":null}},"86":{"start":{"line":133,"column":4},"end":{"line":133,"column":null}},"87":{"start":{"line":135,"column":4},"end":{"line":137,"column":null}},"88":{"start":{"line":136,"column":6},"end":{"line":136,"column":null}},"89":{"start":{"line":140,"column":16},"end":{"line":145,"column":null}},"90":{"start":{"line":141,"column":2},"end":{"line":141,"column":23}},"91":{"start":{"line":141,"column":23},"end":{"line":141,"column":null}},"92":{"start":{"line":142,"column":2},"end":{"line":142,"column":19}},"93":{"start":{"line":142,"column":19},"end":{"line":142,"column":null}},"94":{"start":{"line":143,"column":2},"end":{"line":143,"column":null}},"95":{"start":{"line":144,"column":2},"end":{"line":144,"column":null}},"96":{"start":{"line":147,"column":26},"end":{"line":153,"column":null}},"97":{"start":{"line":148,"column":2},"end":{"line":152,"column":null}},"98":{"start":{"line":149,"column":4},"end":{"line":151,"column":null}},"99":{"start":{"line":150,"column":25},"end":{"line":150,"column":36}},"100":{"start":{"line":155,"column":2},"end":{"line":260,"column":null}},"101":{"start":{"line":175,"column":14},"end":{"line":178,"column":null}},"102":{"start":{"line":177,"column":58},"end":{"line":177,"column":82}},"103":{"start":{"line":186,"column":31},"end":{"line":186,"column":null}},"104":{"start":{"line":188,"column":34},"end":{"line":188,"column":77}},"105":{"start":{"line":188,"column":57},"end":{"line":188,"column":77}},"106":{"start":{"line":193,"column":18},"end":{"line":195,"column":null}},"107":{"start":{"line":193,"column":76},"end":{"line":193,"column":null}},"108":{"start":{"line":207,"column":14},"end":{"line":210,"column":null}},"109":{"start":{"line":209,"column":58},"end":{"line":209,"column":82}},"110":{"start":{"line":218,"column":31},"end":{"line":218,"column":null}},"111":{"start":{"line":220,"column":34},"end":{"line":220,"column":77}},"112":{"start":{"line":220,"column":57},"end":{"line":220,"column":77}},"113":{"start":{"line":225,"column":18},"end":{"line":227,"column":null}},"114":{"start":{"line":225,"column":76},"end":{"line":225,"column":null}},"115":{"start":{"line":240,"column":14},"end":{"line":246,"column":null}},"116":{"start":{"line":244,"column":34},"end":{"line":244,"column":null}},"117":{"start":{"line":255,"column":71},"end":{"line":255,"column":104}}},"fnMap":{"0":{"name":"useDebounced","decl":{"start":{"line":8,"column":9},"end":{"line":8,"column":22}},"loc":{"start":{"line":8,"column":39},"end":{"line":15,"column":null}}},"1":{"name":"(anonymous_1)","decl":{"start":{"line":10,"column":12},"end":{"line":10,"column":18}},"loc":{"start":{"line":10,"column":18},"end":{"line":13,"column":5}}},"2":{"name":"(anonymous_2)","decl":{"start":{"line":11,"column":25},"end":{"line":11,"column":31}},"loc":{"start":{"line":11,"column":31},"end":{"line":11,"column":44}}},"3":{"name":"(anonymous_3)","decl":{"start":{"line":12,"column":11},"end":{"line":12,"column":17}},"loc":{"start":{"line":12,"column":17},"end":{"line":12,"column":null}}},"4":{"name":"FilterBar","decl":{"start":{"line":17,"column":24},"end":{"line":17,"column":34}},"loc":{"start":{"line":17,"column":49},"end":{"line":262,"column":null}}},"5":{"name":"(anonymous_5)","decl":{"start":{"line":38,"column":12},"end":{"line":38,"column":18}},"loc":{"start":{"line":38,"column":18},"end":{"line":45,"column":5}}},"6":{"name":"handler","decl":{"start":{"line":39,"column":13},"end":{"line":39,"column":21}},"loc":{"start":{"line":39,"column":24},"end":{"line":42,"column":null}}},"7":{"name":"(anonymous_7)","decl":{"start":{"line":44,"column":11},"end":{"line":44,"column":17}},"loc":{"start":{"line":44,"column":17},"end":{"line":44,"column":null}}},"8":{"name":"(anonymous_8)","decl":{"start":{"line":47,"column":12},"end":{"line":47,"column":18}},"loc":{"start":{"line":47,"column":18},"end":{"line":67,"column":5}}},"9":{"name":"load","decl":{"start":{"line":50,"column":19},"end":{"line":50,"column":26}},"loc":{"start":{"line":50,"column":26},"end":{"line":61,"column":null}}},"10":{"name":"(anonymous_10)","decl":{"start":{"line":64,"column":11},"end":{"line":64,"column":17}},"loc":{"start":{"line":64,"column":17},"end":{"line":66,"column":null}}},"11":{"name":"(anonymous_11)","decl":{"start":{"line":69,"column":12},"end":{"line":69,"column":18}},"loc":{"start":{"line":69,"column":18},"end":{"line":89,"column":5}}},"12":{"name":"load","decl":{"start":{"line":72,"column":19},"end":{"line":72,"column":26}},"loc":{"start":{"line":72,"column":26},"end":{"line":83,"column":null}}},"13":{"name":"(anonymous_13)","decl":{"start":{"line":86,"column":11},"end":{"line":86,"column":17}},"loc":{"start":{"line":86,"column":17},"end":{"line":88,"column":null}}},"14":{"name":"(anonymous_14)","decl":{"start":{"line":92,"column":21},"end":{"line":92,"column":22}},"loc":{"start":{"line":92,"column":31},"end":{"line":96,"column":null}}},"15":{"name":"(anonymous_15)","decl":{"start":{"line":93,"column":20},"end":{"line":93,"column":21}},"loc":{"start":{"line":93,"column":30},"end":{"line":93,"column":87}}},"16":{"name":"(anonymous_16)","decl":{"start":{"line":93,"column":40},"end":{"line":93,"column":45}},"loc":{"start":{"line":93,"column":45},"end":{"line":93,"column":61}}},"17":{"name":"(anonymous_17)","decl":{"start":{"line":97,"column":21},"end":{"line":97,"column":22}},"loc":{"start":{"line":97,"column":31},"end":{"line":101,"column":null}}},"18":{"name":"(anonymous_18)","decl":{"start":{"line":98,"column":20},"end":{"line":98,"column":21}},"loc":{"start":{"line":98,"column":30},"end":{"line":98,"column":87}}},"19":{"name":"(anonymous_19)","decl":{"start":{"line":98,"column":40},"end":{"line":98,"column":45}},"loc":{"start":{"line":98,"column":45},"end":{"line":98,"column":61}}},"20":{"name":"(anonymous_20)","decl":{"start":{"line":104,"column":24},"end":{"line":104,"column":25}},"loc":{"start":{"line":104,"column":32},"end":{"line":104,"column":null}}},"21":{"name":"(anonymous_21)","decl":{"start":{"line":104,"column":48},"end":{"line":104,"column":56}},"loc":{"start":{"line":104,"column":56},"end":{"line":104,"column":85}}},"22":{"name":"(anonymous_22)","decl":{"start":{"line":104,"column":68},"end":{"line":104,"column":73}},"loc":{"start":{"line":104,"column":73},"end":{"line":104,"column":84}}},"23":{"name":"(anonymous_23)","decl":{"start":{"line":105,"column":24},"end":{"line":105,"column":25}},"loc":{"start":{"line":105,"column":32},"end":{"line":105,"column":null}}},"24":{"name":"(anonymous_24)","decl":{"start":{"line":105,"column":48},"end":{"line":105,"column":56}},"loc":{"start":{"line":105,"column":56},"end":{"line":105,"column":85}}},"25":{"name":"(anonymous_25)","decl":{"start":{"line":105,"column":68},"end":{"line":105,"column":73}},"loc":{"start":{"line":105,"column":73},"end":{"line":105,"column":84}}},"26":{"name":"(anonymous_26)","decl":{"start":{"line":108,"column":24},"end":{"line":108,"column":31}},"loc":{"start":{"line":108,"column":31},"end":{"line":113,"column":4}}},"27":{"name":"(anonymous_27)","decl":{"start":{"line":109,"column":31},"end":{"line":109,"column":36}},"loc":{"start":{"line":109,"column":36},"end":{"line":109,"column":40}}},"28":{"name":"(anonymous_28)","decl":{"start":{"line":110,"column":31},"end":{"line":110,"column":36}},"loc":{"start":{"line":110,"column":36},"end":{"line":110,"column":40}}},"29":{"name":"(anonymous_29)","decl":{"start":{"line":116,"column":12},"end":{"line":116,"column":18}},"loc":{"start":{"line":116,"column":18},"end":{"line":138,"column":5}}},"30":{"name":"doSearch","decl":{"start":{"line":119,"column":19},"end":{"line":119,"column":30}},"loc":{"start":{"line":119,"column":30},"end":{"line":131,"column":null}}},"31":{"name":"(anonymous_31)","decl":{"start":{"line":135,"column":11},"end":{"line":135,"column":17}},"loc":{"start":{"line":135,"column":17},"end":{"line":137,"column":null}}},"32":{"name":"(anonymous_32)","decl":{"start":{"line":140,"column":16},"end":{"line":140,"column":22}},"loc":{"start":{"line":140,"column":22},"end":{"line":145,"column":null}}},"33":{"name":"(anonymous_33)","decl":{"start":{"line":147,"column":26},"end":{"line":147,"column":27}},"loc":{"start":{"line":147,"column":37},"end":{"line":153,"column":null}}},"34":{"name":"(anonymous_34)","decl":{"start":{"line":148,"column":16},"end":{"line":148,"column":17}},"loc":{"start":{"line":149,"column":4},"end":{"line":151,"column":null}}},"35":{"name":"(anonymous_35)","decl":{"start":{"line":150,"column":20},"end":{"line":150,"column":25}},"loc":{"start":{"line":150,"column":25},"end":{"line":150,"column":36}}},"36":{"name":"(anonymous_36)","decl":{"start":{"line":174,"column":30},"end":{"line":174,"column":null}},"loc":{"start":{"line":175,"column":14},"end":{"line":178,"column":null}}},"37":{"name":"(anonymous_37)","decl":{"start":{"line":177,"column":52},"end":{"line":177,"column":58}},"loc":{"start":{"line":177,"column":58},"end":{"line":177,"column":82}}},"38":{"name":"(anonymous_38)","decl":{"start":{"line":186,"column":24},"end":{"line":186,"column":25}},"loc":{"start":{"line":186,"column":31},"end":{"line":186,"column":null}}},"39":{"name":"(anonymous_39)","decl":{"start":{"line":188,"column":25},"end":{"line":188,"column":26}},"loc":{"start":{"line":188,"column":32},"end":{"line":188,"column":null}}},"40":{"name":"(anonymous_40)","decl":{"start":{"line":192,"column":33},"end":{"line":192,"column":null}},"loc":{"start":{"line":193,"column":18},"end":{"line":195,"column":null}}},"41":{"name":"(anonymous_41)","decl":{"start":{"line":193,"column":70},"end":{"line":193,"column":76}},"loc":{"start":{"line":193,"column":76},"end":{"line":193,"column":null}}},"42":{"name":"(anonymous_42)","decl":{"start":{"line":206,"column":30},"end":{"line":206,"column":null}},"loc":{"start":{"line":207,"column":14},"end":{"line":210,"column":null}}},"43":{"name":"(anonymous_43)","decl":{"start":{"line":209,"column":52},"end":{"line":209,"column":58}},"loc":{"start":{"line":209,"column":58},"end":{"line":209,"column":82}}},"44":{"name":"(anonymous_44)","decl":{"start":{"line":218,"column":24},"end":{"line":218,"column":25}},"loc":{"start":{"line":218,"column":31},"end":{"line":218,"column":null}}},"45":{"name":"(anonymous_45)","decl":{"start":{"line":220,"column":25},"end":{"line":220,"column":26}},"loc":{"start":{"line":220,"column":32},"end":{"line":220,"column":null}}},"46":{"name":"(anonymous_46)","decl":{"start":{"line":224,"column":36},"end":{"line":224,"column":null}},"loc":{"start":{"line":225,"column":18},"end":{"line":227,"column":null}}},"47":{"name":"(anonymous_47)","decl":{"start":{"line":225,"column":70},"end":{"line":225,"column":76}},"loc":{"start":{"line":225,"column":76},"end":{"line":225,"column":null}}},"48":{"name":"(anonymous_48)","decl":{"start":{"line":239,"column":47},"end":{"line":239,"column":null}},"loc":{"start":{"line":240,"column":14},"end":{"line":246,"column":null}}},"49":{"name":"(anonymous_49)","decl":{"start":{"line":244,"column":28},"end":{"line":244,"column":34}},"loc":{"start":{"line":244,"column":34},"end":{"line":244,"column":null}}},"50":{"name":"(anonymous_50)","decl":{"start":{"line":255,"column":66},"end":{"line":255,"column":71}},"loc":{"start":{"line":255,"column":71},"end":{"line":255,"column":104}}}},"branchMap":{"0":{"loc":{"start":{"line":8,"column":29},"end":{"line":8,"column":39}},"type":"default-arg","locations":[{"start":{"line":8,"column":34},"end":{"line":8,"column":39}}]},"1":{"loc":{"start":{"line":40,"column":6},"end":{"line":40,"column":null}},"type":"if","locations":[{"start":{"line":40,"column":6},"end":{"line":40,"column":null}}]},"2":{"loc":{"start":{"line":40,"column":10},"end":{"line":40,"column":72}},"type":"binary-expr","locations":[{"start":{"line":40,"column":10},"end":{"line":40,"column":32}},{"start":{"line":40,"column":32},"end":{"line":40,"column":72}}]},"3":{"loc":{"start":{"line":41,"column":6},"end":{"line":41,"column":null}},"type":"if","locations":[{"start":{"line":41,"column":6},"end":{"line":41,"column":null}}]},"4":{"loc":{"start":{"line":41,"column":10},"end":{"line":41,"column":78}},"type":"binary-expr","locations":[{"start":{"line":41,"column":10},"end":{"line":41,"column":35}},{"start":{"line":41,"column":35},"end":{"line":41,"column":78}}]},"5":{"loc":{"start":{"line":51,"column":6},"end":{"line":54,"column":null}},"type":"if","locations":[{"start":{"line":51,"column":6},"end":{"line":54,"column":null}}]},"6":{"loc":{"start":{"line":57,"column":8},"end":{"line":57,"column":null}},"type":"if","locations":[{"start":{"line":57,"column":8},"end":{"line":57,"column":null}}]},"7":{"loc":{"start":{"line":73,"column":6},"end":{"line":76,"column":null}},"type":"if","locations":[{"start":{"line":73,"column":6},"end":{"line":76,"column":null}}]},"8":{"loc":{"start":{"line":79,"column":8},"end":{"line":79,"column":null}},"type":"if","locations":[{"start":{"line":79,"column":8},"end":{"line":79,"column":null}}]},"9":{"loc":{"start":{"line":93,"column":30},"end":{"line":93,"column":87}},"type":"cond-expr","locations":[{"start":{"line":93,"column":65},"end":{"line":93,"column":72}},{"start":{"line":93,"column":72},"end":{"line":93,"column":87}}]},"10":{"loc":{"start":{"line":98,"column":30},"end":{"line":98,"column":87}},"type":"cond-expr","locations":[{"start":{"line":98,"column":65},"end":{"line":98,"column":72}},{"start":{"line":98,"column":72},"end":{"line":98,"column":87}}]},"11":{"loc":{"start":{"line":122,"column":8},"end":{"line":124,"column":null}},"type":"if","locations":[{"start":{"line":122,"column":8},"end":{"line":124,"column":null}}]},"12":{"loc":{"start":{"line":127,"column":8},"end":{"line":129,"column":null}},"type":"if","locations":[{"start":{"line":127,"column":8},"end":{"line":129,"column":null}}]},"13":{"loc":{"start":{"line":149,"column":4},"end":{"line":151,"column":null}},"type":"cond-expr","locations":[{"start":{"line":150,"column":8},"end":{"line":150,"column":null}},{"start":{"line":151,"column":8},"end":{"line":151,"column":null}}]},"14":{"loc":{"start":{"line":187,"column":27},"end":{"line":187,"column":null}},"type":"cond-expr","locations":[{"start":{"line":187,"column":49},"end":{"line":187,"column":77}},{"start":{"line":187,"column":77},"end":{"line":187,"column":null}}]},"15":{"loc":{"start":{"line":188,"column":34},"end":{"line":188,"column":77}},"type":"if","locations":[{"start":{"line":188,"column":34},"end":{"line":188,"column":77}}]},"16":{"loc":{"start":{"line":190,"column":13},"end":{"line":197,"column":null}},"type":"binary-expr","locations":[{"start":{"line":190,"column":13},"end":{"line":190,"column":null}},{"start":{"line":191,"column":14},"end":{"line":197,"column":null}}]},"17":{"loc":{"start":{"line":219,"column":27},"end":{"line":219,"column":null}},"type":"cond-expr","locations":[{"start":{"line":219,"column":49},"end":{"line":219,"column":77}},{"start":{"line":219,"column":77},"end":{"line":219,"column":null}}]},"18":{"loc":{"start":{"line":220,"column":34},"end":{"line":220,"column":77}},"type":"if","locations":[{"start":{"line":220,"column":34},"end":{"line":220,"column":77}}]},"19":{"loc":{"start":{"line":222,"column":13},"end":{"line":229,"column":null}},"type":"binary-expr","locations":[{"start":{"line":222,"column":13},"end":{"line":222,"column":null}},{"start":{"line":223,"column":14},"end":{"line":229,"column":null}}]}},"s":{"0":164,"1":164,"2":58,"3":10,"4":58,"5":44,"6":164,"7":82,"8":82,"9":82,"10":82,"11":82,"12":82,"13":82,"14":82,"15":82,"16":82,"17":82,"18":82,"19":82,"20":16,"21":14,"22":16,"23":14,"24":14,"25":14,"26":7,"27":82,"28":14,"29":14,"30":14,"31":14,"32":0,"33":0,"34":0,"35":0,"36":0,"37":14,"38":14,"39":7,"40":82,"41":14,"42":14,"43":14,"44":14,"45":0,"46":0,"47":0,"48":0,"49":0,"50":14,"51":14,"52":7,"53":82,"54":0,"55":0,"56":0,"57":0,"58":0,"59":82,"60":0,"61":0,"62":0,"63":0,"64":0,"65":82,"66":0,"67":0,"68":0,"69":82,"70":0,"71":0,"72":0,"73":82,"74":26,"75":0,"76":0,"77":82,"78":26,"79":26,"80":26,"81":21,"82":21,"83":0,"84":0,"85":0,"86":26,"87":26,"88":19,"89":82,"90":2,"91":2,"92":2,"93":2,"94":2,"95":2,"96":82,"97":5,"98":5,"99":0,"100":82,"101":0,"102":0,"103":16,"104":16,"105":0,"106":0,"107":0,"108":0,"109":0,"110":10,"111":10,"112":0,"113":0,"114":0,"115":328,"116":5,"117":5},"f":{"0":164,"1":58,"2":10,"3":44,"4":82,"5":14,"6":16,"7":7,"8":14,"9":14,"10":7,"11":14,"12":14,"13":7,"14":0,"15":0,"16":0,"17":0,"18":0,"19":0,"20":0,"21":0,"22":0,"23":0,"24":0,"25":0,"26":26,"27":0,"28":0,"29":26,"30":26,"31":19,"32":2,"33":5,"34":5,"35":0,"36":0,"37":0,"38":16,"39":16,"40":0,"41":0,"42":0,"43":0,"44":10,"45":10,"46":0,"47":0,"48":328,"49":5,"50":5},"b":{"0":[164],"1":[14],"2":[16,16],"3":[14],"4":[16,16],"5":[14],"6":[0],"7":[14],"8":[0],"9":[0,0],"10":[0,0],"11":[21],"12":[0],"13":[0,5],"14":[0,82],"15":[0],"16":[82,0],"17":[0,82],"18":[0],"19":[82,0]}}
,"/Users/maksimleno/Documents/Recipe Generator/src/components/RecipeCard/RecipeCard.jsx": {"path":"/Users/maksimleno/Documents/Recipe Generator/src/components/RecipeCard/RecipeCard.jsx","statementMap":{"0":{"start":{"line":12,"column":47},"end":{"line":12,"column":null}},"1":{"start":{"line":13,"column":14},"end":{"line":13,"column":null}},"2":{"start":{"line":14,"column":19},"end":{"line":14,"column":null}},"3":{"start":{"line":15,"column":23},"end":{"line":15,"column":null}},"4":{"start":{"line":16,"column":35},"end":{"line":16,"column":null}},"5":{"start":{"line":17,"column":19},"end":{"line":17,"column":null}},"6":{"start":{"line":19,"column":22},"end":{"line":36,"column":null}},"7":{"start":{"line":20,"column":4},"end":{"line":20,"column":null}},"8":{"start":{"line":21,"column":4},"end":{"line":21,"column":null}},"9":{"start":{"line":23,"column":4},"end":{"line":26,"column":null}},"10":{"start":{"line":24,"column":6},"end":{"line":24,"column":null}},"11":{"start":{"line":25,"column":6},"end":{"line":25,"column":null}},"12":{"start":{"line":27,"column":4},"end":{"line":35,"column":null}},"13":{"start":{"line":28,"column":6},"end":{"line":28,"column":null}},"14":{"start":{"line":30,"column":6},"end":{"line":30,"column":null}},"15":{"start":{"line":32,"column":6},"end":{"line":34,"column":null}},"16":{"start":{"line":33,"column":8},"end":{"line":33,"column":null}},"17":{"start":{"line":38,"column":30},"end":{"line":38,"column":null}},"18":{"start":{"line":40,"column":18},"end":{"line":44,"column":null}},"19":{"start":{"line":41,"column":4},"end":{"line":41,"column":null}},"20":{"start":{"line":42,"column":4},"end":{"line":42,"column":null}},"21":{"start":{"line":43,"column":4},"end":{"line":43,"column":null}},"22":{"start":{"line":47,"column":14},"end":{"line":47,"column":null}},"23":{"start":{"line":48,"column":15},"end":{"line":48,"column":null}},"24":{"start":{"line":49,"column":18},"end":{"line":49,"column":null}},"25":{"start":{"line":51,"column":2},"end":{"line":51,"column":null}},"26":{"start":{"line":51,"column":36},"end":{"line":51,"column":null}},"27":{"start":{"line":52,"column":2},"end":{"line":52,"column":null}},"28":{"start":{"line":52,"column":64},"end":{"line":52,"column":null}},"29":{"start":{"line":53,"column":2},"end":{"line":53,"column":null}},"30":{"start":{"line":56,"column":2},"end":{"line":90,"column":null}},"31":{"start":{"line":71,"column":14},"end":{"line":75,"column":null}},"32":{"start":{"line":75,"column":32},"end":{"line":75,"column":46}},"33":{"start":{"line":92,"column":1},"end":{"line":16,"column":44}},"34":{"start":{"line":12,"column":34},"end":{"line":16,"column":44}},"35":{"start":{"line":16,"column":43},"end":{"line":12,"column":34}},"36":{"start":{"line":12,"column":34},"end":{"line":12,"column":35}},"37":{"start":{"line":12,"column":0},"end":{"line":12,"column":34}},"38":{"start":{"line":14,"column":31},"end":{"line":14,"column":null}},"39":{"start":{"line":15,"column":19},"end":{"line":15,"column":null}},"40":{"start":{"line":16,"column":19},"end":{"line":33,"column":null}},"41":{"start":{"line":17,"column":2},"end":{"line":17,"column":27}},"42":{"start":{"line":19,"column":2},"end":{"line":19,"column":29}},"43":{"start":{"line":20,"column":4},"end":{"line":24,"column":10}},"44":{"start":{"line":21,"column":6},"end":{"line":21,"column":null}},"45":{"start":{"line":23,"column":4},"end":{"line":23,"column":19}},"46":{"start":{"line":25,"column":6},"end":{"line":33,"column":12}},"47":{"start":{"line":26,"column":4},"end":{"line":26,"column":null}},"48":{"start":{"line":29,"column":4},"end":{"line":32,"column":10}},"49":{"start":{"line":35,"column":4},"end":{"line":35,"column":null}},"50":{"start":{"line":36,"column":2},"end":{"line":42,"column":6}},"51":{"start":{"line":38,"column":2},"end":{"line":38,"column":26}},"52":{"start":{"line":40,"column":2},"end":{"line":40,"column":28}},"53":{"start":{"line":41,"column":4},"end":{"line":41,"column":21}},"54":{"start":{"line":44,"column":2},"end":{"line":44,"column":null}},"55":{"start":{"line":46,"column":11},"end":{"line":46,"column":26}},"56":{"start":{"line":48,"column":2},"end":{"line":48,"column":null}},"57":{"start":{"line":48,"column":21},"end":{"line":48,"column":null}},"58":{"start":{"line":49,"column":2},"end":{"line":49,"column":null}},"59":{"start":{"line":49,"column":24},"end":{"line":49,"column":null}},"60":{"start":{"line":51,"column":2},"end":{"line":51,"column":32}},"61":{"start":{"line":53,"column":2},"end":{"line":57,"column":5}},"62":{"start":{"line":66,"column":8},"end":{"line":71,"column":15}},"63":{"start":{"line":71,"column":15},"end":{"line":71,"column":null}}},"fnMap":{"0":{"name":"RecipeCard","decl":{"start":{"line":12,"column":24},"end":{"line":12,"column":34}},"loc":{"start":{"line":12,"column":47},"end":{"line":92,"column":1}}},"1":{"name":"(anonymous_1)","decl":{"start":{"line":19,"column":22},"end":{"line":19,"column":29}},"loc":{"start":{"line":19,"column":35},"end":{"line":36,"column":null}}},"2":{"name":"(anonymous_2)","decl":{"start":{"line":40,"column":18},"end":{"line":40,"column":19}},"loc":{"start":{"line":40,"column":28},"end":{"line":44,"column":null}}},"3":{"name":"formatPortions","decl":{"start":{"line":46,"column":11},"end":{"line":46,"column":26}},"loc":{"start":{"line":46,"column":29},"end":{"line":54,"column":null}}},"4":{"name":"(anonymous_4)","decl":{"start":{"line":70,"column":33},"end":{"line":70,"column":34}},"loc":{"start":{"line":71,"column":14},"end":{"line":75,"column":null}}},"5":{"name":"(anonymous_5)","decl":{"start":{"line":75,"column":25},"end":{"line":75,"column":26}},"loc":{"start":{"line":75,"column":32},"end":{"line":75,"column":46}}},"6":{"name":"(anonymous_6)","decl":{"start":{"line":12,"column":34},"end":{"line":12,"column":35}},"loc":{"start":{"line":12,"column":34},"end":{"line":16,"column":44}}},"7":{"name":"RecipeCard","decl":{"start":{"line":10,"column":9},"end":{"line":10,"column":null}},"loc":{"start":{"line":10,"column":25},"end":{"line":57,"column":5}}},"8":{"name":"(anonymous_1)","decl":{"start":{"line":16,"column":19},"end":{"line":16,"column":31}},"loc":{"start":{"line":16,"column":35},"end":{"line":33,"column":null}}},"9":{"name":"(anonymous_2)","decl":{"start":{"line":36,"column":2},"end":{"line":36,"column":null}},"loc":{"start":{"line":36,"column":2},"end":{"line":42,"column":6}}},"10":{"name":"formatPortions","decl":{"start":{"line":43,"column":4},"end":{"line":43,"column":null}},"loc":{"start":{"line":43,"column":15},"end":{"line":52,"column":6}}},"11":{"name":"(anonymous_4)","decl":{"start":{"line":66,"column":8},"end":{"line":66,"column":null}},"loc":{"start":{"line":66,"column":8},"end":{"line":71,"column":15}}},"12":{"name":"(anonymous_5)","decl":{"start":{"line":71,"column":15},"end":{"line":71,"column":null}},"loc":{"start":{"line":71,"column":15},"end":{"line":71,"column":null}}}},"branchMap":{"0":{"loc":{"start":{"line":23,"column":4},"end":{"line":26,"column":null}},"type":"if","locations":[{"start":{"line":23,"column":4},"end":{"line":26,"column":null}}]},"1":{"loc":{"start":{"line":32,"column":6},"end":{"line":34,"column":null}},"type":"if","locations":[{"start":{"line":32,"column":6},"end":{"line":34,"column":null}}]},"2":{"loc":{"start":{"line":51,"column":2},"end":{"line":51,"column":null}},"type":"if","locations":[{"start":{"line":51,"column":2},"end":{"line":51,"column":null}}]},"3":{"loc":{"start":{"line":51,"column":6},"end":{"line":51,"column":36}},"type":"binary-expr","locations":[{"start":{"line":51,"column":6},"end":{"line":51,"column":20}},{"start":{"line":51,"column":20},"end":{"line":51,"column":36}}]},"4":{"loc":{"start":{"line":52,"column":2},"end":{"line":52,"column":null}},"type":"if","locations":[{"start":{"line":52,"column":2},"end":{"line":52,"column":null}}]},"5":{"loc":{"start":{"line":52,"column":6},"end":{"line":52,"column":64}},"type":"binary-expr","locations":[{"start":{"line":52,"column":6},"end":{"line":52,"column":19}},{"start":{"line":52,"column":19},"end":{"line":52,"column":33}},{"start":{"line":52,"column":33},"end":{"line":52,"column":49}},{"start":{"line":52,"column":49},"end":{"line":52,"column":64}}]},"6":{"loc":{"start":{"line":73,"column":21},"end":{"line":73,"column":null}},"type":"cond-expr","locations":[{"start":{"line":73,"column":35},"end":{"line":73,"column":52}},{"start":{"line":73,"column":52},"end":{"line":73,"column":null}}]},"7":{"loc":{"start":{"line":84,"column":33},"end":{"line":84,"column":56}},"type":"cond-expr","locations":[{"start":{"line":84,"column":44},"end":{"line":84,"column":54}},{"start":{"line":84,"column":54},"end":{"line":84,"column":56}}]},"8":{"loc":{"start":{"line":87,"column":11},"end":{"line":87,"column":null}},"type":"cond-expr","locations":[{"start":{"line":87,"column":22},"end":{"line":87,"column":36}},{"start":{"line":87,"column":36},"end":{"line":87,"column":null}}]},"9":{"loc":{"start":{"line":20,"column":4},"end":{"line":24,"column":10}},"type":"if","locations":[{"start":{"line":20,"column":4},"end":{"line":24,"column":10}}]},"10":{"loc":{"start":{"line":29,"column":4},"end":{"line":32,"column":10}},"type":"if","locations":[{"start":{"line":29,"column":4},"end":{"line":32,"column":10}}]},"11":{"loc":{"start":{"line":48,"column":2},"end":{"line":48,"column":null}},"type":"if","locations":[{"start":{"line":48,"column":2},"end":{"line":48,"column":null}}]},"12":{"loc":{"start":{"line":48,"column":2},"end":{"line":48,"column":null}},"type":"binary-expr","locations":[{"start":{"line":48,"column":2},"end":{"line":48,"column":21}},{"start":{"line":48,"column":15},"end":{"line":48,"column":null}}]},"13":{"loc":{"start":{"line":49,"column":2},"end":{"line":49,"column":null}},"type":"if","locations":[{"start":{"line":49,"column":2},"end":{"line":49,"column":null}}]},"14":{"loc":{"start":{"line":49,"column":2},"end":{"line":49,"column":null}},"type":"binary-expr","locations":[{"start":{"line":49,"column":2},"end":{"line":49,"column":18}},{"start":{"line":49,"column":18},"end":{"line":49,"column":null}},{"start":{"line":49,"column":24},"end":{"line":49,"column":null}},{"start":{"line":49,"column":24},"end":{"line":49,"column":null}}]},"15":{"loc":{"start":{"line":71,"column":14},"end":{"line":71,"column":15}},"type":"cond-expr","locations":[{"start":{"line":71,"column":14},"end":{"line":71,"column":15}},{"start":{"line":71,"column":14},"end":{"line":71,"column":15}}]},"16":{"loc":{"start":{"line":82,"column":8},"end":{"line":82,"column":9}},"type":"cond-expr","locations":[{"start":{"line":82,"column":8},"end":{"line":82,"column":9}},{"start":{"line":82,"column":8},"end":{"line":82,"column":9}}]},"17":{"loc":{"start":{"line":82,"column":9},"end":{"line":82,"column":null}},"type":"cond-expr","locations":[{"start":{"line":82,"column":9},"end":{"line":82,"column":null}},{"start":{"line":82,"column":9},"end":{"line":82,"column":null}}]}},"s":{"0":69,"1":69,"2":0,"3":69,"4":69,"5":69,"6":0,"7":2,"8":2,"9":69,"10":69,"11":0,"12":0,"13":0,"14":0,"15":0,"16":69,"17":69,"18":0,"19":69,"20":0,"21":0,"22":69,"23":69,"24":54,"25":0,"26":0,"27":0,"28":0,"29":69,"30":0,"31":69,"32":345,"33":4,"34":0,"35":4,"36":4,"37":69,"38":69,"39":69,"40":69,"41":2,"42":2,"43":2,"44":2,"45":2,"46":0,"47":0,"48":0,"49":69,"50":69,"51":4,"52":4,"53":4,"54":69,"55":69,"56":69,"57":15,"58":54,"59":48,"60":6,"61":69,"62":345,"63":4},"f":{"0":0,"1":69,"2":69,"3":69,"4":69,"5":345,"6":0,"7":69,"8":2,"9":4,"10":69,"11":345,"12":4},"b":{"0":[0],"1":[0],"2":[0],"3":[0,0],"4":[0],"5":[0,0,0,0],"6":[0,0],"7":[0,0],"8":[0,0],"9":[2],"10":[0],"11":[15],"12":[69,15],"13":[48],"14":[54,54,48,0],"15":[238,107],"16":[0,69],"17":[0,69]}}
,"/Users/maksimleno/Documents/Recipe Generator/src/components/RecipesGrid/RecipesGrid.jsx": {"path":"/Users/maksimleno/Documents/Recipe Generator/src/components/RecipesGrid/RecipesGrid.jsx","statementMap":{"0":{"start":{"line":11,"column":32},"end":{"line":11,"column":null}},"1":{"start":{"line":12,"column":32},"end":{"line":12,"column":null}},"2":{"start":{"line":13,"column":28},"end":{"line":13,"column":null}},"3":{"start":{"line":15,"column":30},"end":{"line":15,"column":null}},"4":{"start":{"line":17,"column":2},"end":{"line":44,"column":null}},"5":{"start":{"line":18,"column":20},"end":{"line":18,"column":null}},"6":{"start":{"line":21,"column":6},"end":{"line":37,"column":null}},"7":{"start":{"line":22,"column":8},"end":{"line":22,"column":null}},"8":{"start":{"line":23,"column":8},"end":{"line":23,"column":null}},"9":{"start":{"line":24,"column":21},"end":{"line":24,"column":null}},"10":{"start":{"line":25,"column":8},"end":{"line":27,"column":null}},"11":{"start":{"line":26,"column":10},"end":{"line":26,"column":null}},"12":{"start":{"line":29,"column":8},"end":{"line":29,"column":null}},"13":{"start":{"line":30,"column":8},"end":{"line":32,"column":null}},"14":{"start":{"line":31,"column":10},"end":{"line":31,"column":null}},"15":{"start":{"line":34,"column":8},"end":{"line":36,"column":null}},"16":{"start":{"line":35,"column":10},"end":{"line":35,"column":null}},"17":{"start":{"line":40,"column":4},"end":{"line":40,"column":null}},"18":{"start":{"line":41,"column":4},"end":{"line":43,"column":null}},"19":{"start":{"line":42,"column":6},"end":{"line":42,"column":null}},"20":{"start":{"line":46,"column":19},"end":{"line":46,"column":null}},"21":{"start":{"line":48,"column":19},"end":{"line":52,"column":null}},"22":{"start":{"line":49,"column":14},"end":{"line":49,"column":null}},"23":{"start":{"line":50,"column":4},"end":{"line":50,"column":null}},"24":{"start":{"line":50,"column":12},"end":{"line":50,"column":null}},"25":{"start":{"line":51,"column":4},"end":{"line":51,"column":null}},"26":{"start":{"line":51,"column":32},"end":{"line":51,"column":64}},"27":{"start":{"line":54,"column":2},"end":{"line":100,"column":null}},"28":{"start":{"line":62,"column":27},"end":{"line":62,"column":null}},"29":{"start":{"line":89,"column":12},"end":{"line":96,"column":null}}},"fnMap":{"0":{"name":"RecipesGrid","decl":{"start":{"line":10,"column":24},"end":{"line":10,"column":36}},"loc":{"start":{"line":10,"column":57},"end":{"line":102,"column":null}}},"1":{"name":"(anonymous_1)","decl":{"start":{"line":17,"column":12},"end":{"line":17,"column":18}},"loc":{"start":{"line":17,"column":18},"end":{"line":44,"column":5}}},"2":{"name":"load","decl":{"start":{"line":20,"column":19},"end":{"line":20,"column":26}},"loc":{"start":{"line":20,"column":26},"end":{"line":38,"column":null}}},"3":{"name":"(anonymous_3)","decl":{"start":{"line":41,"column":11},"end":{"line":41,"column":17}},"loc":{"start":{"line":41,"column":17},"end":{"line":43,"column":null}}},"4":{"name":"(anonymous_4)","decl":{"start":{"line":48,"column":27},"end":{"line":48,"column":33}},"loc":{"start":{"line":48,"column":33},"end":{"line":52,"column":5}}},"5":{"name":"(anonymous_5)","decl":{"start":{"line":51,"column":27},"end":{"line":51,"column":32}},"loc":{"start":{"line":51,"column":32},"end":{"line":51,"column":64}}},"6":{"name":"(anonymous_6)","decl":{"start":{"line":62,"column":20},"end":{"line":62,"column":21}},"loc":{"start":{"line":62,"column":27},"end":{"line":62,"column":null}}},"7":{"name":"(anonymous_7)","decl":{"start":{"line":88,"column":24},"end":{"line":88,"column":25}},"loc":{"start":{"line":89,"column":12},"end":{"line":96,"column":null}}}},"branchMap":{"0":{"loc":{"start":{"line":25,"column":8},"end":{"line":27,"column":null}},"type":"if","locations":[{"start":{"line":25,"column":8},"end":{"line":27,"column":null}}]},"1":{"loc":{"start":{"line":30,"column":8},"end":{"line":32,"column":null}},"type":"if","locations":[{"start":{"line":30,"column":8},"end":{"line":32,"column":null}}]},"2":{"loc":{"start":{"line":34,"column":8},"end":{"line":36,"column":null}},"type":"if","locations":[{"start":{"line":34,"column":8},"end":{"line":36,"column":null}}]},"3":{"loc":{"start":{"line":46,"column":19},"end":{"line":46,"column":null}},"type":"binary-expr","locations":[{"start":{"line":46,"column":19},"end":{"line":46,"column":38}},{"start":{"line":46,"column":38},"end":{"line":46,"column":null}}]},"4":{"loc":{"start":{"line":50,"column":4},"end":{"line":50,"column":null}},"type":"if","locations":[{"start":{"line":50,"column":4},"end":{"line":50,"column":null}}]},"5":{"loc":{"start":{"line":67,"column":9},"end":{"line":74,"column":null}},"type":"cond-expr","locations":[{"start":{"line":68,"column":10},"end":{"line":72,"column":null}},{"start":{"line":74,"column":10},"end":{"line":74,"column":null}}]},"6":{"loc":{"start":{"line":78,"column":7},"end":{"line":79,"column":null}},"type":"binary-expr","locations":[{"start":{"line":78,"column":7},"end":{"line":78,"column":18}},{"start":{"line":78,"column":18},"end":{"line":78,"column":null}},{"start":{"line":79,"column":8},"end":{"line":79,"column":null}}]},"7":{"loc":{"start":{"line":82,"column":7},"end":{"line":83,"column":null}},"type":"binary-expr","locations":[{"start":{"line":82,"column":7},"end":{"line":82,"column":16}},{"start":{"line":82,"column":16},"end":{"line":82,"column":28}},{"start":{"line":82,"column":28},"end":{"line":82,"column":null}},{"start":{"line":83,"column":8},"end":{"line":83,"column":null}}]},"8":{"loc":{"start":{"line":86,"column":7},"end":{"line":98,"column":null}},"type":"binary-expr","locations":[{"start":{"line":86,"column":7},"end":{"line":86,"column":19}},{"start":{"line":86,"column":19},"end":{"line":86,"column":null}},{"start":{"line":87,"column":8},"end":{"line":98,"column":null}}]}},"s":{"0":121,"1":121,"2":121,"3":121,"4":121,"5":19,"6":19,"7":19,"8":19,"9":19,"10":12,"11":12,"12":0,"13":0,"14":0,"15":12,"16":12,"17":19,"18":19,"19":11,"20":121,"21":121,"22":102,"23":102,"24":19,"25":83,"26":249,"27":121,"28":83,"29":19},"f":{"0":121,"1":19,"2":19,"3":11,"4":102,"5":249,"6":83,"7":19},"b":{"0":[12],"1":[0],"2":[12],"3":[121,7],"4":[19],"5":[97,24],"6":[121,61,7],"7":[121,0,0,0],"8":[121,60,60]}}
,"/Users/maksimleno/Documents/Recipe Generator/src/components/SideBar/Sidebar.jsx": {"path":"/Users/maksimleno/Documents/Recipe Generator/src/components/SideBar/Sidebar.jsx","statementMap":{"0":{"start":{"line":10,"column":2},"end":{"line":48,"column":null}},"1":{"start":{"line":23,"column":62},"end":{"line":23,"column":null}},"2":{"start":{"line":29,"column":63},"end":{"line":29,"column":null}},"3":{"start":{"line":35,"column":67},"end":{"line":35,"column":null}},"4":{"start":{"line":41,"column":65},"end":{"line":41,"column":null}},"5":{"start":{"line":50,"column":1},"end":{"line":9,"column":31}},"6":{"start":{"line":9,"column":31},"end":{"line":9,"column":34}}},"fnMap":{"0":{"name":"Sidebar","decl":{"start":{"line":9,"column":24},"end":{"line":9,"column":31}},"loc":{"start":{"line":9,"column":34},"end":{"line":50,"column":1}}},"1":{"name":"(anonymous_1)","decl":{"start":{"line":23,"column":43},"end":{"line":23,"column":44}},"loc":{"start":{"line":23,"column":62},"end":{"line":23,"column":null}}},"2":{"name":"(anonymous_2)","decl":{"start":{"line":29,"column":44},"end":{"line":29,"column":45}},"loc":{"start":{"line":29,"column":63},"end":{"line":29,"column":null}}},"3":{"name":"(anonymous_3)","decl":{"start":{"line":35,"column":48},"end":{"line":35,"column":49}},"loc":{"start":{"line":35,"column":67},"end":{"line":35,"column":null}}},"4":{"name":"(anonymous_4)","decl":{"start":{"line":41,"column":46},"end":{"line":41,"column":47}},"loc":{"start":{"line":41,"column":65},"end":{"line":41,"column":null}}}},"branchMap":{"0":{"loc":{"start":{"line":23,"column":62},"end":{"line":23,"column":null}},"type":"cond-expr","locations":[{"start":{"line":23,"column":73},"end":{"line":23,"column":93}},{"start":{"line":23,"column":93},"end":{"line":23,"column":null}}]},"1":{"loc":{"start":{"line":29,"column":63},"end":{"line":29,"column":null}},"type":"cond-expr","locations":[{"start":{"line":29,"column":74},"end":{"line":29,"column":94}},{"start":{"line":29,"column":94},"end":{"line":29,"column":null}}]},"2":{"loc":{"start":{"line":35,"column":67},"end":{"line":35,"column":null}},"type":"cond-expr","locations":[{"start":{"line":35,"column":78},"end":{"line":35,"column":98}},{"start":{"line":35,"column":98},"end":{"line":35,"column":null}}]},"3":{"loc":{"start":{"line":41,"column":65},"end":{"line":41,"column":null}},"type":"cond-expr","locations":[{"start":{"line":41,"column":76},"end":{"line":41,"column":96}},{"start":{"line":41,"column":96},"end":{"line":41,"column":null}}]}},"s":{"0":2227,"1":2227,"2":2227,"3":2227,"4":2227,"5":4,"6":4},"f":{"0":2227,"1":2227,"2":2227,"3":2227,"4":2227},"b":{"0":[0,2227],"1":[0,2227],"2":[0,2227],"3":[0,2227]}}
,"/Users/maksimleno/Documents/Recipe Generator/src/context/AuthContext.jsx": {"path":"/Users/maksimleno/Documents/Recipe Generator/src/context/AuthContext.jsx","statementMap":{"0":{"start":{"line":13,"column":16},"end":{"line":13,"column":null}},"1":{"start":{"line":15,"column":43},"end":{"line":15,"column":null}},"2":{"start":{"line":17,"column":26},"end":{"line":17,"column":null}},"3":{"start":{"line":17,"column":41},"end":{"line":17,"column":57}},"4":{"start":{"line":18,"column":42},"end":{"line":18,"column":null}},"5":{"start":{"line":20,"column":19},"end":{"line":20,"column":null}},"6":{"start":{"line":22,"column":2},"end":{"line":30,"column":null}},"7":{"start":{"line":23,"column":18},"end":{"line":27,"column":null}},"8":{"start":{"line":24,"column":22},"end":{"line":24,"column":null}},"9":{"start":{"line":25,"column":6},"end":{"line":25,"column":null}},"10":{"start":{"line":26,"column":6},"end":{"line":26,"column":null}},"11":{"start":{"line":29,"column":4},"end":{"line":29,"column":null}},"12":{"start":{"line":29,"column":17},"end":{"line":29,"column":null}},"13":{"start":{"line":33,"column":16},"end":{"line":64,"column":null}},"14":{"start":{"line":34,"column":11},"end":{"line":62,"column":null}},"15":{"start":{"line":40,"column":18},"end":{"line":40,"column":null}},"16":{"start":{"line":41,"column":8},"end":{"line":41,"column":null}},"17":{"start":{"line":42,"column":8},"end":{"line":42,"column":null}},"18":{"start":{"line":46,"column":18},"end":{"line":46,"column":null}},"19":{"start":{"line":47,"column":8},"end":{"line":47,"column":null}},"20":{"start":{"line":48,"column":8},"end":{"line":48,"column":null}},"21":{"start":{"line":52,"column":8},"end":{"line":52,"column":null}},"22":{"start":{"line":53,"column":8},"end":{"line":53,"column":null}},"23":{"start":{"line":58,"column":18},"end":{"line":58,"column":null}},"24":{"start":{"line":59,"column":8},"end":{"line":59,"column":null}},"25":{"start":{"line":60,"column":8},"end":{"line":60,"column":null}},"26":{"start":{"line":66,"column":2},"end":{"line":66,"column":null}},"27":{"start":{"line":67,"column":1},"end":{"line":15,"column":29}},"28":{"start":{"line":15,"column":28},"end":{"line":null,"column":-1}},"29":{"start":{"line":69,"column":26},"end":{"line":69,"column":null}},"30":{"start":{"line":70,"column":14},"end":{"line":70,"column":null}},"31":{"start":{"line":71,"column":2},"end":{"line":71,"column":null}},"32":{"start":{"line":71,"column":12},"end":{"line":71,"column":null}},"33":{"start":{"line":72,"column":2},"end":{"line":72,"column":null}},"34":{"start":{"line":73,"column":1},"end":{"line":69,"column":26}},"35":{"start":{"line":69,"column":23},"end":{"line":69,"column":26}},"36":{"start":{"line":11,"column":9},"end":{"line":11,"column":35}},"37":{"start":{"line":15,"column":16},"end":{"line":15,"column":null}},"38":{"start":{"line":15,"column":40},"end":{"line":15,"column":null}},"39":{"start":{"line":17,"column":15},"end":{"line":17,"column":26}},"40":{"start":{"line":18,"column":2},"end":{"line":27,"column":null}},"41":{"start":{"line":20,"column":8},"end":{"line":25,"column":14}},"42":{"start":{"line":22,"column":18},"end":{"line":22,"column":null}},"43":{"start":{"line":23,"column":4},"end":{"line":23,"column":37}},"44":{"start":{"line":24,"column":6},"end":{"line":24,"column":37}},"45":{"start":{"line":26,"column":6},"end":{"line":26,"column":27}},"46":{"start":{"line":29,"column":11},"end":{"line":61,"column":null}},"47":{"start":{"line":30,"column":7},"end":{"line":60,"column":15}},"48":{"start":{"line":37,"column":6},"end":{"line":37,"column":null}},"49":{"start":{"line":39,"column":6},"end":{"line":39,"column":25}},"50":{"start":{"line":40,"column":8},"end":{"line":40,"column":18}},"51":{"start":{"line":43,"column":6},"end":{"line":43,"column":null}},"52":{"start":{"line":45,"column":6},"end":{"line":45,"column":21}},"53":{"start":{"line":46,"column":8},"end":{"line":46,"column":18}},"54":{"start":{"line":49,"column":6},"end":{"line":49,"column":null}},"55":{"start":{"line":51,"column":6},"end":{"line":51,"column":null}},"56":{"start":{"line":54,"column":6},"end":{"line":54,"column":null}},"57":{"start":{"line":57,"column":6},"end":{"line":57,"column":26}},"58":{"start":{"line":58,"column":8},"end":{"line":58,"column":18}},"59":{"start":{"line":62,"column":4},"end":{"line":66,"column":10}},"60":{"start":{"line":67,"column":0},"end":{"line":67,"column":1}},"61":{"start":{"line":15,"column":16},"end":{"line":15,"column":29}}},"fnMap":{"0":{"name":"AuthProvider","decl":{"start":{"line":15,"column":16},"end":{"line":15,"column":28}},"loc":{"start":{"line":15,"column":43},"end":{"line":67,"column":1}}},"1":{"name":"(anonymous_1)","decl":{"start":{"line":17,"column":35},"end":{"line":17,"column":41}},"loc":{"start":{"line":17,"column":41},"end":{"line":17,"column":57}}},"2":{"name":"(anonymous_2)","decl":{"start":{"line":22,"column":12},"end":{"line":22,"column":18}},"loc":{"start":{"line":22,"column":18},"end":{"line":30,"column":5}}},"3":{"name":"(anonymous_3)","decl":{"start":{"line":23,"column":43},"end":{"line":23,"column":49}},"loc":{"start":{"line":23,"column":49},"end":{"line":27,"column":5}}},"4":{"name":"(anonymous_4)","decl":{"start":{"line":29,"column":11},"end":{"line":29,"column":17}},"loc":{"start":{"line":29,"column":17},"end":{"line":29,"column":null}}},"5":{"name":"(anonymous_5)","decl":{"start":{"line":34,"column":4},"end":{"line":34,"column":11}},"loc":{"start":{"line":34,"column":11},"end":{"line":62,"column":null}}},"6":{"name":"(anonymous_6)","decl":{"start":{"line":39,"column":6},"end":{"line":39,"column":12}},"loc":{"start":{"line":39,"column":25},"end":{"line":43,"column":null}}},"7":{"name":"(anonymous_7)","decl":{"start":{"line":45,"column":6},"end":{"line":45,"column":12}},"loc":{"start":{"line":45,"column":27},"end":{"line":49,"column":null}}},"8":{"name":"(anonymous_8)","decl":{"start":{"line":51,"column":6},"end":{"line":51,"column":12}},"loc":{"start":{"line":51,"column":21},"end":{"line":54,"column":null}}},"9":{"name":"(anonymous_9)","decl":{"start":{"line":57,"column":6},"end":{"line":57,"column":12}},"loc":{"start":{"line":57,"column":33},"end":{"line":61,"column":null}}},"10":{"name":"useAuth","decl":{"start":{"line":69,"column":16},"end":{"line":69,"column":23}},"loc":{"start":{"line":69,"column":26},"end":{"line":73,"column":1}}},"11":{"name":"AuthProvider","decl":{"start":{"line":13,"column":16},"end":{"line":13,"column":30}},"loc":{"start":{"line":13,"column":34},"end":{"line":66,"column":10}}},"12":{"name":"(anonymous_1)","decl":{"start":{"line":15,"column":31},"end":{"line":15,"column":40}},"loc":{"start":{"line":15,"column":40},"end":{"line":15,"column":null}}},"13":{"name":"(anonymous_2)","decl":{"start":{"line":18,"column":9},"end":{"line":18,"column":23}},"loc":{"start":{"line":18,"column":9},"end":{"line":26,"column":null}}},"14":{"name":"(anonymous_3)","decl":{"start":{"line":20,"column":21},"end":{"line":20,"column":null}},"loc":{"start":{"line":20,"column":21},"end":{"line":25,"column":14}}},"15":{"name":"(anonymous_4)","decl":{"start":{"line":26,"column":6},"end":{"line":26,"column":22}},"loc":{"start":{"line":26,"column":6},"end":{"line":26,"column":27}}},"16":{"name":"(anonymous_5)","decl":{"start":{"line":30,"column":2},"end":{"line":30,"column":5}},"loc":{"start":{"line":30,"column":7},"end":{"line":60,"column":15}}},"17":{"name":"(anonymous_6)","decl":{"start":{"line":36,"column":6},"end":{"line":36,"column":null}},"loc":{"start":{"line":36,"column":6},"end":{"line":41,"column":16}}},"18":{"name":"(anonymous_7)","decl":{"start":{"line":42,"column":8},"end":{"line":42,"column":15}},"loc":{"start":{"line":42,"column":15},"end":{"line":47,"column":16}}},"19":{"name":"(anonymous_8)","decl":{"start":{"line":48,"column":8},"end":{"line":48,"column":15}},"loc":{"start":{"line":48,"column":15},"end":{"line":52,"column":14}}},"20":{"name":"(anonymous_9)","decl":{"start":{"line":54,"column":6},"end":{"line":54,"column":null}},"loc":{"start":{"line":54,"column":6},"end":{"line":59,"column":16}}},"21":{"name":"useAuth","decl":{"start":{"line":66,"column":51},"end":{"line":66,"column":null}},"loc":{"start":{"line":66,"column":51},"end":{"line":69,"column":16}}}},"branchMap":{"0":{"loc":{"start":{"line":71,"column":2},"end":{"line":71,"column":null}},"type":"if","locations":[{"start":{"line":71,"column":2},"end":{"line":71,"column":null}}]},"1":{"loc":{"start":{"line":67,"column":1},"end":{"line":15,"column":29}},"type":"if","locations":[{"start":{"line":67,"column":1},"end":{"line":15,"column":29}}]}},"s":{"0":4,"1":431,"2":18,"3":9,"4":431,"5":228,"6":18,"7":422,"8":219,"9":422,"10":422,"11":9,"12":418,"13":18,"14":18,"15":413,"16":413,"17":413,"18":413,"19":413,"20":413,"21":413,"22":413,"23":413,"24":413,"25":413,"26":18,"27":2964,"28":2968,"29":46,"30":46,"31":46,"32":0,"33":46,"34":4,"35":4,"36":66,"37":413,"38":210,"39":413,"40":413,"41":210,"42":222,"43":222,"44":213,"45":372,"46":413,"47":413,"48":18,"49":18,"50":18,"51":18,"52":18,"53":18,"54":18,"55":18,"56":18,"57":18,"58":18,"59":413,"60":2960,"61":0},"f":{"0":18,"1":422,"2":422,"3":422,"4":418,"5":431,"6":413,"7":413,"8":413,"9":413,"10":46,"11":413,"12":210,"13":228,"14":222,"15":153,"16":431,"17":18,"18":18,"19":18,"20":18,"21":2960},"b":{"0":[0],"1":[0]}}
,"/Users/maksimleno/Documents/Recipe Generator/src/context/SavedContext.jsx": {"path":"/Users/maksimleno/Documents/Recipe Generator/src/context/SavedContext.jsx","statementMap":{"0":{"start":{"line":5,"column":17},"end":{"line":5,"column":null}},"1":{"start":{"line":7,"column":44},"end":{"line":7,"column":null}},"2":{"start":{"line":8,"column":29},"end":{"line":8,"column":null}},"3":{"start":{"line":9,"column":17},"end":{"line":9,"column":null}},"4":{"start":{"line":11,"column":28},"end":{"line":11,"column":null}},"5":{"start":{"line":13,"column":2},"end":{"line":39,"column":null}},"6":{"start":{"line":14,"column":20},"end":{"line":14,"column":null}},"7":{"start":{"line":17,"column":6},"end":{"line":31,"column":null}},"8":{"start":{"line":18,"column":8},"end":{"line":28,"column":null}},"9":{"start":{"line":19,"column":22},"end":{"line":19,"column":null}},"10":{"start":{"line":20,"column":10},"end":{"line":22,"column":null}},"11":{"start":{"line":21,"column":12},"end":{"line":21,"column":null}},"12":{"start":{"line":24,"column":10},"end":{"line":24,"column":null}},"13":{"start":{"line":25,"column":10},"end":{"line":27,"column":null}},"14":{"start":{"line":26,"column":12},"end":{"line":26,"column":null}},"15":{"start":{"line":30,"column":8},"end":{"line":30,"column":null}},"16":{"start":{"line":34,"column":4},"end":{"line":34,"column":null}},"17":{"start":{"line":36,"column":4},"end":{"line":38,"column":null}},"18":{"start":{"line":37,"column":6},"end":{"line":37,"column":null}},"19":{"start":{"line":41,"column":16},"end":{"line":62,"column":null}},"20":{"start":{"line":42,"column":11},"end":{"line":60,"column":null}},"21":{"start":{"line":47,"column":8},"end":{"line":47,"column":null}},"22":{"start":{"line":47,"column":23},"end":{"line":47,"column":null}},"23":{"start":{"line":48,"column":8},"end":{"line":54,"column":null}},"24":{"start":{"line":49,"column":22},"end":{"line":49,"column":null}},"25":{"start":{"line":50,"column":10},"end":{"line":50,"column":null}},"26":{"start":{"line":52,"column":10},"end":{"line":52,"column":null}},"27":{"start":{"line":53,"column":10},"end":{"line":53,"column":null}},"28":{"start":{"line":58,"column":8},"end":{"line":58,"column":null}},"29":{"start":{"line":64,"column":2},"end":{"line":64,"column":null}},"30":{"start":{"line":65,"column":1},"end":{"line":8,"column":37}},"31":{"start":{"line":7,"column":29},"end":{"line":8,"column":37}},"32":{"start":{"line":8,"column":36},"end":{"line":7,"column":29}},"33":{"start":{"line":67,"column":24},"end":{"line":67,"column":51}},"34":{"start":{"line":67,"column":24},"end":{"line":67,"column":30}},"35":{"start":{"line":67,"column":24},"end":{"line":67,"column":50}},"36":{"start":{"line":67,"column":51},"end":{"line":67,"column":24}},"37":{"start":{"line":67,"column":21},"end":{"line":67,"column":24}},"38":{"start":{"line":3,"column":9},"end":{"line":3,"column":null}},"39":{"start":{"line":7,"column":16},"end":{"line":7,"column":41}},"40":{"start":{"line":8,"column":25},"end":{"line":8,"column":null}},"41":{"start":{"line":9,"column":2},"end":{"line":37,"column":null}},"42":{"start":{"line":11,"column":16},"end":{"line":11,"column":28}},"43":{"start":{"line":14,"column":4},"end":{"line":29,"column":13}},"44":{"start":{"line":16,"column":4},"end":{"line":26,"column":21}},"45":{"start":{"line":17,"column":22},"end":{"line":17,"column":null}},"46":{"start":{"line":18,"column":8},"end":{"line":20,"column":14}},"47":{"start":{"line":19,"column":10},"end":{"line":19,"column":28}},"48":{"start":{"line":22,"column":10},"end":{"line":22,"column":null}},"49":{"start":{"line":23,"column":8},"end":{"line":25,"column":14}},"50":{"start":{"line":24,"column":10},"end":{"line":24,"column":56}},"51":{"start":{"line":28,"column":8},"end":{"line":28,"column":null}},"52":{"start":{"line":30,"column":26},"end":{"line":31,"column":null}},"53":{"start":{"line":32,"column":4},"end":{"line":36,"column":11}},"54":{"start":{"line":38,"column":4},"end":{"line":59,"column":null}},"55":{"start":{"line":39,"column":6},"end":{"line":58,"column":15}},"56":{"start":{"line":44,"column":6},"end":{"line":44,"column":null}},"57":{"start":{"line":46,"column":6},"end":{"line":52,"column":18}},"58":{"start":{"line":48,"column":8},"end":{"line":48,"column":null}},"59":{"start":{"line":51,"column":8},"end":{"line":51,"column":22}},"60":{"start":{"line":55,"column":6},"end":{"line":55,"column":null}},"61":{"start":{"line":60,"column":4},"end":{"line":64,"column":10}},"62":{"start":{"line":64,"column":52},"end":{"line":64,"column":null}}},"fnMap":{"0":{"name":"SavedProvider","decl":{"start":{"line":7,"column":16},"end":{"line":7,"column":29}},"loc":{"start":{"line":7,"column":44},"end":{"line":65,"column":1}}},"1":{"name":"(anonymous_1)","decl":{"start":{"line":13,"column":12},"end":{"line":13,"column":18}},"loc":{"start":{"line":13,"column":18},"end":{"line":39,"column":5}}},"2":{"name":"loadSaved","decl":{"start":{"line":16,"column":19},"end":{"line":16,"column":31}},"loc":{"start":{"line":16,"column":31},"end":{"line":32,"column":null}}},"3":{"name":"(anonymous_3)","decl":{"start":{"line":36,"column":11},"end":{"line":36,"column":17}},"loc":{"start":{"line":36,"column":17},"end":{"line":38,"column":null}}},"4":{"name":"(anonymous_4)","decl":{"start":{"line":42,"column":4},"end":{"line":42,"column":11}},"loc":{"start":{"line":42,"column":11},"end":{"line":60,"column":null}}},"5":{"name":"(anonymous_5)","decl":{"start":{"line":46,"column":6},"end":{"line":46,"column":12}},"loc":{"start":{"line":46,"column":34},"end":{"line":55,"column":null}}},"6":{"name":"(anonymous_6)","decl":{"start":{"line":57,"column":6},"end":{"line":57,"column":14}},"loc":{"start":{"line":57,"column":24},"end":{"line":59,"column":null}}},"7":{"name":"(anonymous_7)","decl":{"start":{"line":7,"column":29},"end":{"line":7,"column":30}},"loc":{"start":{"line":7,"column":29},"end":{"line":8,"column":37}}},"8":{"name":"(anonymous_8)","decl":{"start":{"line":67,"column":24},"end":{"line":67,"column":30}},"loc":{"start":{"line":67,"column":24},"end":{"line":67,"column":51}}},"9":{"name":"SavedProvider","decl":{"start":{"line":5,"column":6},"end":{"line":5,"column":31}},"loc":{"start":{"line":5,"column":35},"end":{"line":64,"column":10}}},"10":{"name":"(anonymous_1)","decl":{"start":{"line":9,"column":8},"end":{"line":9,"column":17}},"loc":{"start":{"line":9,"column":17},"end":{"line":37,"column":18}}},"11":{"name":"loadSaved","decl":{"start":{"line":13,"column":18},"end":{"line":13,"column":null}},"loc":{"start":{"line":13,"column":18},"end":{"line":30,"column":17}}},"12":{"name":"(anonymous_3)","decl":{"start":{"line":32,"column":4},"end":{"line":32,"column":null}},"loc":{"start":{"line":32,"column":4},"end":{"line":36,"column":11}}},"13":{"name":"(anonymous_4)","decl":{"start":{"line":39,"column":2},"end":{"line":39,"column":5}},"loc":{"start":{"line":39,"column":6},"end":{"line":58,"column":15}}},"14":{"name":"(anonymous_5)","decl":{"start":{"line":43,"column":6},"end":{"line":43,"column":null}},"loc":{"start":{"line":43,"column":6},"end":{"line":53,"column":16}}},"15":{"name":"(anonymous_6)","decl":{"start":{"line":53,"column":16},"end":{"line":53,"column":null}},"loc":{"start":{"line":54,"column":8},"end":{"line":57,"column":14}}},"16":{"name":"(anonymous_7)","decl":{"start":{"line":64,"column":52},"end":{"line":64,"column":null}},"loc":{"start":{"line":64,"column":52},"end":{"line":64,"column":null}}}},"branchMap":{"0":{"loc":{"start":{"line":9,"column":17},"end":{"line":9,"column":null}},"type":"binary-expr","locations":[{"start":{"line":9,"column":17},"end":{"line":9,"column":29}},{"start":{"line":9,"column":29},"end":{"line":9,"column":null}}]},"1":{"loc":{"start":{"line":17,"column":6},"end":{"line":31,"column":null}},"type":"if","locations":[{"start":{"line":17,"column":6},"end":{"line":31,"column":null}},{"start":{"line":29,"column":13},"end":{"line":31,"column":null}}]},"2":{"loc":{"start":{"line":17,"column":10},"end":{"line":17,"column":30}},"type":"binary-expr","locations":[{"start":{"line":17,"column":10},"end":{"line":17,"column":22}},{"start":{"line":17,"column":22},"end":{"line":17,"column":30}}]},"3":{"loc":{"start":{"line":20,"column":10},"end":{"line":22,"column":null}},"type":"if","locations":[{"start":{"line":20,"column":10},"end":{"line":22,"column":null}}]},"4":{"loc":{"start":{"line":25,"column":10},"end":{"line":27,"column":null}},"type":"if","locations":[{"start":{"line":25,"column":10},"end":{"line":27,"column":null}}]},"5":{"loc":{"start":{"line":47,"column":8},"end":{"line":47,"column":null}},"type":"if","locations":[{"start":{"line":47,"column":8},"end":{"line":47,"column":null}}]},"6":{"loc":{"start":{"line":58,"column":15},"end":{"line":58,"column":null}},"type":"cond-expr","locations":[{"start":{"line":58,"column":26},"end":{"line":58,"column":48}},{"start":{"line":58,"column":48},"end":{"line":58,"column":null}}]},"7":{"loc":{"start":{"line":7,"column":44},"end":{"line":7,"column":null}},"type":"binary-expr","locations":[{"start":{"line":7,"column":44},"end":{"line":7,"column":null}},{"start":{"line":7,"column":44},"end":{"line":7,"column":null}}]},"8":{"loc":{"start":{"line":14,"column":4},"end":{"line":29,"column":13}},"type":"if","locations":[{"start":{"line":14,"column":4},"end":{"line":29,"column":13}},{"start":{"line":27,"column":10},"end":{"line":29,"column":13}}]},"9":{"loc":{"start":{"line":14,"column":8},"end":{"line":14,"column":null}},"type":"binary-expr","locations":[{"start":{"line":14,"column":8},"end":{"line":14,"column":20}},{"start":{"line":14,"column":20},"end":{"line":14,"column":null}}]},"10":{"loc":{"start":{"line":18,"column":8},"end":{"line":20,"column":14}},"type":"if","locations":[{"start":{"line":18,"column":8},"end":{"line":20,"column":14}}]},"11":{"loc":{"start":{"line":23,"column":8},"end":{"line":25,"column":14}},"type":"if","locations":[{"start":{"line":23,"column":8},"end":{"line":25,"column":14}}]},"12":{"loc":{"start":{"line":44,"column":6},"end":{"line":44,"column":null}},"type":"if","locations":[{"start":{"line":44,"column":6},"end":{"line":44,"column":null}}]},"13":{"loc":{"start":{"line":55,"column":6},"end":{"line":55,"column":null}},"type":"cond-expr","locations":[{"start":{"line":55,"column":6},"end":{"line":55,"column":null}},{"start":{"line":55,"column":6},"end":{"line":55,"column":null}}]}},"s":{"0":4,"1":509,"2":509,"3":509,"4":509,"5":18,"6":219,"7":500,"8":210,"9":44,"10":46,"11":46,"12":0,"13":210,"14":210,"15":500,"16":381,"17":9,"18":496,"19":18,"20":18,"21":0,"22":0,"23":417,"24":0,"25":0,"26":417,"27":417,"28":599,"29":18,"30":4,"31":4,"32":4,"33":4,"34":28,"35":28,"36":4,"37":4,"38":66,"39":491,"40":491,"41":491,"42":210,"43":228,"44":64,"45":55,"46":44,"47":44,"48":0,"49":0,"50":0,"51":173,"52":228,"53":228,"54":491,"55":417,"56":36,"57":18,"58":0,"59":0,"60":195,"61":491,"62":173},"f":{"0":18,"1":500,"2":219,"3":496,"4":509,"5":417,"6":599,"7":4,"8":28,"9":491,"10":228,"11":219,"12":153,"13":435,"14":18,"15":195,"16":125},"b":{"0":[18,18],"1":[0,9],"2":[55,164],"3":[46],"4":[46],"5":[0],"6":[0,108],"7":[491,355],"8":[46,164],"9":[210,46],"10":[44],"11":[0],"12":[0],"13":[0,177]}}
,"/Users/maksimleno/Documents/Recipe Generator/src/data/ingredients.js": {"path":"/Users/maksimleno/Documents/Recipe Generator/src/data/ingredients.js","statementMap":{"0":{"start":{"line":1,"column":27},"end":{"line":389,"column":1}}},"fnMap":{},"branchMap":{},"s":{"0":9},"f":{},"b":{}}
,"/Users/maksimleno/Documents/Recipe Generator/src/data/recipes.js": {"path":"/Users/maksimleno/Documents/Recipe Generator/src/data/recipes.js","statementMap":{"0":{"start":{"line":8,"column":28},"end":{"line":15,"column":1}},"1":{"start":{"line":17,"column":23},"end":{"line":159,"column":1}}},"fnMap":{},"branchMap":{},"s":{"0":70,"1":70},"f":{},"b":{}}
,"/Users/maksimleno/Documents/Recipe Generator/src/pages/CreateRecipePage/CreateRecipePage.jsx": {"path":"/Users/maksimleno/Documents/Recipe Generator/src/pages/CreateRecipePage/CreateRecipePage.jsx","statementMap":{"0":{"start":{"line":12,"column":18},"end":{"line":12,"column":null}},"1":{"start":{"line":15,"column":19},"end":{"line":15,"column":null}},"2":{"start":{"line":17,"column":19},"end":{"line":17,"column":null}},"3":{"start":{"line":20,"column":4},"end":{"line":20,"column":null}},"4":{"start":{"line":22,"column":28},"end":{"line":22,"column":null}},"5":{"start":{"line":23,"column":40},"end":{"line":23,"column":null}},"6":{"start":{"line":24,"column":34},"end":{"line":24,"column":null}},"7":{"start":{"line":25,"column":26},"end":{"line":25,"column":null}},"8":{"start":{"line":28,"column":40},"end":{"line":28,"column":null}},"9":{"start":{"line":29,"column":28},"end":{"line":29,"column":null}},"10":{"start":{"line":32,"column":36},"end":{"line":32,"column":null}},"11":{"start":{"line":35,"column":38},"end":{"line":35,"column":null}},"12":{"start":{"line":37,"column":38},"end":{"line":37,"column":null}},"13":{"start":{"line":40,"column":2},"end":{"line":65,"column":null}},"14":{"start":{"line":41,"column":4},"end":{"line":64,"column":null}},"15":{"start":{"line":42,"column":18},"end":{"line":42,"column":null}},"16":{"start":{"line":43,"column":6},"end":{"line":43,"column":null}},"17":{"start":{"line":43,"column":16},"end":{"line":43,"column":null}},"18":{"start":{"line":44,"column":20},"end":{"line":44,"column":null}},"19":{"start":{"line":46,"column":6},"end":{"line":46,"column":null}},"20":{"start":{"line":46,"column":23},"end":{"line":46,"column":null}},"21":{"start":{"line":47,"column":6},"end":{"line":47,"column":null}},"22":{"start":{"line":47,"column":29},"end":{"line":47,"column":null}},"23":{"start":{"line":48,"column":6},"end":{"line":48,"column":null}},"24":{"start":{"line":48,"column":26},"end":{"line":48,"column":null}},"25":{"start":{"line":49,"column":6},"end":{"line":49,"column":null}},"26":{"start":{"line":49,"column":22},"end":{"line":49,"column":null}},"27":{"start":{"line":50,"column":6},"end":{"line":52,"column":null}},"28":{"start":{"line":51,"column":8},"end":{"line":51,"column":null}},"29":{"start":{"line":53,"column":6},"end":{"line":55,"column":null}},"30":{"start":{"line":54,"column":8},"end":{"line":54,"column":null}},"31":{"start":{"line":56,"column":6},"end":{"line":58,"column":null}},"32":{"start":{"line":57,"column":8},"end":{"line":57,"column":null}},"33":{"start":{"line":59,"column":6},"end":{"line":61,"column":null}},"34":{"start":{"line":60,"column":8},"end":{"line":60,"column":null}},"35":{"start":{"line":63,"column":6},"end":{"line":63,"column":null}},"36":{"start":{"line":68,"column":2},"end":{"line":84,"column":null}},"37":{"start":{"line":69,"column":18},"end":{"line":78,"column":null}},"38":{"start":{"line":79,"column":4},"end":{"line":83,"column":null}},"39":{"start":{"line":80,"column":6},"end":{"line":80,"column":null}},"40":{"start":{"line":82,"column":6},"end":{"line":82,"column":null}},"41":{"start":{"line":87,"column":33},"end":{"line":93,"column":null}},"42":{"start":{"line":88,"column":4},"end":{"line":92,"column":null}},"43":{"start":{"line":89,"column":19},"end":{"line":89,"column":null}},"44":{"start":{"line":90,"column":6},"end":{"line":90,"column":null}},"45":{"start":{"line":91,"column":6},"end":{"line":91,"column":null}},"46":{"start":{"line":95,"column":30},"end":{"line":97,"column":null}},"47":{"start":{"line":96,"column":4},"end":{"line":96,"column":null}},"48":{"start":{"line":96,"column":29},"end":{"line":96,"column":42}},"49":{"start":{"line":99,"column":27},"end":{"line":105,"column":null}},"50":{"start":{"line":100,"column":4},"end":{"line":104,"column":null}},"51":{"start":{"line":101,"column":19},"end":{"line":101,"column":null}},"52":{"start":{"line":102,"column":6},"end":{"line":102,"column":null}},"53":{"start":{"line":103,"column":6},"end":{"line":103,"column":null}},"54":{"start":{"line":107,"column":33},"end":{"line":112,"column":null}},"55":{"start":{"line":108,"column":4},"end":{"line":111,"column":null}},"56":{"start":{"line":109,"column":6},"end":{"line":109,"column":null}},"57":{"start":{"line":109,"column":29},"end":{"line":109,"column":null}},"58":{"start":{"line":110,"column":6},"end":{"line":110,"column":null}},"59":{"start":{"line":110,"column":35},"end":{"line":110,"column":46}},"60":{"start":{"line":114,"column":27},"end":{"line":124,"column":null}},"61":{"start":{"line":115,"column":4},"end":{"line":118,"column":null}},"62":{"start":{"line":116,"column":6},"end":{"line":116,"column":null}},"63":{"start":{"line":116,"column":29},"end":{"line":116,"column":null}},"64":{"start":{"line":117,"column":6},"end":{"line":117,"column":null}},"65":{"start":{"line":117,"column":35},"end":{"line":117,"column":46}},"66":{"start":{"line":120,"column":4},"end":{"line":123,"column":null}},"67":{"start":{"line":121,"column":4},"end":{"line":121,"column":null}},"68":{"start":{"line":121,"column":27},"end":{"line":121,"column":null}},"69":{"start":{"line":122,"column":4},"end":{"line":122,"column":null}},"70":{"start":{"line":122,"column":33},"end":{"line":122,"column":44}},"71":{"start":{"line":126,"column":24},"end":{"line":129,"column":null}},"72":{"start":{"line":127,"column":4},"end":{"line":127,"column":null}},"73":{"start":{"line":127,"column":23},"end":{"line":127,"column":36}},"74":{"start":{"line":128,"column":4},"end":{"line":128,"column":null}},"75":{"start":{"line":128,"column":28},"end":{"line":128,"column":43}},"76":{"start":{"line":132,"column":32},"end":{"line":141,"column":null}},"77":{"start":{"line":133,"column":17},"end":{"line":133,"column":null}},"78":{"start":{"line":134,"column":4},"end":{"line":134,"column":null}},"79":{"start":{"line":134,"column":15},"end":{"line":134,"column":null}},"80":{"start":{"line":136,"column":19},"end":{"line":136,"column":null}},"81":{"start":{"line":137,"column":4},"end":{"line":139,"column":null}},"82":{"start":{"line":138,"column":6},"end":{"line":138,"column":null}},"83":{"start":{"line":140,"column":4},"end":{"line":140,"column":null}},"84":{"start":{"line":144,"column":32},"end":{"line":157,"column":null}},"85":{"start":{"line":145,"column":17},"end":{"line":145,"column":null}},"86":{"start":{"line":146,"column":4},"end":{"line":146,"column":null}},"87":{"start":{"line":146,"column":15},"end":{"line":146,"column":null}},"88":{"start":{"line":148,"column":19},"end":{"line":148,"column":null}},"89":{"start":{"line":149,"column":4},"end":{"line":155,"column":null}},"90":{"start":{"line":150,"column":6},"end":{"line":154,"column":null}},"91":{"start":{"line":151,"column":21},"end":{"line":151,"column":null}},"92":{"start":{"line":152,"column":8},"end":{"line":152,"column":null}},"93":{"start":{"line":153,"column":8},"end":{"line":153,"column":null}},"94":{"start":{"line":156,"column":4},"end":{"line":156,"column":null}},"95":{"start":{"line":159,"column":20},"end":{"line":174,"column":null}},"96":{"start":{"line":160,"column":4},"end":{"line":160,"column":null}},"97":{"start":{"line":161,"column":4},"end":{"line":161,"column":null}},"98":{"start":{"line":162,"column":4},"end":{"line":162,"column":null}},"99":{"start":{"line":163,"column":4},"end":{"line":163,"column":null}},"100":{"start":{"line":164,"column":4},"end":{"line":164,"column":null}},"101":{"start":{"line":165,"column":4},"end":{"line":165,"column":null}},"102":{"start":{"line":166,"column":4},"end":{"line":166,"column":null}},"103":{"start":{"line":167,"column":4},"end":{"line":167,"column":null}},"104":{"start":{"line":169,"column":4},"end":{"line":173,"column":null}},"105":{"start":{"line":170,"column":6},"end":{"line":170,"column":null}},"106":{"start":{"line":172,"column":6},"end":{"line":172,"column":null}},"107":{"start":{"line":176,"column":23},"end":{"line":180,"column":null}},"108":{"start":{"line":177,"column":4},"end":{"line":179,"column":null}},"109":{"start":{"line":178,"column":6},"end":{"line":178,"column":null}},"110":{"start":{"line":183,"column":26},"end":{"line":192,"column":null}},"111":{"start":{"line":184,"column":20},"end":{"line":184,"column":null}},"112":{"start":{"line":186,"column":4},"end":{"line":186,"column":null}},"113":{"start":{"line":186,"column":18},"end":{"line":186,"column":null}},"114":{"start":{"line":188,"column":4},"end":{"line":188,"column":null}},"115":{"start":{"line":188,"column":36},"end":{"line":188,"column":null}},"116":{"start":{"line":190,"column":16},"end":{"line":190,"column":null}},"117":{"start":{"line":191,"column":4},"end":{"line":191,"column":null}},"118":{"start":{"line":195,"column":22},"end":{"line":201,"column":null}},"119":{"start":{"line":196,"column":20},"end":{"line":196,"column":null}},"120":{"start":{"line":197,"column":4},"end":{"line":197,"column":null}},"121":{"start":{"line":197,"column":18},"end":{"line":197,"column":null}},"122":{"start":{"line":199,"column":18},"end":{"line":199,"column":null}},"123":{"start":{"line":200,"column":4},"end":{"line":200,"column":null}},"124":{"start":{"line":203,"column":24},"end":{"line":284,"column":null}},"125":{"start":{"line":204,"column":4},"end":{"line":208,"column":null}},"126":{"start":{"line":205,"column":6},"end":{"line":205,"column":null}},"127":{"start":{"line":206,"column":6},"end":{"line":206,"column":null}},"128":{"start":{"line":207,"column":6},"end":{"line":207,"column":null}},"129":{"start":{"line":210,"column":25},"end":{"line":210,"column":null}},"130":{"start":{"line":211,"column":31},"end":{"line":211,"column":null}},"131":{"start":{"line":212,"column":28},"end":{"line":212,"column":null}},"132":{"start":{"line":213,"column":24},"end":{"line":213,"column":null}},"133":{"start":{"line":215,"column":31},"end":{"line":217,"column":null}},"134":{"start":{"line":216,"column":18},"end":{"line":216,"column":26}},"135":{"start":{"line":218,"column":25},"end":{"line":218,"column":null}},"136":{"start":{"line":218,"column":42},"end":{"line":218,"column":50}},"137":{"start":{"line":221,"column":4},"end":{"line":224,"column":null}},"138":{"start":{"line":222,"column":6},"end":{"line":222,"column":null}},"139":{"start":{"line":223,"column":6},"end":{"line":223,"column":null}},"140":{"start":{"line":226,"column":4},"end":{"line":229,"column":null}},"141":{"start":{"line":227,"column":6},"end":{"line":227,"column":null}},"142":{"start":{"line":228,"column":6},"end":{"line":228,"column":null}
[...]
"name":"ensureIndex","decl":{"start":{"line":84,"column":15},"end":{"line":84,"column":26}},"loc":{"start":{"line":84,"column":29},"end":{"line":128,"column":null}}},"10":{"name":"(anonymous_10)","decl":{"start":{"line":91,"column":21},"end":{"line":91,"column":26}},"loc":{"start":{"line":91,"column":33},"end":{"line":125,"column":3}}},"11":{"name":"(anonymous_11)","decl":{"start":{"line":94,"column":24},"end":{"line":94,"column":25}},"loc":{"start":{"line":94,"column":29},"end":{"line":122,"column":5}}},"12":{"name":"(anonymous_12)","decl":{"start":{"line":111,"column":31},"end":{"line":111,"column":32}},"loc":{"start":{"line":111,"column":36},"end":{"line":111,"column":40}}},"13":{"name":"(anonymous_13)","decl":{"start":{"line":118,"column":18},"end":{"line":118,"column":20}},"loc":{"start":{"line":118,"column":24},"end":{"line":121,"column":7}}},"14":{"name":"searchRecipes","decl":{"start":{"line":130,"column":22},"end":{"line":130,"column":35}},"loc":{"start":{"line":130,"column":43},"end":{"line":202,"column":null}}},"15":{"name":"(anonymous_15)","decl":{"start":{"line":144,"column":37},"end":{"line":144,"column":38}},"loc":{"start":{"line":144,"column":51},"end":{"line":147,"column":5}}},"16":{"name":"(anonymous_16)","decl":{"start":{"line":152,"column":6},"end":{"line":152,"column":7}},"loc":{"start":{"line":152,"column":20},"end":{"line":152,"column":69}}},"17":{"name":"(anonymous_17)","decl":{"start":{"line":159,"column":44},"end":{"line":159,"column":46}},"loc":{"start":{"line":159,"column":50},"end":{"line":159,"column":68}}},"18":{"name":"fitsRange","decl":{"start":{"line":161,"column":11},"end":{"line":161,"column":20}},"loc":{"start":{"line":161,"column":31},"end":{"line":167,"column":null}}},"19":{"name":"(anonymous_19)","decl":{"start":{"line":170,"column":27},"end":{"line":170,"column":28}},"loc":{"start":{"line":170,"column":32},"end":{"line":178,"column":5}}},"20":{"name":"(anonymous_20)","decl":{"start":{"line":177,"column":29},"end":{"line":177,"column":34}},"loc":{"start":{"line":177,"column":38},"end":{"line":177,"column":57}}},"21":{"name":"(anonymous_21)","decl":{"start":{"line":182,"column":27},"end":{"line":182,"column":28}},"loc":{"start":{"line":182,"column":32},"end":{"line":187,"column":5}}},"22":{"name":"(anonymous_22)","decl":{"start":{"line":184,"column":23},"end":{"line":184,"column":25}},"loc":{"start":{"line":185,"column":8},"end":{"line":185,"column":null}}},"23":{"name":"(anonymous_23)","decl":{"start":{"line":192,"column":9},"end":{"line":192,"column":10}},"loc":{"start":{"line":192,"column":14},"end":{"line":198,"column":5}}},"24":{"name":"(anonymous_24)","decl":{"start":{"line":194,"column":40},"end":{"line":194,"column":41}},"loc":{"start":{"line":194,"column":45},"end":{"line":194,"column":55}}},"25":{"name":"(anonymous_25)","decl":{"start":{"line":199,"column":10},"end":{"line":199,"column":11}},"loc":{"start":{"line":199,"column":20},"end":{"line":199,"column":37}}},"26":{"name":"(anonymous_26)","decl":{"start":{"line":201,"column":20},"end":{"line":201,"column":21}},"loc":{"start":{"line":201,"column":25},"end":{"line":201,"column":33}}},"27":{"name":"intersect","decl":{"start":{"line":204,"column":9},"end":{"line":204,"column":18}},"loc":{"start":{"line":204,"column":25},"end":{"line":208,"column":null}}},"28":{"name":"union","decl":{"start":{"line":209,"column":9},"end":{"line":209,"column":14}},"loc":{"start":{"line":209,"column":21},"end":{"line":213,"column":null}}},"29":{"name":"diff","decl":{"start":{"line":214,"column":9},"end":{"line":214,"column":13}},"loc":{"start":{"line":214,"column":20},"end":{"line":218,"column":null}}},"30":{"name":"suggestIngredients","decl":{"start":{"line":220,"column":16},"end":{"line":220,"column":34}},"loc":{"start":{"line":220,"column":38},"end":{"line":237,"column":null}}},"31":{"name":"(anonymous_31)","decl":{"start":{"line":226,"column":22},"end":{"line":226,"column":24}},"loc":{"start":{"line":226,"column":28},"end":{"line":234,"column":3}}},"32":{"name":"(anonymous_32)","decl":{"start":{"line":228,"column":17},"end":{"line":228,"column":18}},"loc":{"start":{"line":228,"column":22},"end":{"line":228,"column":54}}}},"branchMap":{"0":{"loc":{"start":{"line":16,"column":10},"end":{"line":16,"column":17}},"type":"binary-expr","locations":[{"start":{"line":16,"column":10},"end":{"line":16,"column":11}},{"start":{"line":16,"column":15},"end":{"line":16,"column":17}}]},"1":{"loc":{"start":{"line":25,"column":2},"end":{"line":25,"column":null}},"type":"if","locations":[{"start":{"line":25,"column":2},"end":{"line":25,"column":null}}]},"2":{"loc":{"start":{"line":40,"column":6},"end":{"line":40,"column":null}},"type":"if","locations":[{"start":{"line":40,"column":6},"end":{"line":40,"column":null}}]},"3":{"loc":{"start":{"line":41,"column":6},"end":{"line":44,"column":null}},"type":"if","locations":[{"start":{"line":41,"column":6},"end":{"line":44,"column":null}}]},"4":{"loc":{"start":{"line":41,"column":10},"end":{"line":41,"column":40}},"type":"binary-expr","locations":[{"start":{"line":41,"column":10},"end":{"line":41,"column":23}},{"start":{"line":41,"column":27},"end":{"line":41,"column":40}}]},"5":{"loc":{"start":{"line":43,"column":8},"end":{"line":43,"column":null}},"type":"if","locations":[{"start":{"line":43,"column":8},"end":{"line":43,"column":null}}]},"6":{"loc":{"start":{"line":43,"column":12},"end":{"line":43,"column":39}},"type":"binary-expr","locations":[{"start":{"line":43,"column":12},"end":{"line":43,"column":17}},{"start":{"line":43,"column":21},"end":{"line":43,"column":39}}]},"7":{"loc":{"start":{"line":47,"column":9},"end":{"line":47,"column":48}},"type":"cond-expr","locations":[{"start":{"line":47,"column":37},"end":{"line":47,"column":41}},{"start":{"line":47,"column":44},"end":{"line":47,"column":48}}]},"8":{"loc":{"start":{"line":47,"column":9},"end":{"line":47,"column":34}},"type":"binary-expr","locations":[{"start":{"line":47,"column":9},"end":{"line":47,"column":13}},{"start":{"line":47,"column":17},"end":{"line":47,"column":34}}]},"9":{"loc":{"start":{"line":59,"column":6},"end":{"line":59,"column":41}},"type":"binary-expr","locations":[{"start":{"line":59,"column":6},"end":{"line":59,"column":21}},{"start":{"line":59,"column":25},"end":{"line":59,"column":41}}]},"10":{"loc":{"start":{"line":60,"column":4},"end":{"line":63,"column":null}},"type":"if","locations":[{"start":{"line":60,"column":4},"end":{"line":63,"column":null}}]},"11":{"loc":{"start":{"line":65,"column":4},"end":{"line":68,"column":null}},"type":"if","locations":[{"start":{"line":65,"column":4},"end":{"line":68,"column":null}}]},"12":{"loc":{"start":{"line":73,"column":36},"end":{"line":73,"column":69}},"type":"binary-expr","locations":[{"start":{"line":73,"column":36},"end":{"line":73,"column":51}},{"start":{"line":73,"column":55},"end":{"line":73,"column":69}}]},"13":{"loc":{"start":{"line":85,"column":2},"end":{"line":85,"column":null}},"type":"if","locations":[{"start":{"line":85,"column":2},"end":{"line":85,"column":null}}]},"14":{"loc":{"start":{"line":86,"column":2},"end":{"line":89,"column":null}},"type":"if","locations":[{"start":{"line":86,"column":2},"end":{"line":89,"column":null}}]},"15":{"loc":{"start":{"line":99,"column":6},"end":{"line":115,"column":null}},"type":"if","locations":[{"start":{"line":99,"column":6},"end":{"line":115,"column":null}},{"start":{"line":101,"column":13},"end":{"line":115,"column":null}}]},"16":{"loc":{"start":{"line":102,"column":24},"end":{"line":106,"column":14}},"type":"cond-expr","locations":[{"start":{"line":103,"column":12},"end":{"line":103,"column":null}},{"start":{"line":104,"column":12},"end":{"line":106,"column":14}}]},"17":{"loc":{"start":{"line":104,"column":12},"end":{"line":106,"column":14}},"type":"cond-expr","locations":[{"start":{"line":105,"column":12},"end":{"line":105,"column":null}},{"start":{"line":106,"column":12},"end":{"line":106,"column":14}}]},"18":{"loc":{"start":{"line":108,"column":8},"end":{"line":112,"column":null}},"type":"if","locations":[{"start":{"line":108,"column":8},"end":{"line":112,"column":null}}]},"19":{"loc":{"start":{"line":119,"column":8},"end":{"line":119,"column":null}},"type":"if","locations":[{"start":{"line":119,"column":8},"end":{"line":119,"column":null}}]},"20":{"loc":{"start":{"line":134,"column":4},"end":{"line":134,"column":19}},"type":"default-arg","locations":[{"start":{"line":134,"column":17},"end":{"line":134,"column":19}}]},"21":{"loc":{"start":{"line":135,"column":4},"end":{"line":135,"column":19}},"type":"default-arg","locations":[{"start":{"line":135,"column":17},"end":{"line":135,"column":19}}]},"22":{"loc":{"start":{"line":136,"column":4},"end":{"line":136,"column":19}},"type":"default-arg","locations":[{"start":{"line":136,"column":17},"end":{"line":136,"column":19}}]},"23":{"loc":{"start":{"line":137,"column":4},"end":{"line":137,"column":null}},"type":"default-arg","locations":[{"start":{"line":137,"column":17},"end":{"line":137,"column":null}}]},"24":{"loc":{"start":{"line":138,"column":6},"end":{"line":138,"column":17}},"type":"binary-expr","locations":[{"start":{"line":138,"column":6},"end":{"line":138,"column":11}},{"start":{"line":138,"column":15},"end":{"line":138,"column":17}}]},"25":{"loc":{"start":{"line":143,"column":2},"end":{"line":148,"column":null}},"type":"if","locations":[{"start":{"line":143,"column":2},"end":{"line":148,"column":null}}]},"26":{"loc":{"start":{"line":145,"column":18},"end":{"line":145,"column":55}},"type":"binary-expr","locations":[{"start":{"line":145,"column":18},"end":{"line":145,"column":42}},{"start":{"line":145,"column":46},"end":{"line":145,"column":55}}]},"27":{"loc":{"start":{"line":150,"column":2},"end":{"line":156,"column":null}},"type":"if","locations":[{"start":{"line":150,"column":2},"end":{"line":156,"column":null}}]},"28":{"loc":{"start":{"line":152,"column":31},"end":{"line":152,"column":68}},"type":"binary-expr","locations":[{"start":{"line":152,"column":31},"end":{"line":152,"column":55}},{"start":{"line":152,"column":59},"end":{"line":152,"column":68}}]},"29":{"loc":{"start":{"line":162,"column":4},"end":{"line":162,"column":null}},"type":"if","locations":[{"start":{"line":162,"column":4},"end":{"line":162,"column":null}}]},"30":{"loc":{"start":{"line":163,"column":4},"end":{"line":163,"column":null}},"type":"if","locations":[{"start":{"line":163,"column":4},"end":{"line":163,"column":null}}]},"31":{"loc":{"start":{"line":163,"column":34},"end":{"line":163,"column":52}},"type":"binary-expr","locations":[{"start":{"line":163,"column":34},"end":{"line":163,"column":41}},{"start":{"line":163,"column":45},"end":{"line":163,"column":52}}]},"32":{"loc":{"start":{"line":164,"column":4},"end":{"line":164,"column":null}},"type":"if","locations":[{"start":{"line":164,"column":4},"end":{"line":164,"column":null}}]},"33":{"loc":{"start":{"line":164,"column":34},"end":{"line":164,"column":51}},"type":"binary-expr","locations":[{"start":{"line":164,"column":34},"end":{"line":164,"column":40}},{"start":{"line":164,"column":44},"end":{"line":164,"column":51}}]},"34":{"loc":{"start":{"line":165,"column":4},"end":{"line":165,"column":null}},"type":"if","locations":[{"start":{"line":165,"column":4},"end":{"line":165,"column":null}}]},"35":{"loc":{"start":{"line":169,"column":2},"end":{"line":179,"column":null}},"type":"if","locations":[{"start":{"line":169,"column":2},"end":{"line":179,"column":null}}]},"36":{"loc":{"start":{"line":169,"column":6},"end":{"line":169,"column":37}},"type":"binary-expr","locations":[{"start":{"line":169,"column":6},"end":{"line":169,"column":16}},{"start":{"line":169,"column":20},"end":{"line":169,"column":37}}]},"37":{"loc":{"start":{"line":172,"column":6},"end":{"line":176,"column":null}},"type":"if","locations":[{"start":{"line":172,"column":6},"end":{"line":176,"column":null}}]},"38":{"loc":{"start":{"line":174,"column":10},"end":{"line":174,"column":65}},"type":"cond-expr","locations":[{"start":{"line":174,"column":39},"end":{"line":174,"column":58}},{"start":{"line":174,"column":61},"end":{"line":174,"column":65}}]},"39":{"loc":{"start":{"line":175,"column":12},"end":{"line":175,"column":32}},"type":"cond-expr","locations":[{"start":{"line":175,"column":16},"end":{"line":175,"column":28}},{"start":{"line":175,"column":31},"end":{"line":175,"column":32}}]},"40":{"loc":{"start":{"line":181,"column":2},"end":{"line":188,"column":null}},"type":"if","locations":[{"start":{"line":181,"column":2},"end":{"line":188,"column":null}}]},"41":{"loc":{"start":{"line":183,"column":18},"end":{"line":183,"column":39}},"type":"binary-expr","locations":[{"start":{"line":183,"column":18},"end":{"line":183,"column":33}},{"start":{"line":183,"column":37},"end":{"line":183,"column":39}}]},"42":{"loc":{"start":{"line":185,"column":9},"end":{"line":185,"column":43}},"type":"binary-expr","locations":[{"start":{"line":185,"column":9},"end":{"line":185,"column":37}},{"start":{"line":185,"column":41},"end":{"line":185,"column":43}}]},"43":{"loc":{"start":{"line":193,"column":26},"end":{"line":193,"column":47}},"type":"binary-expr","locations":[{"start":{"line":193,"column":26},"end":{"line":193,"column":41}},{"start":{"line":193,"column":45},"end":{"line":193,"column":47}}]},"44":{"loc":{"start":{"line":196,"column":35},"end":{"line":196,"column":64}},"type":"cond-expr","locations":[{"start":{"line":196,"column":46},"end":{"line":196,"column":60}},{"start":{"line":196,"column":63},"end":{"line":196,"column":64}}]},"45":{"loc":{"start":{"line":206,"column":21},"end":{"line":206,"column":null}},"type":"if","locations":[{"start":{"line":206,"column":21},"end":{"line":206,"column":null}}]},"46":{"loc":{"start":{"line":216,"column":21},"end":{"line":216,"column":null}},"type":"if","locations":[{"start":{"line":216,"column":21},"end":{"line":216,"column":null}}]},"47":{"loc":{"start":{"line":222,"column":2},"end":{"line":222,"column":null}},"type":"if","locations":[{"start":{"line":222,"column":2},"end":{"line":222,"column":null}}]},"48":{"loc":{"start":{"line":228,"column":4},"end":{"line":233,"column":null}},"type":"if","locations":[{"start":{"line":228,"column":4},"end":{"line":233,"column":null}}]},"49":{"loc":{"start":{"line":228,"column":22},"end":{"line":228,"column":54}},"type":"binary-expr","locations":[{"start":{"line":228,"column":22},"end":{"line":228,"column":37}},{"start":{"line":228,"column":41},"end":{"line":228,"column":54}}]},"50":{"loc":{"start":{"line":229,"column":6},"end":{"line":232,"column":null}},"type":"if","locations":[{"start":{"line":229,"column":6},"end":{"line":232,"column":null}}]}},"s":{"0":9,"1":9,"2":9,"3":9,"4":297,"5":297,"6":297,"7":1350,"8":28711,"9":28,"10":0,"11":28,"12":284,"13":144,"14":144,"15":144,"16":4752,"17":4752,"18":26352,"19":0,"20":26352,"21":344,"22":344,"23":184,"24":144,"25":28,"26":28,"27":28,"28":28,"29":284,"30":284,"31":284,"32":140,"33":140,"34":144,"35":144,"36":56,"37":56,"38":88,"39":28,"40":28,"41":196,"42":28,"43":9,"44":9,"45":9,"46":9,"47":26,"48":17,"49":9,"50":2,"51":0,"52":7,"53":7,"54":4,"55":28,"56":28,"57":28,"58":0,"59":28,"60":28,"61":28,"62":28,"63":28,"64":192,"65":28,"66":28,"67":192,"68":128,"69":192,"70":4,"71":7,"72":26,"73":21,"74":21,"75":21,"76":0,"77":0,"78":0,"79":21,"80":0,"81":0,"82":0,"83":21,"84":147,"85":70,"86":0,"87":70,"88":42,"89":28,"90":28,"91":0,"92":0,"93":0,"94":21,"95":10,"96":70,"97":70,"98":70,"99":70,"100":70,"101":70,"102":21,"103":5,"104":13,"105":13,"106":65,"107":21,"108":98,"109":98,"110":0,"111":98,"112":98,"113":98,"114":171,"115":21,"116":98,"117":0,"118":0,"119":0,"120":0,"121":0,"122":0,"123":0,"124":0,"125":0,"126":0,"127":0,"128":0,"129":0,"130":0,"131":0,"132":0,"133":0,"134":0,"135":0,"136":0,"137":0,"138":0,"139":0,"140":0,"141":0,"142":0,"143":0},"f":{"0":297,"1":1350,"2":28711,"3":28,"4":284,"5":144,"6":28,"7":284,"8":196,"9":26,"10":7,"11":28,"12":192,"13":192,"14":26,"15":0,"16":0,"17":147,"18":70,"19":70,"20":70,"21":13,"22":65,"23":98,"24":0,"25":171,"26":98,"27":0,"28":0,"29":0,"30":0,"31":0,"32":0},"b":{"0":[28711,0],"1":[0],"2":[0],"3":[344],"4":[26352,26240],"5":[184],"6":[344,236],"7":[56,88],"8":[144,108],"9":[284,264],"10":[140],"11":[56],"12":[196,192],"13":[17],"14":[2],"15":[0,28],"16":[0,28],"17":[28,0],"18":[28],"19":[128],"20":[0],"21":[0],"22":[0],"23":[0],"24":[21,0],"25":[0],"26":[0,0],"27":[0],"28":[0,0],"29":[0],"30":[42],"31":[42,36],"32":[28],"33":[28,12],"34":[0],"35":[10],"36":[21,21],"37":[70],"38":[70,0],"39":[70,0],"40":[5],"41":[13,0],"42":[65,0],"43":[98,0],"44":[87,11],"45":[0],"46":[0],"47":[0],"48":[0],"49":[0,0],"50":[0]}}
,"/Users/maksimleno/Documents/Recipe Generator/src/services/storage.js": {"path":"/Users/maksimleno/Documents/Recipe Generator/src/services/storage.js","statementMap":{"0":{"start":{"line":1,"column":15},"end":{"line":1,"column":20}},"1":{"start":{"line":4,"column":2},"end":{"line":4,"column":null}},"2":{"start":{"line":7,"column":23},"end":{"line":30,"column":1}},"3":{"start":{"line":9,"column":4},"end":{"line":14,"column":null}},"4":{"start":{"line":10,"column":18},"end":{"line":10,"column":46}},"5":{"start":{"line":11,"column":6},"end":{"line":11,"column":null}},"6":{"start":{"line":13,"column":6},"end":{"line":13,"column":null}},"7":{"start":{"line":18,"column":4},"end":{"line":18,"column":null}},"8":{"start":{"line":22,"column":4},"end":{"line":22,"column":null}},"9":{"start":{"line":26,"column":4},"end":{"line":28,"column":null}},"10":{"start":{"line":27,"column":21},"end":{"line":27,"column":41}},"11":{"start":{"line":28,"column":22},"end":{"line":28,"column":48}}},"fnMap":{"0":{"name":"key","decl":{"start":{"line":3,"column":9},"end":{"line":3,"column":12}},"loc":{"start":{"line":3,"column":16},"end":{"line":5,"column":null}}},"1":{"name":"(anonymous_1)","decl":{"start":{"line":8,"column":2},"end":{"line":8,"column":5}},"loc":{"start":{"line":8,"column":26},"end":{"line":15,"column":3}}},"2":{"name":"(anonymous_2)","decl":{"start":{"line":17,"column":2},"end":{"line":17,"column":5}},"loc":{"start":{"line":17,"column":16},"end":{"line":19,"column":3}}},"3":{"name":"(anonymous_3)","decl":{"start":{"line":21,"column":2},"end":{"line":21,"column":8}},"loc":{"start":{"line":21,"column":12},"end":{"line":23,"column":3}}},"4":{"name":"(anonymous_4)","decl":{"start":{"line":25,"column":2},"end":{"line":25,"column":14}},"loc":{"start":{"line":25,"column":17},"end":{"line":29,"column":3}}},"5":{"name":"(anonymous_5)","decl":{"start":{"line":27,"column":14},"end":{"line":27,"column":15}},"loc":{"start":{"line":27,"column":21},"end":{"line":27,"column":41}}},"6":{"name":"(anonymous_6)","decl":{"start":{"line":28,"column":15},"end":{"line":28,"column":16}},"loc":{"start":{"line":28,"column":22},"end":{"line":28,"column":48}}}},"branchMap":{"0":{"loc":{"start":{"line":8,"column":9},"end":{"line":8,"column":24}},"type":"default-arg","locations":[{"start":{"line":8,"column":20},"end":{"line":8,"column":24}}]},"1":{"loc":{"start":{"line":11,"column":13},"end":{"line":11,"column":54}},"type":"cond-expr","locations":[{"start":{"line":11,"column":28},"end":{"line":11,"column":36}},{"start":{"line":11,"column":39},"end":{"line":11,"column":54}}]}},"s":{"0":70,"1":432,"2":70,"3":432,"4":432,"5":432,"6":0,"7":0,"8":0,"9":0,"10":0,"11":0},"f":{"0":432,"1":432,"2":0,"3":0,"4":0,"5":0,"6":0},"b":{"0":[0],"1":[340,92]}}
,"/Users/maksimleno/Documents/Recipe Generator/src/test-utils/TestProviders.jsx": {"path":"/Users/maksimleno/Documents/Recipe Generator/src/test-utils/TestProviders.jsx","statementMap":{"0":{"start":{"line":7,"column":2},"end":{"line":12,"column":null}},"1":{"start":{"line":14,"column":1},"end":{"line":6,"column":28}},"2":{"start":{"line":6,"column":28},"end":{"line":6,"column":29}}},"fnMap":{"0":{"name":"AppProviders","decl":{"start":{"line":6,"column":16},"end":{"line":6,"column":28}},"loc":{"start":{"line":6,"column":43},"end":{"line":14,"column":1}}}},"branchMap":{},"s":{"0":219,"1":4,"2":4},"f":{"0":219},"b":{}}
}
