{"/Users/maksimleno/Documents/Recipe Generator/src/components/AuthSwitch/AuthSwitch.jsx": {"path":"/Users/maksimleno/Documents/Recipe Generator/src/components/AuthSwitch/AuthSwitch.jsx","statementMap":{"0":{"start":{"line":6,"column":37},"end":{"line":6,"column":null}},"1":{"start":{"line":7,"column":23},"end":{"line":7,"column":null}},"2":{"start":{"line":8,"column":19},"end":{"line":8,"column":null}},"3":{"start":{"line":10,"column":2},"end":{"line":16,"column":null}},"4":{"start":{"line":11,"column":4},"end":{"line":14,"column":null}},"5":{"start":{"line":18,"column":2},"end":{"line":21,"column":null}},"6":{"start":{"line":23,"column":1},"end":{"line":8,"column":31}},"7":{"start":{"line":6,"column":34},"end":{"line":8,"column":31}},"8":{"start":{"line":8,"column":30},"end":{"line":6,"column":34}},"9":{"start":{"line":6,"column":34},"end":{"line":6,"column":37}}},"fnMap":{"0":{"name":"AuthSwitch","decl":{"start":{"line":6,"column":24},"end":{"line":6,"column":34}},"loc":{"start":{"line":6,"column":37},"end":{"line":23,"column":1}}},"1":{"name":"(anonymous_1)","decl":{"start":{"line":6,"column":34},"end":{"line":6,"column":37}},"loc":{"start":{"line":6,"column":34},"end":{"line":8,"column":31}}}},"branchMap":{"0":{"loc":{"start":{"line":10,"column":2},"end":{"line":16,"column":null}},"type":"if","locations":[{"start":{"line":10,"column":2},"end":{"line":16,"column":null}}]}},"s":{"0":10,"1":10,"2":10,"3":10,"4":6,"5":4,"6":3,"7":3,"8":3,"9":3},"f":{"0":10,"1":3},"b":{"0":[6]}}
,"/Users/maksimleno/Documents/Recipe Generator/src/context/AuthContext.jsx": {"path":"/Users/maksimleno/Documents/Recipe Generator/src/context/AuthContext.jsx","statementMap":{"0":{"start":{"line":13,"column":16},"end":{"line":13,"column":null}},"1":{"start":{"line":15,"column":43},"end":{"line":15,"column":null}},"2":{"start":{"line":17,"column":26},"end":{"line":17,"column":null}},"3":{"start":{"line":17,"column":41},"end":{"line":17,"column":57}},"4":{"start":{"line":18,"column":42},"end":{"line":18,"column":null}},"5":{"start":{"line":20,"column":19},"end":{"line":20,"column":null}},"6":{"start":{"line":22,"column":2},"end":{"line":30,"column":null}},"7":{"start":{"line":23,"column":18},"end":{"line":27,"column":null}},"8":{"start":{"line":24,"column":22},"end":{"line":24,"column":null}},"9":{"start":{"line":25,"column":6},"end":{"line":25,"column":null}},"10":{"start":{"line":26,"column":6},"end":{"line":26,"column":null}},"11":{"start":{"line":29,"column":4},"end":{"line":29,"column":null}},"12":{"start":{"line":29,"column":17},"end":{"line":29,"column":null}},"13":{"start":{"line":33,"column":16},"end":{"line":64,"column":null}},"14":{"start":{"line":34,"column":11},"end":{"line":62,"column":null}},"15":{"start":{"line":40,"column":18},"end":{"line":40,"column":null}},"16":{"start":{"line":41,"column":8},"end":{"line":41,"column":null}},"17":{"start":{"line":42,"column":8},"end":{"line":42,"column":null}},"18":{"start":{"line":46,"column":18},"end":{"line":46,"column":null}},"19":{"start":{"line":47,"column":8},"end":{"line":47,"column":null}},"20":{"start":{"line":48,"column":8},"end":{"line":48,"column":null}},"21":{"start":{"line":52,"column":8},"end":{"line":52,"column":null}},"22":{"start":{"line":53,"column":8},"end":{"line":53,"column":null}},"23":{"start":{"line":58,"column":18},"end":{"line":58,"column":null}},"24":{"start":{"line":59,"column":8},"end":{"line":59,"column":null}},"25":{"start":{"line":60,"column":8},"end":{"line":60,"column":null}},"26":{"start":{"line":66,"column":2},"end":{"line":66,"column":null}},"27":{"start":{"line":67,"column":1},"end":{"line":15,"column":29}},"28":{"start":{"line":15,"column":28},"end":{"line":null,"column":-1}},"29":{"start":{"line":69,"column":26},"end":{"line":69,"column":null}},"30":{"start":{"line":70,"column":14},"end":{"line":70,"column":null}},"31":{"start":{"line":71,"column":2},"end":{"line":71,"column":null}},"32":{"start":{"line":71,"column":12},"end":{"line":71,"column":null}},"33":{"start":{"line":72,"column":2},"end":{"line":72,"column":null}},"34":{"start":{"line":73,"column":1},"end":{"line":69,"column":26}},"35":{"start":{"line":69,"column":23},"end":{"line":69,"column":26}}},"fnMap":{"0":{"name":"AuthProvider","decl":{"start":{"line":15,"column":16},"end":{"line":15,"column":28}},"loc":{"start":{"line":15,"column":43},"end":{"line":67,"column":1}}},"1":{"name":"(anonymous_1)","decl":{"start":{"line":17,"column":35},"end":{"line":17,"column":41}},"loc":{"start":{"line":17,"column":41},"end":{"line":17,"column":57}}},"2":{"name":"(anonymous_2)","decl":{"start":{"line":22,"column":12},"end":{"line":22,"column":18}},"loc":{"start":{"line":22,"column":18},"end":{"line":30,"column":5}}},"3":{"name":"(anonymous_3)","decl":{"start":{"line":23,"column":43},"end":{"line":23,"column":49}},"loc":{"start":{"line":23,"column":49},"end":{"line":27,"column":5}}},"4":{"name":"(anonymous_4)","decl":{"start":{"line":29,"column":11},"end":{"line":29,"column":17}},"loc":{"start":{"line":29,"column":17},"end":{"line":29,"column":null}}},"5":{"name":"(anonymous_5)","decl":{"start":{"line":34,"column":4},"end":{"line":34,"column":11}},"loc":{"start":{"line":34,"column":11},"end":{"line":62,"column":null}}},"6":{"name":"(anonymous_6)","decl":{"start":{"line":39,"column":6},"end":{"line":39,"column":12}},"loc":{"start":{"line":39,"column":25},"end":{"line":43,"column":null}}},"7":{"name":"(anonymous_7)","decl":{"start":{"line":45,"column":6},"end":{"line":45,"column":12}},"loc":{"start":{"line":45,"column":27},"end":{"line":49,"column":null}}},"8":{"name":"(anonymous_8)","decl":{"start":{"line":51,"column":6},"end":{"line":51,"column":12}},"loc":{"start":{"line":51,"column":21},"end":{"line":54,"column":null}}},"9":{"name":"(anonymous_9)","decl":{"start":{"line":57,"column":6},"end":{"line":57,"column":12}},"loc":{"start":{"line":57,"column":33},"end":{"line":61,"column":null}}},"10":{"name":"useAuth","decl":{"start":{"line":69,"column":16},"end":{"line":69,"column":23}},"loc":{"start":{"line":69,"column":26},"end":{"line":73,"column":1}}}},"branchMap":{"0":{"loc":{"start":{"line":71,"column":2},"end":{"line":71,"column":null}},"type":"if","locations":[{"start":{"line":71,"column":2},"end":{"line":71,"column":null}}]}},"s":{"0":3,"1":10,"2":10,"3":5,"4":10,"5":10,"6":10,"7":5,"8":5,"9":5,"10":5,"11":5,"12":2,"13":10,"14":10,"15":0,"16":0,"17":0,"18":0,"19":0,"20":0,"21":0,"22":0,"23":0,"24":0,"25":0,"26":10,"27":3,"28":3,"29":20,"30":20,"31":20,"32":0,"33":20,"34":3,"35":3},"f":{"0":10,"1":5,"2":5,"3":5,"4":2,"5":10,"6":0,"7":0,"8":0,"9":0,"10":20},"b":{"0":[0]}}
,"/Users/maksimleno/Documents/Recipe Generator/src/context/SavedContext.jsx": {"path":"/Users/maksimleno/Documents/Recipe Generator/src/context/SavedContext.jsx","statementMap":{"0":{"start":{"line":5,"column":17},"end":{"line":5,"column":null}},"1":{"start":{"line":7,"column":44},"end":{"line":7,"column":null}},"2":{"start":{"line":8,"column":29},"end":{"line":8,"column":null}},"3":{"start":{"line":9,"column":17},"end":{"line":9,"column":null}},"4":{"start":{"line":11,"column":28},"end":{"line":11,"column":null}},"5":{"start":{"line":13,"column":2},"end":{"line":39,"column":null}},"6":{"start":{"line":14,"column":20},"end":{"line":14,"column":null}},"7":{"start":{"line":17,"column":6},"end":{"line":31,"column":null}},"8":{"start":{"line":18,"column":8},"end":{"line":28,"column":null}},"9":{"start":{"line":19,"column":22},"end":{"line":19,"column":null}},"10":{"start":{"line":20,"column":10},"end":{"line":22,"column":null}},"11":{"start":{"line":21,"column":12},"end":{"line":21,"column":null}},"12":{"start":{"line":24,"column":10},"end":{"line":24,"column":null}},"13":{"start":{"line":25,"column":10},"end":{"line":27,"column":null}},"14":{"start":{"line":26,"column":12},"end":{"line":26,"column":null}},"15":{"start":{"line":30,"column":8},"end":{"line":30,"column":null}},"16":{"start":{"line":34,"column":4},"end":{"line":34,"column":null}},"17":{"start":{"line":36,"column":4},"end":{"line":38,"column":null}},"18":{"start":{"line":37,"column":6},"end":{"line":37,"column":null}},"19":{"start":{"line":41,"column":16},"end":{"line":62,"column":null}},"20":{"start":{"line":42,"column":11},"end":{"line":60,"column":null}},"21":{"start":{"line":47,"column":8},"end":{"line":47,"column":null}},"22":{"start":{"line":47,"column":23},"end":{"line":47,"column":null}},"23":{"start":{"line":48,"column":8},"end":{"line":54,"column":null}},"24":{"start":{"line":49,"column":22},"end":{"line":49,"column":null}},"25":{"start":{"line":50,"column":10},"end":{"line":50,"column":null}},"26":{"start":{"line":52,"column":10},"end":{"line":52,"column":null}},"27":{"start":{"line":53,"column":10},"end":{"line":53,"column":null}},"28":{"start":{"line":58,"column":8},"end":{"line":58,"column":null}},"29":{"start":{"line":64,"column":2},"end":{"line":64,"column":null}},"30":{"start":{"line":65,"column":1},"end":{"line":8,"column":37}},"31":{"start":{"line":7,"column":29},"end":{"line":8,"column":37}},"32":{"start":{"line":8,"column":36},"end":{"line":7,"column":29}},"33":{"start":{"line":67,"column":24},"end":{"line":67,"column":51}},"34":{"start":{"line":67,"column":24},"end":{"line":67,"column":30}},"35":{"start":{"line":67,"column":24},"end":{"line":67,"column":50}},"36":{"start":{"line":67,"column":51},"end":{"line":67,"column":24}},"37":{"start":{"line":67,"column":21},"end":{"line":67,"column":24}}},"fnMap":{"0":{"name":"SavedProvider","decl":{"start":{"line":7,"column":16},"end":{"line":7,"column":29}},"loc":{"start":{"line":7,"column":44},"end":{"line":65,"column":1}}},"1":{"name":"(anonymous_1)","decl":{"start":{"line":13,"column":12},"end":{"line":13,"column":18}},"loc":{"start":{"line":13,"column":18},"end":{"line":39,"column":5}}},"2":{"name":"loadSaved","decl":{"start":{"line":16,"column":19},"end":{"line":16,"column":31}},"loc":{"start":{"line":16,"column":31},"end":{"line":32,"column":null}}},"3":{"name":"(anonymous_3)","decl":{"start":{"line":36,"column":11},"end":{"line":36,"column":17}},"loc":{"start":{"line":36,"column":17},"end":{"line":38,"column":null}}},"4":{"name":"(anonymous_4)","decl":{"start":{"line":42,"column":4},"end":{"line":42,"column":11}},"loc":{"start":{"line":42,"column":11},"end":{"line":60,"column":null}}},"5":{"name":"(anonymous_5)","decl":{"start":{"line":46,"column":6},"end":{"line":46,"column":12}},"loc":{"start":{"line":46,"column":34},"end":{"line":55,"column":null}}},"6":{"name":"(anonymous_6)","decl":{"start":{"line":57,"column":6},"end":{"line":57,"column":14}},"loc":{"start":{"line":57,"column":24},"end":{"line":59,"column":null}}},"7":{"name":"(anonymous_7)","decl":{"start":{"line":7,"column":29},"end":{"line":7,"column":30}},"loc":{"start":{"line":7,"column":29},"end":{"line":8,"column":37}}},"8":{"name":"(anonymous_8)","decl":{"start":{"line":67,"column":24},"end":{"line":67,"column":30}},"loc":{"start":{"line":67,"column":24},"end":{"line":67,"column":51}}}},"branchMap":{"0":{"loc":{"start":{"line":9,"column":17},"end":{"line":9,"column":null}},"type":"binary-expr","locations":[{"start":{"line":9,"column":17},"end":{"line":9,"column":29}},{"start":{"line":9,"column":29},"end":{"line":9,"column":null}}]},"1":{"loc":{"start":{"line":17,"column":6},"end":{"line":31,"column":null}},"type":"if","locations":[{"start":{"line":17,"column":6},"end":{"line":31,"column":null}},{"start":{"line":29,"column":13},"end":{"line":31,"column":null}}]},"2":{"loc":{"start":{"line":17,"column":10},"end":{"line":17,"column":30}},"type":"binary-expr","locations":[{"start":{"line":17,"column":10},"end":{"line":17,"column":22}},{"start":{"line":17,"column":22},"end":{"line":17,"column":30}}]},"3":{"loc":{"start":{"line":20,"column":10},"end":{"line":22,"column":null}},"type":"if","locations":[{"start":{"line":20,"column":10},"end":{"line":22,"column":null}}]},"4":{"loc":{"start":{"line":25,"column":10},"end":{"line":27,"column":null}},"type":"if","locations":[{"start":{"line":25,"column":10},"end":{"line":27,"column":null}}]},"5":{"loc":{"start":{"line":47,"column":8},"end":{"line":47,"column":null}},"type":"if","locations":[{"start":{"line":47,"column":8},"end":{"line":47,"column":null}}]},"6":{"loc":{"start":{"line":58,"column":15},"end":{"line":58,"column":null}},"type":"cond-expr","locations":[{"start":{"line":58,"column":26},"end":{"line":58,"column":48}},{"start":{"line":58,"column":48},"end":{"line":58,"column":null}}]}},"s":{"0":3,"1":10,"2":10,"3":10,"4":10,"5":10,"6":5,"7":5,"8":2,"9":2,"10":0,"11":0,"12":0,"13":0,"14":0,"15":3,"16":5,"17":5,"18":2,"19":10,"20":8,"21":0,"22":0,"23":0,"24":0,"25":0,"26":0,"27":0,"28":0,"29":10,"30":3,"31":3,"32":3,"33":3,"34":0,"35":0,"36":3,"37":3},"f":{"0":10,"1":5,"2":5,"3":2,"4":8,"5":0,"6":0,"7":3,"8":0},"b":{"0":[10,6],"1":[2,3],"2":[5,2],"3":[0],"4":[0],"5":[0],"6":[0,0]}}
,"/Users/maksimleno/Documents/Recipe Generator/src/data/recipes.js": {"path":"/Users/maksimleno/Documents/Recipe Generator/src/data/recipes.js","statementMap":{"0":{"start":{"line":8,"column":28},"end":{"line":15,"column":1}},"1":{"start":{"line":17,"column":23},"end":{"line":159,"column":1}}},"fnMap":{},"branchMap":{},"s":{"0":3,"1":3},"f":{},"b":{}}
,"/Users/maksimleno/Documents/Recipe Generator/src/services/authService.js": {"path":"/Users/maksimleno/Documents/Recipe Generator/src/services/authService.js","statementMap":{"0":{"start":{"line":10,"column":20},"end":{"line":10,"column":39}},"1":{"start":{"line":14,"column":2},"end":{"line":14,"column":null}},"2":{"start":{"line":18,"column":2},"end":{"line":18,"column":null}},"3":{"start":{"line":22,"column":2},"end":{"line":22,"column":null}},"4":{"start":{"line":22,"column":13},"end":{"line":22,"column":null}},"5":{"start":{"line":24,"column":2},"end":{"line":29,"column":null}},"6":{"start":{"line":33,"column":15},"end":{"line":33,"column":33}},"7":{"start":{"line":34,"column":18},"end":{"line":34,"column":51}},"8":{"start":{"line":36,"column":2},"end":{"line":40,"column":null}},"9":{"start":{"line":37,"column":4},"end":{"line":37,"column":null}},"10":{"start":{"line":39,"column":4},"end":{"line":39,"column":null}},"11":{"start":{"line":41,"column":2},"end":{"line":41,"column":null}},"12":{"start":{"line":45,"column":17},"end":{"line":45,"column":33}},"13":{"start":{"line":46,"column":2},"end":{"line":48,"column":null}},"14":{"start":{"line":47,"column":4},"end":{"line":47,"column":null}},"15":{"start":{"line":49,"column":2},"end":{"line":49,"column":null}},"16":{"start":{"line":53,"column":2},"end":{"line":53,"column":null}},"17":{"start":{"line":57,"column":2},"end":{"line":57,"column":null}},"18":{"start":{"line":58,"column":2},"end":{"line":58,"column":null}},"19":{"start":{"line":62,"column":12},"end":{"line":62,"column":37}},"20":{"start":{"line":63,"column":12},"end":{"line":63,"column":28}},"21":{"start":{"line":64,"column":12},"end":{"line":64,"column":34}},"22":{"start":{"line":66,"column":2},"end":{"line":66,"column":null}},"23":{"start":{"line":66,"column":20},"end":{"line":66,"column":null}},"24":{"start":{"line":67,"column":2},"end":{"line":67,"column":null}},"25":{"start":{"line":67,"column":33},"end":{"line":67,"column":null}},"26":{"start":{"line":68,"column":2},"end":{"line":68,"column":null}},"27":{"start":{"line":68,"column":20},"end":{"line":68,"column":null}},"28":{"start":{"line":70,"column":15},"end":{"line":70,"column":63}},"29":{"start":{"line":72,"column":2},"end":{"line":72,"column":null}},"30":{"start":{"line":75,"column":2},"end":{"line":75,"column":null}},"31":{"start":{"line":79,"column":12},"end":{"line":79,"column":28}},"32":{"start":{"line":80,"column":12},"end":{"line":80,"column":34}},"33":{"start":{"line":82,"column":15},"end":{"line":82,"column":59}},"34":{"start":{"line":84,"column":2},"end":{"line":84,"column":null}},"35":{"start":{"line":89,"column":17},"end":{"line":89,"column":33}},"36":{"start":{"line":90,"column":2},"end":{"line":90,"column":null}},"37":{"start":{"line":90,"column":15},"end":{"line":90,"column":null}},"38":{"start":{"line":94,"column":2},"end":{"line":99,"column":null}},"39":{"start":{"line":95,"column":4},"end":{"line":95,"column":null}},"40":{"start":{"line":96,"column":4},"end":{"line":96,"column":null}},"41":{"start":{"line":96,"column":29},"end":{"line":96,"column":null}},"42":{"start":{"line":98,"column":4},"end":{"line":98,"column":null}},"43":{"start":{"line":102,"column":4},"end":{"line":102,"column":61}},"44":{"start":{"line":104,"column":18},"end":{"line":108,"column":3}},"45":{"start":{"line":110,"column":2},"end":{"line":110,"column":null}},"46":{"start":{"line":111,"column":2},"end":{"line":111,"column":null}},"47":{"start":{"line":115,"column":2},"end":{"line":115,"column":null}}},"fnMap":{"0":{"name":"normEmail","decl":{"start":{"line":13,"column":9},"end":{"line":13,"column":18}},"loc":{"start":{"line":13,"column":26},"end":{"line":15,"column":null}}},"1":{"name":"getStoredSession","decl":{"start":{"line":17,"column":9},"end":{"line":17,"column":25}},"loc":{"start":{"line":17,"column":28},"end":{"line":19,"column":null}}},"2":{"name":"toSessionFromFirebase","decl":{"start":{"line":21,"column":9},"end":{"line":21,"column":30}},"loc":{"start":{"line":21,"column":50},"end":{"line":30,"column":null}}},"3":{"name":"saveSessionFromFirebase","decl":{"start":{"line":32,"column":9},"end":{"line":32,"column":32}},"loc":{"start":{"line":32,"column":39},"end":{"line":42,"column":null}}},"4":{"name":"getCurrentUser","decl":{"start":{"line":44,"column":16},"end":{"line":44,"column":30}},"loc":{"start":{"line":44,"column":33},"end":{"line":50,"column":null}}},"5":{"name":"isAuthenticated","decl":{"start":{"line":52,"column":16},"end":{"line":52,"column":31}},"loc":{"start":{"line":52,"column":34},"end":{"line":54,"column":null}}},"6":{"name":"logout","decl":{"start":{"line":56,"column":22},"end":{"line":56,"column":28}},"loc":{"start":{"line":56,"column":31},"end":{"line":59,"column":null}}},"7":{"name":"register","decl":{"start":{"line":61,"column":22},"end":{"line":61,"column":30}},"loc":{"start":{"line":61,"column":58},"end":{"line":76,"column":null}}},"8":{"name":"login","decl":{"start":{"line":78,"column":22},"end":{"line":78,"column":27}},"loc":{"start":{"line":78,"column":49},"end":{"line":85,"column":null}}},"9":{"name":"updateProfileData","decl":{"start":{"line":88,"column":22},"end":{"line":88,"column":39}},"loc":{"start":{"line":88,"column":58},"end":{"line":112,"column":null}}},"10":{"name":"updateProfileName","decl":{"start":{"line":114,"column":22},"end":{"line":114,"column":39}},"loc":{"start":{"line":114,"column":49},"end":{"line":116,"column":null}}}},"branchMap":{"0":{"loc":{"start":{"line":14,"column":16},"end":{"line":14,"column":27}},"type":"binary-expr","locations":[{"start":{"line":14,"column":16},"end":{"line":14,"column":21}},{"start":{"line":14,"column":25},"end":{"line":14,"column":27}}]},"1":{"loc":{"start":{"line":21,"column":37},"end":{"line":21,"column":48}},"type":"default-arg","locations":[{"start":{"line":21,"column":44},"end":{"line":21,"column":48}}]},"2":{"loc":{"start":{"line":22,"column":2},"end":{"line":22,"column":null}},"type":"if","locations":[{"start":{"line":22,"column":2},"end":{"line":22,"column":null}}]},"3":{"loc":{"start":{"line":26,"column":10},"end":{"line":26,"column":46}},"type":"binary-expr","locations":[{"start":{"line":26,"column":10},"end":{"line":26,"column":26}},{"start":{"line":26,"column":30},"end":{"line":26,"column":40}},{"start":{"line":26,"column":44},"end":{"line":26,"column":46}}]},"4":{"loc":{"start":{"line":28,"column":12},"end":{"line":28,"column":32}},"type":"binary-expr","locations":[{"start":{"line":28,"column":12},"end":{"line":28,"column":24}},{"start":{"line":28,"column":28},"end":{"line":28,"column":32}}]},"5":{"loc":{"start":{"line":36,"column":2},"end":{"line":40,"column":null}},"type":"if","locations":[{"start":{"line":36,"column":2},"end":{"line":40,"column":null}},{"start":{"line":38,"column":9},"end":{"line":40,"column":null}}]},"6":{"loc":{"start":{"line":46,"column":2},"end":{"line":48,"column":null}},"type":"if","locations":[{"start":{"line":46,"column":2},"end":{"line":48,"column":null}}]},"7":{"loc":{"start":{"line":62,"column":19},"end":{"line":62,"column":29}},"type":"binary-expr","locations":[{"start":{"line":62,"column":19},"end":{"line":62,"column":23}},{"start":{"line":62,"column":27},"end":{"line":62,"column":29}}]},"8":{"loc":{"start":{"line":64,"column":19},"end":{"line":64,"column":33}},"type":"binary-expr","locations":[{"start":{"line":64,"column":19},"end":{"line":64,"column":27}},{"start":{"line":64,"column":31},"end":{"line":64,"column":33}}]},"9":{"loc":{"start":{"line":66,"column":2},"end":{"line":66,"column":null}},"type":"if","locations":[{"start":{"line":66,"column":2},"end":{"line":66,"column":null}}]},"10":{"loc":{"start":{"line":67,"column":2},"end":{"line":67,"column":null}},"type":"if","locations":[{"start":{"line":67,"column":2},"end":{"line":67,"column":null}}]},"11":{"loc":{"start":{"line":68,"column":2},"end":{"line":68,"column":null}},"type":"if","locations":[{"start":{"line":68,"column":2},"end":{"line":68,"column":null}}]},"12":{"loc":{"start":{"line":80,"column":19},"end":{"line":80,"column":33}},"type":"binary-expr","locations":[{"start":{"line":80,"column":19},"end":{"line":80,"column":27}},{"start":{"line":80,"column":31},"end":{"line":80,"column":33}}]},"13":{"loc":{"start":{"line":90,"column":2},"end":{"line":90,"column":null}},"type":"if","locations":[{"start":{"line":90,"column":2},"end":{"line":90,"column":null}}]},"14":{"loc":{"start":{"line":94,"column":2},"end":{"line":99,"column":null}},"type":"if","locations":[{"start":{"line":94,"column":2},"end":{"line":99,"column":null}}]},"15":{"loc":{"start":{"line":95,"column":22},"end":{"line":95,"column":32}},"type":"binary-expr","locations":[{"start":{"line":95,"column":22},"end":{"line":95,"column":26}},{"start":{"line":95,"column":30},"end":{"line":95,"column":32}}]},"16":{"loc":{"start":{"line":96,"column":4},"end":{"line":96,"column":null}},"type":"if","locations":[{"start":{"line":96,"column":4},"end":{"line":96,"column":null}}]},"17":{"loc":{"start":{"line":102,"column":4},"end":{"line":102,"column":61}},"type":"binary-expr","locations":[{"start":{"line":102,"column":4},"end":{"line":102,"column":22}},{"start":{"line":102,"column":26},"end":{"line":102,"column":61}}]},"18":{"loc":{"start":{"line":106,"column":8},"end":{"line":106,"column":56}},"type":"cond-expr","locations":[{"start":{"line":106,"column":33},"end":{"line":106,"column":51}},{"start":{"line":106,"column":54},"end":{"line":106,"column":56}}]},"19":{"loc":{"start":{"line":107,"column":8},"end":{"line":107,"column":46}},"type":"cond-expr","locations":[{"start":{"line":107,"column":31},"end":{"line":107,"column":41}},{"start":{"line":107,"column":44},"end":{"line":107,"column":46}}]}},"s":{"0":3,"1":0,"2":10,"3":0,"4":0,"5":0,"6":0,"7":0,"8":0,"9":0,"10":0,"11":0,"12":10,"13":10,"14":0,"15":10,"16":0,"17":0,"18":0,"19":0,"20":0,"21":0,"22":0,"23":0,"24":0,"25":0,"26":0,"27":0,"28":0,"29":0,"30":0,"31":0,"32":0,"33":0,"34":0,"35":0,"36":0,"37":0,"38":0,"39":0,"40":0,"41":0,"42":0,"43":0,"44":0,"45":0,"46":0,"47":0},"f":{"0":0,"1":10,"2":0,"3":0,"4":10,"5":0,"6":0,"7":0,"8":0,"9":0,"10":0},"b":{"0":[0,0],"1":[0],"2":[0],"3":[0,0,0],"4":[0,0],"5":[0,0],"6":[0],"7":[0,0],"8":[0,0],"9":[0],"10":[0],"11":[0],"12":[0,0],"13":[0],"14":[0],"15":[0,0],"16":[0],"17":[0,0],"18":[0,0],"19":[0,0]}}
,"/Users/maksimleno/Documents/Recipe Generator/src/services/firebase.js": {"path":"/Users/maksimleno/Documents/Recipe Generator/src/services/firebase.js","statementMap":{"0":{"start":{"line":5,"column":23},"end":{"line":13,"column":1}},"1":{"start":{"line":15,"column":12},"end":{"line":15,"column":41}},"2":{"start":{"line":18,"column":20},"end":{"line":18,"column":32}},"3":{"start":{"line":19,"column":18},"end":{"line":19,"column":35}}},"fnMap":{},"branchMap":{},"s":{"0":3,"1":3,"2":3,"3":3},"f":{},"b":{}}
,"/Users/maksimleno/Documents/Recipe Generator/src/services/recipesService.js": {"path":"/Users/maksimleno/Documents/Recipe Generator/src/services/recipesService.js","statementMap":{"0":{"start":{"line":20,"column":2},"end":{"line":20,"column":null}},"1":{"start":{"line":20,"column":15},"end":{"line":20,"column":null}},"2":{"start":{"line":24,"column":2},"end":{"line":24,"column":null}},"3":{"start":{"line":25,"column":2},"end":{"line":25,"column":null}},"4":{"start":{"line":29,"column":14},"end":{"line":29,"column":33}},"5":{"start":{"line":30,"column":15},"end":{"line":30,"column":32}},"6":{"start":{"line":32,"column":2},"end":{"line":34,"column":null}},"7":{"start":{"line":33,"column":4},"end":{"line":33,"column":null}},"8":{"start":{"line":36,"column":15},"end":{"line":36,"column":26}},"9":{"start":{"line":37,"column":14},"end":{"line":37,"column":53}},"10":{"start":{"line":38,"column":2},"end":{"line":38,"column":null}},"11":{"start":{"line":42,"column":14},"end":{"line":42,"column":39}},"12":{"start":{"line":43,"column":2},"end":{"line":43,"column":null}},"13":{"start":{"line":47,"column":14},"end":{"line":47,"column":33}},"14":{"start":{"line":48,"column":15},"end":{"line":48,"column":32}},"15":{"start":{"line":51,"column":4},"end":{"line":53,"column":17}},"16":{"start":{"line":55,"column":2},"end":{"line":59,"column":null}},"17":{"start":{"line":56,"column":4},"end":{"line":56,"column":null}},"18":{"start":{"line":58,"column":4},"end":{"line":58,"column":null}},"19":{"start":{"line":62,"column":2},"end":{"line":62,"column":null}},"20":{"start":{"line":64,"column":2},"end":{"line":64,"column":null}},"21":{"start":{"line":70,"column":2},"end":{"line":70,"column":null}},"22":{"start":{"line":75,"column":21},"end":{"line":75,"column":45}},"23":{"start":{"line":76,"column":23},"end":{"line":76,"column":56}},"24":{"start":{"line":78,"column":2},"end":{"line":81,"column":null}},"25":{"start":{"line":85,"column":15},"end":{"line":85,"column":53}},"26":{"start":{"line":86,"column":19},"end":{"line":88,"column":28}},"27":{"start":{"line":90,"column":4},"end":{"line":90,"column":51}},"28":{"start":{"line":92,"column":17},"end":{"line":98,"column":4}},"29":{"start":{"line":100,"column":2},"end":{"line":104,"column":null}},"30":{"start":{"line":108,"column":14},"end":{"line":108,"column":36}},"31":{"start":{"line":109,"column":2},"end":{"line":109,"column":null}},"32":{"start":{"line":113,"column":15},"end":{"line":113,"column":49}},"33":{"start":{"line":115,"column":17},"end":{"line":122,"column":4}},"34":{"start":{"line":116,"column":17},"end":{"line":116,"column":31}},"35":{"start":{"line":118,"column":4},"end":{"line":121,"column":null}},"36":{"start":{"line":124,"column":2},"end":{"line":124,"column":null}},"37":{"start":{"line":128,"column":12},"end":{"line":128,"column":65}},"38":{"start":{"line":129,"column":15},"end":{"line":129,"column":31}},"39":{"start":{"line":131,"column":2},"end":{"line":133,"column":null}},"40":{"start":{"line":132,"column":4},"end":{"line":132,"column":null}},"41":{"start":{"line":135,"column":18},"end":{"line":135,"column":30}},"42":{"start":{"line":136,"column":15},"end":{"line":136,"column":29}},"43":{"start":{"line":138,"column":2},"end":{"line":141,"column":null}},"44":{"start":{"line":145,"column":14},"end":{"line":145,"column":35}},"45":{"start":{"line":146,"column":2},"end":{"line":146,"column":null}},"46":{"start":{"line":146,"column":19},"end":{"line":146,"column":null}},"47":{"start":{"line":148,"column":14},"end":{"line":148,"column":52}},"48":{"start":{"line":149,"column":2},"end":{"line":149,"column":null}}},"fnMap":{"0":{"name":"ensureUser","decl":{"start":{"line":19,"column":9},"end":{"line":19,"column":19}},"loc":{"start":{"line":19,"column":28},"end":{"line":21,"column":null}}},"1":{"name":"savedDocRef","decl":{"start":{"line":23,"column":9},"end":{"line":23,"column":20}},"loc":{"start":{"line":23,"column":29},"end":{"line":26,"column":null}}},"2":{"name":"getSavedIds","decl":{"start":{"line":28,"column":22},"end":{"line":28,"column":33}},"loc":{"start":{"line":28,"column":42},"end":{"line":39,"column":null}}},"3":{"name":"isSaved","decl":{"start":{"line":41,"column":22},"end":{"line":41,"column":29}},"loc":{"start":{"line":41,"column":42},"end":{"line":44,"column":null}}},"4":{"name":"toggleSaved","decl":{"start":{"line":46,"column":22},"end":{"line":46,"column":33}},"loc":{"start":{"line":46,"column":46},"end":{"line":65,"column":null}}},"5":{"name":"recipesCollection","decl":{"start":{"line":69,"column":9},"end":{"line":69,"column":26}},"loc":{"start":{"line":69,"column":29},"end":{"line":71,"column":null}}},"6":{"name":"attachImage","decl":{"start":{"line":74,"column":9},"end":{"line":74,"column":20}},"loc":{"start":{"line":74,"column":29},"end":{"line":82,"column":null}}},"7":{"name":"createRecipe","decl":{"start":{"line":84,"column":22},"end":{"line":84,"column":34}},"loc":{"start":{"line":84,"column":41},"end":{"line":105,"column":null}}},"8":{"name":"deleteRecipeById","decl":{"start":{"line":107,"column":22},"end":{"line":107,"column":38}},"loc":{"start":{"line":107,"column":43},"end":{"line":110,"column":null}}},"9":{"name":"getAllRecipes","decl":{"start":{"line":112,"column":22},"end":{"line":112,"column":35}},"loc":{"start":{"line":112,"column":38},"end":{"line":125,"column":null}}},"10":{"name":"(anonymous_10)","decl":{"start":{"line":115,"column":31},"end":{"line":115,"column":32}},"loc":{"start":{"line":115,"column":44},"end":{"line":122,"column":3}}},"11":{"name":"getRecipeBySlug","decl":{"start":{"line":127,"column":22},"end":{"line":127,"column":37}},"loc":{"start":{"line":127,"column":44},"end":{"line":142,"column":null}}},"12":{"name":"getRandomRecipe","decl":{"start":{"line":144,"column":22},"end":{"line":144,"column":37}},"loc":{"start":{"line":144,"column":40},"end":{"line":150,"column":null}}}},"branchMap":{"0":{"loc":{"start":{"line":20,"column":2},"end":{"line":20,"column":null}},"type":"if","locations":[{"start":{"line":20,"column":2},"end":{"line":20,"column":null}}]},"1":{"loc":{"start":{"line":32,"column":2},"end":{"line":34,"column":null}},"type":"if","locations":[{"start":{"line":32,"column":2},"end":{"line":34,"column":null}}]},"2":{"loc":{"start":{"line":37,"column":14},"end":{"line":37,"column":53}},"type":"cond-expr","locations":[{"start":{"line":37,"column":40},"end":{"line":37,"column":48}},{"start":{"line":37,"column":51},"end":{"line":37,"column":53}}]},"3":{"loc":{"start":{"line":51,"column":4},"end":{"line":53,"column":17}},"type":"cond-expr","locations":[{"start":{"line":52,"column":8},"end":{"line":52,"column":null}},{"start":{"line":53,"column":8},"end":{"line":53,"column":17}}]},"4":{"loc":{"start":{"line":51,"column":4},"end":{"line":51,"column":null}},"type":"binary-expr","locations":[{"start":{"line":51,"column":4},"end":{"line":51,"column":17}},{"start":{"line":51,"column":21},"end":{"line":51,"column":null}}]},"5":{"loc":{"start":{"line":55,"column":2},"end":{"line":59,"column":null}},"type":"if","locations":[{"start":{"line":55,"column":2},"end":{"line":59,"column":null}},{"start":{"line":57,"column":9},"end":{"line":59,"column":null}}]},"6":{"loc":{"start":{"line":75,"column":21},"end":{"line":75,"column":45}},"type":"binary-expr","locations":[{"start":{"line":75,"column":21},"end":{"line":75,"column":37}},{"start":{"line":75,"column":41},"end":{"line":75,"column":45}}]},"7":{"loc":{"start":{"line":76,"column":23},"end":{"line":76,"column":56}},"type":"binary-expr","locations":[{"start":{"line":76,"column":23},"end":{"line":76,"column":48}},{"start":{"line":76,"column":52},"end":{"line":76,"column":56}}]},"8":{"loc":{"start":{"line":80,"column":11},"end":{"line":80,"column":45}},"type":"binary-expr","locations":[{"start":{"line":80,"column":11},"end":{"line":80,"column":21}},{"start":{"line":80,"column":25},"end":{"line":80,"column":37}},{"start":{"line":80,"column":41},"end":{"line":80,"column":45}}]},"9":{"loc":{"start":{"line":85,"column":16},"end":{"line":85,"column":31}},"type":"binary-expr","locations":[{"start":{"line":85,"column":16},"end":{"line":85,"column":25}},{"start":{"line":85,"column":29},"end":{"line":85,"column":31}}]},"10":{"loc":{"start":{"line":90,"column":4},"end":{"line":90,"column":51}},"type":"binary-expr","locations":[{"start":{"line":90,"column":4},"end":{"line":90,"column":12}},{"start":{"line":90,"column":16},"end":{"line":90,"column":51}}]},"11":{"loc":{"start":{"line":96,"column":14},"end":{"line":96,"column":35}},"type":"binary-expr","locations":[{"start":{"line":96,"column":14},"end":{"line":96,"column":27}},{"start":{"line":96,"column":31},"end":{"line":96,"column":35}}]},"12":{"loc":{"start":{"line":119,"column":10},"end":{"line":119,"column":31}},"type":"binary-expr","locations":[{"start":{"line":119,"column":10},"end":{"line":119,"column":17}},{"start":{"line":119,"column":21},"end":{"line":119,"column":31}}]},"13":{"loc":{"start":{"line":131,"column":2},"end":{"line":133,"column":null}},"type":"if","locations":[{"start":{"line":131,"column":2},"end":{"line":133,"column":null}}]},"14":{"loc":{"start":{"line":139,"column":8},"end":{"line":139,"column":29}},"type":"binary-expr","locations":[{"start":{"line":139,"column":8},"end":{"line":139,"column":15}},{"start":{"line":139,"column":19},"end":{"line":139,"column":29}}]},"15":{"loc":{"start":{"line":146,"column":2},"end":{"line":146,"column":null}},"type":"if","locations":[{"start":{"line":146,"column":2},"end":{"line":146,"column":null}}]}},"s":{"0":2,"1":0,"2":2,"3":2,"4":2,"5":2,"6":0,"7":0,"8":0,"9":0,"10":0,"11":0,"12":0,"13":0,"14":0,"15":0,"16":0,"17":0,"18":0,"19":0,"20":0,"21":0,"22":0,"23":0,"24":0,"25":0,"26":0,"27":0,"28":0,"29":0,"30":0,"31":0,"32":0,"33":0,"34":0,"35":0,"36":0,"37":0,"38":0,"39":0,"40":0,"41":0,"42":0,"43":0,"44":0,"45":0,"46":0,"47":0,"48":0},"f":{"0":2,"1":2,"2":2,"3":0,"4":0,"5":0,"6":0,"7":0,"8":0,"9":0,"10":0,"11":0,"12":0},"b":{"0":[0],"1":[0],"2":[0,0],"3":[0,0],"4":[0,0],"5":[0,0],"6":[0,0],"7":[0,0],"8":[0,0,0],"9":[0,0],"10":[0,0],"11":[0,0],"12":[0,0],"13":[0],"14":[0,0],"15":[0]}}
,"/Users/maksimleno/Documents/Recipe Generator/src/services/storage.js": {"path":"/Users/maksimleno/Documents/Recipe Generator/src/services/storage.js","statementMap":{"0":{"start":{"line":1,"column":15},"end":{"line":1,"column":20}},"1":{"start":{"line":4,"column":2},"end":{"line":4,"column":null}},"2":{"start":{"line":7,"column":23},"end":{"line":30,"column":1}},"3":{"start":{"line":9,"column":4},"end":{"line":14,"column":null}},"4":{"start":{"line":10,"column":18},"end":{"line":10,"column":46}},"5":{"start":{"line":11,"column":6},"end":{"line":11,"column":null}},"6":{"start":{"line":13,"column":6},"end":{"line":13,"column":null}},"7":{"start":{"line":18,"column":4},"end":{"line":18,"column":null}},"8":{"start":{"line":22,"column":4},"end":{"line":22,"column":null}},"9":{"start":{"line":26,"column":4},"end":{"line":28,"column":null}},"10":{"start":{"line":27,"column":21},"end":{"line":27,"column":41}},"11":{"start":{"line":28,"column":22},"end":{"line":28,"column":48}}},"fnMap":{"0":{"name":"key","decl":{"start":{"line":3,"column":9},"end":{"line":3,"column":12}},"loc":{"start":{"line":3,"column":16},"end":{"line":5,"column":null}}},"1":{"name":"(anonymous_1)","decl":{"start":{"line":8,"column":2},"end":{"line":8,"column":5}},"loc":{"start":{"line":8,"column":26},"end":{"line":15,"column":3}}},"2":{"name":"(anonymous_2)","decl":{"start":{"line":17,"column":2},"end":{"line":17,"column":5}},"loc":{"start":{"line":17,"column":16},"end":{"line":19,"column":3}}},"3":{"name":"(anonymous_3)","decl":{"start":{"line":21,"column":2},"end":{"line":21,"column":8}},"loc":{"start":{"line":21,"column":12},"end":{"line":23,"column":3}}},"4":{"name":"(anonymous_4)","decl":{"start":{"line":25,"column":2},"end":{"line":25,"column":14}},"loc":{"start":{"line":25,"column":17},"end":{"line":29,"column":3}}},"5":{"name":"(anonymous_5)","decl":{"start":{"line":27,"column":14},"end":{"line":27,"column":15}},"loc":{"start":{"line":27,"column":21},"end":{"line":27,"column":41}}},"6":{"name":"(anonymous_6)","decl":{"start":{"line":28,"column":15},"end":{"line":28,"column":16}},"loc":{"start":{"line":28,"column":22},"end":{"line":28,"column":48}}}},"branchMap":{"0":{"loc":{"start":{"line":8,"column":9},"end":{"line":8,"column":24}},"type":"default-arg","locations":[{"start":{"line":8,"column":20},"end":{"line":8,"column":24}}]},"1":{"loc":{"start":{"line":11,"column":13},"end":{"line":11,"column":54}},"type":"cond-expr","locations":[{"start":{"line":11,"column":28},"end":{"line":11,"column":36}},{"start":{"line":11,"column":39},"end":{"line":11,"column":54}}]}},"s":{"0":3,"1":10,"2":3,"3":10,"4":10,"5":10,"6":0,"7":0,"8":0,"9":0,"10":0,"11":0},"f":{"0":10,"1":10,"2":0,"3":0,"4":0,"5":0,"6":0},"b":{"0":[0],"1":[6,4]}}
,"/Users/maksimleno/Documents/Recipe Generator/src/test-utils/TestProviders.jsx": {"path":"/Users/maksimleno/Documents/Recipe Generator/src/test-utils/TestProviders.jsx","statementMap":{"0":{"start":{"line":7,"column":2},"end":{"line":12,"column":null}},"1":{"start":{"line":14,"column":1},"end":{"line":6,"column":28}},"2":{"start":{"line":6,"column":28},"end":{"line":6,"column":29}}},"fnMap":{"0":{"name":"AppProviders","decl":{"start":{"line":6,"column":16},"end":{"line":6,"column":28}},"loc":{"start":{"line":6,"column":43},"end":{"line":14,"column":1}}}},"branchMap":{},"s":{"0":5,"1":3,"2":3},"f":{"0":5},"b":{}}
}
