{"total": {"lines":{"total":980,"covered":626,"skipped":0,"pct":63.87},"statements":{"total":1165,"covered":729,"skipped":0,"pct":62.57},"functions":{"total":309,"covered":203,"skipped":0,"pct":65.69},"branches":{"total":583,"covered":293,"skipped":0,"pct":50.25},"branchesTrue":{"total":0,"covered":0,"skipped":0,"pct":100}}
,"/Users/maksimleno/Documents/Recipe Generator/src/App.jsx": {"lines":{"total":1,"covered":1,"skipped":0,"pct":100},"functions":{"total":1,"covered":1,"skipped":0,"pct":100},"statements":{"total":1,"covered":1,"skipped":0,"pct":100},"branches":{"total":0,"covered":0,"skipped":0,"pct":100}}
,"/Users/maksimleno/Documents/Recipe Generator/src/components/GuestRoute.jsx": {"lines":{"total":2,"covered":0,"skipped":0,"pct":0},"functions":{"total":1,"covered":0,"skipped":0,"pct":0},"statements":{"total":2,"covered":0,"skipped":0,"pct":0},"branches":{"total":3,"covered":0,"skipped":0,"pct":0}}
,"/Users/maksimleno/Documents/Recipe Generator/src/components/ProtectedRoute.jsx": {"lines":{"total":5,"covered":0,"skipped":0,"pct":0},"functions":{"total":1,"covered":0,"skipped":0,"pct":0},"statements":{"total":5,"covered":0,"skipped":0,"pct":0},"branches":{"total":2,"covered":0,"skipped":0,"pct":0}}
,"/Users/maksimleno/Documents/Recipe Generator/src/components/AuthSwitch/AuthSwitch.jsx": {"lines":{"total":8,"covered":7,"skipped":0,"pct":87.5},"functions":{"total":3,"covered":3,"skipped":0,"pct":100},"statements":{"total":14,"covered":13,"skipped":0,"pct":92.85},"branches":{"total":2,"covered":2,"skipped":0,"pct":100}}
,"/Users/maksimleno/Documents/Recipe Generator/src/components/FilterBar/FilterBar.jsx": {"lines":{"total":94,"covered":68,"skipped":0,"pct":72.34},"functions":{"total":51,"covered":28,"skipped":0,"pct":54.9},"statements":{"total":118,"covered":76,"skipped":0,"pct":64.4},"branches":{"total":29,"covered":15,"skipped":0,"pct":51.72}}
,"/Users/maksimleno/Documents/Recipe Generator/src/components/RecipeCard/RecipeCard.jsx": {"lines":{"total":39,"covered":28,"skipped":0,"pct":71.79},"functions":{"total":13,"covered":11,"skipped":0,"pct":84.61},"statements":{"total":64,"covered":45,"skipped":0,"pct":70.31},"branches":{"total":32,"covered":12,"skipped":0,"pct":37.5}}
,"/Users/maksimleno/Documents/Recipe Generator/src/components/RecipesGrid/RecipesGrid.jsx": {"lines":{"total":28,"covered":25,"skipped":0,"pct":89.28},"functions":{"total":8,"covered":8,"skipped":0,"pct":100},"statements":{"total":30,"covered":27,"skipped":0,"pct":90},"branches":{"total":18,"covered":14,"skipped":0,"pct":77.77}}
,"/Users/maksimleno/Documents/Recipe Generator/src/components/SideBar/Sidebar.jsx": {"lines":{"total":7,"covered":7,"skipped":0,"pct":100},"functions":{"total":5,"covered":5,"skipped":0,"pct":100},"statements":{"total":7,"covered":7,"skipped":0,"pct":100},"branches":{"total":8,"covered":4,"skipped":0,"pct":50}}
,"/Users/maksimleno/Documents/Recipe Generator/src/context/AuthContext.jsx": {"lines":{"total":42,"covered":42,"skipped":0,"pct":100},"functions":{"total":22,"covered":22,"skipped":0,"pct":100},"statements":{"total":62,"covered":60,"skipped":0,"pct":96.77},"branches":{"total":2,"covered":0,"skipped":0,"pct":0}}
,"/Users/maksimleno/Documents/Recipe Generator/src/context/SavedContext.jsx": {"lines":{"total":44,"covered":37,"skipped":0,"pct":84.09},"functions":{"total":17,"covered":17,"skipped":0,"pct":100},"statements":{"total":63,"covered":53,"skipped":0,"pct":84.12},"branches":{"total":22,"covered":16,"skipped":0,"pct":72.72}}
,"/Users/maksimleno/Documents/Recipe Generator/src/data/ingredients.js": {"lines":{"total":1,"covered":1,"skipped":0,"pct":100},"functions":{"total":0,"covered":0,"skipped":0,"pct":100},"statements":{"total":1,"covered":1,"skipped":0,"pct":100},"branches":{"total":0,"covered":0,"skipped":0,"pct":100}}
,"/Users/maksimleno/Documents/Recipe Generator/src/data/recipes.js": {"lines":{"total":2,"covered":2,"skipped":0,"pct":100},"functions":{"total":0,"covered":0,"skipped":0,"pct":100},"statements":{"total":2,"covered":2,"skipped":0,"pct":100},"branches":{"total":0,"covered":0,"skipped":0,"pct":100}}
,"/Users/maksimleno/Documents/Recipe Generator/src/pages/CreateRecipePage/CreateRecipePage.jsx": {"lines":{"total":161,"covered":114,"skipped":0,"pct":70.8},"functions":{"total":44,"covered":26,"skipped":0,"pct":59.09},"statements":{"total":182,"covered":121,"skipped":0,"pct":66.48},"branches":{"total":47,"covered":24,"skipped":0,"pct":51.06}}
,"/Users/maksimleno/Documents/Recipe Generator/src/pages/GeneratorPage/GeneratorPage.jsx": {"lines":{"total":70,"covered":24,"skipped":0,"pct":34.28},"functions":{"total":13,"covered":3,"skipped":0,"pct":23.07},"statements":{"total":75,"covered":24,"skipped":0,"pct":32},"branches":{"total":53,"covered":26,"skipped":0,"pct":49.05}}
,"/Users/maksimleno/Documents/Recipe Generator/src/pages/HomePage/HomePage.jsx": {"lines":{"total":2,"covered":2,"skipped":0,"pct":100},"functions":{"total":1,"covered":1,"skipped":0,"pct":100},"statements":{"total":2,"covered":2,"skipped":0,"pct":100},"branches":{"total":0,"covered":0,"skipped":0,"pct":100}}
,"/Users/maksimleno/Documents/Recipe Generator/src/pages/LoginModal/LoginModal.jsx": {"lines":{"total":34,"covered":19,"skipped":0,"pct":55.88},"functions":{"total":6,"covered":5,"skipped":0,"pct":83.33},"statements":{"total":37,"covered":22,"skipped":0,"pct":59.45},"branches":{"total":32,"covered":23,"skipped":0,"pct":71.87}}
,"/Users/maksimleno/Documents/Recipe Generator/src/pages/MyRecipesPage/MyRecipesPage.jsx": {"lines":{"total":38,"covered":18,"skipped":0,"pct":47.36},"functions":{"total":10,"covered":3,"skipped":0,"pct":30},"statements":{"total":42,"covered":19,"skipped":0,"pct":45.23},"branches":{"total":23,"covered":6,"skipped":0,"pct":26.08}}
,"/Users/maksimleno/Documents/Recipe Generator/src/pages/NotFoundPage/NotFoundPage.jsx": {"lines":{"total":6,"covered":3,"skipped":0,"pct":50},"functions":{"total":3,"covered":1,"skipped":0,"pct":33.33},"statements":{"total":7,"covered":3,"skipped":0,"pct":42.85},"branches":{"total":2,"covered":0,"skipped":0,"pct":0}}
,"/Users/maksimleno/Documents/Recipe Generator/src/pages/ProfilePage/ProfilePage.jsx": {"lines":{"total":38,"covered":23,"skipped":0,"pct":60.52},"functions":{"total":9,"covered":3,"skipped":0,"pct":33.33},"statements":{"total":39,"covered":23,"skipped":0,"pct":58.97},"branches":{"total":43,"covered":30,"skipped":0,"pct":69.76}}
,"/Users/maksimleno/Documents/Recipe Generator/src/pages/RecipePage/RecipePage.jsx": {"lines":{"total":67,"covered":32,"skipped":0,"pct":47.76},"functions":{"total":11,"covered":4,"skipped":0,"pct":36.36},"statements":{"total":72,"covered":32,"skipped":0,"pct":44.44},"branches":{"total":51,"covered":10,"skipped":0,"pct":19.6}}
,"/Users/maksimleno/Documents/Recipe Generator/src/pages/RegisterModal/RegisterModal.jsx": {"lines":{"total":38,"covered":24,"skipped":0,"pct":63.15},"functions":{"total":8,"covered":8,"skipped":0,"pct":100},"statements":{"total":41,"covered":27,"skipped":0,"pct":65.85},"branches":{"total":56,"covered":45,"skipped":0,"pct":80.35}}
,"/Users/maksimleno/Documents/Recipe Generator/src/pages/SavedPage/SavedPage.jsx": {"lines":{"total":24,"covered":23,"skipped":0,"pct":95.83},"functions":{"total":17,"covered":17,"skipped":0,"pct":100},"statements":{"total":39,"covered":34,"skipped":0,"pct":87.17},"branches":{"total":20,"covered":12,"skipped":0,"pct":60}}
,"/Users/maksimleno/Documents/Recipe Generator/src/services/authService.js": {"lines":{"total":42,"covered":5,"skipped":0,"pct":11.9},"functions":{"total":11,"covered":2,"skipped":0,"pct":18.18},"statements":{"total":48,"covered":5,"skipped":0,"pct":10.41},"branches":{"total":32,"covered":0,"skipped":0,"pct":0}}
,"/Users/maksimleno/Documents/Recipe Generator/src/services/firebase.js": {"lines":{"total":4,"covered":4,"skipped":0,"pct":100},"functions":{"total":0,"covered":0,"skipped":0,"pct":100},"statements":{"total":4,"covered":4,"skipped":0,"pct":100},"branches":{"total":0,"covered":0,"skipped":0,"pct":100}}
,"/Users/maksimleno/Documents/Recipe Generator/src/services/recipesService.js": {"lines":{"total":47,"covered":17,"skipped":0,"pct":36.17},"functions":{"total":13,"covered":8,"skipped":0,"pct":61.53},"statements":{"total":49,"covered":17,"skipped":0,"pct":34.69},"branches":{"total":29,"covered":9,"skipped":0,"pct":31.03}}
,"/Users/maksimleno/Documents/Recipe Generator/src/services/searchService.js": {"lines":{"total":121,"covered":91,"skipped":0,"pct":75.2},"functions":{"total":33,"covered":24,"skipped":0,"pct":72.72},"statements":{"total":144,"covered":102,"skipped":0,"pct":70.83},"branches":{"total":74,"covered":43,"skipped":0,"pct":58.1}}
,"/Users/maksimleno/Documents/Recipe Generator/src/services/storage.js": {"lines":{"total":12,"covered":6,"skipped":0,"pct":50},"functions":{"total":7,"covered":2,"skipped":0,"pct":28.57},"statements":{"total":12,"covered":6,"skipped":0,"pct":50},"branches":{"total":3,"covered":2,"skipped":0,"pct":66.66}}
,"/Users/maksimleno/Documents/Recipe Generator/src/test-utils/TestProviders.jsx": {"lines":{"total":3,"covered":3,"skipped":0,"pct":100},"functions":{"total":1,"covered":1,"skipped":0,"pct":100},"statements":{"total":3,"covered":3,"skipped":0,"pct":100},"branches":{"total":0,"covered":0,"skipped":0,"pct":100}}
}
