TN:
SF:src/components/AuthSwitch/AuthSwitch.jsx
FN:6,AuthSwitch
FN:6,(anonymous_1)
FNF:2
FNH:2
FNDA:10,AuthSwitch
FNDA:3,(anonymous_1)
DA:6,10
DA:7,10
DA:8,10
DA:10,10
DA:11,6
DA:18,4
DA:23,3
LF:7
LH:7
BRDA:10,0,0,6
BRF:1
BRH:1
end_of_record
TN:
SF:src/context/AuthContext.jsx
FN:15,AuthProvider
FN:17,(anonymous_1)
FN:22,(anonymous_2)
FN:23,(anonymous_3)
FN:29,(anonymous_4)
FN:34,(anonymous_5)
FN:39,(anonymous_6)
FN:45,(anonymous_7)
FN:51,(anonymous_8)
FN:57,(anonymous_9)
FN:69,useAuth
FNF:11
FNH:7
FNDA:10,AuthProvider
FNDA:5,(anonymous_1)
FNDA:5,(anonymous_2)
FNDA:5,(anonymous_3)
FNDA:2,(anonymous_4)
FNDA:10,(anonymous_5)
FNDA:0,(anonymous_6)
FNDA:0,(anonymous_7)
FNDA:0,(anonymous_8)
FNDA:0,(anonymous_9)
FNDA:20,useAuth
DA:13,3
DA:15,10
DA:17,10
DA:18,10
DA:20,10
DA:22,10
DA:23,5
DA:24,5
DA:25,5
DA:26,5
DA:29,5
DA:33,10
DA:34,10
DA:40,0
DA:41,0
DA:42,0
DA:46,0
DA:47,0
DA:48,0
DA:52,0
DA:53,0
DA:58,0
DA:59,0
DA:60,0
DA:66,10
DA:67,3
DA:69,20
DA:70,20
DA:71,20
DA:72,20
DA:73,3
LF:31
LH:20
BRDA:71,0,0,0
BRF:1
BRH:0
end_of_record
TN:
SF:src/context/SavedContext.jsx
FN:7,SavedProvider
FN:13,(anonymous_1)
FN:16,loadSaved
FN:36,(anonymous_3)
FN:42,(anonymous_4)
FN:46,(anonymous_5)
FN:57,(anonymous_6)
FN:7,(anonymous_7)
FN:67,(anonymous_8)
FNF:9
FNH:6
FNDA:10,SavedProvider
FNDA:5,(anonymous_1)
FNDA:5,loadSaved
FNDA:2,(anonymous_3)
FNDA:8,(anonymous_4)
FNDA:0,(anonymous_5)
FNDA:0,(anonymous_6)
FNDA:3,(anonymous_7)
FNDA:0,(anonymous_8)
DA:5,3
DA:7,10
DA:8,10
DA:9,10
DA:11,10
DA:13,10
DA:14,5
DA:17,5
DA:18,2
DA:19,2
DA:20,0
DA:21,0
DA:24,0
DA:25,0
DA:26,0
DA:30,3
DA:34,5
DA:36,5
DA:37,2
DA:41,10
DA:42,8
DA:47,0
DA:48,0
DA:49,0
DA:50,0
DA:52,0
DA:53,0
DA:58,0
DA:64,10
DA:65,3
DA:67,3
LF:31
LH:19
BRDA:9,0,0,10
BRDA:9,0,1,6
BRDA:17,1,0,2
BRDA:17,1,1,3
BRDA:17,2,0,5
BRDA:17,2,1,2
BRDA:20,3,0,0
BRDA:25,4,0,0
BRDA:47,5,0,0
BRDA:58,6,0,0
BRDA:58,6,1,0
BRF:11
BRH:6
end_of_record
TN:
SF:src/data/recipes.js
FNF:0
FNH:0
DA:8,3
DA:17,3
LF:2
LH:2
BRF:0
BRH:0
end_of_record
TN:
SF:src/services/authService.js
FN:13,normEmail
FN:17,getStoredSession
FN:21,toSessionFromFirebase
FN:32,saveSessionFromFirebase
FN:44,getCurrentUser
FN:52,isAuthenticated
FN:56,logout
FN:61,register
FN:78,login
FN:88,updateProfileData
FN:114,updateProfileName
FNF:11
FNH:2
FNDA:0,normEmail
FNDA:10,getStoredSession
FNDA:0,toSessionFromFirebase
FNDA:0,saveSessionFromFirebase
FNDA:10,getCurrentUser
FNDA:0,isAuthenticated
FNDA:0,logout
FNDA:0,register
FNDA:0,login
FNDA:0,updateProfileData
FNDA:0,updateProfileName
DA:10,3
DA:14,0
DA:18,10
DA:22,0
DA:24,0
DA:33,0
DA:34,0
DA:36,0
DA:37,0
DA:39,0
DA:41,0
DA:45,10
DA:46,10
DA:47,0
DA:49,10
DA:53,0
DA:57,0
DA:58,0
DA:62,0
DA:63,0
DA:64,0
DA:66,0
DA:67,0
DA:68,0
DA:70,0
DA:72,0
DA:75,0
DA:79,0
DA:80,0
DA:82,0
DA:84,0
DA:89,0
DA:90,0
DA:94,0
DA:95,0
DA:96,0
DA:98,0
DA:102,0
DA:104,0
DA:110,0
DA:111,0
DA:115,0
LF:42
LH:5
BRDA:14,0,0,0
BRDA:14,0,1,0
BRDA:21,1,0,0
BRDA:22,2,0,0
BRDA:26,3,0,0
BRDA:26,3,1,0
BRDA:26,3,2,0
BRDA:28,4,0,0
BRDA:28,4,1,0
BRDA:36,5,0,0
BRDA:36,5,1,0
BRDA:46,6,0,0
BRDA:62,7,0,0
BRDA:62,7,1,0
BRDA:64,8,0,0
BRDA:64,8,1,0
BRDA:66,9,0,0
BRDA:67,10,0,0
BRDA:68,11,0,0
BRDA:80,12,0,0
BRDA:80,12,1,0
BRDA:90,13,0,0
BRDA:94,14,0,0
BRDA:95,15,0,0
BRDA:95,15,1,0
BRDA:96,16,0,0
BRDA:102,17,0,0
BRDA:102,17,1,0
BRDA:106,18,0,0
BRDA:106,18,1,0
BRDA:107,19,0,0
BRDA:107,19,1,0
BRF:32
BRH:0
end_of_record
TN:
SF:src/services/firebase.js
FNF:0
FNH:0
DA:5,3
DA:15,3
DA:18,3
DA:19,3
LF:4
LH:4
BRF:0
BRH:0
end_of_record
TN:
SF:src/services/recipesService.js
FN:19,ensureUser
FN:23,savedDocRef
FN:28,getSavedIds
FN:41,isSaved
FN:46,toggleSaved
FN:69,recipesCollection
FN:74,attachImage
FN:84,createRecipe
FN:107,deleteRecipeById
FN:112,getAllRecipes
FN:115,(anonymous_10)
FN:127,getRecipeBySlug
FN:144,getRandomRecipe
FNF:13
FNH:3
FNDA:2,ensureUser
FNDA:2,savedDocRef
FNDA:2,getSavedIds
FNDA:0,isSaved
FNDA:0,toggleSaved
FNDA:0,recipesCollection
FNDA:0,attachImage
FNDA:0,createRecipe
FNDA:0,deleteRecipeById
FNDA:0,getAllRecipes
FNDA:0,(anonymous_10)
FNDA:0,getRecipeBySlug
FNDA:0,getRandomRecipe
DA:20,2
DA:24,2
DA:25,2
DA:29,2
DA:30,2
DA:32,0
DA:33,0
DA:36,0
DA:37,0
DA:38,0
DA:42,0
DA:43,0
DA:47,0
DA:48,0
DA:51,0
DA:55,0
DA:56,0
DA:58,0
DA:62,0
DA:64,0
DA:70,0
DA:75,0
DA:76,0
DA:78,0
DA:85,0
DA:86,0
DA:90,0
DA:92,0
DA:100,0
DA:108,0
DA:109,0
DA:113,0
DA:115,0
DA:116,0
DA:118,0
DA:124,0
DA:128,0
DA:129,0
DA:131,0
DA:132,0
DA:135,0
DA:136,0
DA:138,0
DA:145,0
DA:146,0
DA:148,0
DA:149,0
LF:47
LH:5
BRDA:20,0,0,0
BRDA:32,1,0,0
BRDA:37,2,0,0
BRDA:37,2,1,0
BRDA:51,3,0,0
BRDA:51,3,1,0
BRDA:51,4,0,0
BRDA:51,4,1,0
BRDA:55,5,0,0
BRDA:55,5,1,0
BRDA:75,6,0,0
BRDA:75,6,1,0
BRDA:76,7,0,0
BRDA:76,7,1,0
BRDA:80,8,0,0
BRDA:80,8,1,0
BRDA:80,8,2,0
BRDA:85,9,0,0
BRDA:85,9,1,0
BRDA:90,10,0,0
BRDA:90,10,1,0
BRDA:96,11,0,0
BRDA:96,11,1,0
BRDA:119,12,0,0
BRDA:119,12,1,0
BRDA:131,13,0,0
BRDA:139,14,0,0
BRDA:139,14,1,0
BRDA:146,15,0,0
BRF:29
BRH:0
end_of_record
TN:
SF:src/services/storage.js
FN:3,key
FN:8,(anonymous_1)
FN:17,(anonymous_2)
FN:21,(anonymous_3)
FN:25,(anonymous_4)
FN:27,(anonymous_5)
FN:28,(anonymous_6)
FNF:7
FNH:2
FNDA:10,key
FNDA:10,(anonymous_1)
FNDA:0,(anonymous_2)
FNDA:0,(anonymous_3)
FNDA:0,(anonymous_4)
FNDA:0,(anonymous_5)
FNDA:0,(anonymous_6)
DA:1,3
DA:4,10
DA:7,3
DA:9,10
DA:10,10
DA:11,10
DA:13,0
DA:18,0
DA:22,0
DA:26,0
DA:27,0
DA:28,0
LF:12
LH:6
BRDA:8,0,0,0
BRDA:11,1,0,6
BRDA:11,1,1,4
BRF:3
BRH:2
end_of_record
TN:
SF:src/test-utils/TestProviders.jsx
FN:6,AppProviders
FNF:1
FNH:1
FNDA:5,AppProviders
DA:6,3
DA:7,5
DA:14,3
LF:3
LH:3
BRF:0
BRH:0
end_of_record
