TN:
SF:src/App.jsx
FN:17,App
FNF:1
FNH:1
FNDA:2,App
DA:18,2
LF:1
LH:1
BRF:0
BRH:0
end_of_record
TN:
SF:src/components/GuestRoute.jsx
FN:4,GuestRoute
FNF:1
FNH:0
FNDA:0,GuestRoute
DA:5,0
DA:6,0
LF:2
LH:0
BRDA:4,0,0,0
BRDA:6,1,0,0
BRDA:6,1,1,0
BRF:3
BRH:0
end_of_record
TN:
SF:src/components/ProtectedRoute.jsx
FN:4,ProtectedRoute
FNF:1
FNH:0
FNDA:0,ProtectedRoute
DA:5,0
DA:6,0
DA:8,0
DA:9,0
DA:12,0
LF:5
LH:0
BRDA:4,0,0,0
BRDA:8,1,0,0
BRF:2
BRH:0
end_of_record
TN:
SF:src/components/AuthSwitch/AuthSwitch.jsx
FN:6,AuthSwitch
FN:6,(anonymous_1)
FN:4,AuthSwitch
FNF:3
FNH:3
FNDA:28,AuthSwitch
FNDA:4,(anonymous_1)
FNDA:142,AuthSwitch
DA:6,170
DA:7,170
DA:8,166
DA:10,28
DA:11,28
DA:12,4
DA:18,0
DA:23,4
LF:8
LH:7
BRDA:10,0,0,28
BRDA:7,1,0,138
BRF:2
BRH:2
end_of_record
TN:
SF:src/components/FilterBar/FilterBar.jsx
FN:8,useDebounced
FN:10,(anonymous_1)
FN:11,(anonymous_2)
FN:12,(anonymous_3)
FN:17,FilterBar
FN:38,(anonymous_5)
FN:39,handler
FN:44,(anonymous_7)
FN:47,(anonymous_8)
FN:50,load
FN:64,(anonymous_10)
FN:69,(anonymous_11)
FN:72,load
FN:86,(anonymous_13)
FN:92,(anonymous_14)
FN:93,(anonymous_15)
FN:93,(anonymous_16)
FN:97,(anonymous_17)
FN:98,(anonymous_18)
FN:98,(anonymous_19)
FN:104,(anonymous_20)
FN:104,(anonymous_21)
FN:104,(anonymous_22)
FN:105,(anonymous_23)
FN:105,(anonymous_24)
FN:105,(anonymous_25)
FN:108,(anonymous_26)
FN:109,(anonymous_27)
FN:110,(anonymous_28)
FN:116,(anonymous_29)
FN:119,doSearch
FN:135,(anonymous_31)
FN:140,(anonymous_32)
FN:147,(anonymous_33)
FN:148,(anonymous_34)
FN:150,(anonymous_35)
FN:174,(anonymous_36)
FN:177,(anonymous_37)
FN:186,(anonymous_38)
FN:188,(anonymous_39)
FN:192,(anonymous_40)
FN:193,(anonymous_41)
FN:206,(anonymous_42)
FN:209,(anonymous_43)
FN:218,(anonymous_44)
FN:220,(anonymous_45)
FN:224,(anonymous_46)
FN:225,(anonymous_47)
FN:239,(anonymous_48)
FN:244,(anonymous_49)
FN:255,(anonymous_50)
FNF:51
FNH:28
FNDA:164,useDebounced
FNDA:58,(anonymous_1)
FNDA:10,(anonymous_2)
FNDA:44,(anonymous_3)
FNDA:82,FilterBar
FNDA:14,(anonymous_5)
FNDA:16,handler
FNDA:7,(anonymous_7)
FNDA:14,(anonymous_8)
FNDA:14,load
FNDA:7,(anonymous_10)
FNDA:14,(anonymous_11)
FNDA:14,load
FNDA:7,(anonymous_13)
FNDA:0,(anonymous_14)
FNDA:0,(anonymous_15)
FNDA:0,(anonymous_16)
FNDA:0,(anonymous_17)
FNDA:0,(anonymous_18)
FNDA:0,(anonymous_19)
FNDA:0,(anonymous_20)
FNDA:0,(anonymous_21)
FNDA:0,(anonymous_22)
FNDA:0,(anonymous_23)
FNDA:0,(anonymous_24)
FNDA:0,(anonymous_25)
FNDA:26,(anonymous_26)
FNDA:0,(anonymous_27)
FNDA:0,(anonymous_28)
FNDA:26,(anonymous_29)
FNDA:26,doSearch
FNDA:19,(anonymous_31)
FNDA:2,(anonymous_32)
FNDA:5,(anonymous_33)
FNDA:5,(anonymous_34)
FNDA:0,(anonymous_35)
FNDA:0,(anonymous_36)
FNDA:0,(anonymous_37)
FNDA:16,(anonymous_38)
FNDA:16,(anonymous_39)
FNDA:0,(anonymous_40)
FNDA:0,(anonymous_41)
FNDA:0,(anonymous_42)
FNDA:0,(anonymous_43)
FNDA:10,(anonymous_44)
FNDA:10,(anonymous_45)
FNDA:0,(anonymous_46)
FNDA:0,(anonymous_47)
FNDA:328,(anonymous_48)
FNDA:5,(anonymous_49)
FNDA:5,(anonymous_50)
DA:9,164
DA:10,164
DA:11,58
DA:12,58
DA:14,164
DA:19,82
DA:20,82
DA:23,82
DA:24,82
DA:27,82
DA:28,82
DA:31,82
DA:32,82
DA:33,82
DA:34,82
DA:36,82
DA:37,82
DA:38,82
DA:40,16
DA:41,16
DA:43,14
DA:44,14
DA:47,82
DA:48,14
DA:51,14
DA:52,14
DA:53,14
DA:55,0
DA:56,0
DA:57,0
DA:59,0
DA:63,14
DA:64,14
DA:65,7
DA:69,82
DA:70,14
DA:73,14
DA:74,14
DA:75,14
DA:77,0
DA:78,0
DA:79,0
DA:81,0
DA:85,14
DA:86,14
DA:87,7
DA:92,82
DA:93,0
DA:94,0
DA:95,0
DA:97,82
DA:98,0
DA:99,0
DA:100,0
DA:104,82
DA:105,82
DA:108,82
DA:109,0
DA:110,0
DA:116,82
DA:117,26
DA:120,26
DA:121,26
DA:122,21
DA:123,21
DA:126,0
DA:127,0
DA:128,0
DA:133,26
DA:135,26
DA:136,19
DA:140,82
DA:141,2
DA:142,2
DA:143,2
DA:144,2
DA:147,82
DA:148,5
DA:149,5
DA:150,0
DA:155,82
DA:175,0
DA:177,0
DA:186,16
DA:188,16
DA:193,0
DA:207,0
DA:209,0
DA:218,10
DA:220,10
DA:225,0
DA:240,328
DA:244,5
DA:255,5
LF:94
LH:68
BRDA:8,0,0,164
BRDA:40,1,0,14
BRDA:40,2,0,16
BRDA:40,2,1,16
BRDA:41,3,0,14
BRDA:41,4,0,16
BRDA:41,4,1,16
BRDA:51,5,0,14
BRDA:57,6,0,0
BRDA:73,7,0,14
BRDA:79,8,0,0
BRDA:93,9,0,0
BRDA:93,9,1,0
BRDA:98,10,0,0
BRDA:98,10,1,0
BRDA:122,11,0,21
BRDA:127,12,0,0
BRDA:149,13,0,0
BRDA:149,13,1,5
BRDA:187,14,0,0
BRDA:187,14,1,82
BRDA:188,15,0,0
BRDA:190,16,0,82
BRDA:190,16,1,0
BRDA:219,17,0,0
BRDA:219,17,1,82
BRDA:220,18,0,0
BRDA:222,19,0,82
BRDA:222,19,1,0
BRF:29
BRH:15
end_of_record
TN:
SF:src/components/RecipeCard/RecipeCard.jsx
FN:12,RecipeCard
FN:19,(anonymous_1)
FN:40,(anonymous_2)
FN:46,formatPortions
FN:70,(anonymous_4)
FN:75,(anonymous_5)
FN:12,(anonymous_6)
FN:10,RecipeCard
FN:16,(anonymous_1)
FN:36,(anonymous_2)
FN:43,formatPortions
FN:66,(anonymous_4)
FN:71,(anonymous_5)
FNF:13
FNH:11
FNDA:0,RecipeCard
FNDA:69,(anonymous_1)
FNDA:69,(anonymous_2)
FNDA:69,formatPortions
FNDA:69,(anonymous_4)
FNDA:345,(anonymous_5)
FNDA:0,(anonymous_6)
FNDA:69,RecipeCard
FNDA:2,(anonymous_1)
FNDA:4,(anonymous_2)
FNDA:69,formatPortions
FNDA:345,(anonymous_4)
FNDA:4,(anonymous_5)
DA:12,69
DA:13,69
DA:14,69
DA:15,69
DA:16,69
DA:17,69
DA:19,2
DA:20,2
DA:21,2
DA:23,69
DA:24,69
DA:25,0
DA:26,0
DA:27,0
DA:28,0
DA:29,0
DA:30,0
DA:32,0
DA:33,69
DA:35,69
DA:36,69
DA:38,69
DA:40,4
DA:41,69
DA:42,0
DA:43,0
DA:44,69
DA:46,69
DA:47,69
DA:48,69
DA:49,54
DA:51,6
DA:52,0
DA:53,69
DA:56,0
DA:66,345
DA:71,69
DA:75,345
DA:92,4
LF:39
LH:28
BRDA:23,0,0,0
BRDA:32,1,0,0
BRDA:51,2,0,0
BRDA:51,3,0,0
BRDA:51,3,1,0
BRDA:52,4,0,0
BRDA:52,5,0,0
BRDA:52,5,1,0
BRDA:52,5,2,0
BRDA:52,5,3,0
BRDA:73,6,0,0
BRDA:73,6,1,0
BRDA:84,7,0,0
BRDA:84,7,1,0
BRDA:87,8,0,0
BRDA:87,8,1,0
BRDA:20,9,0,2
BRDA:29,10,0,0
BRDA:48,11,0,15
BRDA:48,12,0,69
BRDA:48,12,1,15
BRDA:49,13,0,48
BRDA:49,14,0,54
BRDA:49,14,1,54
BRDA:49,14,2,48
BRDA:49,14,3,0
BRDA:71,15,0,238
BRDA:71,15,1,107
BRDA:82,16,0,0
BRDA:82,16,1,69
BRDA:82,17,0,0
BRDA:82,17,1,69
BRF:32
BRH:12
end_of_record
TN:
SF:src/components/RecipesGrid/RecipesGrid.jsx
FN:10,RecipesGrid
FN:17,(anonymous_1)
FN:20,load
FN:41,(anonymous_3)
FN:48,(anonymous_4)
FN:51,(anonymous_5)
FN:62,(anonymous_6)
FN:88,(anonymous_7)
FNF:8
FNH:8
FNDA:121,RecipesGrid
FNDA:19,(anonymous_1)
FNDA:19,load
FNDA:11,(anonymous_3)
FNDA:102,(anonymous_4)
FNDA:249,(anonymous_5)
FNDA:83,(anonymous_6)
FNDA:19,(anonymous_7)
DA:11,121
DA:12,121
DA:13,121
DA:15,121
DA:17,121
DA:18,19
DA:21,19
DA:22,19
DA:23,19
DA:24,19
DA:25,12
DA:26,12
DA:29,0
DA:30,0
DA:31,0
DA:34,12
DA:35,12
DA:40,19
DA:41,19
DA:42,11
DA:46,121
DA:48,121
DA:49,102
DA:50,102
DA:51,249
DA:54,121
DA:62,83
DA:89,19
LF:28
LH:25
BRDA:25,0,0,12
BRDA:30,1,0,0
BRDA:34,2,0,12
BRDA:46,3,0,121
BRDA:46,3,1,7
BRDA:50,4,0,19
BRDA:67,5,0,97
BRDA:67,5,1,24
BRDA:78,6,0,121
BRDA:78,6,1,61
BRDA:78,6,2,7
BRDA:82,7,0,121
BRDA:82,7,1,0
BRDA:82,7,2,0
BRDA:82,7,3,0
BRDA:86,8,0,121
BRDA:86,8,1,60
BRDA:86,8,2,60
BRF:18
BRH:14
end_of_record
TN:
SF:src/components/SideBar/Sidebar.jsx
FN:9,Sidebar
FN:23,(anonymous_1)
FN:29,(anonymous_2)
FN:35,(anonymous_3)
FN:41,(anonymous_4)
FNF:5
FNH:5
FNDA:2227,Sidebar
FNDA:2227,(anonymous_1)
FNDA:2227,(anonymous_2)
FNDA:2227,(anonymous_3)
FNDA:2227,(anonymous_4)
DA:9,4
DA:10,2227
DA:23,2227
DA:29,2227
DA:35,2227
DA:41,2227
DA:50,4
LF:7
LH:7
BRDA:23,0,0,0
BRDA:23,0,1,2227
BRDA:29,1,0,0
BRDA:29,1,1,2227
BRDA:35,2,0,0
BRDA:35,2,1,2227
BRDA:41,3,0,0
BRDA:41,3,1,2227
BRF:8
BRH:4
end_of_record
TN:
SF:src/context/AuthContext.jsx
FN:15,AuthProvider
FN:17,(anonymous_1)
FN:22,(anonymous_2)
FN:23,(anonymous_3)
FN:29,(anonymous_4)
FN:34,(anonymous_5)
FN:39,(anonymous_6)
FN:45,(anonymous_7)
FN:51,(anonymous_8)
FN:57,(anonymous_9)
FN:69,useAuth
FN:13,AuthProvider
FN:15,(anonymous_1)
FN:18,(anonymous_2)
FN:20,(anonymous_3)
FN:26,(anonymous_4)
FN:30,(anonymous_5)
FN:36,(anonymous_6)
FN:42,(anonymous_7)
FN:48,(anonymous_8)
FN:54,(anonymous_9)
FN:66,useAuth
FNF:22
FNH:22
FNDA:18,AuthProvider
FNDA:422,(anonymous_1)
FNDA:422,(anonymous_2)
FNDA:422,(anonymous_3)
FNDA:418,(anonymous_4)
FNDA:431,(anonymous_5)
FNDA:413,(anonymous_6)
FNDA:413,(anonymous_7)
FNDA:413,(anonymous_8)
FNDA:413,(anonymous_9)
FNDA:46,useAuth
FNDA:413,AuthProvider
FNDA:210,(anonymous_1)
FNDA:228,(anonymous_2)
FNDA:222,(anonymous_3)
FNDA:153,(anonymous_4)
FNDA:431,(anonymous_5)
FNDA:18,(anonymous_6)
FNDA:18,(anonymous_7)
FNDA:18,(anonymous_8)
FNDA:18,(anonymous_9)
FNDA:2960,useAuth
DA:11,66
DA:13,4
DA:15,2968
DA:17,413
DA:18,431
DA:20,228
DA:22,222
DA:23,422
DA:24,219
DA:25,422
DA:26,422
DA:29,418
DA:30,413
DA:33,18
DA:34,18
DA:37,18
DA:39,18
DA:40,413
DA:41,413
DA:42,413
DA:43,18
DA:45,18
DA:46,413
DA:47,413
DA:48,413
DA:49,18
DA:51,18
DA:52,413
DA:53,413
DA:54,18
DA:57,18
DA:58,413
DA:59,413
DA:60,413
DA:62,413
DA:66,18
DA:67,2964
DA:69,46
DA:70,46
DA:71,46
DA:72,46
DA:73,4
LF:42
LH:42
BRDA:71,0,0,0
BRDA:67,1,0,0
BRF:2
BRH:0
end_of_record
TN:
SF:src/context/SavedContext.jsx
FN:7,SavedProvider
FN:13,(anonymous_1)
FN:16,loadSaved
FN:36,(anonymous_3)
FN:42,(anonymous_4)
FN:46,(anonymous_5)
FN:57,(anonymous_6)
FN:7,(anonymous_7)
FN:67,(anonymous_8)
FN:5,SavedProvider
FN:9,(anonymous_1)
FN:13,loadSaved
FN:32,(anonymous_3)
FN:39,(anonymous_4)
FN:43,(anonymous_5)
FN:53,(anonymous_6)
FN:64,(anonymous_7)
FNF:17
FNH:17
FNDA:18,SavedProvider
FNDA:500,(anonymous_1)
FNDA:219,loadSaved
FNDA:496,(anonymous_3)
FNDA:509,(anonymous_4)
FNDA:417,(anonymous_5)
FNDA:599,(anonymous_6)
FNDA:4,(anonymous_7)
FNDA:28,(anonymous_8)
FNDA:491,SavedProvider
FNDA:228,(anonymous_1)
FNDA:219,loadSaved
FNDA:153,(anonymous_3)
FNDA:435,(anonymous_4)
FNDA:18,(anonymous_5)
FNDA:195,(anonymous_6)
FNDA:125,(anonymous_7)
DA:3,66
DA:5,4
DA:7,509
DA:8,509
DA:9,509
DA:11,509
DA:13,18
DA:14,228
DA:16,64
DA:17,500
DA:18,210
DA:19,44
DA:20,46
DA:21,46
DA:22,0
DA:23,0
DA:24,0
DA:25,210
DA:26,210
DA:28,173
DA:30,500
DA:32,228
DA:34,381
DA:36,9
DA:37,496
DA:38,491
DA:39,417
DA:41,18
DA:42,18
DA:44,36
DA:46,18
DA:47,0
DA:48,417
DA:49,0
DA:50,0
DA:51,0
DA:52,417
DA:53,417
DA:55,195
DA:58,599
DA:60,491
DA:64,173
DA:65,4
DA:67,28
LF:44
LH:37
BRDA:9,0,0,18
BRDA:9,0,1,18
BRDA:17,1,0,0
BRDA:17,1,1,9
BRDA:17,2,0,55
BRDA:17,2,1,164
BRDA:20,3,0,46
BRDA:25,4,0,46
BRDA:47,5,0,0
BRDA:58,6,0,0
BRDA:58,6,1,108
BRDA:7,7,0,491
BRDA:7,7,1,355
BRDA:14,8,0,46
BRDA:14,8,1,164
BRDA:14,9,0,210
BRDA:14,9,1,46
BRDA:18,10,0,44
BRDA:23,11,0,0
BRDA:44,12,0,0
BRDA:55,13,0,0
BRDA:55,13,1,177
BRF:22
BRH:16
end_of_record
TN:
SF:src/data/ingredients.js
FNF:0
FNH:0
DA:1,9
LF:1
LH:1
BRF:0
BRH:0
end_of_record
TN:
SF:src/data/recipes.js
FNF:0
FNH:0
DA:8,70
DA:17,70
LF:2
LH:2
BRF:0
BRH:0
end_of_record
TN:
SF:src/pages/CreateRecipePage/CreateRecipePage.jsx
FN:14,CreateRecipePage
FN:40,(anonymous_1)
FN:68,(anonymous_2)
FN:87,(anonymous_3)
FN:88,(anonymous_4)
FN:95,(anonymous_5)
FN:96,(anonymous_6)
FN:99,(anonymous_7)
FN:100,(anonymous_8)
FN:107,(anonymous_9)
FN:108,(anonymous_10)
FN:110,(anonymous_11)
FN:114,(anonymous_12)
FN:115,(anonymous_13)
FN:117,(anonymous_14)
FN:120,(anonymous_15)
FN:122,(anonymous_16)
FN:126,(anonymous_17)
FN:127,(anonymous_18)
FN:128,(anonymous_19)
FN:132,(anonymous_20)
FN:137,(anonymous_21)
FN:144,(anonymous_22)
FN:149,(anonymous_23)
FN:150,(anonymous_24)
FN:159,(anonymous_25)
FN:176,(anonymous_26)
FN:183,(anonymous_27)
FN:195,(anonymous_28)
FN:203,(anonymous_29)
FN:216,(anonymous_30)
FN:218,(anonymous_31)
FN:286,(anonymous_32)
FN:359,(anonymous_33)
FN:370,(anonymous_34)
FN:387,(anonymous_35)
FN:391,(anonymous_36)
FN:398,(anonymous_37)
FN:406,(anonymous_38)
FN:434,(anonymous_39)
FN:440,(anonymous_40)
FN:449,(anonymous_41)
FN:457,(anonymous_42)
FN:468,(anonymous_43)
FNF:44
FNH:26
FNDA:2127,CreateRecipePage
FNDA:104,(anonymous_1)
FNDA:2027,(anonymous_2)
FNDA:376,(anonymous_3)
FNDA:376,(anonymous_4)
FNDA:13,(anonymous_5)
FNDA:13,(anonymous_6)
FNDA:374,(anonymous_7)
FNDA:374,(anonymous_8)
FNDA:0,(anonymous_9)
FNDA:0,(anonymous_10)
FNDA:0,(anonymous_11)
FNDA:0,(anonymous_12)
FNDA:0,(anonymous_13)
FNDA:0,(anonymous_14)
FNDA:0,(anonymous_15)
FNDA:0,(anonymous_16)
FNDA:12,(anonymous_17)
FNDA:12,(anonymous_18)
FNDA:12,(anonymous_19)
FNDA:0,(anonymous_20)
FNDA:0,(anonymous_21)
FNDA:0,(anonymous_22)
FNDA:0,(anonymous_23)
FNDA:0,(anonymous_24)
FNDA:11,(anonymous_25)
FNDA:11,(anonymous_26)
FNDA:14,(anonymous_27)
FNDA:5,(anonymous_28)
FNDA:54,(anonymous_29)
FNDA:88,(anonymous_30)
FNDA:88,(anonymous_31)
FNDA:0,(anonymous_32)
FNDA:1005,(anonymous_33)
FNDA:0,(anonymous_34)
FNDA:16,(anonymous_35)
FNDA:4267,(anonymous_36)
FNDA:376,(anonymous_37)
FNDA:0,(anonymous_38)
FNDA:102,(anonymous_39)
FNDA:4266,(anonymous_40)
FNDA:374,(anonymous_41)
FNDA:0,(anonymous_42)
FNDA:0,(anonymous_43)
DA:12,16
DA:15,2127
DA:17,2127
DA:20,2127
DA:22,2127
DA:23,2127
DA:24,2127
DA:25,2127
DA:28,2127
DA:29,2127
DA:32,2127
DA:35,2127
DA:37,2127
DA:40,2127
DA:41,104
DA:42,104
DA:43,104
DA:44,14
DA:46,14
DA:47,14
DA:48,14
DA:49,14
DA:50,14
DA:51,0
DA:53,14
DA:54,0
DA:56,14
DA:57,14
DA:59,14
DA:60,0
DA:63,0
DA:68,2127
DA:69,2027
DA:79,2027
DA:80,2027
DA:82,0
DA:87,2127
DA:88,376
DA:89,376
DA:90,376
DA:91,376
DA:95,2127
DA:96,13
DA:99,2127
DA:100,374
DA:101,374
DA:102,374
DA:103,374
DA:107,2127
DA:108,0
DA:109,0
DA:110,0
DA:114,2127
DA:115,0
DA:116,0
DA:117,0
DA:120,0
DA:121,0
DA:122,0
DA:126,2127
DA:127,12
DA:128,12
DA:132,2127
DA:133,0
DA:134,0
DA:136,0
DA:137,0
DA:138,0
DA:140,0
DA:144,2127
DA:145,0
DA:146,0
DA:148,0
DA:149,0
DA:150,0
DA:151,0
DA:152,0
DA:153,0
DA:156,0
DA:159,2127
DA:160,11
DA:161,11
DA:162,11
DA:163,11
DA:164,11
DA:165,11
DA:166,11
DA:167,11
DA:169,11
DA:170,11
DA:172,0
DA:176,2127
DA:177,11
DA:178,11
DA:183,2127
DA:184,14
DA:186,14
DA:188,10
DA:190,10
DA:191,10
DA:195,2127
DA:196,5
DA:197,5
DA:199,3
DA:200,3
DA:203,2127
DA:204,54
DA:205,10
DA:206,10
DA:207,10
DA:210,44
DA:211,44
DA:212,44
DA:213,44
DA:215,44
DA:216,88
DA:218,88
DA:221,44
DA:222,9
DA:223,9
DA:226,35
DA:227,8
DA:228,8
DA:231,27
DA:232,7
DA:233,7
DA:236,20
DA:237,6
DA:238,6
DA:242,14
DA:243,9
DA:244,9
DA:248,5
DA:249,5
DA:250,5
DA:253,0
DA:254,0
DA:256,0
DA:269,0
DA:271,0
DA:273,0
DA:274,0
DA:276,0
DA:279,0
DA:280,0
DA:282,0
DA:286,2127
DA:287,0
DA:288,0
DA:291,2127
DA:359,1005
DA:370,0
DA:387,16
DA:392,4267
DA:399,376
DA:406,0
DA:434,102
DA:441,4266
DA:450,374
DA:457,0
DA:468,0
LF:161
LH:114
BRDA:20,0,0,2127
BRDA:20,0,1,507
BRDA:20,0,2,507
BRDA:20,0,3,507
BRDA:43,1,0,90
BRDA:46,2,0,0
BRDA:47,3,0,0
BRDA:48,4,0,0
BRDA:49,5,0,0
BRDA:50,6,0,0
BRDA:50,7,0,14
BRDA:50,7,1,0
BRDA:53,8,0,0
BRDA:53,9,0,14
BRDA:53,9,1,0
BRDA:56,10,0,14
BRDA:59,11,0,0
BRDA:59,12,0,14
BRDA:59,12,1,0
BRDA:109,13,0,0
BRDA:116,14,0,0
BRDA:121,15,0,0
BRDA:134,16,0,0
BRDA:146,17,0,0
BRDA:177,18,0,11
BRDA:186,19,0,4
BRDA:188,20,0,0
BRDA:191,21,0,10
BRDA:191,21,1,5
BRDA:197,22,0,2
BRDA:204,23,0,10
BRDA:221,24,0,9
BRDA:226,25,0,8
BRDA:231,26,0,7
BRDA:236,27,0,6
BRDA:242,28,0,9
BRDA:248,29,0,5
BRDA:264,30,0,0
BRDA:264,30,1,0
BRDA:273,31,0,0
BRDA:273,31,1,0
BRDA:287,32,0,0
BRDA:287,32,1,0
BRDA:337,33,0,667
BRDA:337,33,1,1460
BRDA:470,34,0,0
BRDA:470,34,1,4266
BRF:47
BRH:24
end_of_record
TN:
SF:src/pages/GeneratorPage/GeneratorPage.jsx
FN:16,GeneratorPage
FN:28,(anonymous_1)
FN:34,(anonymous_2)
FN:58,(anonymous_3)
FN:65,(anonymous_4)
FN:73,(anonymous_5)
FN:81,(anonymous_6)
FN:90,(anonymous_7)
FN:96,(anonymous_8)
FN:186,(anonymous_9)
FN:192,(anonymous_10)
FN:193,(anonymous_11)
FN:215,(anonymous_12)
FNF:13
FNH:3
FNDA:10,GeneratorPage
FNDA:0,(anonymous_1)
FNDA:0,(anonymous_2)
FNDA:0,(anonymous_3)
FNDA:0,(anonymous_4)
FNDA:5,(anonymous_5)
FNDA:0,(anonymous_6)
FNDA:0,(anonymous_7)
FNDA:0,(anonymous_8)
FNDA:50,(anonymous_9)
FNDA:0,(anonymous_10)
FNDA:0,(anonymous_11)
FNDA:0,(anonymous_12)
DA:17,10
DA:18,10
DA:19,10
DA:20,10
DA:22,10
DA:23,10
DA:25,10
DA:26,10
DA:28,10
DA:29,0
DA:30,0
DA:34,10
DA:35,0
DA:36,0
DA:37,0
DA:39,0
DA:41,0
DA:42,0
DA:43,0
DA:44,0
DA:45,0
DA:48,0
DA:49,0
DA:51,0
DA:52,0
DA:54,0
DA:58,10
DA:59,0
DA:60,0
DA:61,0
DA:65,10
DA:66,0
DA:67,0
DA:68,0
DA:69,0
DA:73,10
DA:74,5
DA:75,5
DA:76,5
DA:79,0
DA:81,0
DA:82,0
DA:83,0
DA:84,0
DA:86,0
DA:90,0
DA:91,0
DA:96,10
DA:97,0
DA:99,0
DA:101,0
DA:102,0
DA:103,0
DA:106,0
DA:107,0
DA:108,0
DA:109,0
DA:111,0
DA:113,0
DA:118,10
DA:120,10
DA:123,10
DA:124,10
DA:125,10
DA:127,10
DA:187,50
DA:192,0
DA:194,0
DA:195,0
DA:215,0
LF:70
LH:24
BRDA:29,0,0,0
BRDA:29,0,1,0
BRDA:41,1,0,0
BRDA:49,2,0,0
BRDA:49,2,1,0
BRDA:59,3,0,0
BRDA:60,4,0,0
BRDA:66,5,0,0
BRDA:67,6,0,0
BRDA:67,7,0,0
BRDA:67,7,1,0
BRDA:74,8,0,5
BRDA:74,9,0,5
BRDA:74,9,1,0
BRDA:84,10,0,0
BRDA:99,11,0,0
BRDA:101,12,0,0
BRDA:118,13,0,10
BRDA:118,13,1,10
BRDA:120,14,0,10
BRDA:120,14,1,10
BRDA:120,14,2,10
BRDA:123,15,0,10
BRDA:123,15,1,10
BRDA:124,16,0,10
BRDA:124,16,1,10
BRDA:124,16,2,10
BRDA:125,17,0,10
BRDA:125,17,1,10
BRDA:155,18,0,10
BRDA:155,18,1,0
BRDA:159,19,0,0
BRDA:159,19,1,10
BRDA:161,20,0,0
BRDA:161,20,1,10
BRDA:162,21,0,0
BRDA:162,21,1,10
BRDA:164,22,0,0
BRDA:164,22,1,10
BRDA:168,23,0,0
BRDA:168,23,1,10
BRDA:169,24,0,0
BRDA:169,24,1,10
BRDA:199,25,0,0
BRDA:199,25,1,50
BRDA:208,26,0,10
BRDA:208,26,1,0
BRDA:217,27,0,10
BRDA:217,27,1,0
BRDA:220,28,0,0
BRDA:220,28,1,10
BRDA:232,29,0,0
BRDA:232,29,1,10
BRF:53
BRH:26
end_of_record
TN:
SF:src/pages/HomePage/HomePage.jsx
FN:7,HomePage
FNF:1
FNH:1
FNDA:5,HomePage
DA:8,5
DA:10,5
LF:2
LH:2
BRF:0
BRH:0
end_of_record
TN:
SF:src/pages/LoginModal/LoginModal.jsx
FN:6,(anonymous_0)
FN:8,Login
FN:29,(anonymous_2)
FN:31,(anonymous_3)
FN:78,(anonymous_4)
FN:93,(anonymous_5)
FNF:6
FNH:5
FNDA:26,(anonymous_0)
FNDA:37,Login
FNDA:37,(anonymous_2)
FNDA:4,(anonymous_3)
FNDA:24,(anonymous_4)
FNDA:0,(anonymous_5)
DA:6,26
DA:9,37
DA:10,37
DA:11,37
DA:12,37
DA:14,37
DA:15,37
DA:17,37
DA:18,37
DA:19,37
DA:21,37
DA:29,37
DA:31,37
DA:32,4
DA:33,4
DA:34,4
DA:36,4
DA:38,0
DA:39,0
DA:40,0
DA:41,0
DA:43,0
DA:45,0
DA:47,0
DA:48,0
DA:49,0
DA:50,0
DA:51,0
DA:52,0
DA:55,0
DA:57,0
DA:61,37
DA:78,24
DA:93,0
LF:34
LH:19
BRDA:12,0,0,37
BRDA:12,0,1,37
BRDA:22,1,0,11
BRDA:22,1,1,26
BRDA:24,2,0,26
BRDA:24,2,1,0
BRDA:27,3,0,37
BRDA:27,3,1,0
BRDA:36,4,0,4
BRDA:47,5,0,0
BRDA:47,5,1,0
BRDA:49,6,0,0
BRDA:49,6,1,0
BRDA:51,7,0,0
BRDA:69,8,0,37
BRDA:69,8,1,0
BRDA:76,9,0,28
BRDA:76,9,1,9
BRDA:76,10,0,37
BRDA:76,10,1,28
BRDA:82,11,0,37
BRDA:82,11,1,28
BRDA:82,11,2,28
BRDA:91,12,0,28
BRDA:91,12,1,9
BRDA:91,13,0,37
BRDA:91,13,1,28
BRDA:96,14,0,37
BRDA:96,14,1,28
BRDA:96,14,2,28
BRDA:102,15,0,0
BRDA:102,15,1,37
BRF:32
BRH:23
end_of_record
TN:
SF:src/pages/MyRecipesPage/MyRecipesPage.jsx
FN:14,MyRecipesPage
FN:23,(anonymous_1)
FN:33,load
FN:38,(anonymous_3)
FN:56,(anonymous_4)
FN:62,(anonymous_5)
FN:65,(anonymous_6)
FN:68,(anonymous_7)
FN:113,(anonymous_8)
FN:132,(anonymous_9)
FNF:10
FNH:3
FNDA:10,MyRecipesPage
FNDA:5,(anonymous_1)
FNDA:0,load
FNDA:0,(anonymous_3)
FNDA:0,(anonymous_4)
FNDA:10,(anonymous_5)
FNDA:0,(anonymous_6)
FNDA:0,(anonymous_7)
FNDA:0,(anonymous_8)
FNDA:0,(anonymous_9)
DA:15,10
DA:16,10
DA:18,10
DA:19,10
DA:20,10
DA:21,10
DA:23,10
DA:24,5
DA:26,5
DA:27,5
DA:28,5
DA:29,5
DA:30,5
DA:34,0
DA:35,0
DA:36,0
DA:37,0
DA:38,0
DA:39,0
DA:40,0
DA:43,0
DA:44,0
DA:45,0
DA:48,0
DA:49,0
DA:54,0
DA:56,0
DA:57,0
DA:62,10
DA:63,10
DA:64,10
DA:65,0
DA:68,10
DA:69,0
DA:70,0
DA:73,10
DA:113,0
DA:133,0
LF:38
LH:18
BRDA:26,0,0,5
BRDA:26,1,0,5
BRDA:26,1,1,0
BRDA:39,2,0,0
BRDA:44,3,0,0
BRDA:48,4,0,0
BRDA:64,5,0,10
BRDA:69,6,0,0
BRDA:69,6,1,0
BRDA:99,7,0,10
BRDA:99,7,1,10
BRDA:105,8,0,10
BRDA:105,8,1,0
BRDA:117,9,0,0
BRDA:117,9,1,0
BRDA:121,10,0,0
BRDA:121,10,1,0
BRDA:121,10,2,0
BRDA:125,11,0,0
BRDA:125,11,1,0
BRDA:125,11,2,0
BRDA:127,12,0,0
BRDA:127,12,1,0
BRF:23
BRH:6
end_of_record
TN:
SF:src/pages/NotFoundPage/NotFoundPage.jsx
FN:6,NotFoundPage
FN:9,(anonymous_1)
FN:33,(anonymous_2)
FNF:3
FNH:1
FNDA:11,NotFoundPage
FNDA:0,(anonymous_1)
FNDA:0,(anonymous_2)
DA:7,11
DA:9,11
DA:10,0
DA:11,0
DA:14,11
DA:33,0
LF:6
LH:3
BRDA:10,0,0,0
BRDA:10,0,1,0
BRF:2
BRH:0
end_of_record
TN:
SF:src/pages/ProfilePage/ProfilePage.jsx
FN:8,ProfilePage
FN:19,(anonymous_1)
FN:25,(anonymous_2)
FN:32,(anonymous_3)
FN:39,(anonymous_4)
FN:52,(anonymous_5)
FN:57,(anonymous_6)
FN:62,(anonymous_7)
FN:121,(anonymous_8)
FNF:9
FNH:3
FNDA:13,ProfilePage
FNDA:0,(anonymous_1)
FNDA:2,(anonymous_2)
FNDA:2,(anonymous_3)
FNDA:0,(anonymous_4)
FNDA:0,(anonymous_5)
FNDA:0,(anonymous_6)
FNDA:0,(anonymous_7)
FNDA:0,(anonymous_8)
DA:9,13
DA:10,13
DA:13,13
DA:14,13
DA:16,13
DA:17,13
DA:19,13
DA:20,0
DA:21,0
DA:25,13
DA:26,2
DA:27,2
DA:28,2
DA:32,13
DA:33,2
DA:34,2
DA:35,2
DA:39,13
DA:40,0
DA:42,0
DA:44,0
DA:49,0
DA:52,13
DA:53,0
DA:57,13
DA:58,0
DA:59,0
DA:61,0
DA:62,0
DA:63,0
DA:64,0
DA:66,0
DA:69,13
DA:70,13
DA:72,13
DA:73,13
DA:75,13
DA:121,0
LF:38
LH:23
BRDA:14,0,0,13
BRDA:14,0,1,13
BRDA:16,1,0,13
BRDA:16,1,1,13
BRDA:27,2,0,2
BRDA:27,2,1,2
BRDA:28,3,0,2
BRDA:28,3,1,2
BRDA:34,4,0,2
BRDA:34,4,1,2
BRDA:35,5,0,2
BRDA:35,5,1,2
BRDA:40,6,0,0
BRDA:40,6,1,0
BRDA:40,6,2,0
BRDA:42,7,0,0
BRDA:42,7,1,0
BRDA:42,8,0,0
BRDA:42,8,1,0
BRDA:59,9,0,0
BRDA:63,10,0,0
BRDA:63,10,1,0
BRDA:64,11,0,0
BRDA:64,11,1,0
BRDA:69,12,0,13
BRDA:69,12,1,13
BRDA:70,13,0,13
BRDA:70,13,1,13
BRDA:72,14,0,13
BRDA:72,14,1,13
BRDA:72,14,2,13
BRDA:73,15,0,13
BRDA:73,15,1,13
BRDA:91,16,0,2
BRDA:91,16,1,11
BRDA:99,17,0,0
BRDA:99,17,1,13
BRDA:104,18,0,13
BRDA:104,18,1,2
BRDA:117,19,0,2
BRDA:117,19,1,11
BRDA:130,20,0,2
BRDA:130,20,1,11
BRF:43
BRH:30
end_of_record
TN:
SF:src/pages/RecipePage/RecipePage.jsx
FN:19,RecipePage
FN:31,(anonymous_1)
FN:34,load
FN:58,(anonymous_3)
FN:63,(anonymous_4)
FN:86,(anonymous_5)
FN:101,(anonymous_6)
FN:106,formatPortions
FN:192,(anonymous_8)
FN:235,(anonymous_9)
FN:253,(anonymous_10)
FNF:11
FNH:4
FNDA:10,RecipePage
FNDA:5,(anonymous_1)
FNDA:5,load
FNDA:2,(anonymous_3)
FNDA:0,(anonymous_4)
FNDA:0,(anonymous_5)
FNDA:0,(anonymous_6)
FNDA:0,formatPortions
FNDA:0,(anonymous_8)
FNDA:0,(anonymous_9)
FNDA:0,(anonymous_10)
DA:20,10
DA:21,10
DA:22,10
DA:24,10
DA:25,10
DA:27,10
DA:28,10
DA:29,10
DA:31,10
DA:32,5
DA:35,5
DA:36,5
DA:37,5
DA:38,5
DA:39,0
DA:40,0
DA:41,0
DA:43,0
DA:46,5
DA:47,5
DA:48,5
DA:51,5
DA:52,5
DA:57,5
DA:58,5
DA:59,2
DA:63,10
DA:64,0
DA:65,0
DA:67,0
DA:68,0
DA:69,0
DA:72,0
DA:73,0
DA:75,0
DA:76,0
DA:80,10
DA:83,10
DA:86,10
DA:87,0
DA:89,0
DA:90,0
DA:92,0
DA:93,0
DA:94,0
DA:96,0
DA:97,0
DA:101,10
DA:102,0
DA:103,0
DA:107,0
DA:108,0
DA:109,0
DA:111,0
DA:112,0
DA:113,0
DA:114,0
DA:117,10
DA:120,10
DA:121,5
DA:133,5
DA:134,5
DA:146,0
DA:193,0
DA:236,0
DA:255,0
DA:259,0
LF:67
LH:32
BRDA:39,0,0,0
BRDA:40,1,0,0
BRDA:43,2,0,0
BRDA:43,2,1,0
BRDA:47,3,0,5
BRDA:51,4,0,5
BRDA:65,5,0,0
BRDA:67,6,0,0
BRDA:80,7,0,0
BRDA:80,7,1,10
BRDA:83,8,0,10
BRDA:83,8,1,0
BRDA:83,8,2,0
BRDA:83,8,3,0
BRDA:83,8,4,0
BRDA:87,9,0,0
BRDA:87,10,0,0
BRDA:87,10,1,0
BRDA:90,11,0,0
BRDA:102,12,0,0
BRDA:102,12,1,0
BRDA:111,13,0,0
BRDA:111,14,0,0
BRDA:111,14,1,0
BRDA:112,15,0,0
BRDA:112,16,0,0
BRDA:112,16,1,0
BRDA:112,16,2,0
BRDA:112,16,3,0
BRDA:117,17,0,10
BRDA:117,17,1,10
BRDA:120,18,0,5
BRDA:133,19,0,5
BRDA:133,20,0,5
BRDA:133,20,1,0
BRDA:139,21,0,5
BRDA:139,21,1,0
BRDA:173,22,0,0
BRDA:173,22,1,0
BRDA:195,23,0,0
BRDA:195,23,1,0
BRDA:205,24,0,0
BRDA:205,24,1,0
BRDA:209,25,0,0
BRDA:209,25,1,0
BRDA:212,26,0,0
BRDA:212,26,1,0
BRDA:255,27,0,0
BRDA:255,27,1,0
BRDA:266,28,0,0
BRDA:266,28,1,0
BRF:51
BRH:10
end_of_record
TN:
SF:src/pages/RegisterModal/RegisterModal.jsx
FN:6,(anonymous_0)
FN:8,Register
FN:46,(anonymous_2)
FN:48,(anonymous_3)
FN:101,(anonymous_4)
FN:117,(anonymous_5)
FN:133,(anonymous_6)
FN:149,(anonymous_7)
FNF:8
FNH:8
FNDA:38,(anonymous_0)
FNDA:51,Register
FNDA:51,(anonymous_2)
FNDA:4,(anonymous_3)
FNDA:2,(anonymous_4)
FNDA:24,(anonymous_5)
FNDA:6,(anonymous_6)
FNDA:6,(anonymous_7)
DA:6,38
DA:9,51
DA:10,51
DA:11,51
DA:12,51
DA:14,51
DA:15,51
DA:16,51
DA:17,51
DA:19,51
DA:20,51
DA:21,51
DA:23,51
DA:46,51
DA:48,51
DA:49,4
DA:50,4
DA:51,4
DA:53,4
DA:55,0
DA:56,0
DA:57,0
DA:58,0
DA:60,0
DA:62,0
DA:64,0
DA:65,0
DA:66,0
DA:67,0
DA:68,0
DA:69,0
DA:72,0
DA:74,0
DA:78,51
DA:101,2
DA:117,24
DA:133,6
DA:149,6
LF:38
LH:24
BRDA:12,0,0,51
BRDA:12,0,1,51
BRDA:24,1,0,11
BRDA:24,1,1,40
BRDA:26,2,0,40
BRDA:26,2,1,0
BRDA:29,3,0,13
BRDA:29,3,1,38
BRDA:31,4,0,38
BRDA:31,4,1,0
BRDA:34,5,0,37
BRDA:34,5,1,14
BRDA:36,6,0,14
BRDA:36,6,1,0
BRDA:39,7,0,43
BRDA:39,7,1,8
BRDA:41,8,0,8
BRDA:41,8,1,0
BRDA:53,9,0,4
BRDA:64,10,0,0
BRDA:64,10,1,0
BRDA:66,11,0,0
BRDA:66,11,1,0
BRDA:68,12,0,0
BRDA:86,13,0,51
BRDA:86,13,1,0
BRDA:98,14,0,42
BRDA:98,14,1,9
BRDA:98,15,0,51
BRDA:98,15,1,42
BRDA:104,16,0,51
BRDA:104,16,1,42
BRDA:104,16,2,42
BRDA:114,17,0,42
BRDA:114,17,1,9
BRDA:114,18,0,51
BRDA:114,18,1,42
BRDA:120,19,0,51
BRDA:120,19,1,42
BRDA:120,19,2,42
BRDA:130,20,0,42
BRDA:130,20,1,9
BRDA:130,21,0,51
BRDA:130,21,1,42
BRDA:136,22,0,51
BRDA:136,22,1,42
BRDA:136,22,2,42
BRDA:146,23,0,42
BRDA:146,23,1,9
BRDA:146,24,0,51
BRDA:146,24,1,42
BRDA:152,25,0,51
BRDA:152,25,1,42
BRDA:152,25,2,42
BRDA:162,26,0,0
BRDA:162,26,1,51
BRF:56
BRH:45
end_of_record
TN:
SF:src/pages/SavedPage/SavedPage.jsx
FN:13,SavedPage
FN:20,(anonymous_1)
FN:20,(anonymous_2)
FN:25,(anonymous_3)
FN:29,(anonymous_4)
FN:36,(anonymous_5)
FN:73,(anonymous_6)
FN:104,(anonymous_7)
FN:13,(anonymous_8)
FN:11,SavedPage
FN:17,(anonymous_1)
FN:17,(anonymous_2)
FN:22,(anonymous_3)
FN:27,(anonymous_4)
FN:33,(anonymous_5)
FN:70,(anonymous_6)
FN:99,(anonymous_7)
FNF:17
FNH:17
FNDA:28,SavedPage
FNDA:46,(anonymous_1)
FNDA:136,(anonymous_2)
FNDA:56,(anonymous_3)
FNDA:28,(anonymous_4)
FNDA:28,(anonymous_5)
FNDA:38,(anonymous_6)
FNDA:28,(anonymous_7)
FNDA:4,(anonymous_8)
FNDA:28,SavedPage
FNDA:46,(anonymous_1)
FNDA:136,(anonymous_2)
FNDA:56,(anonymous_3)
FNDA:28,(anonymous_4)
FNDA:28,(anonymous_5)
FNDA:38,(anonymous_6)
FNDA:28,(anonymous_7)
DA:13,56
DA:14,56
DA:15,28
DA:17,154
DA:19,28
DA:20,108
DA:21,28
DA:24,28
DA:25,56
DA:26,38
DA:27,56
DA:29,38
DA:30,28
DA:33,28
DA:34,0
DA:36,28
DA:37,28
DA:38,28
DA:41,28
DA:70,38
DA:73,38
DA:99,28
DA:105,28
DA:119,4
LF:24
LH:23
BRDA:27,0,0,18
BRDA:37,1,0,0
BRDA:37,1,1,0
BRDA:78,2,0,10
BRDA:78,2,1,18
BRDA:92,3,0,28
BRDA:92,3,1,28
BRDA:98,4,0,28
BRDA:98,4,1,0
BRDA:98,4,2,0
BRDA:25,5,0,18
BRDA:34,6,0,0
BRDA:34,6,1,0
BRDA:67,7,0,10
BRDA:67,7,1,18
BRDA:77,8,0,28
BRDA:77,8,1,28
BRDA:93,9,0,28
BRDA:93,9,1,0
BRDA:93,9,2,0
BRF:20
BRH:12
end_of_record
TN:
SF:src/services/authService.js
FN:13,normEmail
FN:17,getStoredSession
FN:21,toSessionFromFirebase
FN:32,saveSessionFromFirebase
FN:44,getCurrentUser
FN:52,isAuthenticated
FN:56,logout
FN:61,register
FN:78,login
FN:88,updateProfileData
FN:114,updateProfileName
FNF:11
FNH:2
FNDA:0,normEmail
FNDA:432,getStoredSession
FNDA:0,toSessionFromFirebase
FNDA:0,saveSessionFromFirebase
FNDA:432,getCurrentUser
FNDA:0,isAuthenticated
FNDA:0,logout
FNDA:0,register
FNDA:0,login
FNDA:0,updateProfileData
FNDA:0,updateProfileName
DA:10,70
DA:14,0
DA:18,432
DA:22,0
DA:24,0
DA:33,0
DA:34,0
DA:36,0
DA:37,0
DA:39,0
DA:41,0
DA:45,432
DA:46,432
DA:47,0
DA:49,432
DA:53,0
DA:57,0
DA:58,0
DA:62,0
DA:63,0
DA:64,0
DA:66,0
DA:67,0
DA:68,0
DA:70,0
DA:72,0
DA:75,0
DA:79,0
DA:80,0
DA:82,0
DA:84,0
DA:89,0
DA:90,0
DA:94,0
DA:95,0
DA:96,0
DA:98,0
DA:102,0
DA:104,0
DA:110,0
DA:111,0
DA:115,0
LF:42
LH:5
BRDA:14,0,0,0
BRDA:14,0,1,0
BRDA:21,1,0,0
BRDA:22,2,0,0
BRDA:26,3,0,0
BRDA:26,3,1,0
BRDA:26,3,2,0
BRDA:28,4,0,0
BRDA:28,4,1,0
BRDA:36,5,0,0
BRDA:36,5,1,0
BRDA:46,6,0,0
BRDA:62,7,0,0
BRDA:62,7,1,0
BRDA:64,8,0,0
BRDA:64,8,1,0
BRDA:66,9,0,0
BRDA:67,10,0,0
BRDA:68,11,0,0
BRDA:80,12,0,0
BRDA:80,12,1,0
BRDA:90,13,0,0
BRDA:94,14,0,0
BRDA:95,15,0,0
BRDA:95,15,1,0
BRDA:96,16,0,0
BRDA:102,17,0,0
BRDA:102,17,1,0
BRDA:106,18,0,0
BRDA:106,18,1,0
BRDA:107,19,0,0
BRDA:107,19,1,0
BRF:32
BRH:0
end_of_record
TN:
SF:src/services/firebase.js
FNF:0
FNH:0
DA:5,70
DA:15,70
DA:18,70
DA:19,70
LF:4
LH:4
BRF:0
BRH:0
end_of_record
TN:
SF:src/services/recipesService.js
FN:19,ensureUser
FN:23,savedDocRef
FN:28,getSavedIds
FN:41,isSaved
FN:46,toggleSaved
FN:69,recipesCollection
FN:74,attachImage
FN:84,createRecipe
FN:107,deleteRecipeById
FN:112,getAllRecipes
FN:115,(anonymous_10)
FN:127,getRecipeBySlug
FN:144,getRandomRecipe
FNF:13
FNH:8
FNDA:46,ensureUser
FNDA:46,savedDocRef
FNDA:46,getSavedIds
FNDA:0,isSaved
FNDA:0,toggleSaved
FNDA:31,recipesCollection
FNDA:112,attachImage
FNDA:0,createRecipe
FNDA:0,deleteRecipeById
FNDA:26,getAllRecipes
FNDA:112,(anonymous_10)
FNDA:5,getRecipeBySlug
FNDA:0,getRandomRecipe
DA:20,46
DA:24,46
DA:25,46
DA:29,46
DA:30,46
DA:32,44
DA:33,44
DA:36,0
DA:37,0
DA:38,0
DA:42,0
DA:43,0
DA:47,0
DA:48,0
DA:51,0
DA:55,0
DA:56,0
DA:58,0
DA:62,0
DA:64,0
DA:70,31
DA:75,112
DA:76,112
DA:78,112
DA:85,0
DA:86,0
DA:90,0
DA:92,0
DA:100,0
DA:108,0
DA:109,0
DA:113,26
DA:115,16
DA:116,112
DA:118,112
DA:124,16
DA:128,5
DA:129,0
DA:131,0
DA:132,0
DA:135,0
DA:136,0
DA:138,0
DA:145,0
DA:146,0
DA:148,0
DA:149,0
LF:47
LH:17
BRDA:20,0,0,0
BRDA:32,1,0,44
BRDA:37,2,0,0
BRDA:37,2,1,0
BRDA:51,3,0,0
BRDA:51,3,1,0
BRDA:51,4,0,0
BRDA:51,4,1,0
BRDA:55,5,0,0
BRDA:55,5,1,0
BRDA:75,6,0,112
BRDA:75,6,1,96
BRDA:76,7,0,112
BRDA:76,7,1,16
BRDA:80,8,0,112
BRDA:80,8,1,96
BRDA:80,8,2,0
BRDA:85,9,0,0
BRDA:85,9,1,0
BRDA:90,10,0,0
BRDA:90,10,1,0
BRDA:96,11,0,0
BRDA:96,11,1,0
BRDA:119,12,0,112
BRDA:119,12,1,16
BRDA:131,13,0,0
BRDA:139,14,0,0
BRDA:139,14,1,0
BRDA:146,15,0,0
BRF:29
BRH:9
end_of_record
TN:
SF:src/services/searchService.js
FN:9,(anonymous_0)
FN:12,(anonymous_1)
FN:15,norm
FN:24,splitInput
FN:29,(anonymous_4)
FN:34,fuzzyFindId
FN:51,resolveInputToIds
FN:56,(anonymous_7)
FN:73,(anonymous_8)
FN:84,ensureIndex
FN:91,(anonymous_10)
FN:94,(anonymous_11)
FN:111,(anonymous_12)
FN:118,(anonymous_13)
FN:130,searchRecipes
FN:144,(anonymous_15)
FN:152,(anonymous_16)
FN:159,(anonymous_17)
FN:161,fitsRange
FN:170,(anonymous_19)
FN:177,(anonymous_20)
FN:182,(anonymous_21)
FN:184,(anonymous_22)
FN:192,(anonymous_23)
FN:194,(anonymous_24)
FN:199,(anonymous_25)
FN:201,(anonymous_26)
FN:204,intersect
FN:209,union
FN:214,diff
FN:220,suggestIngredients
FN:226,(anonymous_31)
FN:228,(anonymous_32)
FNF:33
FNH:24
FNDA:297,(anonymous_0)
FNDA:1350,(anonymous_1)
FNDA:28711,norm
FNDA:28,splitInput
FNDA:284,(anonymous_4)
FNDA:144,fuzzyFindId
FNDA:28,resolveInputToIds
FNDA:284,(anonymous_7)
FNDA:196,(anonymous_8)
FNDA:26,ensureIndex
FNDA:7,(anonymous_10)
FNDA:28,(anonymous_11)
FNDA:192,(anonymous_12)
FNDA:192,(anonymous_13)
FNDA:26,searchRecipes
FNDA:0,(anonymous_15)
FNDA:0,(anonymous_16)
FNDA:147,(anonymous_17)
FNDA:70,fitsRange
FNDA:70,(anonymous_19)
FNDA:70,(anonymous_20)
FNDA:13,(anonymous_21)
FNDA:65,(anonymous_22)
FNDA:98,(anonymous_23)
FNDA:0,(anonymous_24)
FNDA:171,(anonymous_25)
FNDA:98,(anonymous_26)
FNDA:0,intersect
FNDA:0,union
FNDA:0,diff
FNDA:0,suggestIngredients
FNDA:0,(anonymous_31)
FNDA:0,(anonymous_32)
DA:5,9
DA:6,9
DA:7,9
DA:9,9
DA:10,297
DA:11,297
DA:12,1350
DA:16,28711
DA:25,28
DA:26,28
DA:29,284
DA:35,144
DA:36,144
DA:37,144
DA:38,4752
DA:39,4752
DA:40,26352
DA:41,26352
DA:42,344
DA:43,344
DA:47,144
DA:52,28
DA:53,28
DA:54,28
DA:56,28
DA:57,284
DA:59,284
DA:60,284
DA:61,140
DA:62,140
DA:64,144
DA:65,144
DA:66,56
DA:67,56
DA:69,88
DA:72,28
DA:73,196
DA:75,28
DA:79,9
DA:80,9
DA:81,9
DA:82,9
DA:85,26
DA:86,9
DA:87,2
DA:88,0
DA:91,7
DA:92,7
DA:94,4
DA:95,28
DA:97,28
DA:99,28
DA:100,0
DA:102,28
DA:108,28
DA:109,28
DA:110,28
DA:111,192
DA:114,28
DA:118,28
DA:119,192
DA:120,192
DA:124,4
DA:127,7
DA:131,26
DA:138,21
DA:141,21
DA:143,21
DA:144,0
DA:145,0
DA:146,0
DA:150,21
DA:151,0
DA:152,0
DA:155,0
DA:159,147
DA:162,70
DA:163,70
DA:164,28
DA:165,0
DA:166,0
DA:169,21
DA:170,10
DA:171,70
DA:172,70
DA:174,70
DA:175,70
DA:177,70
DA:181,21
DA:182,5
DA:183,13
DA:184,13
DA:185,65
DA:191,21
DA:193,98
DA:194,98
DA:195,98
DA:196,98
DA:197,98
DA:199,171
DA:201,98
DA:205,0
DA:206,0
DA:207,0
DA:210,0
DA:211,0
DA:212,0
DA:215,0
DA:216,0
DA:217,0
DA:221,0
DA:222,0
DA:223,0
DA:224,0
DA:226,0
DA:227,0
DA:228,0
DA:229,0
DA:230,0
DA:231,0
DA:236,0
LF:121
LH:91
BRDA:16,0,0,28711
BRDA:16,0,1,0
BRDA:25,1,0,0
BRDA:40,2,0,0
BRDA:41,3,0,344
BRDA:41,4,0,26352
BRDA:41,4,1,26240
BRDA:43,5,0,184
BRDA:43,6,0,344
BRDA:43,6,1,236
BRDA:47,7,0,56
BRDA:47,7,1,88
BRDA:47,8,0,144
BRDA:47,8,1,108
BRDA:59,9,0,284
BRDA:59,9,1,264
BRDA:60,10,0,140
BRDA:65,11,0,56
BRDA:73,12,0,196
BRDA:73,12,1,192
BRDA:85,13,0,17
BRDA:86,14,0,2
BRDA:99,15,0,0
BRDA:99,15,1,28
BRDA:102,16,0,0
BRDA:102,16,1,28
BRDA:104,17,0,28
BRDA:104,17,1,0
BRDA:108,18,0,28
BRDA:119,19,0,128
BRDA:134,20,0,0
BRDA:135,21,0,0
BRDA:136,22,0,0
BRDA:137,23,0,0
BRDA:138,24,0,21
BRDA:138,24,1,0
BRDA:143,25,0,0
BRDA:145,26,0,0
BRDA:145,26,1,0
BRDA:150,27,0,0
BRDA:152,28,0,0
BRDA:152,28,1,0
BRDA:162,29,0,0
BRDA:163,30,0,42
BRDA:163,31,0,42
BRDA:163,31,1,36
BRDA:164,32,0,28
BRDA:164,33,0,28
BRDA:164,33,1,12
BRDA:165,34,0,0
BRDA:169,35,0,10
BRDA:169,36,0,21
BRDA:169,36,1,21
BRDA:172,37,0,70
BRDA:174,38,0,70
BRDA:174,38,1,0
BRDA:175,39,0,70
BRDA:175,39,1,0
BRDA:181,40,0,5
BRDA:183,41,0,13
BRDA:183,41,1,0
BRDA:185,42,0,65
BRDA:185,42,1,0
BRDA:193,43,0,98
BRDA:193,43,1,0
BRDA:196,44,0,87
BRDA:196,44,1,11
BRDA:206,45,0,0
BRDA:216,46,0,0
BRDA:222,47,0,0
BRDA:228,48,0,0
BRDA:228,49,0,0
BRDA:228,49,1,0
BRDA:229,50,0,0
BRF:74
BRH:43
end_of_record
TN:
SF:src/services/storage.js
FN:3,key
FN:8,(anonymous_1)
FN:17,(anonymous_2)
FN:21,(anonymous_3)
FN:25,(anonymous_4)
FN:27,(anonymous_5)
FN:28,(anonymous_6)
FNF:7
FNH:2
FNDA:432,key
FNDA:432,(anonymous_1)
FNDA:0,(anonymous_2)
FNDA:0,(anonymous_3)
FNDA:0,(anonymous_4)
FNDA:0,(anonymous_5)
FNDA:0,(anonymous_6)
DA:1,70
DA:4,432
DA:7,70
DA:9,432
DA:10,432
DA:11,432
DA:13,0
DA:18,0
DA:22,0
DA:26,0
DA:27,0
DA:28,0
LF:12
LH:6
BRDA:8,0,0,0
BRDA:11,1,0,340
BRDA:11,1,1,92
BRF:3
BRH:2
end_of_record
TN:
SF:src/test-utils/TestProviders.jsx
FN:6,AppProviders
FNF:1
FNH:1
FNDA:219,AppProviders
DA:6,4
DA:7,219
DA:14,4
LF:3
LH:3
BRF:0
BRH:0
end_of_record
